[GO_COTRANSLATIONAL_PROTEIN_TARGETING_TO_MEMBRANE,GO_COTRANSLATIONAL_PROTEIN_TARGETING_TO_MEMBRANE] was killed by [GO_ESTABLISHMENT_OF_PROTEIN_LOCALIZATION_TO_ENDOPLASMIC_RETICULUM,GO_ESTABLISHMENT_OF_PROTEIN_LOCALIZATION_TO_ENDOPLASMIC_RETICULUM]
[GO_PROTEIN_TARGETING_TO_MEMBRANE,GO_PROTEIN_TARGETING_TO_MEMBRANE] was killed by [GO_ESTABLISHMENT_OF_PROTEIN_LOCALIZATION_TO_ENDOPLASMIC_RETICULUM,GO_ESTABLISHMENT_OF_PROTEIN_LOCALIZATION_TO_ENDOPLASMIC_RETICULUM]
[GO_PROTEIN_LOCALIZATION_TO_ENDOPLASMIC_RETICULUM,GO_PROTEIN_LOCALIZATION_TO_ENDOPLASMIC_RETICULUM] was killed by [GO_ESTABLISHMENT_OF_PROTEIN_LOCALIZATION_TO_ENDOPLASMIC_RETICULUM,GO_ESTABLISHMENT_OF_PROTEIN_LOCALIZATION_TO_ENDOPLASMIC_RETICULUM]
[GO_CYTOSOLIC_RIBOSOME,GO_CYTOSOLIC_RIBOSOME] was killed by [GO_ESTABLISHMENT_OF_PROTEIN_LOCALIZATION_TO_ENDOPLASMIC_RETICULUM,GO_ESTABLISHMENT_OF_PROTEIN_LOCALIZATION_TO_ENDOPLASMIC_RETICULUM]
[GO_ANTIGEN_PROCESSING_AND_PRESENTATION_OF_PEPTIDE_ANTIGEN_VIA_MHC_CLASS_I,GO_ANTIGEN_PROCESSING_AND_PRESENTATION_OF_PEPTIDE_ANTIGEN_VIA_MHC_CLASS_I] was killed by [GO_ENDOPEPTIDASE_COMPLEX,GO_ENDOPEPTIDASE_COMPLEX]
[GO_ANTIGEN_PROCESSING_AND_PRESENTATION_OF_EXOGENOUS_PEPTIDE_ANTIGEN_VIA_MHC_CLASS_I,GO_ANTIGEN_PROCESSING_AND_PRESENTATION_OF_EXOGENOUS_PEPTIDE_ANTIGEN_VIA_MHC_CLASS_I] was killed by [GO_ENDOPEPTIDASE_COMPLEX,GO_ENDOPEPTIDASE_COMPLEX]
[GO_NUCLEAR_TRANSCRIBED_MRNA_CATABOLIC_PROCESS_NONSENSE_MEDIATED_DECAY,GO_NUCLEAR_TRANSCRIBED_MRNA_CATABOLIC_PROCESS_NONSENSE_MEDIATED_DECAY] was killed by [GO_ESTABLISHMENT_OF_PROTEIN_LOCALIZATION_TO_ENDOPLASMIC_RETICULUM,GO_ESTABLISHMENT_OF_PROTEIN_LOCALIZATION_TO_ENDOPLASMIC_RETICULUM]
[GO_TUMOR_NECROSIS_FACTOR_MEDIATED_SIGNALING_PATHWAY,GO_TUMOR_NECROSIS_FACTOR_MEDIATED_SIGNALING_PATHWAY] was killed by [GO_ENDOPEPTIDASE_COMPLEX,GO_ENDOPEPTIDASE_COMPLEX]
[GO_ANAPHASE_PROMOTING_COMPLEX_DEPENDENT_CATABOLIC_PROCESS,GO_ANAPHASE_PROMOTING_COMPLEX_DEPENDENT_CATABOLIC_PROCESS] was killed by [GO_ENDOPEPTIDASE_COMPLEX,GO_ENDOPEPTIDASE_COMPLEX]
[GO_NIK_NF_KAPPAB_SIGNALING,GO_NIK_NF_KAPPAB_SIGNALING] was killed by [GO_ENDOPEPTIDASE_COMPLEX,GO_ENDOPEPTIDASE_COMPLEX]
[GO_CYTOSOLIC_LARGE_RIBOSOMAL_SUBUNIT,GO_CYTOSOLIC_LARGE_RIBOSOMAL_SUBUNIT] was killed by [GO_ESTABLISHMENT_OF_PROTEIN_LOCALIZATION_TO_ENDOPLASMIC_RETICULUM,GO_ESTABLISHMENT_OF_PROTEIN_LOCALIZATION_TO_ENDOPLASMIC_RETICULUM]
[GO_ANTIGEN_PROCESSING_AND_PRESENTATION_OF_PEPTIDE_ANTIGEN,GO_ANTIGEN_PROCESSING_AND_PRESENTATION_OF_PEPTIDE_ANTIGEN] was killed by [GO_ENDOPEPTIDASE_COMPLEX,GO_ENDOPEPTIDASE_COMPLEX]
[GO_INNATE_IMMUNE_RESPONSE_ACTIVATING_CELL_SURFACE_RECEPTOR_SIGNALING_PATHWAY,GO_INNATE_IMMUNE_RESPONSE_ACTIVATING_CELL_SURFACE_RECEPTOR_SIGNALING_PATHWAY] was killed by [GO_ENDOPEPTIDASE_COMPLEX,GO_ENDOPEPTIDASE_COMPLEX]
[GO_VIRAL_GENE_EXPRESSION,GO_VIRAL_GENE_EXPRESSION] was killed by [GO_ESTABLISHMENT_OF_PROTEIN_LOCALIZATION_TO_ENDOPLASMIC_RETICULUM,GO_ESTABLISHMENT_OF_PROTEIN_LOCALIZATION_TO_ENDOPLASMIC_RETICULUM]
[GO_NEGATIVE_REGULATION_OF_CELL_CYCLE_G2_M_PHASE_TRANSITION,GO_NEGATIVE_REGULATION_OF_CELL_CYCLE_G2_M_PHASE_TRANSITION] was killed by [GO_ENDOPEPTIDASE_COMPLEX,GO_ENDOPEPTIDASE_COMPLEX]
[GO_HEMATOPOIETIC_STEM_CELL_DIFFERENTIATION,GO_HEMATOPOIETIC_STEM_CELL_DIFFERENTIATION] was killed by [GO_ENDOPEPTIDASE_COMPLEX,GO_ENDOPEPTIDASE_COMPLEX]
[GO_REGULATION_OF_CELLULAR_AMINE_METABOLIC_PROCESS,GO_REGULATION_OF_CELLULAR_AMINE_METABOLIC_PROCESS] was killed by [GO_ENDOPEPTIDASE_COMPLEX,GO_ENDOPEPTIDASE_COMPLEX]
[GO_FC_EPSILON_RECEPTOR_SIGNALING_PATHWAY,GO_FC_EPSILON_RECEPTOR_SIGNALING_PATHWAY] was killed by [GO_ENDOPEPTIDASE_COMPLEX,GO_ENDOPEPTIDASE_COMPLEX]
[GO_AMINE_METABOLIC_PROCESS,GO_AMINE_METABOLIC_PROCESS] was killed by [GO_ENDOPEPTIDASE_COMPLEX,GO_ENDOPEPTIDASE_COMPLEX]
[GO_REGULATION_OF_HEMATOPOIETIC_PROGENITOR_CELL_DIFFERENTIATION,GO_REGULATION_OF_HEMATOPOIETIC_PROGENITOR_CELL_DIFFERENTIATION] was killed by [GO_ENDOPEPTIDASE_COMPLEX,GO_ENDOPEPTIDASE_COMPLEX]
[GO_SCF_DEPENDENT_PROTEASOMAL_UBIQUITIN_DEPENDENT_PROTEIN_CATABOLIC_PROCESS,GO_SCF_DEPENDENT_PROTEASOMAL_UBIQUITIN_DEPENDENT_PROTEIN_CATABOLIC_PROCESS] was killed by [GO_ENDOPEPTIDASE_COMPLEX,GO_ENDOPEPTIDASE_COMPLEX]
[GO_PEPTIDASE_COMPLEX,GO_PEPTIDASE_COMPLEX] was killed by [GO_ENDOPEPTIDASE_COMPLEX,GO_ENDOPEPTIDASE_COMPLEX]
[GO_REGULATION_OF_CELLULAR_AMINO_ACID_METABOLIC_PROCESS,GO_REGULATION_OF_CELLULAR_AMINO_ACID_METABOLIC_PROCESS] was killed by [GO_ENDOPEPTIDASE_COMPLEX,GO_ENDOPEPTIDASE_COMPLEX]
[GO_POSITIVE_REGULATION_OF_CANONICAL_WNT_SIGNALING_PATHWAY,GO_POSITIVE_REGULATION_OF_CANONICAL_WNT_SIGNALING_PATHWAY] was killed by [GO_ENDOPEPTIDASE_COMPLEX,GO_ENDOPEPTIDASE_COMPLEX]
[GO_REGULATION_OF_CELLULAR_KETONE_METABOLIC_PROCESS,GO_REGULATION_OF_CELLULAR_KETONE_METABOLIC_PROCESS] was killed by [GO_ENDOPEPTIDASE_COMPLEX,GO_ENDOPEPTIDASE_COMPLEX]
[GO_TRANSLATIONAL_INITIATION,GO_TRANSLATIONAL_INITIATION] was killed by [GO_ESTABLISHMENT_OF_PROTEIN_LOCALIZATION_TO_ENDOPLASMIC_RETICULUM,GO_ESTABLISHMENT_OF_PROTEIN_LOCALIZATION_TO_ENDOPLASMIC_RETICULUM]
[GO_INTERLEUKIN_1_MEDIATED_SIGNALING_PATHWAY,GO_INTERLEUKIN_1_MEDIATED_SIGNALING_PATHWAY] was killed by [GO_ENDOPEPTIDASE_COMPLEX,GO_ENDOPEPTIDASE_COMPLEX]
[GO_REGULATION_OF_STEM_CELL_DIFFERENTIATION,GO_REGULATION_OF_STEM_CELL_DIFFERENTIATION] was killed by [GO_ENDOPEPTIDASE_COMPLEX,GO_ENDOPEPTIDASE_COMPLEX]
[GO_REGULATION_OF_TRANSCRIPTION_FROM_RNA_POLYMERASE_II_PROMOTER_IN_RESPONSE_TO_HYPOXIA,GO_REGULATION_OF_TRANSCRIPTION_FROM_RNA_POLYMERASE_II_PROMOTER_IN_RESPONSE_TO_HYPOXIA] was killed by [GO_ENDOPEPTIDASE_COMPLEX,GO_ENDOPEPTIDASE_COMPLEX]
[GO_STRUCTURAL_CONSTITUENT_OF_RIBOSOME,GO_STRUCTURAL_CONSTITUENT_OF_RIBOSOME] was killed by [GO_ESTABLISHMENT_OF_PROTEIN_LOCALIZATION_TO_ENDOPLASMIC_RETICULUM,GO_ESTABLISHMENT_OF_PROTEIN_LOCALIZATION_TO_ENDOPLASMIC_RETICULUM]
[GO_HEMATOPOIETIC_PROGENITOR_CELL_DIFFERENTIATION,GO_HEMATOPOIETIC_PROGENITOR_CELL_DIFFERENTIATION] was killed by [GO_ENDOPEPTIDASE_COMPLEX,GO_ENDOPEPTIDASE_COMPLEX]
[GO_PROTEASOME_CORE_COMPLEX,GO_PROTEASOME_CORE_COMPLEX] was killed by [GO_ENDOPEPTIDASE_COMPLEX,GO_ENDOPEPTIDASE_COMPLEX]
[GO_PROTEASOMAL_UBIQUITIN_INDEPENDENT_PROTEIN_CATABOLIC_PROCESS,GO_PROTEASOMAL_UBIQUITIN_INDEPENDENT_PROTEIN_CATABOLIC_PROCESS] was killed by [GO_ENDOPEPTIDASE_COMPLEX,GO_ENDOPEPTIDASE_COMPLEX]
[GO_THREONINE_TYPE_PEPTIDASE_ACTIVITY,GO_THREONINE_TYPE_PEPTIDASE_ACTIVITY] was killed by [GO_ENDOPEPTIDASE_COMPLEX,GO_ENDOPEPTIDASE_COMPLEX]
[GO_REGULATION_OF_MRNA_CATABOLIC_PROCESS,GO_REGULATION_OF_MRNA_CATABOLIC_PROCESS] was killed by [GO_ENDOPEPTIDASE_COMPLEX,GO_ENDOPEPTIDASE_COMPLEX]
[GO_POSITIVE_REGULATION_OF_WNT_SIGNALING_PATHWAY,GO_POSITIVE_REGULATION_OF_WNT_SIGNALING_PATHWAY] was killed by [GO_ENDOPEPTIDASE_COMPLEX,GO_ENDOPEPTIDASE_COMPLEX]
[GO_T_CELL_RECEPTOR_SIGNALING_PATHWAY,GO_T_CELL_RECEPTOR_SIGNALING_PATHWAY] was killed by [GO_ENDOPEPTIDASE_COMPLEX,GO_ENDOPEPTIDASE_COMPLEX]
[GO_REGULATION_OF_DNA_TEMPLATED_TRANSCRIPTION_IN_RESPONSE_TO_STRESS,GO_REGULATION_OF_DNA_TEMPLATED_TRANSCRIPTION_IN_RESPONSE_TO_STRESS] was killed by [GO_ENDOPEPTIDASE_COMPLEX,GO_ENDOPEPTIDASE_COMPLEX]
[GO_NEGATIVE_REGULATION_OF_CANONICAL_WNT_SIGNALING_PATHWAY,GO_NEGATIVE_REGULATION_OF_CANONICAL_WNT_SIGNALING_PATHWAY] was killed by [GO_ENDOPEPTIDASE_COMPLEX,GO_ENDOPEPTIDASE_COMPLEX]
[GO_RIBOSOMAL_SUBUNIT,GO_RIBOSOMAL_SUBUNIT] was killed by [GO_ESTABLISHMENT_OF_PROTEIN_LOCALIZATION_TO_ENDOPLASMIC_RETICULUM,GO_ESTABLISHMENT_OF_PROTEIN_LOCALIZATION_TO_ENDOPLASMIC_RETICULUM]
[GO_REGULATION_OF_ESTABLISHMENT_OF_PLANAR_POLARITY,GO_REGULATION_OF_ESTABLISHMENT_OF_PLANAR_POLARITY] was killed by [GO_ENDOPEPTIDASE_COMPLEX,GO_ENDOPEPTIDASE_COMPLEX]
[GO_MORPHOGENESIS_OF_A_POLARIZED_EPITHELIUM,GO_MORPHOGENESIS_OF_A_POLARIZED_EPITHELIUM] was killed by [GO_ENDOPEPTIDASE_COMPLEX,GO_ENDOPEPTIDASE_COMPLEX]
[GO_SUBSTANTIA_NIGRA_DEVELOPMENT,GO_SUBSTANTIA_NIGRA_DEVELOPMENT] was killed by [GO_NEURAL_NUCLEUS_DEVELOPMENT,GO_NEURAL_NUCLEUS_DEVELOPMENT]
[GO_FICOLIN_1_RICH_GRANULE,GO_FICOLIN_1_RICH_GRANULE] was killed by [GO_ENDOPEPTIDASE_COMPLEX,GO_ENDOPEPTIDASE_COMPLEX]
[GO_LARGE_RIBOSOMAL_SUBUNIT,GO_LARGE_RIBOSOMAL_SUBUNIT] was killed by [GO_ESTABLISHMENT_OF_PROTEIN_LOCALIZATION_TO_ENDOPLASMIC_RETICULUM,GO_ESTABLISHMENT_OF_PROTEIN_LOCALIZATION_TO_ENDOPLASMIC_RETICULUM]
[GO_REGULATION_OF_MORPHOGENESIS_OF_AN_EPITHELIUM,GO_REGULATION_OF_MORPHOGENESIS_OF_AN_EPITHELIUM] was killed by [GO_ESTABLISHMENT_OF_PROTEIN_LOCALIZATION_TO_ENDOPLASMIC_RETICULUM,GO_ESTABLISHMENT_OF_PROTEIN_LOCALIZATION_TO_ENDOPLASMIC_RETICULUM]
[GO_NON_CANONICAL_WNT_SIGNALING_PATHWAY,GO_NON_CANONICAL_WNT_SIGNALING_PATHWAY] was killed by [GO_ENDOPEPTIDASE_COMPLEX,GO_ENDOPEPTIDASE_COMPLEX]
[GO_SPINDLE_POLE,GO_SPINDLE_POLE] was killed by [GO_NEURAL_NUCLEUS_DEVELOPMENT,GO_NEURAL_NUCLEUS_DEVELOPMENT]
[GO_NUCLEAR_MATRIX,GO_NUCLEAR_MATRIX] was killed by [GO_NUCLEAR_PERIPHERY,GO_NUCLEAR_PERIPHERY]
[GO_SISTER_CHROMATID_SEGREGATION,GO_SISTER_CHROMATID_SEGREGATION] was killed by [GO_NUCLEAR_PERIPHERY,GO_NUCLEAR_PERIPHERY]
[GO_RRNA_BINDING,GO_RRNA_BINDING] was killed by [GO_ESTABLISHMENT_OF_PROTEIN_LOCALIZATION_TO_ENDOPLASMIC_RETICULUM,GO_ESTABLISHMENT_OF_PROTEIN_LOCALIZATION_TO_ENDOPLASMIC_RETICULUM]
[GO_MITOCHONDRIAL_RESPIRATORY_CHAIN_COMPLEX_ASSEMBLY,GO_MITOCHONDRIAL_RESPIRATORY_CHAIN_COMPLEX_ASSEMBLY] was killed by [GO_ESTABLISHMENT_OF_PROTEIN_LOCALIZATION_TO_ENDOPLASMIC_RETICULUM,GO_ESTABLISHMENT_OF_PROTEIN_LOCALIZATION_TO_ENDOPLASMIC_RETICULUM]
[GO_MIDBRAIN_DEVELOPMENT,GO_MIDBRAIN_DEVELOPMENT] was killed by [GO_NEURAL_NUCLEUS_DEVELOPMENT,GO_NEURAL_NUCLEUS_DEVELOPMENT]
[GO_REGULATION_OF_MRNA_PROCESSING,GO_REGULATION_OF_MRNA_PROCESSING] was killed by [GO_ESTABLISHMENT_OF_PROTEIN_LOCALIZATION_TO_ENDOPLASMIC_RETICULUM,GO_ESTABLISHMENT_OF_PROTEIN_LOCALIZATION_TO_ENDOPLASMIC_RETICULUM]
[GO_SPINDLE_MICROTUBULE,GO_SPINDLE_MICROTUBULE] was killed by [GO_NEURAL_NUCLEUS_DEVELOPMENT,GO_NEURAL_NUCLEUS_DEVELOPMENT]
[GO_REGULATION_OF_MRNA_SPLICING_VIA_SPLICEOSOME,GO_REGULATION_OF_MRNA_SPLICING_VIA_SPLICEOSOME] was killed by [GO_NUCLEAR_PERIPHERY,GO_NUCLEAR_PERIPHERY]
[GO_MITOTIC_SISTER_CHROMATID_SEGREGATION,GO_MITOTIC_SISTER_CHROMATID_SEGREGATION] was killed by [GO_NUCLEAR_PERIPHERY,GO_NUCLEAR_PERIPHERY]
[GO_PROTEIN_INSERTION_INTO_MITOCHONDRIAL_MEMBRANE,GO_PROTEIN_INSERTION_INTO_MITOCHONDRIAL_MEMBRANE] was killed by [GO_NEURAL_NUCLEUS_DEVELOPMENT,GO_NEURAL_NUCLEUS_DEVELOPMENT]
[GO_PROTEIN_INSERTION_INTO_MEMBRANE,GO_PROTEIN_INSERTION_INTO_MEMBRANE] was killed by [GO_NEURAL_NUCLEUS_DEVELOPMENT,GO_NEURAL_NUCLEUS_DEVELOPMENT]
[GO_RESPIRASOME,GO_RESPIRASOME] was killed by [GO_ESTABLISHMENT_OF_PROTEIN_LOCALIZATION_TO_ENDOPLASMIC_RETICULUM,GO_ESTABLISHMENT_OF_PROTEIN_LOCALIZATION_TO_ENDOPLASMIC_RETICULUM]
[GO_SPLICEOSOMAL_COMPLEX,GO_SPLICEOSOMAL_COMPLEX] was killed by [GO_ESTABLISHMENT_OF_PROTEIN_LOCALIZATION_TO_ENDOPLASMIC_RETICULUM,GO_ESTABLISHMENT_OF_PROTEIN_LOCALIZATION_TO_ENDOPLASMIC_RETICULUM]
[GO_DE_NOVO_PROTEIN_FOLDING,GO_DE_NOVO_PROTEIN_FOLDING] was killed by [GO_CHAPERONE_COFACTOR_DEPENDENT_PROTEIN_REFOLDING,GO_CHAPERONE_COFACTOR_DEPENDENT_PROTEIN_REFOLDING]
[GO_POSITIVE_REGULATION_OF_ESTABLISHMENT_OF_PROTEIN_LOCALIZATION_TO_MITOCHONDRION,GO_POSITIVE_REGULATION_OF_ESTABLISHMENT_OF_PROTEIN_LOCALIZATION_TO_MITOCHONDRION] was killed by [GO_NEURAL_NUCLEUS_DEVELOPMENT,GO_NEURAL_NUCLEUS_DEVELOPMENT]
[GO_REGULATION_OF_CYTOKINESIS,GO_REGULATION_OF_CYTOKINESIS] was killed by [GO_NEURAL_NUCLEUS_DEVELOPMENT,GO_NEURAL_NUCLEUS_DEVELOPMENT]
[GO_PROTEASOME_ACCESSORY_COMPLEX,GO_PROTEASOME_ACCESSORY_COMPLEX] was killed by [GO_ENDOPEPTIDASE_COMPLEX,GO_ENDOPEPTIDASE_COMPLEX]
[GO_REGULATION_OF_CELL_SHAPE,GO_REGULATION_OF_CELL_SHAPE] was killed by [GO_NEURAL_NUCLEUS_DEVELOPMENT,GO_NEURAL_NUCLEUS_DEVELOPMENT]
[GO_PROTEASOME_CORE_COMPLEX_ALPHA_SUBUNIT_COMPLEX,GO_PROTEASOME_CORE_COMPLEX_ALPHA_SUBUNIT_COMPLEX] was killed by [GO_ENDOPEPTIDASE_COMPLEX,GO_ENDOPEPTIDASE_COMPLEX]
[GO_MITOCHONDRIAL_MEMBRANE_ORGANIZATION,GO_MITOCHONDRIAL_MEMBRANE_ORGANIZATION] was killed by [GO_ESTABLISHMENT_OF_PROTEIN_LOCALIZATION_TO_ENDOPLASMIC_RETICULUM,GO_ESTABLISHMENT_OF_PROTEIN_LOCALIZATION_TO_ENDOPLASMIC_RETICULUM]
[GO_NADH_DEHYDROGENASE_COMPLEX_ASSEMBLY,GO_NADH_DEHYDROGENASE_COMPLEX_ASSEMBLY] was killed by [GO_ESTABLISHMENT_OF_PROTEIN_LOCALIZATION_TO_ENDOPLASMIC_RETICULUM,GO_ESTABLISHMENT_OF_PROTEIN_LOCALIZATION_TO_ENDOPLASMIC_RETICULUM]
[GO_MIDBODY,GO_MIDBODY] was killed by [GO_NEURAL_NUCLEUS_DEVELOPMENT,GO_NEURAL_NUCLEUS_DEVELOPMENT]
[GO_RNA_EXPORT_FROM_NUCLEUS,GO_RNA_EXPORT_FROM_NUCLEUS] was killed by [GO_NUCLEAR_PERIPHERY,GO_NUCLEAR_PERIPHERY]
[GO_MITOTIC_SPINDLE,GO_MITOTIC_SPINDLE] was killed by [GO_NUCLEAR_PERIPHERY,GO_NUCLEAR_PERIPHERY]
[GO_CHAPERONE_MEDIATED_PROTEIN_FOLDING,GO_CHAPERONE_MEDIATED_PROTEIN_FOLDING] was killed by [GO_CHAPERONE_COFACTOR_DEPENDENT_PROTEIN_REFOLDING,GO_CHAPERONE_COFACTOR_DEPENDENT_PROTEIN_REFOLDING]
[GO_POSITIVE_REGULATION_OF_NEURON_DEATH,GO_POSITIVE_REGULATION_OF_NEURON_DEATH] was killed by [GO_NEURAL_NUCLEUS_DEVELOPMENT,GO_NEURAL_NUCLEUS_DEVELOPMENT]
[GO_ION_CHANNEL_BINDING,GO_ION_CHANNEL_BINDING] was killed by [GO_NEURAL_NUCLEUS_DEVELOPMENT,GO_NEURAL_NUCLEUS_DEVELOPMENT]
[GO_DNA_REPLICATION_INDEPENDENT_NUCLEOSOME_ORGANIZATION,GO_DNA_REPLICATION_INDEPENDENT_NUCLEOSOME_ORGANIZATION] was killed by [GO_NUCLEAR_PERIPHERY,GO_NUCLEAR_PERIPHERY]
[GO_RIBOSOMAL_LARGE_SUBUNIT_BIOGENESIS,GO_RIBOSOMAL_LARGE_SUBUNIT_BIOGENESIS] was killed by [GO_ESTABLISHMENT_OF_PROTEIN_LOCALIZATION_TO_ENDOPLASMIC_RETICULUM,GO_ESTABLISHMENT_OF_PROTEIN_LOCALIZATION_TO_ENDOPLASMIC_RETICULUM]
[GO_CYTOSOLIC_SMALL_RIBOSOMAL_SUBUNIT,GO_CYTOSOLIC_SMALL_RIBOSOMAL_SUBUNIT] was killed by [GO_ESTABLISHMENT_OF_PROTEIN_LOCALIZATION_TO_ENDOPLASMIC_RETICULUM,GO_ESTABLISHMENT_OF_PROTEIN_LOCALIZATION_TO_ENDOPLASMIC_RETICULUM]
[GO_PROTEASOME_CORE_COMPLEX_BETA_SUBUNIT_COMPLEX,GO_PROTEASOME_CORE_COMPLEX_BETA_SUBUNIT_COMPLEX] was killed by [GO_ENDOPEPTIDASE_COMPLEX,GO_ENDOPEPTIDASE_COMPLEX]
[GO_CELLULAR_RESPONSE_TO_HEAT,GO_CELLULAR_RESPONSE_TO_HEAT] was killed by [GO_CHAPERONE_COFACTOR_DEPENDENT_PROTEIN_REFOLDING,GO_CHAPERONE_COFACTOR_DEPENDENT_PROTEIN_REFOLDING]
[GO_SPINDLE_ORGANIZATION,GO_SPINDLE_ORGANIZATION] was killed by [GO_NUCLEAR_PERIPHERY,GO_NUCLEAR_PERIPHERY]
[GO_MITOTIC_SPINDLE_ORGANIZATION,GO_MITOTIC_SPINDLE_ORGANIZATION] was killed by [GO_NUCLEAR_PERIPHERY,GO_NUCLEAR_PERIPHERY]
[GO_RESPIRATORY_CHAIN_COMPLEX,GO_RESPIRATORY_CHAIN_COMPLEX] was killed by [GO_ESTABLISHMENT_OF_PROTEIN_LOCALIZATION_TO_ENDOPLASMIC_RETICULUM,GO_ESTABLISHMENT_OF_PROTEIN_LOCALIZATION_TO_ENDOPLASMIC_RETICULUM]
[GO_REGULATION_OF_ESTABLISHMENT_OF_PROTEIN_LOCALIZATION_TO_MITOCHONDRION,GO_REGULATION_OF_ESTABLISHMENT_OF_PROTEIN_LOCALIZATION_TO_MITOCHONDRION] was killed by [GO_NEURAL_NUCLEUS_DEVELOPMENT,GO_NEURAL_NUCLEUS_DEVELOPMENT]
[GO_POSITIVE_REGULATION_OF_PROTEIN_LOCALIZATION_TO_MEMBRANE,GO_POSITIVE_REGULATION_OF_PROTEIN_LOCALIZATION_TO_MEMBRANE] was killed by [GO_NEURAL_NUCLEUS_DEVELOPMENT,GO_NEURAL_NUCLEUS_DEVELOPMENT]
[GO_UBIQUITIN_LIKE_PROTEIN_BINDING,GO_UBIQUITIN_LIKE_PROTEIN_BINDING] was killed by [GO_ENDOPEPTIDASE_COMPLEX,GO_ENDOPEPTIDASE_COMPLEX]
[GO_REGULATION_OF_NUCLEAR_DIVISION,GO_REGULATION_OF_NUCLEAR_DIVISION] was killed by [GO_NUCLEAR_PERIPHERY,GO_NUCLEAR_PERIPHERY]
[GO_MITOCHONDRIAL_TRANSLATION,GO_MITOCHONDRIAL_TRANSLATION] was killed by [GO_ESTABLISHMENT_OF_PROTEIN_LOCALIZATION_TO_ENDOPLASMIC_RETICULUM,GO_ESTABLISHMENT_OF_PROTEIN_LOCALIZATION_TO_ENDOPLASMIC_RETICULUM]
[GO_REGULATION_OF_PHOSPHATASE_ACTIVITY,GO_REGULATION_OF_PHOSPHATASE_ACTIVITY] was killed by [GO_NEURAL_NUCLEUS_DEVELOPMENT,GO_NEURAL_NUCLEUS_DEVELOPMENT]
[GO_MITOCHONDRIAL_ELECTRON_TRANSPORT_NADH_TO_UBIQUINONE,GO_MITOCHONDRIAL_ELECTRON_TRANSPORT_NADH_TO_UBIQUINONE] was killed by [GO_ESTABLISHMENT_OF_PROTEIN_LOCALIZATION_TO_ENDOPLASMIC_RETICULUM,GO_ESTABLISHMENT_OF_PROTEIN_LOCALIZATION_TO_ENDOPLASMIC_RETICULUM]
[GO_MITOCHONDRIAL_GENE_EXPRESSION,GO_MITOCHONDRIAL_GENE_EXPRESSION] was killed by [GO_ESTABLISHMENT_OF_PROTEIN_LOCALIZATION_TO_ENDOPLASMIC_RETICULUM,GO_ESTABLISHMENT_OF_PROTEIN_LOCALIZATION_TO_ENDOPLASMIC_RETICULUM]
[GO_RESPONSE_TO_HEAT,GO_RESPONSE_TO_HEAT] was killed by [GO_CHAPERONE_COFACTOR_DEPENDENT_PROTEIN_REFOLDING,GO_CHAPERONE_COFACTOR_DEPENDENT_PROTEIN_REFOLDING]
[GO_MRNA_5_UTR_BINDING,GO_MRNA_5_UTR_BINDING] was killed by [GO_ESTABLISHMENT_OF_PROTEIN_LOCALIZATION_TO_ENDOPLASMIC_RETICULUM,GO_ESTABLISHMENT_OF_PROTEIN_LOCALIZATION_TO_ENDOPLASMIC_RETICULUM]
[GO_MATURATION_OF_SSU_RRNA,GO_MATURATION_OF_SSU_RRNA] was killed by [GO_ESTABLISHMENT_OF_PROTEIN_LOCALIZATION_TO_ENDOPLASMIC_RETICULUM,GO_ESTABLISHMENT_OF_PROTEIN_LOCALIZATION_TO_ENDOPLASMIC_RETICULUM]
[GO_CYTOKINESIS,GO_CYTOKINESIS] was killed by [GO_NEURAL_NUCLEUS_DEVELOPMENT,GO_NEURAL_NUCLEUS_DEVELOPMENT]
