[GNF2_EIF3S6,GNF2_EIF3S6] was killed by [MORF_TPT1,MORF_TPT1]
[GNF2_TPT1,GNF2_TPT1] was killed by [MORF_TPT1,MORF_TPT1]
[GNF2_ST13,GNF2_ST13] was killed by [MORF_TPT1,MORF_TPT1]
[GCM_TPT1,GCM_TPT1] was killed by [MORF_TPT1,MORF_TPT1]
[MODULE_29,MODULE_29] was killed by [MORF_TPT1,MORF_TPT1]
[GNF2_GLTSCR2,GNF2_GLTSCR2] was killed by [MORF_TPT1,MORF_TPT1]
[MORF_ACTG1,MORF_ACTG1] was killed by [MORF_TPT1,MORF_TPT1]
[MODULE_91,MODULE_91] was killed by [MODULE_28,MODULE_28]
[MORF_JUND,MORF_JUND] was killed by [MORF_TPT1,MORF_TPT1]
[GCM_NPM1,GCM_NPM1] was killed by [MORF_TPT1,MORF_TPT1]
[MORF_NPM1,MORF_NPM1] was killed by [MORF_TPT1,MORF_TPT1]
[GNF2_NPM1,GNF2_NPM1] was killed by [MORF_TPT1,MORF_TPT1]
[MORF_ERH,MORF_ERH] was killed by [MODULE_28,MODULE_28]
[GNF2_FBL,GNF2_FBL] was killed by [MORF_TPT1,MORF_TPT1]
[GCM_ACTG1,GCM_ACTG1] was killed by [MORF_TPT1,MORF_TPT1]
[GNF2_NS,GNF2_NS] was killed by [MODULE_28,MODULE_28]
[GNF2_MBD4,GNF2_MBD4] was killed by [MORF_TPT1,MORF_TPT1]
[MODULE_244,MODULE_244] was killed by [MORF_TPT1,MORF_TPT1]
[MODULE_50,MODULE_50] was killed by [MODULE_28,MODULE_28]
[MORF_G22P1,MORF_G22P1] was killed by [MORF_FBL,MORF_FBL]
[MORF_EIF4A2,MORF_EIF4A2] was killed by [MORF_TPT1,MORF_TPT1]
[GNF2_CCNA2,GNF2_CCNA2] was killed by [MORF_TPT1,MORF_TPT1]
[MORF_EIF3S6,MORF_EIF3S6] was killed by [MORF_TPT1,MORF_TPT1]
[GCM_ANP32B,GCM_ANP32B] was killed by [MORF_FBL,MORF_FBL]
[GCM_CBFB,GCM_CBFB] was killed by [MORF_FBL,MORF_FBL]
[GCM_PFN1,GCM_PFN1] was killed by [MORF_TPT1,MORF_TPT1]
[GCM_APEX1,GCM_APEX1] was killed by [MORF_TPT1,MORF_TPT1]
[GNF2_DAP3,GNF2_DAP3] was killed by [MORF_TPT1,MORF_TPT1]
[GNF2_RAN,GNF2_RAN] was killed by [MORF_TPT1,MORF_TPT1]
[GNF2_CKS2,GNF2_CKS2] was killed by [MORF_TPT1,MORF_TPT1]
[MORF_PCNA,MORF_PCNA] was killed by [MORF_TPT1,MORF_TPT1]
[MORF_GSPT1,MORF_GSPT1] was killed by [MORF_TPT1,MORF_TPT1]
[GNF2_BUB3,GNF2_BUB3] was killed by [MORF_TPT1,MORF_TPT1]
[GCM_PSME1,GCM_PSME1] was killed by [MORF_TPT1,MORF_TPT1]
[MORF_DAP3,MORF_DAP3] was killed by [MODULE_28,MODULE_28]
[GCM_CSNK2B,GCM_CSNK2B] was killed by [MORF_TPT1,MORF_TPT1]
[MORF_ANP32B,MORF_ANP32B] was killed by [MORF_TPT1,MORF_TPT1]
[GNF2_RFC3,GNF2_RFC3] was killed by [MORF_TPT1,MORF_TPT1]
[MODULE_62,MODULE_62] was killed by [MORF_TPT1,MORF_TPT1]
[GNF2_HMMR,GNF2_HMMR] was killed by [MORF_FBL,MORF_FBL]
[GNF2_CDC20,GNF2_CDC20] was killed by [MORF_TPT1,MORF_TPT1]
[MODULE_149,MODULE_149] was killed by [MORF_TPT1,MORF_TPT1]
[MODULE_81,MODULE_81] was killed by [MORF_FBL,MORF_FBL]
