[GO_COTRANSLATIONAL_PROTEIN_TARGETING_TO_MEMBRANE,GO_COTRANSLATIONAL_PROTEIN_TARGETING_TO_MEMBRANE] was killed by [GO_CYTOSOLIC_RIBOSOME,GO_CYTOSOLIC_RIBOSOME]
[GO_ESTABLISHMENT_OF_PROTEIN_LOCALIZATION_TO_ENDOPLASMIC_RETICULUM,GO_ESTABLISHMENT_OF_PROTEIN_LOCALIZATION_TO_ENDOPLASMIC_RETICULUM] was killed by [GO_CYTOSOLIC_RIBOSOME,GO_CYTOSOLIC_RIBOSOME]
[GO_PROTEIN_LOCALIZATION_TO_ENDOPLASMIC_RETICULUM,GO_PROTEIN_LOCALIZATION_TO_ENDOPLASMIC_RETICULUM] was killed by [GO_CYTOSOLIC_RIBOSOME,GO_CYTOSOLIC_RIBOSOME]
[GO_PROTEIN_TARGETING_TO_MEMBRANE,GO_PROTEIN_TARGETING_TO_MEMBRANE] was killed by [GO_CYTOSOLIC_RIBOSOME,GO_CYTOSOLIC_RIBOSOME]
[GO_NUCLEAR_TRANSCRIBED_MRNA_CATABOLIC_PROCESS_NONSENSE_MEDIATED_DECAY,GO_NUCLEAR_TRANSCRIBED_MRNA_CATABOLIC_PROCESS_NONSENSE_MEDIATED_DECAY] was killed by [GO_CYTOSOLIC_RIBOSOME,GO_CYTOSOLIC_RIBOSOME]
[GO_STRUCTURAL_CONSTITUENT_OF_RIBOSOME,GO_STRUCTURAL_CONSTITUENT_OF_RIBOSOME] was killed by [GO_CYTOSOLIC_RIBOSOME,GO_CYTOSOLIC_RIBOSOME]
[GO_CYTOSOLIC_LARGE_RIBOSOMAL_SUBUNIT,GO_CYTOSOLIC_LARGE_RIBOSOMAL_SUBUNIT] was killed by [GO_CYTOSOLIC_RIBOSOME,GO_CYTOSOLIC_RIBOSOME]
[GO_VIRAL_GENE_EXPRESSION,GO_VIRAL_GENE_EXPRESSION] was killed by [GO_CYTOSOLIC_RIBOSOME,GO_CYTOSOLIC_RIBOSOME]
[GO_RIBOSOMAL_SUBUNIT,GO_RIBOSOMAL_SUBUNIT] was killed by [GO_CYTOSOLIC_RIBOSOME,GO_CYTOSOLIC_RIBOSOME]
[GO_CYTOSOLIC_SMALL_RIBOSOMAL_SUBUNIT,GO_CYTOSOLIC_SMALL_RIBOSOMAL_SUBUNIT] was killed by [GO_CYTOSOLIC_RIBOSOME,GO_CYTOSOLIC_RIBOSOME]
[GO_TRANSLATIONAL_INITIATION,GO_TRANSLATIONAL_INITIATION] was killed by [GO_CYTOSOLIC_RIBOSOME,GO_CYTOSOLIC_RIBOSOME]
[GO_REGULATION_OF_CELLULAR_KETONE_METABOLIC_PROCESS,GO_REGULATION_OF_CELLULAR_KETONE_METABOLIC_PROCESS] was killed by [GO_REGULATION_OF_STEM_CELL_DIFFERENTIATION,GO_REGULATION_OF_STEM_CELL_DIFFERENTIATION]
[GO_REGULATION_OF_HEMATOPOIETIC_PROGENITOR_CELL_DIFFERENTIATION,GO_REGULATION_OF_HEMATOPOIETIC_PROGENITOR_CELL_DIFFERENTIATION] was killed by [GO_REGULATION_OF_STEM_CELL_DIFFERENTIATION,GO_REGULATION_OF_STEM_CELL_DIFFERENTIATION]
[GO_HEMATOPOIETIC_STEM_CELL_DIFFERENTIATION,GO_HEMATOPOIETIC_STEM_CELL_DIFFERENTIATION] was killed by [GO_REGULATION_OF_STEM_CELL_DIFFERENTIATION,GO_REGULATION_OF_STEM_CELL_DIFFERENTIATION]
[GO_SCF_DEPENDENT_PROTEASOMAL_UBIQUITIN_DEPENDENT_PROTEIN_CATABOLIC_PROCESS,GO_SCF_DEPENDENT_PROTEASOMAL_UBIQUITIN_DEPENDENT_PROTEIN_CATABOLIC_PROCESS] was killed by [GO_REGULATION_OF_STEM_CELL_DIFFERENTIATION,GO_REGULATION_OF_STEM_CELL_DIFFERENTIATION]
[GO_ANAPHASE_PROMOTING_COMPLEX_DEPENDENT_CATABOLIC_PROCESS,GO_ANAPHASE_PROMOTING_COMPLEX_DEPENDENT_CATABOLIC_PROCESS] was killed by [GO_REGULATION_OF_STEM_CELL_DIFFERENTIATION,GO_REGULATION_OF_STEM_CELL_DIFFERENTIATION]
[GO_INTERLEUKIN_1_MEDIATED_SIGNALING_PATHWAY,GO_INTERLEUKIN_1_MEDIATED_SIGNALING_PATHWAY] was killed by [GO_REGULATION_OF_STEM_CELL_DIFFERENTIATION,GO_REGULATION_OF_STEM_CELL_DIFFERENTIATION]
[GO_REGULATION_OF_CELLULAR_AMINO_ACID_METABOLIC_PROCESS,GO_REGULATION_OF_CELLULAR_AMINO_ACID_METABOLIC_PROCESS] was killed by [GO_REGULATION_OF_STEM_CELL_DIFFERENTIATION,GO_REGULATION_OF_STEM_CELL_DIFFERENTIATION]
[GO_INNATE_IMMUNE_RESPONSE_ACTIVATING_CELL_SURFACE_RECEPTOR_SIGNALING_PATHWAY,GO_INNATE_IMMUNE_RESPONSE_ACTIVATING_CELL_SURFACE_RECEPTOR_SIGNALING_PATHWAY] was killed by [GO_REGULATION_OF_STEM_CELL_DIFFERENTIATION,GO_REGULATION_OF_STEM_CELL_DIFFERENTIATION]
[GO_SMALL_RIBOSOMAL_SUBUNIT,GO_SMALL_RIBOSOMAL_SUBUNIT] was killed by [GO_CYTOSOLIC_RIBOSOME,GO_CYTOSOLIC_RIBOSOME]
[GO_CELLULAR_RESPONSE_TO_HEAT,GO_CELLULAR_RESPONSE_TO_HEAT] was killed by [GO_CHAPERONE_MEDIATED_PROTEIN_FOLDING,GO_CHAPERONE_MEDIATED_PROTEIN_FOLDING]
[GO_REGULATION_OF_TRANSCRIPTION_FROM_RNA_POLYMERASE_II_PROMOTER_IN_RESPONSE_TO_HYPOXIA,GO_REGULATION_OF_TRANSCRIPTION_FROM_RNA_POLYMERASE_II_PROMOTER_IN_RESPONSE_TO_HYPOXIA] was killed by [GO_REGULATION_OF_STEM_CELL_DIFFERENTIATION,GO_REGULATION_OF_STEM_CELL_DIFFERENTIATION]
[GO_PROTEASOME_CORE_COMPLEX,GO_PROTEASOME_CORE_COMPLEX] was killed by [GO_REGULATION_OF_STEM_CELL_DIFFERENTIATION,GO_REGULATION_OF_STEM_CELL_DIFFERENTIATION]
[GO_PROTEASOMAL_UBIQUITIN_INDEPENDENT_PROTEIN_CATABOLIC_PROCESS,GO_PROTEASOMAL_UBIQUITIN_INDEPENDENT_PROTEIN_CATABOLIC_PROCESS] was killed by [GO_REGULATION_OF_STEM_CELL_DIFFERENTIATION,GO_REGULATION_OF_STEM_CELL_DIFFERENTIATION]
[GO_THREONINE_TYPE_PEPTIDASE_ACTIVITY,GO_THREONINE_TYPE_PEPTIDASE_ACTIVITY] was killed by [GO_REGULATION_OF_STEM_CELL_DIFFERENTIATION,GO_REGULATION_OF_STEM_CELL_DIFFERENTIATION]
[GO_REGULATION_OF_ESTABLISHMENT_OF_PLANAR_POLARITY,GO_REGULATION_OF_ESTABLISHMENT_OF_PLANAR_POLARITY] was killed by [GO_REGULATION_OF_STEM_CELL_DIFFERENTIATION,GO_REGULATION_OF_STEM_CELL_DIFFERENTIATION]
[GO_MORPHOGENESIS_OF_A_POLARIZED_EPITHELIUM,GO_MORPHOGENESIS_OF_A_POLARIZED_EPITHELIUM] was killed by [GO_REGULATION_OF_STEM_CELL_DIFFERENTIATION,GO_REGULATION_OF_STEM_CELL_DIFFERENTIATION]
[GO_LARGE_RIBOSOMAL_SUBUNIT,GO_LARGE_RIBOSOMAL_SUBUNIT] was killed by [GO_CYTOSOLIC_RIBOSOME,GO_CYTOSOLIC_RIBOSOME]
[GO_FC_EPSILON_RECEPTOR_SIGNALING_PATHWAY,GO_FC_EPSILON_RECEPTOR_SIGNALING_PATHWAY] was killed by [GO_REGULATION_OF_STEM_CELL_DIFFERENTIATION,GO_REGULATION_OF_STEM_CELL_DIFFERENTIATION]
[GO_NEGATIVE_REGULATION_OF_CANONICAL_WNT_SIGNALING_PATHWAY,GO_NEGATIVE_REGULATION_OF_CANONICAL_WNT_SIGNALING_PATHWAY] was killed by [GO_REGULATION_OF_STEM_CELL_DIFFERENTIATION,GO_REGULATION_OF_STEM_CELL_DIFFERENTIATION]
[GO_HEMATOPOIETIC_PROGENITOR_CELL_DIFFERENTIATION,GO_HEMATOPOIETIC_PROGENITOR_CELL_DIFFERENTIATION] was killed by [GO_REGULATION_OF_STEM_CELL_DIFFERENTIATION,GO_REGULATION_OF_STEM_CELL_DIFFERENTIATION]
[GO_NEGATIVE_REGULATION_OF_CELL_CYCLE_G2_M_PHASE_TRANSITION,GO_NEGATIVE_REGULATION_OF_CELL_CYCLE_G2_M_PHASE_TRANSITION] was killed by [GO_REGULATION_OF_STEM_CELL_DIFFERENTIATION,GO_REGULATION_OF_STEM_CELL_DIFFERENTIATION]
[GO_HEAT_SHOCK_PROTEIN_BINDING,GO_HEAT_SHOCK_PROTEIN_BINDING] was killed by [GO_CHAPERONE_MEDIATED_PROTEIN_FOLDING,GO_CHAPERONE_MEDIATED_PROTEIN_FOLDING]
[GO_REGULATION_OF_CELLULAR_AMINE_METABOLIC_PROCESS,GO_REGULATION_OF_CELLULAR_AMINE_METABOLIC_PROCESS] was killed by [GO_REGULATION_OF_STEM_CELL_DIFFERENTIATION,GO_REGULATION_OF_STEM_CELL_DIFFERENTIATION]
[GO_POSITIVE_REGULATION_OF_DNA_BIOSYNTHETIC_PROCESS,GO_POSITIVE_REGULATION_OF_DNA_BIOSYNTHETIC_PROCESS] was killed by [GO_CHAPERONE_MEDIATED_PROTEIN_FOLDING,GO_CHAPERONE_MEDIATED_PROTEIN_FOLDING]
[GO_ANTIGEN_PROCESSING_AND_PRESENTATION_OF_PEPTIDE_ANTIGEN_VIA_MHC_CLASS_I,GO_ANTIGEN_PROCESSING_AND_PRESENTATION_OF_PEPTIDE_ANTIGEN_VIA_MHC_CLASS_I] was killed by [GO_REGULATION_OF_STEM_CELL_DIFFERENTIATION,GO_REGULATION_OF_STEM_CELL_DIFFERENTIATION]
[GO_ANTIGEN_PROCESSING_AND_PRESENTATION_OF_PEPTIDE_ANTIGEN,GO_ANTIGEN_PROCESSING_AND_PRESENTATION_OF_PEPTIDE_ANTIGEN] was killed by [GO_REGULATION_OF_STEM_CELL_DIFFERENTIATION,GO_REGULATION_OF_STEM_CELL_DIFFERENTIATION]
[GO_RNA_DEPENDENT_DNA_BIOSYNTHETIC_PROCESS,GO_RNA_DEPENDENT_DNA_BIOSYNTHETIC_PROCESS] was killed by [GO_CHAPERONE_MEDIATED_PROTEIN_FOLDING,GO_CHAPERONE_MEDIATED_PROTEIN_FOLDING]
[GO_ANTIGEN_PROCESSING_AND_PRESENTATION_OF_EXOGENOUS_PEPTIDE_ANTIGEN_VIA_MHC_CLASS_I,GO_ANTIGEN_PROCESSING_AND_PRESENTATION_OF_EXOGENOUS_PEPTIDE_ANTIGEN_VIA_MHC_CLASS_I] was killed by [GO_REGULATION_OF_STEM_CELL_DIFFERENTIATION,GO_REGULATION_OF_STEM_CELL_DIFFERENTIATION]
[GO_REGULATION_OF_MRNA_CATABOLIC_PROCESS,GO_REGULATION_OF_MRNA_CATABOLIC_PROCESS] was killed by [GO_REGULATION_OF_STEM_CELL_DIFFERENTIATION,GO_REGULATION_OF_STEM_CELL_DIFFERENTIATION]
[GO_POSITIVE_REGULATION_OF_CHROMOSOME_ORGANIZATION,GO_POSITIVE_REGULATION_OF_CHROMOSOME_ORGANIZATION] was killed by [GO_NUCLEAR_MATRIX,GO_NUCLEAR_MATRIX]
[GO_NUCLEAR_PERIPHERY,GO_NUCLEAR_PERIPHERY] was killed by [GO_NUCLEAR_MATRIX,GO_NUCLEAR_MATRIX]
[GO_RESPONSE_TO_HEAT,GO_RESPONSE_TO_HEAT] was killed by [GO_CHAPERONE_MEDIATED_PROTEIN_FOLDING,GO_CHAPERONE_MEDIATED_PROTEIN_FOLDING]
[GO_NON_CANONICAL_WNT_SIGNALING_PATHWAY,GO_NON_CANONICAL_WNT_SIGNALING_PATHWAY] was killed by [GO_REGULATION_OF_STEM_CELL_DIFFERENTIATION,GO_REGULATION_OF_STEM_CELL_DIFFERENTIATION]
[GO_REGULATION_OF_DNA_TEMPLATED_TRANSCRIPTION_IN_RESPONSE_TO_STRESS,GO_REGULATION_OF_DNA_TEMPLATED_TRANSCRIPTION_IN_RESPONSE_TO_STRESS] was killed by [GO_REGULATION_OF_STEM_CELL_DIFFERENTIATION,GO_REGULATION_OF_STEM_CELL_DIFFERENTIATION]
[GO_ENDOPEPTIDASE_COMPLEX,GO_ENDOPEPTIDASE_COMPLEX] was killed by [GO_REGULATION_OF_STEM_CELL_DIFFERENTIATION,GO_REGULATION_OF_STEM_CELL_DIFFERENTIATION]
[GO_ELECTRON_TRANSPORT_CHAIN,GO_ELECTRON_TRANSPORT_CHAIN] was killed by [GO_CYTOSOLIC_RIBOSOME,GO_CYTOSOLIC_RIBOSOME]
[GO_NIK_NF_KAPPAB_SIGNALING,GO_NIK_NF_KAPPAB_SIGNALING] was killed by [GO_REGULATION_OF_STEM_CELL_DIFFERENTIATION,GO_REGULATION_OF_STEM_CELL_DIFFERENTIATION]
[GO_ATP_SYNTHESIS_COUPLED_ELECTRON_TRANSPORT,GO_ATP_SYNTHESIS_COUPLED_ELECTRON_TRANSPORT] was killed by [GO_CYTOSOLIC_RIBOSOME,GO_CYTOSOLIC_RIBOSOME]
[GO_RESPIRATORY_ELECTRON_TRANSPORT_CHAIN,GO_RESPIRATORY_ELECTRON_TRANSPORT_CHAIN] was killed by [GO_CYTOSOLIC_RIBOSOME,GO_CYTOSOLIC_RIBOSOME]
[GO_T_CELL_RECEPTOR_SIGNALING_PATHWAY,GO_T_CELL_RECEPTOR_SIGNALING_PATHWAY] was killed by [GO_REGULATION_OF_STEM_CELL_DIFFERENTIATION,GO_REGULATION_OF_STEM_CELL_DIFFERENTIATION]
[GO_AMINE_METABOLIC_PROCESS,GO_AMINE_METABOLIC_PROCESS] was killed by [GO_REGULATION_OF_STEM_CELL_DIFFERENTIATION,GO_REGULATION_OF_STEM_CELL_DIFFERENTIATION]
[GO_POSITIVE_REGULATION_OF_CANONICAL_WNT_SIGNALING_PATHWAY,GO_POSITIVE_REGULATION_OF_CANONICAL_WNT_SIGNALING_PATHWAY] was killed by [GO_REGULATION_OF_STEM_CELL_DIFFERENTIATION,GO_REGULATION_OF_STEM_CELL_DIFFERENTIATION]
[GO_POSITIVE_REGULATION_OF_WNT_SIGNALING_PATHWAY,GO_POSITIVE_REGULATION_OF_WNT_SIGNALING_PATHWAY] was killed by [GO_REGULATION_OF_STEM_CELL_DIFFERENTIATION,GO_REGULATION_OF_STEM_CELL_DIFFERENTIATION]
[GO_UNFOLDED_PROTEIN_BINDING,GO_UNFOLDED_PROTEIN_BINDING] was killed by [GO_CYTOSOLIC_RIBOSOME,GO_CYTOSOLIC_RIBOSOME]
[GO_TUMOR_NECROSIS_FACTOR_MEDIATED_SIGNALING_PATHWAY,GO_TUMOR_NECROSIS_FACTOR_MEDIATED_SIGNALING_PATHWAY] was killed by [GO_REGULATION_OF_STEM_CELL_DIFFERENTIATION,GO_REGULATION_OF_STEM_CELL_DIFFERENTIATION]
[GO_RESPIRASOME,GO_RESPIRASOME] was killed by [GO_CYTOSOLIC_RIBOSOME,GO_CYTOSOLIC_RIBOSOME]
[GO_PROTEASOME_CORE_COMPLEX_ALPHA_SUBUNIT_COMPLEX,GO_PROTEASOME_CORE_COMPLEX_ALPHA_SUBUNIT_COMPLEX] was killed by [GO_REGULATION_OF_STEM_CELL_DIFFERENTIATION,GO_REGULATION_OF_STEM_CELL_DIFFERENTIATION]
[GO_REGULATION_OF_CHROMOSOME_SEGREGATION,GO_REGULATION_OF_CHROMOSOME_SEGREGATION] was killed by [GO_NUCLEAR_MATRIX,GO_NUCLEAR_MATRIX]
[GO_PROTEASOME_CORE_COMPLEX_BETA_SUBUNIT_COMPLEX,GO_PROTEASOME_CORE_COMPLEX_BETA_SUBUNIT_COMPLEX] was killed by [GO_REGULATION_OF_STEM_CELL_DIFFERENTIATION,GO_REGULATION_OF_STEM_CELL_DIFFERENTIATION]
[GO_REGULATION_OF_CHROMATIN_ORGANIZATION,GO_REGULATION_OF_CHROMATIN_ORGANIZATION] was killed by [GO_NUCLEAR_MATRIX,GO_NUCLEAR_MATRIX]
[GO_RIBOSOMAL_SMALL_SUBUNIT_BIOGENESIS,GO_RIBOSOMAL_SMALL_SUBUNIT_BIOGENESIS] was killed by [GO_CYTOSOLIC_RIBOSOME,GO_CYTOSOLIC_RIBOSOME]
[GO_POSITIVE_REGULATION_OF_PROTEIN_LOCALIZATION_TO_NUCLEUS,GO_POSITIVE_REGULATION_OF_PROTEIN_LOCALIZATION_TO_NUCLEUS] was killed by [GO_RESPONSE_TO_KETONE,GO_RESPONSE_TO_KETONE]
[GO_CHAPERONE_COMPLEX,GO_CHAPERONE_COMPLEX] was killed by [GO_CHAPERONE_MEDIATED_PROTEIN_FOLDING,GO_CHAPERONE_MEDIATED_PROTEIN_FOLDING]
[GO_POLYSOMAL_RIBOSOME,GO_POLYSOMAL_RIBOSOME] was killed by [GO_CYTOSOLIC_RIBOSOME,GO_CYTOSOLIC_RIBOSOME]
[GO_RESPONSE_TO_TOPOLOGICALLY_INCORRECT_PROTEIN,GO_RESPONSE_TO_TOPOLOGICALLY_INCORRECT_PROTEIN] was killed by [GO_CHAPERONE_MEDIATED_PROTEIN_FOLDING,GO_CHAPERONE_MEDIATED_PROTEIN_FOLDING]
[GO_REGULATION_OF_CELLULAR_RESPONSE_TO_HEAT,GO_REGULATION_OF_CELLULAR_RESPONSE_TO_HEAT] was killed by [GO_CHAPERONE_MEDIATED_PROTEIN_FOLDING,GO_CHAPERONE_MEDIATED_PROTEIN_FOLDING]
[GO_RESPIRATORY_CHAIN_COMPLEX,GO_RESPIRATORY_CHAIN_COMPLEX] was killed by [GO_CYTOSOLIC_RIBOSOME,GO_CYTOSOLIC_RIBOSOME]
[GO_MATURATION_OF_SSU_RRNA,GO_MATURATION_OF_SSU_RRNA] was killed by [GO_CYTOSOLIC_RIBOSOME,GO_CYTOSOLIC_RIBOSOME]
[GO_REGULATION_OF_MITOCHONDRIAL_MEMBRANE_POTENTIAL,GO_REGULATION_OF_MITOCHONDRIAL_MEMBRANE_POTENTIAL] was killed by [GO_RESPONSE_TO_KETONE,GO_RESPONSE_TO_KETONE]
[GO_REGULATION_OF_DNA_BIOSYNTHETIC_PROCESS,GO_REGULATION_OF_DNA_BIOSYNTHETIC_PROCESS] was killed by [GO_CHAPERONE_MEDIATED_PROTEIN_FOLDING,GO_CHAPERONE_MEDIATED_PROTEIN_FOLDING]
[GO_RESPONSE_TO_CORTICOSTEROID,GO_RESPONSE_TO_CORTICOSTEROID] was killed by [GO_RESPONSE_TO_KETONE,GO_RESPONSE_TO_KETONE]
[GO_FC_RECEPTOR_MEDIATED_STIMULATORY_SIGNALING_PATHWAY,GO_FC_RECEPTOR_MEDIATED_STIMULATORY_SIGNALING_PATHWAY] was killed by [GO_SH3_DOMAIN_BINDING,GO_SH3_DOMAIN_BINDING]
[GO_PEPTIDASE_COMPLEX,GO_PEPTIDASE_COMPLEX] was killed by [GO_CYTOSOLIC_RIBOSOME,GO_CYTOSOLIC_RIBOSOME]
[GO_ERBB_SIGNALING_PATHWAY,GO_ERBB_SIGNALING_PATHWAY] was killed by [GO_SH3_DOMAIN_BINDING,GO_SH3_DOMAIN_BINDING]
[GO_PROTEIN_REFOLDING,GO_PROTEIN_REFOLDING] was killed by [GO_CHAPERONE_MEDIATED_PROTEIN_FOLDING,GO_CHAPERONE_MEDIATED_PROTEIN_FOLDING]
[GO_TELOMERE_MAINTENANCE_VIA_TELOMERE_LENGTHENING,GO_TELOMERE_MAINTENANCE_VIA_TELOMERE_LENGTHENING] was killed by [GO_CHAPERONE_MEDIATED_PROTEIN_FOLDING,GO_CHAPERONE_MEDIATED_PROTEIN_FOLDING]
[GO_DE_NOVO_PROTEIN_FOLDING,GO_DE_NOVO_PROTEIN_FOLDING] was killed by [GO_CHAPERONE_MEDIATED_PROTEIN_FOLDING,GO_CHAPERONE_MEDIATED_PROTEIN_FOLDING]
[GO_OXIDATIVE_PHOSPHORYLATION,GO_OXIDATIVE_PHOSPHORYLATION] was killed by [GO_CYTOSOLIC_RIBOSOME,GO_CYTOSOLIC_RIBOSOME]
[GO_NADH_DEHYDROGENASE_COMPLEX,GO_NADH_DEHYDROGENASE_COMPLEX] was killed by [GO_CYTOSOLIC_RIBOSOME,GO_CYTOSOLIC_RIBOSOME]
[GO_MITOCHONDRIAL_ELECTRON_TRANSPORT_NADH_TO_UBIQUINONE,GO_MITOCHONDRIAL_ELECTRON_TRANSPORT_NADH_TO_UBIQUINONE] was killed by [GO_CYTOSOLIC_RIBOSOME,GO_CYTOSOLIC_RIBOSOME]
[GO_RRNA_BINDING,GO_RRNA_BINDING] was killed by [GO_CYTOSOLIC_RIBOSOME,GO_CYTOSOLIC_RIBOSOME]
[GO_CELLULAR_RESPONSE_TO_KETONE,GO_CELLULAR_RESPONSE_TO_KETONE] was killed by [GO_RESPONSE_TO_KETONE,GO_RESPONSE_TO_KETONE]
[GO_TOXIN_TRANSPORT,GO_TOXIN_TRANSPORT] was killed by [GO_CHAPERONE_MEDIATED_PROTEIN_FOLDING,GO_CHAPERONE_MEDIATED_PROTEIN_FOLDING]
[GO_SPINDLE_ASSEMBLY,GO_SPINDLE_ASSEMBLY] was killed by [GO_NUCLEAR_MATRIX,GO_NUCLEAR_MATRIX]
[GO_METAPHASE_ANAPHASE_TRANSITION_OF_CELL_CYCLE,GO_METAPHASE_ANAPHASE_TRANSITION_OF_CELL_CYCLE] was killed by [GO_NUCLEAR_MATRIX,GO_NUCLEAR_MATRIX]
[GO_REGULATION_OF_NUCLEAR_DIVISION,GO_REGULATION_OF_NUCLEAR_DIVISION] was killed by [GO_CYTOSOLIC_RIBOSOME,GO_CYTOSOLIC_RIBOSOME]
[GO_STEROID_HORMONE_RECEPTOR_BINDING,GO_STEROID_HORMONE_RECEPTOR_BINDING] was killed by [GO_RESPONSE_TO_KETONE,GO_RESPONSE_TO_KETONE]
[GO_ION_CHANNEL_BINDING,GO_ION_CHANNEL_BINDING] was killed by [GO_RESPONSE_TO_KETONE,GO_RESPONSE_TO_KETONE]
[GO_POSITIVE_REGULATION_OF_TELOMERASE_ACTIVITY,GO_POSITIVE_REGULATION_OF_TELOMERASE_ACTIVITY] was killed by [GO_CHAPERONE_MEDIATED_PROTEIN_FOLDING,GO_CHAPERONE_MEDIATED_PROTEIN_FOLDING]
[GO_REGULATION_OF_TELOMERASE_ACTIVITY,GO_REGULATION_OF_TELOMERASE_ACTIVITY] was killed by [GO_CHAPERONE_MEDIATED_PROTEIN_FOLDING,GO_CHAPERONE_MEDIATED_PROTEIN_FOLDING]
[GO_CONDENSED_NUCLEAR_CHROMOSOME,GO_CONDENSED_NUCLEAR_CHROMOSOME] was killed by [GO_NUCLEAR_MATRIX,GO_NUCLEAR_MATRIX]
[GO_OXIDOREDUCTASE_COMPLEX,GO_OXIDOREDUCTASE_COMPLEX] was killed by [GO_CYTOSOLIC_RIBOSOME,GO_CYTOSOLIC_RIBOSOME]
[GO_REGULATION_OF_MORPHOGENESIS_OF_AN_EPITHELIUM,GO_REGULATION_OF_MORPHOGENESIS_OF_AN_EPITHELIUM] was killed by [GO_CYTOSOLIC_RIBOSOME,GO_CYTOSOLIC_RIBOSOME]
[GO_NUCLEAR_HORMONE_RECEPTOR_BINDING,GO_NUCLEAR_HORMONE_RECEPTOR_BINDING] was killed by [GO_RESPONSE_TO_KETONE,GO_RESPONSE_TO_KETONE]
[GO_DNA_BIOSYNTHETIC_PROCESS,GO_DNA_BIOSYNTHETIC_PROCESS] was killed by [GO_NUCLEAR_MATRIX,GO_NUCLEAR_MATRIX]
[GO_TELOMERE_ORGANIZATION,GO_TELOMERE_ORGANIZATION] was killed by [GO_CYTOSOLIC_RIBOSOME,GO_CYTOSOLIC_RIBOSOME]
[GO_IRON_ION_TRANSPORT,GO_IRON_ION_TRANSPORT] was killed by [GO_POSITIVE_REGULATION_OF_LYMPHOCYTE_MEDIATED_IMMUNITY,GO_POSITIVE_REGULATION_OF_LYMPHOCYTE_MEDIATED_IMMUNITY]
[GO_NEGATIVE_REGULATION_OF_CELLULAR_PROTEIN_CATABOLIC_PROCESS,GO_NEGATIVE_REGULATION_OF_CELLULAR_PROTEIN_CATABOLIC_PROCESS] was killed by [GO_CYTOSOLIC_RIBOSOME,GO_CYTOSOLIC_RIBOSOME]
[GO_REGULATION_OF_SISTER_CHROMATID_SEGREGATION,GO_REGULATION_OF_SISTER_CHROMATID_SEGREGATION] was killed by [GO_NUCLEAR_MATRIX,GO_NUCLEAR_MATRIX]
[GO_NADH_DEHYDROGENASE_ACTIVITY,GO_NADH_DEHYDROGENASE_ACTIVITY] was killed by [GO_CYTOSOLIC_RIBOSOME,GO_CYTOSOLIC_RIBOSOME]
[GO_POSITIVE_REGULATION_OF_LEUKOCYTE_MEDIATED_IMMUNITY,GO_POSITIVE_REGULATION_OF_LEUKOCYTE_MEDIATED_IMMUNITY] was killed by [GO_POSITIVE_REGULATION_OF_LYMPHOCYTE_MEDIATED_IMMUNITY,GO_POSITIVE_REGULATION_OF_LYMPHOCYTE_MEDIATED_IMMUNITY]
[GO_REGULATION_OF_LYMPHOCYTE_MEDIATED_IMMUNITY,GO_REGULATION_OF_LYMPHOCYTE_MEDIATED_IMMUNITY] was killed by [GO_POSITIVE_REGULATION_OF_LYMPHOCYTE_MEDIATED_IMMUNITY,GO_POSITIVE_REGULATION_OF_LYMPHOCYTE_MEDIATED_IMMUNITY]
[GO_CELLULAR_RESPIRATION,GO_CELLULAR_RESPIRATION] was killed by [GO_CYTOSOLIC_RIBOSOME,GO_CYTOSOLIC_RIBOSOME]
