[GNF2_EIF3S6,GNF2_EIF3S6] was killed by [GNF2_TPT1,GNF2_TPT1]
[MODULE_91,MODULE_91] was killed by [MODULE_28,MODULE_28]
[MORF_ERH,MORF_ERH] was killed by [MODULE_28,MODULE_28]
[MODULE_29,MODULE_29] was killed by [GNF2_TPT1,GNF2_TPT1]
[MORF_TPT1,MORF_TPT1] was killed by [GNF2_TPT1,GNF2_TPT1]
[GCM_TPT1,GCM_TPT1] was killed by [GNF2_TPT1,GNF2_TPT1]
[MODULE_50,MODULE_50] was killed by [MODULE_28,MODULE_28]
[GNF2_CDC20,GNF2_CDC20] was killed by [GNF2_CCNA2,GNF2_CCNA2]
[MORF_FBL,MORF_FBL] was killed by [GNF2_TPT1,GNF2_TPT1]
[GNF2_GLTSCR2,GNF2_GLTSCR2] was killed by [GNF2_TPT1,GNF2_TPT1]
[MORF_PCNA,MORF_PCNA] was killed by [GNF2_RAN,GNF2_RAN]
[GNF2_PA2G4,GNF2_PA2G4] was killed by [GNF2_CCNA2,GNF2_CCNA2]
[GNF2_HMMR,GNF2_HMMR] was killed by [GNF2_CCNA2,GNF2_CCNA2]
[GNF2_RFC3,GNF2_RFC3] was killed by [GNF2_CCNA2,GNF2_CCNA2]
[GNF2_SMC2L1,GNF2_SMC2L1] was killed by [GNF2_CCNA2,GNF2_CCNA2]
[GCM_ACTG1,GCM_ACTG1] was killed by [GNF2_TPT1,GNF2_TPT1]
[GNF2_CENPF,GNF2_CENPF] was killed by [GNF2_CCNA2,GNF2_CCNA2]
[GNF2_TTK,GNF2_TTK] was killed by [GNF2_CCNA2,GNF2_CCNA2]
[GNF2_FEN1,GNF2_FEN1] was killed by [GNF2_CCNA2,GNF2_CCNA2]
[GNF2_NS,GNF2_NS] was killed by [MODULE_28,MODULE_28]
[GNF2_ST13,GNF2_ST13] was killed by [GNF2_TPT1,GNF2_TPT1]
[MORF_BUB1,MORF_BUB1] was killed by [GNF2_CCNA2,GNF2_CCNA2]
[GNF2_CKS2,GNF2_CKS2] was killed by [GNF2_CCNA2,GNF2_CCNA2]
[GNF2_PCNA,GNF2_PCNA] was killed by [GNF2_CCNA2,GNF2_CCNA2]
[MORF_TPR,MORF_TPR] was killed by [MORF_PHB,MORF_PHB]
[MORF_JUND,MORF_JUND] was killed by [GNF2_TPT1,GNF2_TPT1]
[MORF_UNG,MORF_UNG] was killed by [GNF2_RAN,GNF2_RAN]
[GCM_NPM1,GCM_NPM1] was killed by [GNF2_TPT1,GNF2_TPT1]
[GCM_CSNK2B,GCM_CSNK2B] was killed by [MODULE_28,MODULE_28]
[GNF2_RRM2,GNF2_RRM2] was killed by [GNF2_CCNA2,GNF2_CCNA2]
[MORF_GMPS,MORF_GMPS] was killed by [GNF2_RAN,GNF2_RAN]
[GNF2_CENPE,GNF2_CENPE] was killed by [GNF2_CCNA2,GNF2_CCNA2]
[GNF2_CCNB2,GNF2_CCNB2] was killed by [GNF2_CCNA2,GNF2_CCNA2]
[MORF_USP5,MORF_USP5] was killed by [MORF_PHB,MORF_PHB]
[MORF_NPM1,MORF_NPM1] was killed by [GNF2_TPT1,GNF2_TPT1]
[GNF2_CDC2,GNF2_CDC2] was killed by [GNF2_CCNA2,GNF2_CCNA2]
[MORF_G22P1,MORF_G22P1] was killed by [GNF2_TPT1,GNF2_TPT1]
[GNF2_RRM1,GNF2_RRM1] was killed by [GNF2_CCNA2,GNF2_CCNA2]
[GNF2_RFC4,GNF2_RFC4] was killed by [GNF2_CCNA2,GNF2_CCNA2]
[GNF2_MKI67,GNF2_MKI67] was killed by [GNF2_CCNA2,GNF2_CCNA2]
[MODULE_397,MODULE_397] was killed by [GNF2_CCNA2,GNF2_CCNA2]
[MORF_RAD23B,MORF_RAD23B] was killed by [GNF2_TPT1,GNF2_TPT1]
[GNF2_XRCC5,GNF2_XRCC5] was killed by [GNF2_TPT1,GNF2_TPT1]
[MORF_FEN1,MORF_FEN1] was killed by [GNF2_CCNA2,GNF2_CCNA2]
[GNF2_FBL,GNF2_FBL] was killed by [GNF2_TPT1,GNF2_TPT1]
[MORF_ACTG1,MORF_ACTG1] was killed by [GNF2_TPT1,GNF2_TPT1]
[MORF_DAP3,MORF_DAP3] was killed by [GNF2_TPT1,GNF2_TPT1]
[GNF2_H2AFX,GNF2_H2AFX] was killed by [GNF2_CCNA2,GNF2_CCNA2]
[GNF2_ESPL1,GNF2_ESPL1] was killed by [GNF2_CCNA2,GNF2_CCNA2]
[MODULE_57,MODULE_57] was killed by [GNF2_CCNA2,GNF2_CCNA2]
[GNF2_CKS1B,GNF2_CKS1B] was killed by [GNF2_CCNA2,GNF2_CCNA2]
[MORF_EIF4A2,MORF_EIF4A2] was killed by [GNF2_TPT1,GNF2_TPT1]
[MORF_PPP1CA,MORF_PPP1CA] was killed by [GNF2_TPT1,GNF2_TPT1]
