[KEGG_RIBOSOME,KEGG_RIBOSOME] was killed by [REACTOME_RESPONSE_OF_EIF2AK4_GCN2_TO_AMINO_ACID_DEFICIENCY,REACTOME_RESPONSE_OF_EIF2AK4_GCN2_TO_AMINO_ACID_DEFICIENCY]
[REACTOME_SRP_DEPENDENT_COTRANSLATIONAL_PROTEIN_TARGETING_TO_MEMBRANE,REACTOME_SRP_DEPENDENT_COTRANSLATIONAL_PROTEIN_TARGETING_TO_MEMBRANE] was killed by [REACTOME_RESPONSE_OF_EIF2AK4_GCN2_TO_AMINO_ACID_DEFICIENCY,REACTOME_RESPONSE_OF_EIF2AK4_GCN2_TO_AMINO_ACID_DEFICIENCY]
[REACTOME_EUKARYOTIC_TRANSLATION_ELONGATION,REACTOME_EUKARYOTIC_TRANSLATION_ELONGATION] was killed by [REACTOME_RESPONSE_OF_EIF2AK4_GCN2_TO_AMINO_ACID_DEFICIENCY,REACTOME_RESPONSE_OF_EIF2AK4_GCN2_TO_AMINO_ACID_DEFICIENCY]
[REACTOME_SELENOAMINO_ACID_METABOLISM,REACTOME_SELENOAMINO_ACID_METABOLISM] was killed by [REACTOME_RESPONSE_OF_EIF2AK4_GCN2_TO_AMINO_ACID_DEFICIENCY,REACTOME_RESPONSE_OF_EIF2AK4_GCN2_TO_AMINO_ACID_DEFICIENCY]
[REACTOME_APC_C_MEDIATED_DEGRADATION_OF_CELL_CYCLE_PROTEINS,REACTOME_APC_C_MEDIATED_DEGRADATION_OF_CELL_CYCLE_PROTEINS] was killed by [REACTOME_THE_ROLE_OF_GTSE1_IN_G2_M_PROGRESSION_AFTER_G2_CHECKPOINT,REACTOME_THE_ROLE_OF_GTSE1_IN_G2_M_PROGRESSION_AFTER_G2_CHECKPOINT]
[REACTOME_NONSENSE_MEDIATED_DECAY_NMD,REACTOME_NONSENSE_MEDIATED_DECAY_NMD] was killed by [REACTOME_RESPONSE_OF_EIF2AK4_GCN2_TO_AMINO_ACID_DEFICIENCY,REACTOME_RESPONSE_OF_EIF2AK4_GCN2_TO_AMINO_ACID_DEFICIENCY]
[REACTOME_INFLUENZA_INFECTION,REACTOME_INFLUENZA_INFECTION] was killed by [REACTOME_RESPONSE_OF_EIF2AK4_GCN2_TO_AMINO_ACID_DEFICIENCY,REACTOME_RESPONSE_OF_EIF2AK4_GCN2_TO_AMINO_ACID_DEFICIENCY]
[REACTOME_HOST_INTERACTIONS_OF_HIV_FACTORS,REACTOME_HOST_INTERACTIONS_OF_HIV_FACTORS] was killed by [REACTOME_THE_ROLE_OF_GTSE1_IN_G2_M_PROGRESSION_AFTER_G2_CHECKPOINT,REACTOME_THE_ROLE_OF_GTSE1_IN_G2_M_PROGRESSION_AFTER_G2_CHECKPOINT]
[REACTOME_ANTIGEN_PROCESSING_CROSS_PRESENTATION,REACTOME_ANTIGEN_PROCESSING_CROSS_PRESENTATION] was killed by [REACTOME_THE_ROLE_OF_GTSE1_IN_G2_M_PROGRESSION_AFTER_G2_CHECKPOINT,REACTOME_THE_ROLE_OF_GTSE1_IN_G2_M_PROGRESSION_AFTER_G2_CHECKPOINT]
[REACTOME_MITOTIC_G1_PHASE_AND_G1_S_TRANSITION,REACTOME_MITOTIC_G1_PHASE_AND_G1_S_TRANSITION] was killed by [REACTOME_THE_ROLE_OF_GTSE1_IN_G2_M_PROGRESSION_AFTER_G2_CHECKPOINT,REACTOME_THE_ROLE_OF_GTSE1_IN_G2_M_PROGRESSION_AFTER_G2_CHECKPOINT]
[REACTOME_SCF_SKP2_MEDIATED_DEGRADATION_OF_P27_P21,REACTOME_SCF_SKP2_MEDIATED_DEGRADATION_OF_P27_P21] was killed by [REACTOME_THE_ROLE_OF_GTSE1_IN_G2_M_PROGRESSION_AFTER_G2_CHECKPOINT,REACTOME_THE_ROLE_OF_GTSE1_IN_G2_M_PROGRESSION_AFTER_G2_CHECKPOINT]
[REACTOME_EUKARYOTIC_TRANSLATION_INITIATION,REACTOME_EUKARYOTIC_TRANSLATION_INITIATION] was killed by [REACTOME_RESPONSE_OF_EIF2AK4_GCN2_TO_AMINO_ACID_DEFICIENCY,REACTOME_RESPONSE_OF_EIF2AK4_GCN2_TO_AMINO_ACID_DEFICIENCY]
[REACTOME_CROSS_PRESENTATION_OF_SOLUBLE_EXOGENOUS_ANTIGENS_ENDOSOMES,REACTOME_CROSS_PRESENTATION_OF_SOLUBLE_EXOGENOUS_ANTIGENS_ENDOSOMES] was killed by [REACTOME_THE_ROLE_OF_GTSE1_IN_G2_M_PROGRESSION_AFTER_G2_CHECKPOINT,REACTOME_THE_ROLE_OF_GTSE1_IN_G2_M_PROGRESSION_AFTER_G2_CHECKPOINT]
[REACTOME_DOWNSTREAM_SIGNALING_EVENTS_OF_B_CELL_RECEPTOR_BCR,REACTOME_DOWNSTREAM_SIGNALING_EVENTS_OF_B_CELL_RECEPTOR_BCR] was killed by [REACTOME_THE_ROLE_OF_GTSE1_IN_G2_M_PROGRESSION_AFTER_G2_CHECKPOINT,REACTOME_THE_ROLE_OF_GTSE1_IN_G2_M_PROGRESSION_AFTER_G2_CHECKPOINT]
[REACTOME_SIGNALING_BY_THE_B_CELL_RECEPTOR_BCR,REACTOME_SIGNALING_BY_THE_B_CELL_RECEPTOR_BCR] was killed by [REACTOME_THE_ROLE_OF_GTSE1_IN_G2_M_PROGRESSION_AFTER_G2_CHECKPOINT,REACTOME_THE_ROLE_OF_GTSE1_IN_G2_M_PROGRESSION_AFTER_G2_CHECKPOINT]
[REACTOME_CYCLIN_A_CDK2_ASSOCIATED_EVENTS_AT_S_PHASE_ENTRY,REACTOME_CYCLIN_A_CDK2_ASSOCIATED_EVENTS_AT_S_PHASE_ENTRY] was killed by [REACTOME_THE_ROLE_OF_GTSE1_IN_G2_M_PROGRESSION_AFTER_G2_CHECKPOINT,REACTOME_THE_ROLE_OF_GTSE1_IN_G2_M_PROGRESSION_AFTER_G2_CHECKPOINT]
[REACTOME_SEPARATION_OF_SISTER_CHROMATIDS,REACTOME_SEPARATION_OF_SISTER_CHROMATIDS] was killed by [REACTOME_THE_ROLE_OF_GTSE1_IN_G2_M_PROGRESSION_AFTER_G2_CHECKPOINT,REACTOME_THE_ROLE_OF_GTSE1_IN_G2_M_PROGRESSION_AFTER_G2_CHECKPOINT]
[REACTOME_ASSEMBLY_OF_THE_PRE_REPLICATIVE_COMPLEX,REACTOME_ASSEMBLY_OF_THE_PRE_REPLICATIVE_COMPLEX] was killed by [REACTOME_THE_ROLE_OF_GTSE1_IN_G2_M_PROGRESSION_AFTER_G2_CHECKPOINT,REACTOME_THE_ROLE_OF_GTSE1_IN_G2_M_PROGRESSION_AFTER_G2_CHECKPOINT]
[REACTOME_MITOTIC_G2_G2_M_PHASES,REACTOME_MITOTIC_G2_G2_M_PHASES] was killed by [REACTOME_THE_ROLE_OF_GTSE1_IN_G2_M_PROGRESSION_AFTER_G2_CHECKPOINT,REACTOME_THE_ROLE_OF_GTSE1_IN_G2_M_PROGRESSION_AFTER_G2_CHECKPOINT]
[REACTOME_APC_C_CDH1_MEDIATED_DEGRADATION_OF_CDC20_AND_OTHER_APC_C_CDH1_TARGETED_PROTEINS_IN_LATE_MITOSIS_EARLY_G1,REACTOME_APC_C_CDH1_MEDIATED_DEGRADATION_OF_CDC20_AND_OTHER_APC_C_CDH1_TARGETED_PROTEINS_IN_LATE_MITOSIS_EARLY_G1] was killed by [REACTOME_THE_ROLE_OF_GTSE1_IN_G2_M_PROGRESSION_AFTER_G2_CHECKPOINT,REACTOME_THE_ROLE_OF_GTSE1_IN_G2_M_PROGRESSION_AFTER_G2_CHECKPOINT]
[REACTOME_AUF1_HNRNP_D0_BINDS_AND_DESTABILIZES_MRNA,REACTOME_AUF1_HNRNP_D0_BINDS_AND_DESTABILIZES_MRNA] was killed by [REACTOME_THE_ROLE_OF_GTSE1_IN_G2_M_PROGRESSION_AFTER_G2_CHECKPOINT,REACTOME_THE_ROLE_OF_GTSE1_IN_G2_M_PROGRESSION_AFTER_G2_CHECKPOINT]
[KEGG_PROTEASOME,KEGG_PROTEASOME] was killed by [REACTOME_THE_ROLE_OF_GTSE1_IN_G2_M_PROGRESSION_AFTER_G2_CHECKPOINT,REACTOME_THE_ROLE_OF_GTSE1_IN_G2_M_PROGRESSION_AFTER_G2_CHECKPOINT]
[ZHONG_SECRETOME_OF_LUNG_CANCER_AND_MACROPHAGE,ZHONG_SECRETOME_OF_LUNG_CANCER_AND_MACROPHAGE] was killed by [REACTOME_THE_ROLE_OF_GTSE1_IN_G2_M_PROGRESSION_AFTER_G2_CHECKPOINT,REACTOME_THE_ROLE_OF_GTSE1_IN_G2_M_PROGRESSION_AFTER_G2_CHECKPOINT]
[REACTOME_FCERI_MEDIATED_NF_KB_ACTIVATION,REACTOME_FCERI_MEDIATED_NF_KB_ACTIVATION] was killed by [REACTOME_THE_ROLE_OF_GTSE1_IN_G2_M_PROGRESSION_AFTER_G2_CHECKPOINT,REACTOME_THE_ROLE_OF_GTSE1_IN_G2_M_PROGRESSION_AFTER_G2_CHECKPOINT]
[REACTOME_ASYMMETRIC_LOCALIZATION_OF_PCP_PROTEINS,REACTOME_ASYMMETRIC_LOCALIZATION_OF_PCP_PROTEINS] was killed by [REACTOME_THE_ROLE_OF_GTSE1_IN_G2_M_PROGRESSION_AFTER_G2_CHECKPOINT,REACTOME_THE_ROLE_OF_GTSE1_IN_G2_M_PROGRESSION_AFTER_G2_CHECKPOINT]
[REACTOME_DEGRADATION_OF_AXIN,REACTOME_DEGRADATION_OF_AXIN] was killed by [REACTOME_THE_ROLE_OF_GTSE1_IN_G2_M_PROGRESSION_AFTER_G2_CHECKPOINT,REACTOME_THE_ROLE_OF_GTSE1_IN_G2_M_PROGRESSION_AFTER_G2_CHECKPOINT]
[REACTOME_DEGRADATION_OF_BETA_CATENIN_BY_THE_DESTRUCTION_COMPLEX,REACTOME_DEGRADATION_OF_BETA_CATENIN_BY_THE_DESTRUCTION_COMPLEX] was killed by [REACTOME_THE_ROLE_OF_GTSE1_IN_G2_M_PROGRESSION_AFTER_G2_CHECKPOINT,REACTOME_THE_ROLE_OF_GTSE1_IN_G2_M_PROGRESSION_AFTER_G2_CHECKPOINT]
[REACTOME_TRANSCRIPTIONAL_REGULATION_BY_RUNX2,REACTOME_TRANSCRIPTIONAL_REGULATION_BY_RUNX2] was killed by [REACTOME_THE_ROLE_OF_GTSE1_IN_G2_M_PROGRESSION_AFTER_G2_CHECKPOINT,REACTOME_THE_ROLE_OF_GTSE1_IN_G2_M_PROGRESSION_AFTER_G2_CHECKPOINT]
[REACTOME_TCR_SIGNALING,REACTOME_TCR_SIGNALING] was killed by [REACTOME_THE_ROLE_OF_GTSE1_IN_G2_M_PROGRESSION_AFTER_G2_CHECKPOINT,REACTOME_THE_ROLE_OF_GTSE1_IN_G2_M_PROGRESSION_AFTER_G2_CHECKPOINT]
[REACTOME_HEDGEHOG_OFF_STATE,REACTOME_HEDGEHOG_OFF_STATE] was killed by [REACTOME_THE_ROLE_OF_GTSE1_IN_G2_M_PROGRESSION_AFTER_G2_CHECKPOINT,REACTOME_THE_ROLE_OF_GTSE1_IN_G2_M_PROGRESSION_AFTER_G2_CHECKPOINT]
[REACTOME_ABC_TRANSPORTER_DISORDERS,REACTOME_ABC_TRANSPORTER_DISORDERS] was killed by [REACTOME_THE_ROLE_OF_GTSE1_IN_G2_M_PROGRESSION_AFTER_G2_CHECKPOINT,REACTOME_THE_ROLE_OF_GTSE1_IN_G2_M_PROGRESSION_AFTER_G2_CHECKPOINT]
[REACTOME_G1_S_DNA_DAMAGE_CHECKPOINTS,REACTOME_G1_S_DNA_DAMAGE_CHECKPOINTS] was killed by [REACTOME_THE_ROLE_OF_GTSE1_IN_G2_M_PROGRESSION_AFTER_G2_CHECKPOINT,REACTOME_THE_ROLE_OF_GTSE1_IN_G2_M_PROGRESSION_AFTER_G2_CHECKPOINT]
[REACTOME_DEFECTIVE_CFTR_CAUSES_CYSTIC_FIBROSIS,REACTOME_DEFECTIVE_CFTR_CAUSES_CYSTIC_FIBROSIS] was killed by [REACTOME_THE_ROLE_OF_GTSE1_IN_G2_M_PROGRESSION_AFTER_G2_CHECKPOINT,REACTOME_THE_ROLE_OF_GTSE1_IN_G2_M_PROGRESSION_AFTER_G2_CHECKPOINT]
[REACTOME_STABILIZATION_OF_P53,REACTOME_STABILIZATION_OF_P53] was killed by [REACTOME_THE_ROLE_OF_GTSE1_IN_G2_M_PROGRESSION_AFTER_G2_CHECKPOINT,REACTOME_THE_ROLE_OF_GTSE1_IN_G2_M_PROGRESSION_AFTER_G2_CHECKPOINT]
[REACTOME_REGULATION_OF_RUNX3_EXPRESSION_AND_ACTIVITY,REACTOME_REGULATION_OF_RUNX3_EXPRESSION_AND_ACTIVITY] was killed by [REACTOME_THE_ROLE_OF_GTSE1_IN_G2_M_PROGRESSION_AFTER_G2_CHECKPOINT,REACTOME_THE_ROLE_OF_GTSE1_IN_G2_M_PROGRESSION_AFTER_G2_CHECKPOINT]
[REACTOME_HEDGEHOG_LIGAND_BIOGENESIS,REACTOME_HEDGEHOG_LIGAND_BIOGENESIS] was killed by [REACTOME_THE_ROLE_OF_GTSE1_IN_G2_M_PROGRESSION_AFTER_G2_CHECKPOINT,REACTOME_THE_ROLE_OF_GTSE1_IN_G2_M_PROGRESSION_AFTER_G2_CHECKPOINT]
[REACTOME_FC_EPSILON_RECEPTOR_FCERI_SIGNALING,REACTOME_FC_EPSILON_RECEPTOR_FCERI_SIGNALING] was killed by [REACTOME_THE_ROLE_OF_GTSE1_IN_G2_M_PROGRESSION_AFTER_G2_CHECKPOINT,REACTOME_THE_ROLE_OF_GTSE1_IN_G2_M_PROGRESSION_AFTER_G2_CHECKPOINT]
[REACTOME_UCH_PROTEINASES,REACTOME_UCH_PROTEINASES] was killed by [REACTOME_THE_ROLE_OF_GTSE1_IN_G2_M_PROGRESSION_AFTER_G2_CHECKPOINT,REACTOME_THE_ROLE_OF_GTSE1_IN_G2_M_PROGRESSION_AFTER_G2_CHECKPOINT]
[BILANGES_SERUM_AND_RAPAMYCIN_SENSITIVE_GENES,BILANGES_SERUM_AND_RAPAMYCIN_SENSITIVE_GENES] was killed by [REACTOME_RESPONSE_OF_EIF2AK4_GCN2_TO_AMINO_ACID_DEFICIENCY,REACTOME_RESPONSE_OF_EIF2AK4_GCN2_TO_AMINO_ACID_DEFICIENCY]
[REACTOME_REGULATION_OF_RUNX2_EXPRESSION_AND_ACTIVITY,REACTOME_REGULATION_OF_RUNX2_EXPRESSION_AND_ACTIVITY] was killed by [REACTOME_THE_ROLE_OF_GTSE1_IN_G2_M_PROGRESSION_AFTER_G2_CHECKPOINT,REACTOME_THE_ROLE_OF_GTSE1_IN_G2_M_PROGRESSION_AFTER_G2_CHECKPOINT]
[REACTOME_DECTIN_1_MEDIATED_NONCANONICAL_NF_KB_SIGNALING,REACTOME_DECTIN_1_MEDIATED_NONCANONICAL_NF_KB_SIGNALING] was killed by [REACTOME_THE_ROLE_OF_GTSE1_IN_G2_M_PROGRESSION_AFTER_G2_CHECKPOINT,REACTOME_THE_ROLE_OF_GTSE1_IN_G2_M_PROGRESSION_AFTER_G2_CHECKPOINT]
[REACTOME_TNFR2_NON_CANONICAL_NF_KB_PATHWAY,REACTOME_TNFR2_NON_CANONICAL_NF_KB_PATHWAY] was killed by [REACTOME_THE_ROLE_OF_GTSE1_IN_G2_M_PROGRESSION_AFTER_G2_CHECKPOINT,REACTOME_THE_ROLE_OF_GTSE1_IN_G2_M_PROGRESSION_AFTER_G2_CHECKPOINT]
[REACTOME_DEGRADATION_OF_GLI1_BY_THE_PROTEASOME,REACTOME_DEGRADATION_OF_GLI1_BY_THE_PROTEASOME] was killed by [REACTOME_THE_ROLE_OF_GTSE1_IN_G2_M_PROGRESSION_AFTER_G2_CHECKPOINT,REACTOME_THE_ROLE_OF_GTSE1_IN_G2_M_PROGRESSION_AFTER_G2_CHECKPOINT]
[ZHONG_SECRETOME_OF_LUNG_CANCER_AND_FIBROBLAST,ZHONG_SECRETOME_OF_LUNG_CANCER_AND_FIBROBLAST] was killed by [REACTOME_THE_ROLE_OF_GTSE1_IN_G2_M_PROGRESSION_AFTER_G2_CHECKPOINT,REACTOME_THE_ROLE_OF_GTSE1_IN_G2_M_PROGRESSION_AFTER_G2_CHECKPOINT]
[REACTOME_REGULATION_OF_PTEN_STABILITY_AND_ACTIVITY,REACTOME_REGULATION_OF_PTEN_STABILITY_AND_ACTIVITY] was killed by [REACTOME_THE_ROLE_OF_GTSE1_IN_G2_M_PROGRESSION_AFTER_G2_CHECKPOINT,REACTOME_THE_ROLE_OF_GTSE1_IN_G2_M_PROGRESSION_AFTER_G2_CHECKPOINT]
[REACTOME_INTERLEUKIN_1_SIGNALING,REACTOME_INTERLEUKIN_1_SIGNALING] was killed by [REACTOME_THE_ROLE_OF_GTSE1_IN_G2_M_PROGRESSION_AFTER_G2_CHECKPOINT,REACTOME_THE_ROLE_OF_GTSE1_IN_G2_M_PROGRESSION_AFTER_G2_CHECKPOINT]
[REACTOME_DISORDERS_OF_TRANSMEMBRANE_TRANSPORTERS,REACTOME_DISORDERS_OF_TRANSMEMBRANE_TRANSPORTERS] was killed by [REACTOME_THE_ROLE_OF_GTSE1_IN_G2_M_PROGRESSION_AFTER_G2_CHECKPOINT,REACTOME_THE_ROLE_OF_GTSE1_IN_G2_M_PROGRESSION_AFTER_G2_CHECKPOINT]
[REACTOME_SIGNALING_BY_HEDGEHOG,REACTOME_SIGNALING_BY_HEDGEHOG] was killed by [REACTOME_THE_ROLE_OF_GTSE1_IN_G2_M_PROGRESSION_AFTER_G2_CHECKPOINT,REACTOME_THE_ROLE_OF_GTSE1_IN_G2_M_PROGRESSION_AFTER_G2_CHECKPOINT]
[REACTOME_NEGATIVE_REGULATION_OF_NOTCH4_SIGNALING,REACTOME_NEGATIVE_REGULATION_OF_NOTCH4_SIGNALING] was killed by [REACTOME_THE_ROLE_OF_GTSE1_IN_G2_M_PROGRESSION_AFTER_G2_CHECKPOINT,REACTOME_THE_ROLE_OF_GTSE1_IN_G2_M_PROGRESSION_AFTER_G2_CHECKPOINT]
[REACTOME_ORC1_REMOVAL_FROM_CHROMATIN,REACTOME_ORC1_REMOVAL_FROM_CHROMATIN] was killed by [REACTOME_THE_ROLE_OF_GTSE1_IN_G2_M_PROGRESSION_AFTER_G2_CHECKPOINT,REACTOME_THE_ROLE_OF_GTSE1_IN_G2_M_PROGRESSION_AFTER_G2_CHECKPOINT]
[REACTOME_DEGRADATION_OF_DVL,REACTOME_DEGRADATION_OF_DVL] was killed by [REACTOME_THE_ROLE_OF_GTSE1_IN_G2_M_PROGRESSION_AFTER_G2_CHECKPOINT,REACTOME_THE_ROLE_OF_GTSE1_IN_G2_M_PROGRESSION_AFTER_G2_CHECKPOINT]
[REACTOME_REGULATION_OF_EXPRESSION_OF_SLITS_AND_ROBOS,REACTOME_REGULATION_OF_EXPRESSION_OF_SLITS_AND_ROBOS] was killed by [REACTOME_RESPONSE_OF_EIF2AK4_GCN2_TO_AMINO_ACID_DEFICIENCY,REACTOME_RESPONSE_OF_EIF2AK4_GCN2_TO_AMINO_ACID_DEFICIENCY]
[REACTOME_REGULATION_OF_RAS_BY_GAPS,REACTOME_REGULATION_OF_RAS_BY_GAPS] was killed by [REACTOME_THE_ROLE_OF_GTSE1_IN_G2_M_PROGRESSION_AFTER_G2_CHECKPOINT,REACTOME_THE_ROLE_OF_GTSE1_IN_G2_M_PROGRESSION_AFTER_G2_CHECKPOINT]
[REACTOME_DNA_REPLICATION_PRE_INITIATION,REACTOME_DNA_REPLICATION_PRE_INITIATION] was killed by [REACTOME_THE_ROLE_OF_GTSE1_IN_G2_M_PROGRESSION_AFTER_G2_CHECKPOINT,REACTOME_THE_ROLE_OF_GTSE1_IN_G2_M_PROGRESSION_AFTER_G2_CHECKPOINT]
[REACTOME_INTERLEUKIN_1_FAMILY_SIGNALING,REACTOME_INTERLEUKIN_1_FAMILY_SIGNALING] was killed by [REACTOME_THE_ROLE_OF_GTSE1_IN_G2_M_PROGRESSION_AFTER_G2_CHECKPOINT,REACTOME_THE_ROLE_OF_GTSE1_IN_G2_M_PROGRESSION_AFTER_G2_CHECKPOINT]
[REACTOME_C_TYPE_LECTIN_RECEPTORS_CLRS,REACTOME_C_TYPE_LECTIN_RECEPTORS_CLRS] was killed by [REACTOME_THE_ROLE_OF_GTSE1_IN_G2_M_PROGRESSION_AFTER_G2_CHECKPOINT,REACTOME_THE_ROLE_OF_GTSE1_IN_G2_M_PROGRESSION_AFTER_G2_CHECKPOINT]
[REACTOME_CLEC7A_DECTIN_1_SIGNALING,REACTOME_CLEC7A_DECTIN_1_SIGNALING] was killed by [REACTOME_THE_ROLE_OF_GTSE1_IN_G2_M_PROGRESSION_AFTER_G2_CHECKPOINT,REACTOME_THE_ROLE_OF_GTSE1_IN_G2_M_PROGRESSION_AFTER_G2_CHECKPOINT]
[REACTOME_TRANSCRIPTIONAL_REGULATION_BY_RUNX3,REACTOME_TRANSCRIPTIONAL_REGULATION_BY_RUNX3] was killed by [REACTOME_THE_ROLE_OF_GTSE1_IN_G2_M_PROGRESSION_AFTER_G2_CHECKPOINT,REACTOME_THE_ROLE_OF_GTSE1_IN_G2_M_PROGRESSION_AFTER_G2_CHECKPOINT]
[REACTOME_HEDGEHOG_ON_STATE,REACTOME_HEDGEHOG_ON_STATE] was killed by [REACTOME_THE_ROLE_OF_GTSE1_IN_G2_M_PROGRESSION_AFTER_G2_CHECKPOINT,REACTOME_THE_ROLE_OF_GTSE1_IN_G2_M_PROGRESSION_AFTER_G2_CHECKPOINT]
[REACTOME_SIGNALING_BY_NOTCH4,REACTOME_SIGNALING_BY_NOTCH4] was killed by [REACTOME_THE_ROLE_OF_GTSE1_IN_G2_M_PROGRESSION_AFTER_G2_CHECKPOINT,REACTOME_THE_ROLE_OF_GTSE1_IN_G2_M_PROGRESSION_AFTER_G2_CHECKPOINT]
[REACTOME_METABOLISM_OF_POLYAMINES,REACTOME_METABOLISM_OF_POLYAMINES] was killed by [REACTOME_THE_ROLE_OF_GTSE1_IN_G2_M_PROGRESSION_AFTER_G2_CHECKPOINT,REACTOME_THE_ROLE_OF_GTSE1_IN_G2_M_PROGRESSION_AFTER_G2_CHECKPOINT]
[REACTOME_CELLULAR_RESPONSE_TO_HYPOXIA,REACTOME_CELLULAR_RESPONSE_TO_HYPOXIA] was killed by [REACTOME_THE_ROLE_OF_GTSE1_IN_G2_M_PROGRESSION_AFTER_G2_CHECKPOINT,REACTOME_THE_ROLE_OF_GTSE1_IN_G2_M_PROGRESSION_AFTER_G2_CHECKPOINT]
[REACTOME_MAPK6_MAPK4_SIGNALING,REACTOME_MAPK6_MAPK4_SIGNALING] was killed by [REACTOME_THE_ROLE_OF_GTSE1_IN_G2_M_PROGRESSION_AFTER_G2_CHECKPOINT,REACTOME_THE_ROLE_OF_GTSE1_IN_G2_M_PROGRESSION_AFTER_G2_CHECKPOINT]
[REACTOME_REGULATION_OF_MRNA_STABILITY_BY_PROTEINS_THAT_BIND_AU_RICH_ELEMENTS,REACTOME_REGULATION_OF_MRNA_STABILITY_BY_PROTEINS_THAT_BIND_AU_RICH_ELEMENTS] was killed by [REACTOME_THE_ROLE_OF_GTSE1_IN_G2_M_PROGRESSION_AFTER_G2_CHECKPOINT,REACTOME_THE_ROLE_OF_GTSE1_IN_G2_M_PROGRESSION_AFTER_G2_CHECKPOINT]
[FLORIO_NEOCORTEX_BASAL_RADIAL_GLIA_DN,FLORIO_NEOCORTEX_BASAL_RADIAL_GLIA_DN] was killed by [WHITFIELD_CELL_CYCLE_G2_M,WHITFIELD_CELL_CYCLE_G2_M]
[REACTOME_SWITCHING_OF_ORIGINS_TO_A_POST_REPLICATIVE_STATE,REACTOME_SWITCHING_OF_ORIGINS_TO_A_POST_REPLICATIVE_STATE] was killed by [REACTOME_THE_ROLE_OF_GTSE1_IN_G2_M_PROGRESSION_AFTER_G2_CHECKPOINT,REACTOME_THE_ROLE_OF_GTSE1_IN_G2_M_PROGRESSION_AFTER_G2_CHECKPOINT]
[REACTOME_ABC_FAMILY_PROTEINS_MEDIATED_TRANSPORT,REACTOME_ABC_FAMILY_PROTEINS_MEDIATED_TRANSPORT] was killed by [REACTOME_THE_ROLE_OF_GTSE1_IN_G2_M_PROGRESSION_AFTER_G2_CHECKPOINT,REACTOME_THE_ROLE_OF_GTSE1_IN_G2_M_PROGRESSION_AFTER_G2_CHECKPOINT]
[REACTOME_DNA_REPLICATION,REACTOME_DNA_REPLICATION] was killed by [REACTOME_THE_ROLE_OF_GTSE1_IN_G2_M_PROGRESSION_AFTER_G2_CHECKPOINT,REACTOME_THE_ROLE_OF_GTSE1_IN_G2_M_PROGRESSION_AFTER_G2_CHECKPOINT]
[REACTOME_G2_M_CHECKPOINTS,REACTOME_G2_M_CHECKPOINTS] was killed by [REACTOME_THE_ROLE_OF_GTSE1_IN_G2_M_PROGRESSION_AFTER_G2_CHECKPOINT,REACTOME_THE_ROLE_OF_GTSE1_IN_G2_M_PROGRESSION_AFTER_G2_CHECKPOINT]
[PELLICCIOTTA_HDAC_IN_ANTIGEN_PRESENTATION_DN,PELLICCIOTTA_HDAC_IN_ANTIGEN_PRESENTATION_DN] was killed by [REACTOME_THE_ROLE_OF_GTSE1_IN_G2_M_PROGRESSION_AFTER_G2_CHECKPOINT,REACTOME_THE_ROLE_OF_GTSE1_IN_G2_M_PROGRESSION_AFTER_G2_CHECKPOINT]
[REACTOME_PTEN_REGULATION,REACTOME_PTEN_REGULATION] was killed by [REACTOME_THE_ROLE_OF_GTSE1_IN_G2_M_PROGRESSION_AFTER_G2_CHECKPOINT,REACTOME_THE_ROLE_OF_GTSE1_IN_G2_M_PROGRESSION_AFTER_G2_CHECKPOINT]
[GAVIN_FOXP3_TARGETS_CLUSTER_P6,GAVIN_FOXP3_TARGETS_CLUSTER_P6] was killed by [WHITFIELD_CELL_CYCLE_G2_M,WHITFIELD_CELL_CYCLE_G2_M]
[CROONQUIST_IL6_DEPRIVATION_DN,CROONQUIST_IL6_DEPRIVATION_DN] was killed by [WHITFIELD_CELL_CYCLE_G2_M,WHITFIELD_CELL_CYCLE_G2_M]
[CHIANG_LIVER_CANCER_SUBCLASS_PROLIFERATION_UP,CHIANG_LIVER_CANCER_SUBCLASS_PROLIFERATION_UP] was killed by [WHITFIELD_CELL_CYCLE_G2_M,WHITFIELD_CELL_CYCLE_G2_M]
[REACTOME_RUNX1_REGULATES_TRANSCRIPTION_OF_GENES_INVOLVED_IN_DIFFERENTIATION_OF_HSCS,REACTOME_RUNX1_REGULATES_TRANSCRIPTION_OF_GENES_INVOLVED_IN_DIFFERENTIATION_OF_HSCS] was killed by [REACTOME_THE_ROLE_OF_GTSE1_IN_G2_M_PROGRESSION_AFTER_G2_CHECKPOINT,REACTOME_THE_ROLE_OF_GTSE1_IN_G2_M_PROGRESSION_AFTER_G2_CHECKPOINT]
[REACTOME_PCP_CE_PATHWAY,REACTOME_PCP_CE_PATHWAY] was killed by [REACTOME_THE_ROLE_OF_GTSE1_IN_G2_M_PROGRESSION_AFTER_G2_CHECKPOINT,REACTOME_THE_ROLE_OF_GTSE1_IN_G2_M_PROGRESSION_AFTER_G2_CHECKPOINT]
[REACTOME_PROGRAMMED_CELL_DEATH,REACTOME_PROGRAMMED_CELL_DEATH] was killed by [REACTOME_THE_ROLE_OF_GTSE1_IN_G2_M_PROGRESSION_AFTER_G2_CHECKPOINT,REACTOME_THE_ROLE_OF_GTSE1_IN_G2_M_PROGRESSION_AFTER_G2_CHECKPOINT]
[SOTIRIOU_BREAST_CANCER_GRADE_1_VS_3_UP,SOTIRIOU_BREAST_CANCER_GRADE_1_VS_3_UP] was killed by [REACTOME_RESPONSE_OF_EIF2AK4_GCN2_TO_AMINO_ACID_DEFICIENCY,REACTOME_RESPONSE_OF_EIF2AK4_GCN2_TO_AMINO_ACID_DEFICIENCY]
[KONG_E2F3_TARGETS,KONG_E2F3_TARGETS] was killed by [WHITFIELD_CELL_CYCLE_G2_M,WHITFIELD_CELL_CYCLE_G2_M]
[CROONQUIST_NRAS_SIGNALING_DN,CROONQUIST_NRAS_SIGNALING_DN] was killed by [WHITFIELD_CELL_CYCLE_G2_M,WHITFIELD_CELL_CYCLE_G2_M]
[REACTOME_S_PHASE,REACTOME_S_PHASE] was killed by [REACTOME_THE_ROLE_OF_GTSE1_IN_G2_M_PROGRESSION_AFTER_G2_CHECKPOINT,REACTOME_THE_ROLE_OF_GTSE1_IN_G2_M_PROGRESSION_AFTER_G2_CHECKPOINT]
[BURTON_ADIPOGENESIS_3,BURTON_ADIPOGENESIS_3] was killed by [WHITFIELD_CELL_CYCLE_G2_M,WHITFIELD_CELL_CYCLE_G2_M]
[WHITEFORD_PEDIATRIC_CANCER_MARKERS,WHITEFORD_PEDIATRIC_CANCER_MARKERS] was killed by [REACTOME_RESPONSE_OF_EIF2AK4_GCN2_TO_AMINO_ACID_DEFICIENCY,REACTOME_RESPONSE_OF_EIF2AK4_GCN2_TO_AMINO_ACID_DEFICIENCY]
[ISHIDA_E2F_TARGETS,ISHIDA_E2F_TARGETS] was killed by [WHITFIELD_CELL_CYCLE_G2_M,WHITFIELD_CELL_CYCLE_G2_M]
[ZHU_CMV_24_HR_UP,ZHU_CMV_24_HR_UP] was killed by [REACTOME_THE_ROLE_OF_GTSE1_IN_G2_M_PROGRESSION_AFTER_G2_CHECKPOINT,REACTOME_THE_ROLE_OF_GTSE1_IN_G2_M_PROGRESSION_AFTER_G2_CHECKPOINT]
[PELLICCIOTTA_HDAC_IN_ANTIGEN_PRESENTATION_UP,PELLICCIOTTA_HDAC_IN_ANTIGEN_PRESENTATION_UP] was killed by [REACTOME_THE_ROLE_OF_GTSE1_IN_G2_M_PROGRESSION_AFTER_G2_CHECKPOINT,REACTOME_THE_ROLE_OF_GTSE1_IN_G2_M_PROGRESSION_AFTER_G2_CHECKPOINT]
[KANG_DOXORUBICIN_RESISTANCE_UP,KANG_DOXORUBICIN_RESISTANCE_UP] was killed by [WHITFIELD_CELL_CYCLE_G2_M,WHITFIELD_CELL_CYCLE_G2_M]
[NAKAYAMA_SOFT_TISSUE_TUMORS_PCA2_UP,NAKAYAMA_SOFT_TISSUE_TUMORS_PCA2_UP] was killed by [REACTOME_THE_ROLE_OF_GTSE1_IN_G2_M_PROGRESSION_AFTER_G2_CHECKPOINT,REACTOME_THE_ROLE_OF_GTSE1_IN_G2_M_PROGRESSION_AFTER_G2_CHECKPOINT]
[KEGG_SPLICEOSOME,KEGG_SPLICEOSOME] was killed by [REACTOME_RESPONSE_OF_EIF2AK4_GCN2_TO_AMINO_ACID_DEFICIENCY,REACTOME_RESPONSE_OF_EIF2AK4_GCN2_TO_AMINO_ACID_DEFICIENCY]
[YAMAZAKI_TCEB3_TARGETS_DN,YAMAZAKI_TCEB3_TARGETS_DN] was killed by [REACTOME_RESPONSE_OF_EIF2AK4_GCN2_TO_AMINO_ACID_DEFICIENCY,REACTOME_RESPONSE_OF_EIF2AK4_GCN2_TO_AMINO_ACID_DEFICIENCY]
[CROONQUIST_NRAS_VS_STROMAL_STIMULATION_DN,CROONQUIST_NRAS_VS_STROMAL_STIMULATION_DN] was killed by [WHITFIELD_CELL_CYCLE_G2_M,WHITFIELD_CELL_CYCLE_G2_M]
[YAMASHITA_LIVER_CANCER_WITH_EPCAM_UP,YAMASHITA_LIVER_CANCER_WITH_EPCAM_UP] was killed by [REACTOME_RESPONSE_OF_EIF2AK4_GCN2_TO_AMINO_ACID_DEFICIENCY,REACTOME_RESPONSE_OF_EIF2AK4_GCN2_TO_AMINO_ACID_DEFICIENCY]
[MORI_IMMATURE_B_LYMPHOCYTE_DN,MORI_IMMATURE_B_LYMPHOCYTE_DN] was killed by [WHITFIELD_CELL_CYCLE_G2_M,WHITFIELD_CELL_CYCLE_G2_M]
[TANG_SENESCENCE_TP53_TARGETS_DN,TANG_SENESCENCE_TP53_TARGETS_DN] was killed by [WHITFIELD_CELL_CYCLE_G2_M,WHITFIELD_CELL_CYCLE_G2_M]
[HOFFMANN_LARGE_TO_SMALL_PRE_BII_LYMPHOCYTE_UP,HOFFMANN_LARGE_TO_SMALL_PRE_BII_LYMPHOCYTE_UP] was killed by [REACTOME_RESPONSE_OF_EIF2AK4_GCN2_TO_AMINO_ACID_DEFICIENCY,REACTOME_RESPONSE_OF_EIF2AK4_GCN2_TO_AMINO_ACID_DEFICIENCY]
[WATANABE_RECTAL_CANCER_RADIOTHERAPY_RESPONSIVE_DN,WATANABE_RECTAL_CANCER_RADIOTHERAPY_RESPONSIVE_DN] was killed by [REACTOME_THE_ROLE_OF_GTSE1_IN_G2_M_PROGRESSION_AFTER_G2_CHECKPOINT,REACTOME_THE_ROLE_OF_GTSE1_IN_G2_M_PROGRESSION_AFTER_G2_CHECKPOINT]
[ZHU_CMV_ALL_UP,ZHU_CMV_ALL_UP] was killed by [REACTOME_THE_ROLE_OF_GTSE1_IN_G2_M_PROGRESSION_AFTER_G2_CHECKPOINT,REACTOME_THE_ROLE_OF_GTSE1_IN_G2_M_PROGRESSION_AFTER_G2_CHECKPOINT]
[HAHTOLA_SEZARY_SYNDROM_UP,HAHTOLA_SEZARY_SYNDROM_UP] was killed by [WHITFIELD_CELL_CYCLE_G2_M,WHITFIELD_CELL_CYCLE_G2_M]
[REACTOME_BETA_CATENIN_INDEPENDENT_WNT_SIGNALING,REACTOME_BETA_CATENIN_INDEPENDENT_WNT_SIGNALING] was killed by [REACTOME_THE_ROLE_OF_GTSE1_IN_G2_M_PROGRESSION_AFTER_G2_CHECKPOINT,REACTOME_THE_ROLE_OF_GTSE1_IN_G2_M_PROGRESSION_AFTER_G2_CHECKPOINT]
[KEGG_OOCYTE_MEIOSIS,KEGG_OOCYTE_MEIOSIS] was killed by [WHITFIELD_CELL_CYCLE_G2_M,WHITFIELD_CELL_CYCLE_G2_M]
[KEGG_HUNTINGTONS_DISEASE,KEGG_HUNTINGTONS_DISEASE] was killed by [REACTOME_RESPONSE_OF_EIF2AK4_GCN2_TO_AMINO_ACID_DEFICIENCY,REACTOME_RESPONSE_OF_EIF2AK4_GCN2_TO_AMINO_ACID_DEFICIENCY]
[MISSIAGLIA_REGULATED_BY_METHYLATION_DN,MISSIAGLIA_REGULATED_BY_METHYLATION_DN] was killed by [REACTOME_RESPONSE_OF_EIF2AK4_GCN2_TO_AMINO_ACID_DEFICIENCY,REACTOME_RESPONSE_OF_EIF2AK4_GCN2_TO_AMINO_ACID_DEFICIENCY]
[WHITFIELD_CELL_CYCLE_LITERATURE,WHITFIELD_CELL_CYCLE_LITERATURE] was killed by [REACTOME_THE_ROLE_OF_GTSE1_IN_G2_M_PROGRESSION_AFTER_G2_CHECKPOINT,REACTOME_THE_ROLE_OF_GTSE1_IN_G2_M_PROGRESSION_AFTER_G2_CHECKPOINT]
[LE_EGR2_TARGETS_UP,LE_EGR2_TARGETS_UP] was killed by [WHITFIELD_CELL_CYCLE_G2_M,WHITFIELD_CELL_CYCLE_G2_M]
[WONG_PROTEASOME_GENE_MODULE,WONG_PROTEASOME_GENE_MODULE] was killed by [REACTOME_THE_ROLE_OF_GTSE1_IN_G2_M_PROGRESSION_AFTER_G2_CHECKPOINT,REACTOME_THE_ROLE_OF_GTSE1_IN_G2_M_PROGRESSION_AFTER_G2_CHECKPOINT]
[REICHERT_MITOSIS_LIN9_TARGETS,REICHERT_MITOSIS_LIN9_TARGETS] was killed by [REACTOME_THE_ROLE_OF_GTSE1_IN_G2_M_PROGRESSION_AFTER_G2_CHECKPOINT,REACTOME_THE_ROLE_OF_GTSE1_IN_G2_M_PROGRESSION_AFTER_G2_CHECKPOINT]
[ROSTY_CERVICAL_CANCER_PROLIFERATION_CLUSTER,ROSTY_CERVICAL_CANCER_PROLIFERATION_CLUSTER] was killed by [REACTOME_RESPONSE_OF_EIF2AK4_GCN2_TO_AMINO_ACID_DEFICIENCY,REACTOME_RESPONSE_OF_EIF2AK4_GCN2_TO_AMINO_ACID_DEFICIENCY]
[PUJANA_BRCA_CENTERED_NETWORK,PUJANA_BRCA_CENTERED_NETWORK] was killed by [REACTOME_RESPONSE_OF_EIF2AK4_GCN2_TO_AMINO_ACID_DEFICIENCY,REACTOME_RESPONSE_OF_EIF2AK4_GCN2_TO_AMINO_ACID_DEFICIENCY]
[REACTOME_REGULATION_OF_TP53_ACTIVITY_THROUGH_PHOSPHORYLATION,REACTOME_REGULATION_OF_TP53_ACTIVITY_THROUGH_PHOSPHORYLATION] was killed by [REACTOME_THE_ROLE_OF_GTSE1_IN_G2_M_PROGRESSION_AFTER_G2_CHECKPOINT,REACTOME_THE_ROLE_OF_GTSE1_IN_G2_M_PROGRESSION_AFTER_G2_CHECKPOINT]
[HOLLEMAN_ASPARAGINASE_RESISTANCE_B_ALL_UP,HOLLEMAN_ASPARAGINASE_RESISTANCE_B_ALL_UP] was killed by [REACTOME_RESPONSE_OF_EIF2AK4_GCN2_TO_AMINO_ACID_DEFICIENCY,REACTOME_RESPONSE_OF_EIF2AK4_GCN2_TO_AMINO_ACID_DEFICIENCY]
[WILCOX_RESPONSE_TO_PROGESTERONE_UP,WILCOX_RESPONSE_TO_PROGESTERONE_UP] was killed by [WHITFIELD_CELL_CYCLE_G2_M,WHITFIELD_CELL_CYCLE_G2_M]
[PUJANA_XPRSS_INT_NETWORK,PUJANA_XPRSS_INT_NETWORK] was killed by [REACTOME_RESPONSE_OF_EIF2AK4_GCN2_TO_AMINO_ACID_DEFICIENCY,REACTOME_RESPONSE_OF_EIF2AK4_GCN2_TO_AMINO_ACID_DEFICIENCY]
[RHODES_UNDIFFERENTIATED_CANCER,RHODES_UNDIFFERENTIATED_CANCER] was killed by [WHITFIELD_CELL_CYCLE_G2_M,WHITFIELD_CELL_CYCLE_G2_M]
[DIAZ_CHRONIC_MEYLOGENOUS_LEUKEMIA_DN,DIAZ_CHRONIC_MEYLOGENOUS_LEUKEMIA_DN] was killed by [REACTOME_RESPONSE_OF_EIF2AK4_GCN2_TO_AMINO_ACID_DEFICIENCY,REACTOME_RESPONSE_OF_EIF2AK4_GCN2_TO_AMINO_ACID_DEFICIENCY]
[BASSO_B_LYMPHOCYTE_NETWORK,BASSO_B_LYMPHOCYTE_NETWORK] was killed by [REACTOME_THE_ROLE_OF_GTSE1_IN_G2_M_PROGRESSION_AFTER_G2_CHECKPOINT,REACTOME_THE_ROLE_OF_GTSE1_IN_G2_M_PROGRESSION_AFTER_G2_CHECKPOINT]
[WU_APOPTOSIS_BY_CDKN1A_VIA_TP53,WU_APOPTOSIS_BY_CDKN1A_VIA_TP53] was killed by [WHITFIELD_CELL_CYCLE_G2_M,WHITFIELD_CELL_CYCLE_G2_M]
[BURTON_ADIPOGENESIS_PEAK_AT_24HR,BURTON_ADIPOGENESIS_PEAK_AT_24HR] was killed by [WHITFIELD_CELL_CYCLE_G2_M,WHITFIELD_CELL_CYCLE_G2_M]
[SMIRNOV_RESPONSE_TO_IR_6HR_DN,SMIRNOV_RESPONSE_TO_IR_6HR_DN] was killed by [WHITFIELD_CELL_CYCLE_G2_M,WHITFIELD_CELL_CYCLE_G2_M]
[CHIANG_LIVER_CANCER_SUBCLASS_UNANNOTATED_DN,CHIANG_LIVER_CANCER_SUBCLASS_UNANNOTATED_DN] was killed by [REACTOME_THE_ROLE_OF_GTSE1_IN_G2_M_PROGRESSION_AFTER_G2_CHECKPOINT,REACTOME_THE_ROLE_OF_GTSE1_IN_G2_M_PROGRESSION_AFTER_G2_CHECKPOINT]
[SCIAN_CELL_CYCLE_TARGETS_OF_TP53_AND_TP73_DN,SCIAN_CELL_CYCLE_TARGETS_OF_TP53_AND_TP73_DN] was killed by [REACTOME_THE_ROLE_OF_GTSE1_IN_G2_M_PROGRESSION_AFTER_G2_CHECKPOINT,REACTOME_THE_ROLE_OF_GTSE1_IN_G2_M_PROGRESSION_AFTER_G2_CHECKPOINT]
[FLOTHO_PEDIATRIC_ALL_THERAPY_RESPONSE_UP,FLOTHO_PEDIATRIC_ALL_THERAPY_RESPONSE_UP] was killed by [REACTOME_RESPONSE_OF_EIF2AK4_GCN2_TO_AMINO_ACID_DEFICIENCY,REACTOME_RESPONSE_OF_EIF2AK4_GCN2_TO_AMINO_ACID_DEFICIENCY]
[SHEPARD_BMYB_MORPHOLINO_DN,SHEPARD_BMYB_MORPHOLINO_DN] was killed by [WHITFIELD_CELL_CYCLE_G2_M,WHITFIELD_CELL_CYCLE_G2_M]
[REACTOME_COMPLEX_I_BIOGENESIS,REACTOME_COMPLEX_I_BIOGENESIS] was killed by [REACTOME_RESPONSE_OF_EIF2AK4_GCN2_TO_AMINO_ACID_DEFICIENCY,REACTOME_RESPONSE_OF_EIF2AK4_GCN2_TO_AMINO_ACID_DEFICIENCY]
[VERHAAK_GLIOBLASTOMA_PRONEURAL,VERHAAK_GLIOBLASTOMA_PRONEURAL] was killed by [REACTOME_REGULATION_OF_TP53_ACTIVITY,REACTOME_REGULATION_OF_TP53_ACTIVITY]
[BENPORATH_PROLIFERATION,BENPORATH_PROLIFERATION] was killed by [REACTOME_RESPONSE_OF_EIF2AK4_GCN2_TO_AMINO_ACID_DEFICIENCY,REACTOME_RESPONSE_OF_EIF2AK4_GCN2_TO_AMINO_ACID_DEFICIENCY]
[SERVITJA_LIVER_HNF1A_TARGETS_UP,SERVITJA_LIVER_HNF1A_TARGETS_UP] was killed by [REACTOME_THE_ROLE_OF_GTSE1_IN_G2_M_PROGRESSION_AFTER_G2_CHECKPOINT,REACTOME_THE_ROLE_OF_GTSE1_IN_G2_M_PROGRESSION_AFTER_G2_CHECKPOINT]
[LY_AGING_OLD_DN,LY_AGING_OLD_DN] was killed by [REACTOME_THE_ROLE_OF_GTSE1_IN_G2_M_PROGRESSION_AFTER_G2_CHECKPOINT,REACTOME_THE_ROLE_OF_GTSE1_IN_G2_M_PROGRESSION_AFTER_G2_CHECKPOINT]
[KEGG_PARKINSONS_DISEASE,KEGG_PARKINSONS_DISEASE] was killed by [REACTOME_RESPONSE_OF_EIF2AK4_GCN2_TO_AMINO_ACID_DEFICIENCY,REACTOME_RESPONSE_OF_EIF2AK4_GCN2_TO_AMINO_ACID_DEFICIENCY]
[MORI_LARGE_PRE_BII_LYMPHOCYTE_UP,MORI_LARGE_PRE_BII_LYMPHOCYTE_UP] was killed by [REACTOME_RESPONSE_OF_EIF2AK4_GCN2_TO_AMINO_ACID_DEFICIENCY,REACTOME_RESPONSE_OF_EIF2AK4_GCN2_TO_AMINO_ACID_DEFICIENCY]
[EGUCHI_CELL_CYCLE_RB1_TARGETS,EGUCHI_CELL_CYCLE_RB1_TARGETS] was killed by [WHITFIELD_CELL_CYCLE_G2_M,WHITFIELD_CELL_CYCLE_G2_M]
[VILLANUEVA_LIVER_CANCER_KRT19_UP,VILLANUEVA_LIVER_CANCER_KRT19_UP] was killed by [WHITFIELD_CELL_CYCLE_G2_M,WHITFIELD_CELL_CYCLE_G2_M]
[ZHOU_CELL_CYCLE_GENES_IN_IR_RESPONSE_24HR,ZHOU_CELL_CYCLE_GENES_IN_IR_RESPONSE_24HR] was killed by [WHITFIELD_CELL_CYCLE_G2_M,WHITFIELD_CELL_CYCLE_G2_M]
[CHIARADONNA_NEOPLASTIC_TRANSFORMATION_KRAS_CDC25_UP,CHIARADONNA_NEOPLASTIC_TRANSFORMATION_KRAS_CDC25_UP] was killed by [BROWN_MYELOID_CELL_DEVELOPMENT_UP,BROWN_MYELOID_CELL_DEVELOPMENT_UP]
[GRAHAM_CML_DIVIDING_VS_NORMAL_QUIESCENT_UP,GRAHAM_CML_DIVIDING_VS_NORMAL_QUIESCENT_UP] was killed by [REACTOME_RESPONSE_OF_EIF2AK4_GCN2_TO_AMINO_ACID_DEFICIENCY,REACTOME_RESPONSE_OF_EIF2AK4_GCN2_TO_AMINO_ACID_DEFICIENCY]
[LEE_EARLY_T_LYMPHOCYTE_UP,LEE_EARLY_T_LYMPHOCYTE_UP] was killed by [REACTOME_THE_ROLE_OF_GTSE1_IN_G2_M_PROGRESSION_AFTER_G2_CHECKPOINT,REACTOME_THE_ROLE_OF_GTSE1_IN_G2_M_PROGRESSION_AFTER_G2_CHECKPOINT]
[LEE_LIVER_CANCER_MYC_UP,LEE_LIVER_CANCER_MYC_UP] was killed by [REACTOME_RESPONSE_OF_EIF2AK4_GCN2_TO_AMINO_ACID_DEFICIENCY,REACTOME_RESPONSE_OF_EIF2AK4_GCN2_TO_AMINO_ACID_DEFICIENCY]
[FURUKAWA_DUSP6_TARGETS_PCI35_DN,FURUKAWA_DUSP6_TARGETS_PCI35_DN] was killed by [WHITFIELD_CELL_CYCLE_G2_M,WHITFIELD_CELL_CYCLE_G2_M]
[REACTOME_HSP90_CHAPERONE_CYCLE_FOR_STEROID_HORMONE_RECEPTORS_SHR,REACTOME_HSP90_CHAPERONE_CYCLE_FOR_STEROID_HORMONE_RECEPTORS_SHR] was killed by [REACTOME_THE_ROLE_OF_GTSE1_IN_G2_M_PROGRESSION_AFTER_G2_CHECKPOINT,REACTOME_THE_ROLE_OF_GTSE1_IN_G2_M_PROGRESSION_AFTER_G2_CHECKPOINT]
[BILANGES_SERUM_RESPONSE_TRANSLATION,BILANGES_SERUM_RESPONSE_TRANSLATION] was killed by [REACTOME_RESPONSE_OF_EIF2AK4_GCN2_TO_AMINO_ACID_DEFICIENCY,REACTOME_RESPONSE_OF_EIF2AK4_GCN2_TO_AMINO_ACID_DEFICIENCY]
[CHIARADONNA_NEOPLASTIC_TRANSFORMATION_KRAS_UP,CHIARADONNA_NEOPLASTIC_TRANSFORMATION_KRAS_UP] was killed by [REACTOME_RESPONSE_OF_EIF2AK4_GCN2_TO_AMINO_ACID_DEFICIENCY,REACTOME_RESPONSE_OF_EIF2AK4_GCN2_TO_AMINO_ACID_DEFICIENCY]
[SHEPARD_BMYB_TARGETS,SHEPARD_BMYB_TARGETS] was killed by [WHITFIELD_CELL_CYCLE_G2_M,WHITFIELD_CELL_CYCLE_G2_M]
[BOGNI_TREATMENT_RELATED_MYELOID_LEUKEMIA_UP,BOGNI_TREATMENT_RELATED_MYELOID_LEUKEMIA_UP] was killed by [REACTOME_RESPONSE_OF_EIF2AK4_GCN2_TO_AMINO_ACID_DEFICIENCY,REACTOME_RESPONSE_OF_EIF2AK4_GCN2_TO_AMINO_ACID_DEFICIENCY]
[MOLENAAR_TARGETS_OF_CCND1_AND_CDK4_DN,MOLENAAR_TARGETS_OF_CCND1_AND_CDK4_DN] was killed by [WHITFIELD_CELL_CYCLE_G2_M,WHITFIELD_CELL_CYCLE_G2_M]
[NOUZOVA_TRETINOIN_AND_H4_ACETYLATION,NOUZOVA_TRETINOIN_AND_H4_ACETYLATION] was killed by [STONER_ESOPHAGEAL_CARCINOGENESIS_UP,STONER_ESOPHAGEAL_CARCINOGENESIS_UP]
[LINDGREN_BLADDER_CANCER_CLUSTER_1_UP,LINDGREN_BLADDER_CANCER_CLUSTER_1_UP] was killed by [REACTOME_RESPONSE_OF_EIF2AK4_GCN2_TO_AMINO_ACID_DEFICIENCY,REACTOME_RESPONSE_OF_EIF2AK4_GCN2_TO_AMINO_ACID_DEFICIENCY]
[REACTOME_RNA_POLYMERASE_II_TRANSCRIPTION_TERMINATION,REACTOME_RNA_POLYMERASE_II_TRANSCRIPTION_TERMINATION] was killed by [WHITFIELD_CELL_CYCLE_G2_M,WHITFIELD_CELL_CYCLE_G2_M]
[ZHONG_SECRETOME_OF_LUNG_CANCER_AND_ENDOTHELIUM,ZHONG_SECRETOME_OF_LUNG_CANCER_AND_ENDOTHELIUM] was killed by [RAHMAN_TP53_TARGETS_PHOSPHORYLATED,RAHMAN_TP53_TARGETS_PHOSPHORYLATED]
[REACTOME_N_GLYCAN_TRIMMING_IN_THE_ER_AND_CALNEXIN_CALRETICULIN_CYCLE,REACTOME_N_GLYCAN_TRIMMING_IN_THE_ER_AND_CALNEXIN_CALRETICULIN_CYCLE] was killed by [REACTOME_THE_ROLE_OF_GTSE1_IN_G2_M_PROGRESSION_AFTER_G2_CHECKPOINT,REACTOME_THE_ROLE_OF_GTSE1_IN_G2_M_PROGRESSION_AFTER_G2_CHECKPOINT]
[CHUNG_BLISTER_CYTOTOXICITY_UP,CHUNG_BLISTER_CYTOTOXICITY_UP] was killed by [REACTOME_THE_ROLE_OF_GTSE1_IN_G2_M_PROGRESSION_AFTER_G2_CHECKPOINT,REACTOME_THE_ROLE_OF_GTSE1_IN_G2_M_PROGRESSION_AFTER_G2_CHECKPOINT]
