[GSE22886_UNSTIM_VS_IL2_STIM_NKCELL_DN,GSE22886_UNSTIM_VS_IL2_STIM_NKCELL_DN] was killed by [GSE36476_CTRL_VS_TSST_ACT_72H_MEMORY_CD4_TCELL_YOUNG_DN,GSE36476_CTRL_VS_TSST_ACT_72H_MEMORY_CD4_TCELL_YOUNG_DN]
[GSE36476_CTRL_VS_TSST_ACT_40H_MEMORY_CD4_TCELL_OLD_DN,GSE36476_CTRL_VS_TSST_ACT_40H_MEMORY_CD4_TCELL_OLD_DN] was killed by [GSE13547_CTRL_VS_ANTI_IGM_STIM_ZFX_KO_BCELL_2H_UP,GSE13547_CTRL_VS_ANTI_IGM_STIM_ZFX_KO_BCELL_2H_UP]
[GSE20715_0H_VS_48H_OZONE_LUNG_DN,GSE20715_0H_VS_48H_OZONE_LUNG_DN] was killed by [GSE36476_CTRL_VS_TSST_ACT_72H_MEMORY_CD4_TCELL_YOUNG_DN,GSE36476_CTRL_VS_TSST_ACT_72H_MEMORY_CD4_TCELL_YOUNG_DN]
[GSE13547_2H_VS_12_H_ANTI_IGM_STIM_BCELL_DN,GSE13547_2H_VS_12_H_ANTI_IGM_STIM_BCELL_DN] was killed by [GSE13547_CTRL_VS_ANTI_IGM_STIM_ZFX_KO_BCELL_2H_UP,GSE13547_CTRL_VS_ANTI_IGM_STIM_ZFX_KO_BCELL_2H_UP]
[GSE22886_UNSTIM_VS_IL15_STIM_NKCELL_DN,GSE22886_UNSTIM_VS_IL15_STIM_NKCELL_DN] was killed by [GSE14000_TRANSLATED_RNA_VS_MRNA_16H_LPS_DC_DN,GSE14000_TRANSLATED_RNA_VS_MRNA_16H_LPS_DC_DN]
[GSE36476_CTRL_VS_TSST_ACT_40H_MEMORY_CD4_TCELL_YOUNG_DN,GSE36476_CTRL_VS_TSST_ACT_40H_MEMORY_CD4_TCELL_YOUNG_DN] was killed by [GSE13547_CTRL_VS_ANTI_IGM_STIM_ZFX_KO_BCELL_2H_UP,GSE13547_CTRL_VS_ANTI_IGM_STIM_ZFX_KO_BCELL_2H_UP]
[GSE14000_TRANSLATED_RNA_VS_MRNA_4H_LPS_DC_DN,GSE14000_TRANSLATED_RNA_VS_MRNA_4H_LPS_DC_DN] was killed by [GSE14000_TRANSLATED_RNA_VS_MRNA_16H_LPS_DC_DN,GSE14000_TRANSLATED_RNA_VS_MRNA_16H_LPS_DC_DN]
[GSE14415_INDUCED_TREG_VS_TCONV_UP,GSE14415_INDUCED_TREG_VS_TCONV_UP] was killed by [GSE13547_CTRL_VS_ANTI_IGM_STIM_ZFX_KO_BCELL_2H_UP,GSE13547_CTRL_VS_ANTI_IGM_STIM_ZFX_KO_BCELL_2H_UP]
[GSE28726_NAIVE_CD4_TCELL_VS_NAIVE_VA24NEG_NKTCELL_UP,GSE28726_NAIVE_CD4_TCELL_VS_NAIVE_VA24NEG_NKTCELL_UP] was killed by [GSE14000_TRANSLATED_RNA_VS_MRNA_16H_LPS_DC_DN,GSE14000_TRANSLATED_RNA_VS_MRNA_16H_LPS_DC_DN]
[GSE2405_HEAT_KILLED_LYSATE_VS_LIVE_A_PHAGOCYTOPHILUM_STIM_NEUTROPHIL_9H_UP,GSE2405_HEAT_KILLED_LYSATE_VS_LIVE_A_PHAGOCYTOPHILUM_STIM_NEUTROPHIL_9H_UP] was killed by [GSE36476_CTRL_VS_TSST_ACT_72H_MEMORY_CD4_TCELL_YOUNG_DN,GSE36476_CTRL_VS_TSST_ACT_72H_MEMORY_CD4_TCELL_YOUNG_DN]
[GSE21927_SPLEEN_C57BL6_VS_4T1_TUMOR_BALBC_MONOCYTES_UP,GSE21927_SPLEEN_C57BL6_VS_4T1_TUMOR_BALBC_MONOCYTES_UP] was killed by [GSE42724_NAIVE_VS_B1_BCELL_DN,GSE42724_NAIVE_VS_B1_BCELL_DN]
[GSE42021_CD24LO_TREG_VS_CD24LO_TCONV_THYMUS_DN,GSE42021_CD24LO_TREG_VS_CD24LO_TCONV_THYMUS_DN] was killed by [GSE42724_NAIVE_VS_B1_BCELL_DN,GSE42724_NAIVE_VS_B1_BCELL_DN]
[GSE2770_IL12_AND_TGFB_VS_IL4_TREATED_ACT_CD4_TCELL_48H_DN,GSE2770_IL12_AND_TGFB_VS_IL4_TREATED_ACT_CD4_TCELL_48H_DN] was killed by [GSE42021_TREG_PLN_VS_CD24INT_TREG_THYMUS_DN,GSE42021_TREG_PLN_VS_CD24INT_TREG_THYMUS_DN]
[GSE45365_HEALTHY_VS_MCMV_INFECTION_CD11B_DC_DN,GSE45365_HEALTHY_VS_MCMV_INFECTION_CD11B_DC_DN] was killed by [GSE13547_CTRL_VS_ANTI_IGM_STIM_ZFX_KO_BCELL_2H_UP,GSE13547_CTRL_VS_ANTI_IGM_STIM_ZFX_KO_BCELL_2H_UP]
[GSE26669_CTRL_VS_COSTIM_BLOCK_MLR_CD8_TCELL_UP,GSE26669_CTRL_VS_COSTIM_BLOCK_MLR_CD8_TCELL_UP] was killed by [GSE14000_TRANSLATED_RNA_VS_MRNA_DC_UP,GSE14000_TRANSLATED_RNA_VS_MRNA_DC_UP]
[KAECH_NAIVE_VS_DAY8_EFF_CD8_TCELL_DN,KAECH_NAIVE_VS_DAY8_EFF_CD8_TCELL_DN] was killed by [GSE14000_TRANSLATED_RNA_VS_MRNA_16H_LPS_DC_DN,GSE14000_TRANSLATED_RNA_VS_MRNA_16H_LPS_DC_DN]
[GSE17721_12H_VS_24H_CPG_BMDC_DN,GSE17721_12H_VS_24H_CPG_BMDC_DN] was killed by [GSE14000_TRANSLATED_RNA_VS_MRNA_DC_UP,GSE14000_TRANSLATED_RNA_VS_MRNA_DC_UP]
[GSE5679_CTRL_VS_PPARG_LIGAND_ROSIGLITAZONE_TREATED_DC_UP,GSE5679_CTRL_VS_PPARG_LIGAND_ROSIGLITAZONE_TREATED_DC_UP] was killed by [GSE13547_CTRL_VS_ANTI_IGM_STIM_ZFX_KO_BCELL_2H_UP,GSE13547_CTRL_VS_ANTI_IGM_STIM_ZFX_KO_BCELL_2H_UP]
[GSE14415_INDUCED_VS_NATURAL_TREG_DN,GSE14415_INDUCED_VS_NATURAL_TREG_DN] was killed by [GSE13547_CTRL_VS_ANTI_IGM_STIM_ZFX_KO_BCELL_2H_UP,GSE13547_CTRL_VS_ANTI_IGM_STIM_ZFX_KO_BCELL_2H_UP]
[GSE10239_NAIVE_VS_DAY4.5_EFF_CD8_TCELL_DN,GSE10239_NAIVE_VS_DAY4.5_EFF_CD8_TCELL_DN] was killed by [GSE14000_TRANSLATED_RNA_VS_MRNA_16H_LPS_DC_DN,GSE14000_TRANSLATED_RNA_VS_MRNA_16H_LPS_DC_DN]
[GSE34205_HEALTHY_VS_FLU_INF_INFANT_PBMC_UP,GSE34205_HEALTHY_VS_FLU_INF_INFANT_PBMC_UP] was killed by [GSE42724_NAIVE_VS_B1_BCELL_DN,GSE42724_NAIVE_VS_B1_BCELL_DN]
[GSE32986_UNSTIM_VS_CURDLAN_LOWDOSE_STIM_DC_DN,GSE32986_UNSTIM_VS_CURDLAN_LOWDOSE_STIM_DC_DN] was killed by [GSE36476_CTRL_VS_TSST_ACT_72H_MEMORY_CD4_TCELL_YOUNG_DN,GSE36476_CTRL_VS_TSST_ACT_72H_MEMORY_CD4_TCELL_YOUNG_DN]
[GSE5542_IFNA_VS_IFNA_AND_IFNG_TREATED_EPITHELIAL_CELLS_24H_DN,GSE5542_IFNA_VS_IFNA_AND_IFNG_TREATED_EPITHELIAL_CELLS_24H_DN] was killed by [GSE2770_UNTREATED_VS_IL12_TREATED_ACT_CD4_TCELL_2H_DN,GSE2770_UNTREATED_VS_IL12_TREATED_ACT_CD4_TCELL_2H_DN]
[GSE1432_CTRL_VS_IFNG_6H_MICROGLIA_DN,GSE1432_CTRL_VS_IFNG_6H_MICROGLIA_DN] was killed by [GSE42021_TREG_PLN_VS_CD24INT_TREG_THYMUS_DN,GSE42021_TREG_PLN_VS_CD24INT_TREG_THYMUS_DN]
[GSE11924_TFH_VS_TH17_CD4_TCELL_DN,GSE11924_TFH_VS_TH17_CD4_TCELL_DN] was killed by [GSE11924_TFH_VS_TH1_CD4_TCELL_DN,GSE11924_TFH_VS_TH1_CD4_TCELL_DN]
[GSE10239_NAIVE_VS_DAY4.5_EFF_CD8_TCELL_UP,GSE10239_NAIVE_VS_DAY4.5_EFF_CD8_TCELL_UP] was killed by [GSE14000_TRANSLATED_RNA_VS_MRNA_16H_LPS_DC_DN,GSE14000_TRANSLATED_RNA_VS_MRNA_16H_LPS_DC_DN]
[GSE24634_TEFF_VS_TCONV_DAY7_IN_CULTURE_UP,GSE24634_TEFF_VS_TCONV_DAY7_IN_CULTURE_UP] was killed by [GSE13547_CTRL_VS_ANTI_IGM_STIM_ZFX_KO_BCELL_2H_UP,GSE13547_CTRL_VS_ANTI_IGM_STIM_ZFX_KO_BCELL_2H_UP]
[GSE1432_1H_VS_6H_IFNG_MICROGLIA_DN,GSE1432_1H_VS_6H_IFNG_MICROGLIA_DN] was killed by [GSE42021_TREG_PLN_VS_CD24INT_TREG_THYMUS_DN,GSE42021_TREG_PLN_VS_CD24INT_TREG_THYMUS_DN]
[GSE29614_CTRL_VS_DAY7_TIV_FLU_VACCINE_PBMC_DN,GSE29614_CTRL_VS_DAY7_TIV_FLU_VACCINE_PBMC_DN] was killed by [GSE36476_CTRL_VS_TSST_ACT_72H_MEMORY_CD4_TCELL_YOUNG_DN,GSE36476_CTRL_VS_TSST_ACT_72H_MEMORY_CD4_TCELL_YOUNG_DN]
[GSE45365_WT_VS_IFNAR_KO_CD11B_DC_MCMV_INFECTION_DN,GSE45365_WT_VS_IFNAR_KO_CD11B_DC_MCMV_INFECTION_DN] was killed by [GSE13547_CTRL_VS_ANTI_IGM_STIM_ZFX_KO_BCELL_2H_UP,GSE13547_CTRL_VS_ANTI_IGM_STIM_ZFX_KO_BCELL_2H_UP]
[GSE11057_NAIVE_VS_MEMORY_CD4_TCELL_DN,GSE11057_NAIVE_VS_MEMORY_CD4_TCELL_DN] was killed by [GSE2770_UNTREATED_VS_IL12_TREATED_ACT_CD4_TCELL_2H_DN,GSE2770_UNTREATED_VS_IL12_TREATED_ACT_CD4_TCELL_2H_DN]
[GSE33292_WT_VS_TCF1_KO_DN3_THYMOCYTE_DN,GSE33292_WT_VS_TCF1_KO_DN3_THYMOCYTE_DN] was killed by [GSE13547_CTRL_VS_ANTI_IGM_STIM_ZFX_KO_BCELL_2H_UP,GSE13547_CTRL_VS_ANTI_IGM_STIM_ZFX_KO_BCELL_2H_UP]
[GSE1112_HY_CD8AB_VS_HY_CD8AA_THYMOCYTE_RTOC_CULTURE_DN,GSE1112_HY_CD8AB_VS_HY_CD8AA_THYMOCYTE_RTOC_CULTURE_DN] was killed by [GSE13485_CTRL_VS_DAY21_YF17D_VACCINE_PBMC_UP,GSE13485_CTRL_VS_DAY21_YF17D_VACCINE_PBMC_UP]
[GSE12366_GC_VS_MEMORY_BCELL_UP,GSE12366_GC_VS_MEMORY_BCELL_UP] was killed by [GSE42724_NAIVE_VS_B1_BCELL_DN,GSE42724_NAIVE_VS_B1_BCELL_DN]
[GSE15930_STIM_VS_STIM_AND_IFNAB_48H_CD8_T_CELL_UP,GSE15930_STIM_VS_STIM_AND_IFNAB_48H_CD8_T_CELL_UP] was killed by [GSE17721_4H_VS_24H_POLYIC_BMDC_DN,GSE17721_4H_VS_24H_POLYIC_BMDC_DN]
[GSE39110_DAY3_VS_DAY6_POST_IMMUNIZATION_CD8_TCELL_DN,GSE39110_DAY3_VS_DAY6_POST_IMMUNIZATION_CD8_TCELL_DN] was killed by [GSE13547_CTRL_VS_ANTI_IGM_STIM_ZFX_KO_BCELL_2H_UP,GSE13547_CTRL_VS_ANTI_IGM_STIM_ZFX_KO_BCELL_2H_UP]
[GSE18203_CTRL_VS_INTRATUMORAL_CPG_INJ_MC38_TUMOR_DN,GSE18203_CTRL_VS_INTRATUMORAL_CPG_INJ_MC38_TUMOR_DN] was killed by [GSE13547_CTRL_VS_ANTI_IGM_STIM_ZFX_KO_BCELL_2H_UP,GSE13547_CTRL_VS_ANTI_IGM_STIM_ZFX_KO_BCELL_2H_UP]
[GSE13484_12H_VS_3H_YF17D_VACCINE_STIM_PBMC_DN,GSE13484_12H_VS_3H_YF17D_VACCINE_STIM_PBMC_DN] was killed by [GSE42724_NAIVE_VS_B1_BCELL_DN,GSE42724_NAIVE_VS_B1_BCELL_DN]
[GSE22601_IMMATURE_CD4_SINGLE_POSITIVE_VS_CD4_SINGLE_POSITIVE_THYMOCYTE_UP,GSE22601_IMMATURE_CD4_SINGLE_POSITIVE_VS_CD4_SINGLE_POSITIVE_THYMOCYTE_UP] was killed by [GSE2770_UNTREATED_VS_IL12_TREATED_ACT_CD4_TCELL_2H_DN,GSE2770_UNTREATED_VS_IL12_TREATED_ACT_CD4_TCELL_2H_DN]
[GSE3982_EFF_MEMORY_CD4_TCELL_VS_TH2_DN,GSE3982_EFF_MEMORY_CD4_TCELL_VS_TH2_DN] was killed by [GSE14000_TRANSLATED_RNA_VS_MRNA_DC_UP,GSE14000_TRANSLATED_RNA_VS_MRNA_DC_UP]
[GSE5099_MONOCYTE_VS_ALTERNATIVE_M2_MACROPHAGE_DN,GSE5099_MONOCYTE_VS_ALTERNATIVE_M2_MACROPHAGE_DN] was killed by [GSE37416_0H_VS_6H_F_TULARENSIS_LVS_NEUTROPHIL_DN,GSE37416_0H_VS_6H_F_TULARENSIS_LVS_NEUTROPHIL_DN]
[GSE3982_EOSINOPHIL_VS_TH1_DN,GSE3982_EOSINOPHIL_VS_TH1_DN] was killed by [GSE36476_CTRL_VS_TSST_ACT_72H_MEMORY_CD4_TCELL_YOUNG_DN,GSE36476_CTRL_VS_TSST_ACT_72H_MEMORY_CD4_TCELL_YOUNG_DN]
[GSE27241_CTRL_VS_DIGOXIN_TREATED_RORGT_KO_CD4_TCELL_IN_TH17_POLARIZING_CONDITIONS_UP,GSE27241_CTRL_VS_DIGOXIN_TREATED_RORGT_KO_CD4_TCELL_IN_TH17_POLARIZING_CONDITIONS_UP] was killed by [GSE13547_CTRL_VS_ANTI_IGM_STIM_ZFX_KO_BCELL_2H_UP,GSE13547_CTRL_VS_ANTI_IGM_STIM_ZFX_KO_BCELL_2H_UP]
[GSE24574_BCL6_HIGH_VS_LOW_TFH_CD4_TCELL_DN,GSE24574_BCL6_HIGH_VS_LOW_TFH_CD4_TCELL_DN] was killed by [GSE14000_TRANSLATED_RNA_VS_MRNA_16H_LPS_DC_DN,GSE14000_TRANSLATED_RNA_VS_MRNA_16H_LPS_DC_DN]
[GSE17721_LPS_VS_CPG_2H_BMDC_UP,GSE17721_LPS_VS_CPG_2H_BMDC_UP] was killed by [GSE17721_LPS_VS_PAM3CSK4_16H_BMDC_UP,GSE17721_LPS_VS_PAM3CSK4_16H_BMDC_UP]
[GSE39556_CD8A_DC_VS_NK_CELL_UP,GSE39556_CD8A_DC_VS_NK_CELL_UP] was killed by [GSE36476_CTRL_VS_TSST_ACT_72H_MEMORY_CD4_TCELL_YOUNG_DN,GSE36476_CTRL_VS_TSST_ACT_72H_MEMORY_CD4_TCELL_YOUNG_DN]
[GSE45365_WT_VS_IFNAR_KO_CD8A_DC_DN,GSE45365_WT_VS_IFNAR_KO_CD8A_DC_DN] was killed by [GSE42021_TREG_PLN_VS_CD24INT_TREG_THYMUS_DN,GSE42021_TREG_PLN_VS_CD24INT_TREG_THYMUS_DN]
[GSE360_T_GONDII_VS_M_TUBERCULOSIS_DC_DN,GSE360_T_GONDII_VS_M_TUBERCULOSIS_DC_DN] was killed by [GSE42021_TREG_PLN_VS_CD24INT_TREG_THYMUS_DN,GSE42021_TREG_PLN_VS_CD24INT_TREG_THYMUS_DN]
[GSE22886_NAIVE_VS_IGG_IGA_MEMORY_BCELL_DN,GSE22886_NAIVE_VS_IGG_IGA_MEMORY_BCELL_DN] was killed by [GSE2770_UNTREATED_VS_IL12_TREATED_ACT_CD4_TCELL_2H_DN,GSE2770_UNTREATED_VS_IL12_TREATED_ACT_CD4_TCELL_2H_DN]
[GSE360_HIGH_DOSE_B_MALAYI_VS_M_TUBERCULOSIS_DC_DN,GSE360_HIGH_DOSE_B_MALAYI_VS_M_TUBERCULOSIS_DC_DN] was killed by [GSE42021_TREG_PLN_VS_CD24INT_TREG_THYMUS_DN,GSE42021_TREG_PLN_VS_CD24INT_TREG_THYMUS_DN]
[GSE7831_UNSTIM_VS_CPG_STIM_PDC_4H_UP,GSE7831_UNSTIM_VS_CPG_STIM_PDC_4H_UP] was killed by [GSE9006_HEALTHY_VS_TYPE_1_DIABETES_PBMC_1MONTH_POST_DX_UP,GSE9006_HEALTHY_VS_TYPE_1_DIABETES_PBMC_1MONTH_POST_DX_UP]
[GSE32034_LY6C_HIGH_VS_LOW_ROSIGLIZATONE_TREATED_MONOCYTE_UP,GSE32034_LY6C_HIGH_VS_LOW_ROSIGLIZATONE_TREATED_MONOCYTE_UP] was killed by [GSE42021_TREG_PLN_VS_CD24INT_TREG_THYMUS_DN,GSE42021_TREG_PLN_VS_CD24INT_TREG_THYMUS_DN]
[GSE21927_BALBC_VS_C57BL6_MONOCYTE_TUMOR_UP,GSE21927_BALBC_VS_C57BL6_MONOCYTE_TUMOR_UP] was killed by [GSE42021_TREG_PLN_VS_CD24INT_TREG_THYMUS_DN,GSE42021_TREG_PLN_VS_CD24INT_TREG_THYMUS_DN]
[GSE41867_DAY15_EFFECTOR_VS_DAY30_EXHAUSTED_CD8_TCELL_LCMV_CLONE13_UP,GSE41867_DAY15_EFFECTOR_VS_DAY30_EXHAUSTED_CD8_TCELL_LCMV_CLONE13_UP] was killed by [GSE34156_UNTREATED_VS_6H_NOD2_LIGAND_TREATED_MONOCYTE_UP,GSE34156_UNTREATED_VS_6H_NOD2_LIGAND_TREATED_MONOCYTE_UP]
[GSE25085_FETAL_LIVER_VS_ADULT_BM_SP4_THYMIC_IMPLANT_DN,GSE25085_FETAL_LIVER_VS_ADULT_BM_SP4_THYMIC_IMPLANT_DN] was killed by [GSE13547_CTRL_VS_ANTI_IGM_STIM_ZFX_KO_BCELL_2H_UP,GSE13547_CTRL_VS_ANTI_IGM_STIM_ZFX_KO_BCELL_2H_UP]
[GSE3982_DC_VS_TH2_DN,GSE3982_DC_VS_TH2_DN] was killed by [GSE36476_CTRL_VS_TSST_ACT_72H_MEMORY_CD4_TCELL_YOUNG_DN,GSE36476_CTRL_VS_TSST_ACT_72H_MEMORY_CD4_TCELL_YOUNG_DN]
[GSE39022_LN_VS_SPLEEN_DC_UP,GSE39022_LN_VS_SPLEEN_DC_UP] was killed by [GSE36476_CTRL_VS_TSST_ACT_72H_MEMORY_CD4_TCELL_YOUNG_DN,GSE36476_CTRL_VS_TSST_ACT_72H_MEMORY_CD4_TCELL_YOUNG_DN]
[GSE11057_NAIVE_CD4_VS_PBMC_CD4_TCELL_DN,GSE11057_NAIVE_CD4_VS_PBMC_CD4_TCELL_DN] was killed by [GSE13485_CTRL_VS_DAY21_YF17D_VACCINE_PBMC_UP,GSE13485_CTRL_VS_DAY21_YF17D_VACCINE_PBMC_UP]
[GSE18893_TCONV_VS_TREG_24H_CULTURE_UP,GSE18893_TCONV_VS_TREG_24H_CULTURE_UP] was killed by [GSE13485_CTRL_VS_DAY21_YF17D_VACCINE_PBMC_UP,GSE13485_CTRL_VS_DAY21_YF17D_VACCINE_PBMC_UP]
[GSE13411_NAIVE_VS_IGM_MEMORY_BCELL_DN,GSE13411_NAIVE_VS_IGM_MEMORY_BCELL_DN] was killed by [GSE37416_0H_VS_6H_F_TULARENSIS_LVS_NEUTROPHIL_DN,GSE37416_0H_VS_6H_F_TULARENSIS_LVS_NEUTROPHIL_DN]
[GSE14415_ACT_VS_CTRL_NATURAL_TREG_UP,GSE14415_ACT_VS_CTRL_NATURAL_TREG_UP] was killed by [GSE36476_CTRL_VS_TSST_ACT_72H_MEMORY_CD4_TCELL_YOUNG_DN,GSE36476_CTRL_VS_TSST_ACT_72H_MEMORY_CD4_TCELL_YOUNG_DN]
[GSE24026_PD1_LIGATION_VS_CTRL_IN_ACT_TCELL_LINE_UP,GSE24026_PD1_LIGATION_VS_CTRL_IN_ACT_TCELL_LINE_UP] was killed by [GSE42021_TREG_PLN_VS_CD24INT_TREG_THYMUS_DN,GSE42021_TREG_PLN_VS_CD24INT_TREG_THYMUS_DN]
[GSE39556_CD8A_DC_VS_NK_CELL_MOUSE_3H_POST_POLYIC_INJ_UP,GSE39556_CD8A_DC_VS_NK_CELL_MOUSE_3H_POST_POLYIC_INJ_UP] was killed by [GSE13547_CTRL_VS_ANTI_IGM_STIM_ZFX_KO_BCELL_2H_UP,GSE13547_CTRL_VS_ANTI_IGM_STIM_ZFX_KO_BCELL_2H_UP]
[GSE43955_1H_VS_42H_ACT_CD4_TCELL_WITH_TGFB_IL6_DN,GSE43955_1H_VS_42H_ACT_CD4_TCELL_WITH_TGFB_IL6_DN] was killed by [GSE2770_UNTREATED_VS_IL12_TREATED_ACT_CD4_TCELL_2H_DN,GSE2770_UNTREATED_VS_IL12_TREATED_ACT_CD4_TCELL_2H_DN]
[GSE16385_MONOCYTE_VS_12H_ROSIGLITAZONE_TREATED_MACROPHAGE_UP,GSE16385_MONOCYTE_VS_12H_ROSIGLITAZONE_TREATED_MACROPHAGE_UP] was killed by [GSE11818_WT_VS_DICER_KO_TREG_DN,GSE11818_WT_VS_DICER_KO_TREG_DN]
[GSE360_L_DONOVANI_VS_M_TUBERCULOSIS_DC_DN,GSE360_L_DONOVANI_VS_M_TUBERCULOSIS_DC_DN] was killed by [GSE42021_TREG_PLN_VS_CD24INT_TREG_THYMUS_DN,GSE42021_TREG_PLN_VS_CD24INT_TREG_THYMUS_DN]
[GSE12845_IGD_POS_VS_NEG_BLOOD_BCELL_DN,GSE12845_IGD_POS_VS_NEG_BLOOD_BCELL_DN] was killed by [GSE36476_CTRL_VS_TSST_ACT_72H_MEMORY_CD4_TCELL_YOUNG_DN,GSE36476_CTRL_VS_TSST_ACT_72H_MEMORY_CD4_TCELL_YOUNG_DN]
[GSE26030_TH1_VS_TH17_RESTIMULATED_DAY15_POST_POLARIZATION_UP,GSE26030_TH1_VS_TH17_RESTIMULATED_DAY15_POST_POLARIZATION_UP] was killed by [GSE13547_CTRL_VS_ANTI_IGM_STIM_ZFX_KO_BCELL_2H_UP,GSE13547_CTRL_VS_ANTI_IGM_STIM_ZFX_KO_BCELL_2H_UP]
[GSE24634_NAIVE_CD4_TCELL_VS_DAY10_IL4_CONV_TREG_DN,GSE24634_NAIVE_CD4_TCELL_VS_DAY10_IL4_CONV_TREG_DN] was killed by [GSE36476_CTRL_VS_TSST_ACT_72H_MEMORY_CD4_TCELL_YOUNG_DN,GSE36476_CTRL_VS_TSST_ACT_72H_MEMORY_CD4_TCELL_YOUNG_DN]
[GSE24634_IL4_VS_CTRL_TREATED_NAIVE_CD4_TCELL_DAY10_DN,GSE24634_IL4_VS_CTRL_TREATED_NAIVE_CD4_TCELL_DAY10_DN] was killed by [GSE42021_TREG_PLN_VS_CD24INT_TREG_THYMUS_DN,GSE42021_TREG_PLN_VS_CD24INT_TREG_THYMUS_DN]
[GSE12845_NAIVE_VS_PRE_GC_TONSIL_BCELL_DN,GSE12845_NAIVE_VS_PRE_GC_TONSIL_BCELL_DN] was killed by [GSE36476_CTRL_VS_TSST_ACT_72H_MEMORY_CD4_TCELL_YOUNG_DN,GSE36476_CTRL_VS_TSST_ACT_72H_MEMORY_CD4_TCELL_YOUNG_DN]
[GSE24574_BCL6_LOW_TFH_VS_TCONV_CD4_TCELL_DN,GSE24574_BCL6_LOW_TFH_VS_TCONV_CD4_TCELL_DN] was killed by [GSE14000_TRANSLATED_RNA_VS_MRNA_16H_LPS_DC_DN,GSE14000_TRANSLATED_RNA_VS_MRNA_16H_LPS_DC_DN]
[GSE16450_CTRL_VS_IFNA_12H_STIM_MATURE_NEURON_CELL_LINE_DN,GSE16450_CTRL_VS_IFNA_12H_STIM_MATURE_NEURON_CELL_LINE_DN] was killed by [GSE13485_CTRL_VS_DAY21_YF17D_VACCINE_PBMC_UP,GSE13485_CTRL_VS_DAY21_YF17D_VACCINE_PBMC_UP]
[GSE41176_WT_VS_TAK1_KO_ANTI_IGM_STIM_BCELL_24H_UP,GSE41176_WT_VS_TAK1_KO_ANTI_IGM_STIM_BCELL_24H_UP] was killed by [GSE42724_NAIVE_VS_B1_BCELL_DN,GSE42724_NAIVE_VS_B1_BCELL_DN]
[GSE3039_ALPHABETA_CD8_TCELL_VS_B1_BCELL_DN,GSE3039_ALPHABETA_CD8_TCELL_VS_B1_BCELL_DN] was killed by [GSE12366_GC_BCELL_VS_PLASMA_CELL_UP,GSE12366_GC_BCELL_VS_PLASMA_CELL_UP]
[GSE29614_DAY3_VS_DAY7_TIV_FLU_VACCINE_PBMC_DN,GSE29614_DAY3_VS_DAY7_TIV_FLU_VACCINE_PBMC_DN] was killed by [GSE36476_CTRL_VS_TSST_ACT_72H_MEMORY_CD4_TCELL_YOUNG_DN,GSE36476_CTRL_VS_TSST_ACT_72H_MEMORY_CD4_TCELL_YOUNG_DN]
[GSE12392_WT_VS_IFNB_KO_CD8A_NEG_SPLEEN_DC_UP,GSE12392_WT_VS_IFNB_KO_CD8A_NEG_SPLEEN_DC_UP] was killed by [GSE13485_CTRL_VS_DAY21_YF17D_VACCINE_PBMC_UP,GSE13485_CTRL_VS_DAY21_YF17D_VACCINE_PBMC_UP]
[GSE1112_OT1_CD8AB_VS_HY_CD8AA_THYMOCYTE_RTOC_CULTURE_DN,GSE1112_OT1_CD8AB_VS_HY_CD8AA_THYMOCYTE_RTOC_CULTURE_DN] was killed by [GSE9006_HEALTHY_VS_TYPE_1_DIABETES_PBMC_1MONTH_POST_DX_UP,GSE9006_HEALTHY_VS_TYPE_1_DIABETES_PBMC_1MONTH_POST_DX_UP]
[GSE29614_CTRL_VS_DAY7_TIV_FLU_VACCINE_PBMC_UP,GSE29614_CTRL_VS_DAY7_TIV_FLU_VACCINE_PBMC_UP] was killed by [GSE19923_WT_VS_HEB_KO_DP_THYMOCYTE_UP,GSE19923_WT_VS_HEB_KO_DP_THYMOCYTE_UP]
[GSE12845_IGD_NEG_BLOOD_VS_NAIVE_TONSIL_BCELL_UP,GSE12845_IGD_NEG_BLOOD_VS_NAIVE_TONSIL_BCELL_UP] was killed by [GSE2770_UNTREATED_VS_IL12_TREATED_ACT_CD4_TCELL_2H_DN,GSE2770_UNTREATED_VS_IL12_TREATED_ACT_CD4_TCELL_2H_DN]
[GOLDRATH_EFF_VS_MEMORY_CD8_TCELL_UP,GOLDRATH_EFF_VS_MEMORY_CD8_TCELL_UP] was killed by [GSE13547_CTRL_VS_ANTI_IGM_STIM_ZFX_KO_BCELL_2H_UP,GSE13547_CTRL_VS_ANTI_IGM_STIM_ZFX_KO_BCELL_2H_UP]
[GSE360_L_DONOVANI_VS_L_MAJOR_MAC_UP,GSE360_L_DONOVANI_VS_L_MAJOR_MAC_UP] was killed by [GSE2770_UNTREATED_VS_IL12_TREATED_ACT_CD4_TCELL_2H_DN,GSE2770_UNTREATED_VS_IL12_TREATED_ACT_CD4_TCELL_2H_DN]
[GSE13493_DP_VS_CD8POS_THYMOCYTE_UP,GSE13493_DP_VS_CD8POS_THYMOCYTE_UP] was killed by [GSE17721_4H_VS_24H_POLYIC_BMDC_DN,GSE17721_4H_VS_24H_POLYIC_BMDC_DN]
[GSE21927_SPLENIC_VS_TUMOR_MONOCYTES_FROM_C26GM_TUMOROUS_MICE_BALBC_UP,GSE21927_SPLENIC_VS_TUMOR_MONOCYTES_FROM_C26GM_TUMOROUS_MICE_BALBC_UP] was killed by [GSE11924_TFH_VS_TH1_CD4_TCELL_DN,GSE11924_TFH_VS_TH1_CD4_TCELL_DN]
[GSE26156_DOUBLE_POSITIVE_VS_CD4_SINGLE_POSITIVE_THYMOCYTE_DN,GSE26156_DOUBLE_POSITIVE_VS_CD4_SINGLE_POSITIVE_THYMOCYTE_DN] was killed by [GSE14000_TRANSLATED_RNA_VS_MRNA_16H_LPS_DC_DN,GSE14000_TRANSLATED_RNA_VS_MRNA_16H_LPS_DC_DN]
[GSE22886_IGM_MEMORY_BCELL_VS_BLOOD_PLASMA_CELL_UP,GSE22886_IGM_MEMORY_BCELL_VS_BLOOD_PLASMA_CELL_UP] was killed by [GSE14000_TRANSLATED_RNA_VS_MRNA_16H_LPS_DC_DN,GSE14000_TRANSLATED_RNA_VS_MRNA_16H_LPS_DC_DN]
[GSE45365_HEALTHY_VS_MCMV_INFECTION_CD8A_DC_DN,GSE45365_HEALTHY_VS_MCMV_INFECTION_CD8A_DC_DN] was killed by [GSE14000_TRANSLATED_RNA_VS_MRNA_DC_UP,GSE14000_TRANSLATED_RNA_VS_MRNA_DC_UP]
[GSE22611_UNSTIM_VS_2H_MDP_STIM_NOD2_TRANSDUCED_HEK293T_CELL_UP,GSE22611_UNSTIM_VS_2H_MDP_STIM_NOD2_TRANSDUCED_HEK293T_CELL_UP] was killed by [GSE14000_TRANSLATED_RNA_VS_MRNA_DC_UP,GSE14000_TRANSLATED_RNA_VS_MRNA_DC_UP]
[GSE12001_MIR223_KO_VS_WT_NEUTROPHIL_UP,GSE12001_MIR223_KO_VS_WT_NEUTROPHIL_UP] was killed by [GSE17721_LPS_VS_GARDIQUIMOD_12H_BMDC_UP,GSE17721_LPS_VS_GARDIQUIMOD_12H_BMDC_UP]
[GSE20715_0H_VS_48H_OZONE_TLR4_KO_LUNG_DN,GSE20715_0H_VS_48H_OZONE_TLR4_KO_LUNG_DN] was killed by [GSE14000_TRANSLATED_RNA_VS_MRNA_DC_UP,GSE14000_TRANSLATED_RNA_VS_MRNA_DC_UP]
[GSE14000_TRANSLATED_RNA_VS_MRNA_DC_DN,GSE14000_TRANSLATED_RNA_VS_MRNA_DC_DN] was killed by [GSE14000_TRANSLATED_RNA_VS_MRNA_16H_LPS_DC_DN,GSE14000_TRANSLATED_RNA_VS_MRNA_16H_LPS_DC_DN]
[GSE14415_INDUCED_TREG_VS_FAILED_INDUCED_TREG_UP,GSE14415_INDUCED_TREG_VS_FAILED_INDUCED_TREG_UP] was killed by [GSE13547_CTRL_VS_ANTI_IGM_STIM_ZFX_KO_BCELL_2H_UP,GSE13547_CTRL_VS_ANTI_IGM_STIM_ZFX_KO_BCELL_2H_UP]
[GSE7219_WT_VS_NIK_NFKB2_KO_LPS_AND_ANTI_CD40_STIM_DC_UP,GSE7219_WT_VS_NIK_NFKB2_KO_LPS_AND_ANTI_CD40_STIM_DC_UP] was killed by [GSE13547_CTRL_VS_ANTI_IGM_STIM_ZFX_KO_BCELL_2H_UP,GSE13547_CTRL_VS_ANTI_IGM_STIM_ZFX_KO_BCELL_2H_UP]
[GSE2770_TGFB_AND_IL4_ACT_VS_ACT_CD4_TCELL_2H_UP,GSE2770_TGFB_AND_IL4_ACT_VS_ACT_CD4_TCELL_2H_UP] was killed by [GSE14000_TRANSLATED_RNA_VS_MRNA_16H_LPS_DC_DN,GSE14000_TRANSLATED_RNA_VS_MRNA_16H_LPS_DC_DN]
[GSE10239_NAIVE_VS_KLRG1HIGH_EFF_CD8_TCELL_UP,GSE10239_NAIVE_VS_KLRG1HIGH_EFF_CD8_TCELL_UP] was killed by [GSE14000_TRANSLATED_RNA_VS_MRNA_16H_LPS_DC_DN,GSE14000_TRANSLATED_RNA_VS_MRNA_16H_LPS_DC_DN]
[GSE3982_EOSINOPHIL_VS_NKCELL_DN,GSE3982_EOSINOPHIL_VS_NKCELL_DN] was killed by [GSE11924_TFH_VS_TH1_CD4_TCELL_DN,GSE11924_TFH_VS_TH1_CD4_TCELL_DN]
[GSE20754_WT_VS_TCF1_KO_MEMORY_CD8_TCELL_DN,GSE20754_WT_VS_TCF1_KO_MEMORY_CD8_TCELL_DN] was killed by [GSE13547_CTRL_VS_ANTI_IGM_STIM_ZFX_KO_BCELL_2H_UP,GSE13547_CTRL_VS_ANTI_IGM_STIM_ZFX_KO_BCELL_2H_UP]
[GSE18791_CTRL_VS_NEWCASTLE_VIRUS_DC_14H_UP,GSE18791_CTRL_VS_NEWCASTLE_VIRUS_DC_14H_UP] was killed by [GSE19923_WT_VS_HEB_KO_DP_THYMOCYTE_UP,GSE19923_WT_VS_HEB_KO_DP_THYMOCYTE_UP]
[GSE2405_S_AUREUS_VS_UNTREATED_NEUTROPHIL_DN,GSE2405_S_AUREUS_VS_UNTREATED_NEUTROPHIL_DN] was killed by [GSE13547_CTRL_VS_ANTI_IGM_STIM_ZFX_KO_BCELL_2H_UP,GSE13547_CTRL_VS_ANTI_IGM_STIM_ZFX_KO_BCELL_2H_UP]
[GSE28726_NAIVE_VS_ACTIVATED_VA24NEG_NKTCELL_UP,GSE28726_NAIVE_VS_ACTIVATED_VA24NEG_NKTCELL_UP] was killed by [GSE14000_TRANSLATED_RNA_VS_MRNA_16H_LPS_DC_DN,GSE14000_TRANSLATED_RNA_VS_MRNA_16H_LPS_DC_DN]
[GSE29618_MONOCYTE_VS_PDC_DAY7_FLU_VACCINE_UP,GSE29618_MONOCYTE_VS_PDC_DAY7_FLU_VACCINE_UP] was killed by [GSE1112_OT1_VS_HY_CD8AB_THYMOCYTE_RTOC_CULTURE_UP,GSE1112_OT1_VS_HY_CD8AB_THYMOCYTE_RTOC_CULTURE_UP]
[GSE28408_LY6G_POS_VS_NEG_DC_DN,GSE28408_LY6G_POS_VS_NEG_DC_DN] was killed by [GSE39556_UNTREATED_VS_3H_POLYIC_INJ_MOUSE_NK_CELL_UP,GSE39556_UNTREATED_VS_3H_POLYIC_INJ_MOUSE_NK_CELL_UP]
[GSE32255_WT_VS_JMJD2D_KNOCKDOWN_4H_LPS_STIM_DC_DN,GSE32255_WT_VS_JMJD2D_KNOCKDOWN_4H_LPS_STIM_DC_DN] was killed by [GSE1112_OT1_VS_HY_CD8AB_THYMOCYTE_RTOC_CULTURE_UP,GSE1112_OT1_VS_HY_CD8AB_THYMOCYTE_RTOC_CULTURE_UP]
[GSE20500_CTRL_VS_RARA_ANTAGONIST_TREATED_CD4_TCELL_DN,GSE20500_CTRL_VS_RARA_ANTAGONIST_TREATED_CD4_TCELL_DN] was killed by [GSE13547_CTRL_VS_ANTI_IGM_STIM_ZFX_KO_BCELL_2H_UP,GSE13547_CTRL_VS_ANTI_IGM_STIM_ZFX_KO_BCELL_2H_UP]
[GSE37416_0H_VS_24H_F_TULARENSIS_LVS_NEUTROPHIL_UP,GSE37416_0H_VS_24H_F_TULARENSIS_LVS_NEUTROPHIL_UP] was killed by [GSE2770_UNTREATED_VS_IL12_TREATED_ACT_CD4_TCELL_2H_DN,GSE2770_UNTREATED_VS_IL12_TREATED_ACT_CD4_TCELL_2H_DN]
[GSE15930_NAIVE_VS_72H_IN_VITRO_STIM_IL12_CD8_TCELL_DN,GSE15930_NAIVE_VS_72H_IN_VITRO_STIM_IL12_CD8_TCELL_DN] was killed by [GSE13547_CTRL_VS_ANTI_IGM_STIM_ZFX_KO_BCELL_2H_UP,GSE13547_CTRL_VS_ANTI_IGM_STIM_ZFX_KO_BCELL_2H_UP]
[GSE29614_CTRL_VS_TIV_FLU_VACCINE_PBMC_2007_DN,GSE29614_CTRL_VS_TIV_FLU_VACCINE_PBMC_2007_DN] was killed by [GSE36476_CTRL_VS_TSST_ACT_72H_MEMORY_CD4_TCELL_YOUNG_DN,GSE36476_CTRL_VS_TSST_ACT_72H_MEMORY_CD4_TCELL_YOUNG_DN]
[GSE21670_STAT3_KO_VS_WT_CD4_TCELL_TGFB_TREATED_UP,GSE21670_STAT3_KO_VS_WT_CD4_TCELL_TGFB_TREATED_UP] was killed by [GSE19923_WT_VS_HEB_KO_DP_THYMOCYTE_UP,GSE19923_WT_VS_HEB_KO_DP_THYMOCYTE_UP]
[GSE21546_ELK1_KO_VS_SAP1A_KO_AND_ELK1_KO_DP_THYMOCYTES_UP,GSE21546_ELK1_KO_VS_SAP1A_KO_AND_ELK1_KO_DP_THYMOCYTES_UP] was killed by [GSE42021_TREG_PLN_VS_CD24INT_TREG_THYMUS_DN,GSE42021_TREG_PLN_VS_CD24INT_TREG_THYMUS_DN]
[GSE42021_CD24HI_VS_CD24INT_TREG_THYMUS_DN,GSE42021_CD24HI_VS_CD24INT_TREG_THYMUS_DN] was killed by [GSE42021_TREG_PLN_VS_CD24INT_TREG_THYMUS_DN,GSE42021_TREG_PLN_VS_CD24INT_TREG_THYMUS_DN]
[GSE13522_CTRL_VS_T_CRUZI_G_STRAIN_INF_SKIN_DN,GSE13522_CTRL_VS_T_CRUZI_G_STRAIN_INF_SKIN_DN] was killed by [GSE14000_TRANSLATED_RNA_VS_MRNA_DC_UP,GSE14000_TRANSLATED_RNA_VS_MRNA_DC_UP]
[GSE40068_BCL6_POS_VS_NEG_CXCR5_POS_TFH_UP,GSE40068_BCL6_POS_VS_NEG_CXCR5_POS_TFH_UP] was killed by [GSE17721_LPS_VS_CPG_16H_BMDC_UP,GSE17721_LPS_VS_CPG_16H_BMDC_UP]
[GSE29618_BCELL_VS_MDC_DN,GSE29618_BCELL_VS_MDC_DN] was killed by [GSE14000_TRANSLATED_RNA_VS_MRNA_16H_LPS_DC_DN,GSE14000_TRANSLATED_RNA_VS_MRNA_16H_LPS_DC_DN]
[GSE4748_CTRL_VS_LPS_AND_CYANOBACTERIUM_LPSLIKE_STIM_DC_3H_DN,GSE4748_CTRL_VS_LPS_AND_CYANOBACTERIUM_LPSLIKE_STIM_DC_3H_DN] was killed by [GSE2770_UNTREATED_VS_IL12_TREATED_ACT_CD4_TCELL_2H_DN,GSE2770_UNTREATED_VS_IL12_TREATED_ACT_CD4_TCELL_2H_DN]
[GSE17186_CD21LOW_VS_CD21HIGH_TRANSITIONAL_BCELL_CORD_BLOOD_UP,GSE17186_CD21LOW_VS_CD21HIGH_TRANSITIONAL_BCELL_CORD_BLOOD_UP] was killed by [GSE42021_TREG_PLN_VS_CD24INT_TREG_THYMUS_DN,GSE42021_TREG_PLN_VS_CD24INT_TREG_THYMUS_DN]
[GSE42021_TCONV_PLN_VS_CD24HI_TCONV_THYMUS_UP,GSE42021_TCONV_PLN_VS_CD24HI_TCONV_THYMUS_UP] was killed by [GSE42021_TREG_PLN_VS_CD24INT_TREG_THYMUS_DN,GSE42021_TREG_PLN_VS_CD24INT_TREG_THYMUS_DN]
[GSE3982_NKCELL_VS_TH2_DN,GSE3982_NKCELL_VS_TH2_DN] was killed by [GSE36476_CTRL_VS_TSST_ACT_72H_MEMORY_CD4_TCELL_YOUNG_DN,GSE36476_CTRL_VS_TSST_ACT_72H_MEMORY_CD4_TCELL_YOUNG_DN]
[GSE13485_DAY3_VS_DAY21_YF17D_VACCINE_PBMC_UP,GSE13485_DAY3_VS_DAY21_YF17D_VACCINE_PBMC_UP] was killed by [GSE42021_TREG_PLN_VS_CD24INT_TREG_THYMUS_DN,GSE42021_TREG_PLN_VS_CD24INT_TREG_THYMUS_DN]
[GSE22886_NAIVE_CD8_TCELL_VS_NEUTROPHIL_UP,GSE22886_NAIVE_CD8_TCELL_VS_NEUTROPHIL_UP] was killed by [GSE14000_TRANSLATED_RNA_VS_MRNA_16H_LPS_DC_DN,GSE14000_TRANSLATED_RNA_VS_MRNA_16H_LPS_DC_DN]
[GSE17721_POLYIC_VS_GARDIQUIMOD_16H_BMDC_DN,GSE17721_POLYIC_VS_GARDIQUIMOD_16H_BMDC_DN] was killed by [GSE36476_CTRL_VS_TSST_ACT_72H_MEMORY_CD4_TCELL_YOUNG_DN,GSE36476_CTRL_VS_TSST_ACT_72H_MEMORY_CD4_TCELL_YOUNG_DN]
