[MODULE_28,MODULE_28] was killed by [MODULE_91,MODULE_91]
[GNF2_TPT1,GNF2_TPT1] was killed by [GNF2_EIF3S6,GNF2_EIF3S6]
[GCM_NPM1,GCM_NPM1] was killed by [GNF2_EIF3S6,GNF2_EIF3S6]
[MORF_TPT1,MORF_TPT1] was killed by [GNF2_EIF3S6,GNF2_EIF3S6]
[GNF2_PA2G4,GNF2_PA2G4] was killed by [GNF2_EIF3S6,GNF2_EIF3S6]
[GCM_ACTG1,GCM_ACTG1] was killed by [GNF2_EIF3S6,GNF2_EIF3S6]
[GNF2_DAP3,GNF2_DAP3] was killed by [GNF2_EIF3S6,GNF2_EIF3S6]
[GNF2_RAN,GNF2_RAN] was killed by [MODULE_91,MODULE_91]
[MODULE_50,MODULE_50] was killed by [MODULE_91,MODULE_91]
[GCM_CSNK2B,GCM_CSNK2B] was killed by [GNF2_EIF3S6,GNF2_EIF3S6]
[GNF2_RFC3,GNF2_RFC3] was killed by [GNF2_RFC4,GNF2_RFC4]
[MORF_DAP3,MORF_DAP3] was killed by [MODULE_91,MODULE_91]
[MODULE_355,MODULE_355] was killed by [MODULE_299,MODULE_299]
[GNF2_NS,GNF2_NS] was killed by [MODULE_91,MODULE_91]
[GNF2_ST13,GNF2_ST13] was killed by [GNF2_EIF3S6,GNF2_EIF3S6]
[GCM_APEX1,GCM_APEX1] was killed by [GNF2_EIF3S6,GNF2_EIF3S6]
[MORF_ERH,MORF_ERH] was killed by [MODULE_91,MODULE_91]
[GNF2_CDC20,GNF2_CDC20] was killed by [GNF2_EIF3S6,GNF2_EIF3S6]
[GCM_TPT1,GCM_TPT1] was killed by [GNF2_EIF3S6,GNF2_EIF3S6]
[GNF2_HMMR,GNF2_HMMR] was killed by [GNF2_RFC4,GNF2_RFC4]
[MORF_ACTG1,MORF_ACTG1] was killed by [GNF2_EIF3S6,GNF2_EIF3S6]
[MORF_ANP32B,MORF_ANP32B] was killed by [GNF2_EIF3S6,GNF2_EIF3S6]
[GCM_ANP32B,GCM_ANP32B] was killed by [GNF2_EIF3S6,GNF2_EIF3S6]
[GNF2_CCNA2,GNF2_CCNA2] was killed by [GNF2_EIF3S6,GNF2_EIF3S6]
[MORF_UNG,MORF_UNG] was killed by [GNF2_EIF3S6,GNF2_EIF3S6]
[MORF_USP5,MORF_USP5] was killed by [MODULE_91,MODULE_91]
[MODULE_158,MODULE_158] was killed by [GNF2_RFC4,GNF2_RFC4]
[GNF2_FBL,GNF2_FBL] was killed by [MODULE_91,MODULE_91]
[MORF_JUND,MORF_JUND] was killed by [GNF2_EIF3S6,GNF2_EIF3S6]
[GCM_PFN1,GCM_PFN1] was killed by [GNF2_EIF3S6,GNF2_EIF3S6]
[MORF_RAD21,MORF_RAD21] was killed by [MODULE_91,MODULE_91]
[MORF_GPX4,MORF_GPX4] was killed by [GNF2_EIF3S6,GNF2_EIF3S6]
[MODULE_125,MODULE_125] was killed by [GNF2_RFC4,GNF2_RFC4]
[GNF2_UBE2I,GNF2_UBE2I] was killed by [GNF2_EIF3S6,GNF2_EIF3S6]
[GNF2_RRM1,GNF2_RRM1] was killed by [GNF2_EIF3S6,GNF2_EIF3S6]
[GNF2_PPP6C,GNF2_PPP6C] was killed by [MODULE_91,MODULE_91]
[GNF2_CKS1B,GNF2_CKS1B] was killed by [GNF2_RFC4,GNF2_RFC4]
[GNF2_TTK,GNF2_TTK] was killed by [GNF2_RFC4,GNF2_RFC4]
[MODULE_29,MODULE_29] was killed by [GNF2_EIF3S6,GNF2_EIF3S6]
[GNF2_CKS2,GNF2_CKS2] was killed by [GNF2_EIF3S6,GNF2_EIF3S6]
[GNF2_MSH2,GNF2_MSH2] was killed by [GNF2_RFC4,GNF2_RFC4]
[GCM_MLL,GCM_MLL] was killed by [GNF2_EIF3S6,GNF2_EIF3S6]
[MORF_RAB1A,MORF_RAB1A] was killed by [GNF2_EIF3S6,GNF2_EIF3S6]
[GNF2_MLH1,GNF2_MLH1] was killed by [GNF2_EIF3S6,GNF2_EIF3S6]
[MORF_NPM1,MORF_NPM1] was killed by [GNF2_EIF3S6,GNF2_EIF3S6]
[GCM_PSME1,GCM_PSME1] was killed by [MODULE_91,MODULE_91]
[MODULE_397,MODULE_397] was killed by [GNF2_RFC4,GNF2_RFC4]
[MORF_ATOX1,MORF_ATOX1] was killed by [MODULE_91,MODULE_91]
[GNF2_XRCC5,GNF2_XRCC5] was killed by [MODULE_91,MODULE_91]
[GNF2_NPM1,GNF2_NPM1] was killed by [GNF2_EIF3S6,GNF2_EIF3S6]
[GNF2_H2AFX,GNF2_H2AFX] was killed by [GNF2_RFC4,GNF2_RFC4]
[MORF_GMPS,MORF_GMPS] was killed by [GNF2_EIF3S6,GNF2_EIF3S6]
[MORF_RAD23B,MORF_RAD23B] was killed by [MODULE_91,MODULE_91]
[MORF_NME2,MORF_NME2] was killed by [GNF2_EIF3S6,GNF2_EIF3S6]
[MORF_PSMC1,MORF_PSMC1] was killed by [MODULE_91,MODULE_91]
[GNF2_MBD4,GNF2_MBD4] was killed by [GNF2_EIF3S6,GNF2_EIF3S6]
[MORF_PPP1CA,MORF_PPP1CA] was killed by [MODULE_91,MODULE_91]
[GNF2_SMC2L1,GNF2_SMC2L1] was killed by [GNF2_RFC4,GNF2_RFC4]
[GNF2_GLTSCR2,GNF2_GLTSCR2] was killed by [GNF2_EIF3S6,GNF2_EIF3S6]
[GNF2_MCM4,GNF2_MCM4] was killed by [GNF2_EIF3S6,GNF2_EIF3S6]
[GNF2_CENPE,GNF2_CENPE] was killed by [GNF2_RFC4,GNF2_RFC4]
