[HOXA7_TARGET_GENES,HOXA7_TARGET_GENES] was killed by [PPARGC1A_TARGET_GENES,PPARGC1A_TARGET_GENES]
[SNRNP70_TARGET_GENES,SNRNP70_TARGET_GENES] was killed by [MAPK3_TARGET_GENES,MAPK3_TARGET_GENES]
[MIR22_3P,MIR22_3P] was killed by [MIR224_5P,MIR224_5P]
[MIR329_5P,MIR329_5P] was killed by [MAPK3_TARGET_GENES,MAPK3_TARGET_GENES]
[MIR6837_5P,MIR6837_5P] was killed by [MIR6754_5P,MIR6754_5P]
[MIR125B_2_3P,MIR125B_2_3P] was killed by [MIR224_5P,MIR224_5P]
[ATGTAGC_MIR221_MIR222,ATGTAGC_MIR221_MIR222] was killed by [MIR6754_5P,MIR6754_5P]
[MIR1251_3P,MIR1251_3P] was killed by [MIR6754_5P,MIR6754_5P]
[MIR12129,MIR12129] was killed by [PPARGC1A_TARGET_GENES,PPARGC1A_TARGET_GENES]
[MIR6794_5P,MIR6794_5P] was killed by [MAPK3_TARGET_GENES,MAPK3_TARGET_GENES]
[MIR5009_3P,MIR5009_3P] was killed by [EVI1_02,EVI1_02]
[ZMYND11_TARGET_GENES,ZMYND11_TARGET_GENES] was killed by [MAPK3_TARGET_GENES,MAPK3_TARGET_GENES]
[MIR6771_3P,MIR6771_3P] was killed by [MIR224_5P,MIR224_5P]
[MIR4716_3P,MIR4716_3P] was killed by [MYC_Q2,MYC_Q2]
[MIR4270,MIR4270] was killed by [MIR6754_5P,MIR6754_5P]
[MIR873_3P,MIR873_3P] was killed by [MIR6754_5P,MIR6754_5P]
[MLXIP_TARGET_GENES,MLXIP_TARGET_GENES] was killed by [MIR5579_5P,MIR5579_5P]
[MIR12117,MIR12117] was killed by [MYC_Q2,MYC_Q2]
[MIR6887_5P,MIR6887_5P] was killed by [EVI1_02,EVI1_02]
[MIR6795_5P,MIR6795_5P] was killed by [EVI1_02,EVI1_02]
[MIR3913_3P,MIR3913_3P] was killed by [TERF2_TARGET_GENES,TERF2_TARGET_GENES]
[TAAYNRNNTCC_UNKNOWN,TAAYNRNNTCC_UNKNOWN] was killed by [EVI1_02,EVI1_02]
[ATCTTGC_MIR31,ATCTTGC_MIR31] was killed by [MIR224_5P,MIR224_5P]
[MIR4255,MIR4255] was killed by [TGASTMAGC_NFE2_01,TGASTMAGC_NFE2_01]
[ATACCTC_MIR202,ATACCTC_MIR202] was killed by [TERF2_TARGET_GENES,TERF2_TARGET_GENES]
[MIR6797_5P,MIR6797_5P] was killed by [MYC_Q2,MYC_Q2]
[MIR1249_5P,MIR1249_5P] was killed by [MYC_Q2,MYC_Q2]
[MIR4709_3P,MIR4709_3P] was killed by [MIR5579_5P,MIR5579_5P]
