[MIR6756_3P,MIR6756_3P] was killed by [MIR3127_3P,MIR3127_3P]
[MIR676_5P,MIR676_5P] was killed by [MIR6891_5P,MIR6891_5P]
[ATACCTC_MIR202,ATACCTC_MIR202] was killed by [MIR3127_3P,MIR3127_3P]
[RRCCGTTA_UNKNOWN,RRCCGTTA_UNKNOWN] was killed by [MIR6891_5P,MIR6891_5P]
[MIR181A_2_3P,MIR181A_2_3P] was killed by [MIR3127_3P,MIR3127_3P]
[ACTGCAG_MIR173P,ACTGCAG_MIR173P] was killed by [MIR4691_3P,MIR4691_3P]
[KCCGNSWTTT_UNKNOWN,KCCGNSWTTT_UNKNOWN] was killed by [MIR4691_3P,MIR4691_3P]
[MIR3922_5P,MIR3922_5P] was killed by [MIR6891_5P,MIR6891_5P]
[MIR3173_3P,MIR3173_3P] was killed by [MIR6891_5P,MIR6891_5P]
[MIR593_3P,MIR593_3P] was killed by [MIR3912_5P,MIR3912_5P]
[MIR298,MIR298] was killed by [ZBTB1_TARGET_GENES,ZBTB1_TARGET_GENES]
[MIR382_3P,MIR382_3P] was killed by [MIR3912_5P,MIR3912_5P]
[ZNF667_TARGET_GENES,ZNF667_TARGET_GENES] was killed by [ZBTB1_TARGET_GENES,ZBTB1_TARGET_GENES]
[MIR6856_3P,MIR6856_3P] was killed by [MIR3912_5P,MIR3912_5P]
[MIR103A_1_5P,MIR103A_1_5P] was killed by [MIR6891_5P,MIR6891_5P]
[MIR103A_2_5P,MIR103A_2_5P] was killed by [MIR6891_5P,MIR6891_5P]
[SRPK2_TARGET_GENES,SRPK2_TARGET_GENES] was killed by [MIR4691_3P,MIR4691_3P]
[MIR4639_5P,MIR4639_5P] was killed by [MIR3912_5P,MIR3912_5P]
[MIR20A_3P,MIR20A_3P] was killed by [MIR7109_5P,MIR7109_5P]
[MIR4766_3P,MIR4766_3P] was killed by [MIR3912_5P,MIR3912_5P]
[MIR3159,MIR3159] was killed by [MIR7109_5P,MIR7109_5P]
[MIR136_5P,MIR136_5P] was killed by [MIR3912_5P,MIR3912_5P]
[ACAGGGT_MIR10A_MIR10B,ACAGGGT_MIR10A_MIR10B] was killed by [MIR6891_5P,MIR6891_5P]
[GGCACTT_MIR519E,GGCACTT_MIR519E] was killed by [MIR6891_5P,MIR6891_5P]
[MIR12118,MIR12118] was killed by [MIR6891_5P,MIR6891_5P]
[MIR10A_5P_MIR10B_5P,MIR10A_5P_MIR10B_5P] was killed by [MIR6891_5P,MIR6891_5P]
