[GNF2_TPT1,GNF2_TPT1] was killed by [GNF2_EIF3S6,GNF2_EIF3S6]
[MORF_TPT1,MORF_TPT1] was killed by [GNF2_EIF3S6,GNF2_EIF3S6]
[MORF_ACTG1,MORF_ACTG1] was killed by [GNF2_EIF3S6,GNF2_EIF3S6]
[GNF2_PA2G4,GNF2_PA2G4] was killed by [GNF2_EIF3S6,GNF2_EIF3S6]
[MODULE_29,MODULE_29] was killed by [GNF2_EIF3S6,GNF2_EIF3S6]
[GCM_TPT1,GCM_TPT1] was killed by [GNF2_EIF3S6,GNF2_EIF3S6]
[MORF_NME2,MORF_NME2] was killed by [GNF2_EIF3S6,GNF2_EIF3S6]
[GNF2_GLTSCR2,GNF2_GLTSCR2] was killed by [GNF2_EIF3S6,GNF2_EIF3S6]
[MODULE_28,MODULE_28] was killed by [MODULE_91,MODULE_91]
[MORF_JUND,MORF_JUND] was killed by [GNF2_EIF3S6,GNF2_EIF3S6]
[GNF2_ST13,GNF2_ST13] was killed by [GNF2_EIF3S6,GNF2_EIF3S6]
[GNF2_RAN,GNF2_RAN] was killed by [GNF2_EIF3S6,GNF2_EIF3S6]
[MODULE_50,MODULE_50] was killed by [MODULE_91,MODULE_91]
[GNF2_G22P1,GNF2_G22P1] was killed by [MODULE_91,MODULE_91]
[GNF2_CCNA2,GNF2_CCNA2] was killed by [GNF2_EIF3S6,GNF2_EIF3S6]
[GNF2_FBL,GNF2_FBL] was killed by [GNF2_EIF3S6,GNF2_EIF3S6]
[MODULE_299,MODULE_299] was killed by [MODULE_355,MODULE_355]
[GNF2_RRM1,GNF2_RRM1] was killed by [GNF2_EIF3S6,GNF2_EIF3S6]
[MORF_NPM1,MORF_NPM1] was killed by [GNF2_EIF3S6,GNF2_EIF3S6]
[MODULE_126,MODULE_126] was killed by [GNF2_H2AFX,GNF2_H2AFX]
[MORF_FEN1,MORF_FEN1] was killed by [GNF2_EIF3S6,GNF2_EIF3S6]
[GNF2_DAP3,GNF2_DAP3] was killed by [GNF2_EIF3S6,GNF2_EIF3S6]
[MORF_BUB1,MORF_BUB1] was killed by [GNF2_EIF3S6,GNF2_EIF3S6]
[MODULE_197,MODULE_197] was killed by [GNF2_EIF3S6,GNF2_EIF3S6]
[MODULE_429,MODULE_429] was killed by [GNF2_EIF3S6,GNF2_EIF3S6]
[GNF2_HAT1,GNF2_HAT1] was killed by [GNF2_EIF3S6,GNF2_EIF3S6]
[MORF_BUB1B,MORF_BUB1B] was killed by [GNF2_EIF3S6,GNF2_EIF3S6]
[MODULE_244,MODULE_244] was killed by [GNF2_EIF3S6,GNF2_EIF3S6]
[MORF_UNG,MORF_UNG] was killed by [GNF2_EIF3S6,GNF2_EIF3S6]
[GNF2_CENPF,GNF2_CENPF] was killed by [GNF2_EIF3S6,GNF2_EIF3S6]
[MORF_GPX4,MORF_GPX4] was killed by [GNF2_EIF3S6,GNF2_EIF3S6]
[MODULE_61,MODULE_61] was killed by [GNF2_EIF3S6,GNF2_EIF3S6]
[GNF2_CENPE,GNF2_CENPE] was killed by [GNF2_H2AFX,GNF2_H2AFX]
[GNF2_NS,GNF2_NS] was killed by [MODULE_91,MODULE_91]
[GNF2_CDC20,GNF2_CDC20] was killed by [GNF2_EIF3S6,GNF2_EIF3S6]
[GNF2_HMMR,GNF2_HMMR] was killed by [GNF2_EIF3S6,GNF2_EIF3S6]
[MORF_PPP6C,MORF_PPP6C] was killed by [GNF2_EIF3S6,GNF2_EIF3S6]
[GNF2_PCNA,GNF2_PCNA] was killed by [GNF2_EIF3S6,GNF2_EIF3S6]
[GNF2_CDC2,GNF2_CDC2] was killed by [GNF2_EIF3S6,GNF2_EIF3S6]
[MORF_GSPT1,MORF_GSPT1] was killed by [GNF2_EIF3S6,GNF2_EIF3S6]
[MODULE_485,MODULE_485] was killed by [GNF2_H2AFX,GNF2_H2AFX]
[MORF_MAP2K2,MORF_MAP2K2] was killed by [GNF2_EIF3S6,GNF2_EIF3S6]
[MORF_XPC,MORF_XPC] was killed by [GNF2_EIF3S6,GNF2_EIF3S6]
[MORF_CCNI,MORF_CCNI] was killed by [GNF2_EIF3S6,GNF2_EIF3S6]
[GCM_PFN1,GCM_PFN1] was killed by [GNF2_EIF3S6,GNF2_EIF3S6]
[GNF2_MSH6,GNF2_MSH6] was killed by [GNF2_EIF3S6,GNF2_EIF3S6]
[MODULE_421,MODULE_421] was killed by [GNF2_H2AFX,GNF2_H2AFX]
[MORF_DAP3,MORF_DAP3] was killed by [GNF2_EIF3S6,GNF2_EIF3S6]
[GNF2_CKS1B,GNF2_CKS1B] was killed by [GNF2_H2AFX,GNF2_H2AFX]
[GNF2_APEX1,GNF2_APEX1] was killed by [GNF2_EIF3S6,GNF2_EIF3S6]
