[GCM_MLL,GCM_MLL] was killed by [GCM_RAN,GCM_RAN]
[GCM_MAP4K4,GCM_MAP4K4] was killed by [GCM_RAN,GCM_RAN]
[GNF2_TPT1,GNF2_TPT1] was killed by [MODULE_29,MODULE_29]
[GNF2_EIF3S6,GNF2_EIF3S6] was killed by [MODULE_29,MODULE_29]
[MODULE_50,MODULE_50] was killed by [MODULE_91,MODULE_91]
[MODULE_28,MODULE_28] was killed by [MODULE_91,MODULE_91]
[MORF_TPT1,MORF_TPT1] was killed by [MODULE_29,MODULE_29]
[MORF_SP3,MORF_SP3] was killed by [MORF_RAB11A,MORF_RAB11A]
[MORF_ERH,MORF_ERH] was killed by [MODULE_91,MODULE_91]
[GCM_UBE2N,GCM_UBE2N] was killed by [GCM_RAN,GCM_RAN]
[MORF_JUND,MORF_JUND] was killed by [MODULE_29,MODULE_29]
[MORF_PPP2R5E,MORF_PPP2R5E] was killed by [MORF_RAB11A,MORF_RAB11A]
[GCM_ZNF198,GCM_ZNF198] was killed by [GCM_RAN,GCM_RAN]
[MORF_BECN1,MORF_BECN1] was killed by [MORF_RAB11A,MORF_RAB11A]
[GNF2_ST13,GNF2_ST13] was killed by [MODULE_29,MODULE_29]
[GCM_CRKL,GCM_CRKL] was killed by [GCM_RAN,GCM_RAN]
[GCM_DENR,GCM_DENR] was killed by [GCM_RAN,GCM_RAN]
[GCM_CHUK,GCM_CHUK] was killed by [GCM_RAN,GCM_RAN]
[GCM_NPM1,GCM_NPM1] was killed by [MODULE_29,MODULE_29]
[GCM_NCAM1,GCM_NCAM1] was killed by [GCM_RAN,GCM_RAN]
[GCM_DFFA,GCM_DFFA] was killed by [GCM_RAN,GCM_RAN]
[MORF_ACTG1,MORF_ACTG1] was killed by [MODULE_29,MODULE_29]
[GCM_MYST2,GCM_MYST2] was killed by [GCM_RAN,GCM_RAN]
[MODULE_82,MODULE_82] was killed by [MODULE_91,MODULE_91]
[MODULE_4,MODULE_4] was killed by [MODULE_91,MODULE_91]
[MORF_NME2,MORF_NME2] was killed by [MODULE_29,MODULE_29]
[GCM_BMPR2,GCM_BMPR2] was killed by [GCM_RAN,GCM_RAN]
