[GO_PROTEIN_TARGETING_TO_MEMBRANE,GO_PROTEIN_TARGETING_TO_MEMBRANE] was killed by [GO_CYTOSOLIC_RIBOSOME,GO_CYTOSOLIC_RIBOSOME]
[GO_COTRANSLATIONAL_PROTEIN_TARGETING_TO_MEMBRANE,GO_COTRANSLATIONAL_PROTEIN_TARGETING_TO_MEMBRANE] was killed by [GO_CYTOSOLIC_RIBOSOME,GO_CYTOSOLIC_RIBOSOME]
[GO_ESTABLISHMENT_OF_PROTEIN_LOCALIZATION_TO_ENDOPLASMIC_RETICULUM,GO_ESTABLISHMENT_OF_PROTEIN_LOCALIZATION_TO_ENDOPLASMIC_RETICULUM] was killed by [GO_CYTOSOLIC_RIBOSOME,GO_CYTOSOLIC_RIBOSOME]
[GO_PROTEIN_LOCALIZATION_TO_ENDOPLASMIC_RETICULUM,GO_PROTEIN_LOCALIZATION_TO_ENDOPLASMIC_RETICULUM] was killed by [GO_CYTOSOLIC_RIBOSOME,GO_CYTOSOLIC_RIBOSOME]
[GO_NUCLEAR_TRANSCRIBED_MRNA_CATABOLIC_PROCESS_NONSENSE_MEDIATED_DECAY,GO_NUCLEAR_TRANSCRIBED_MRNA_CATABOLIC_PROCESS_NONSENSE_MEDIATED_DECAY] was killed by [GO_CYTOSOLIC_RIBOSOME,GO_CYTOSOLIC_RIBOSOME]
[GO_VIRAL_GENE_EXPRESSION,GO_VIRAL_GENE_EXPRESSION] was killed by [GO_CYTOSOLIC_RIBOSOME,GO_CYTOSOLIC_RIBOSOME]
[GO_TRANSLATIONAL_INITIATION,GO_TRANSLATIONAL_INITIATION] was killed by [GO_CYTOSOLIC_RIBOSOME,GO_CYTOSOLIC_RIBOSOME]
[GO_CYTOSOLIC_LARGE_RIBOSOMAL_SUBUNIT,GO_CYTOSOLIC_LARGE_RIBOSOMAL_SUBUNIT] was killed by [GO_CYTOSOLIC_RIBOSOME,GO_CYTOSOLIC_RIBOSOME]
[GO_STRUCTURAL_CONSTITUENT_OF_RIBOSOME,GO_STRUCTURAL_CONSTITUENT_OF_RIBOSOME] was killed by [GO_CYTOSOLIC_RIBOSOME,GO_CYTOSOLIC_RIBOSOME]
[GO_RIBOSOMAL_SUBUNIT,GO_RIBOSOMAL_SUBUNIT] was killed by [GO_CYTOSOLIC_RIBOSOME,GO_CYTOSOLIC_RIBOSOME]
[GO_CYTOSOLIC_SMALL_RIBOSOMAL_SUBUNIT,GO_CYTOSOLIC_SMALL_RIBOSOMAL_SUBUNIT] was killed by [GO_CYTOSOLIC_RIBOSOME,GO_CYTOSOLIC_RIBOSOME]
[GO_NIK_NF_KAPPAB_SIGNALING,GO_NIK_NF_KAPPAB_SIGNALING] was killed by [GO_REGULATION_OF_CELLULAR_KETONE_METABOLIC_PROCESS,GO_REGULATION_OF_CELLULAR_KETONE_METABOLIC_PROCESS]
[GO_ANAPHASE_PROMOTING_COMPLEX_DEPENDENT_CATABOLIC_PROCESS,GO_ANAPHASE_PROMOTING_COMPLEX_DEPENDENT_CATABOLIC_PROCESS] was killed by [GO_REGULATION_OF_CELLULAR_KETONE_METABOLIC_PROCESS,GO_REGULATION_OF_CELLULAR_KETONE_METABOLIC_PROCESS]
[GO_REGULATION_OF_CELLULAR_AMINO_ACID_METABOLIC_PROCESS,GO_REGULATION_OF_CELLULAR_AMINO_ACID_METABOLIC_PROCESS] was killed by [GO_REGULATION_OF_CELLULAR_KETONE_METABOLIC_PROCESS,GO_REGULATION_OF_CELLULAR_KETONE_METABOLIC_PROCESS]
[GO_NEGATIVE_REGULATION_OF_CELL_CYCLE_G2_M_PHASE_TRANSITION,GO_NEGATIVE_REGULATION_OF_CELL_CYCLE_G2_M_PHASE_TRANSITION] was killed by [GO_REGULATION_OF_CELLULAR_KETONE_METABOLIC_PROCESS,GO_REGULATION_OF_CELLULAR_KETONE_METABOLIC_PROCESS]
[GO_REGULATION_OF_CELLULAR_AMINE_METABOLIC_PROCESS,GO_REGULATION_OF_CELLULAR_AMINE_METABOLIC_PROCESS] was killed by [GO_REGULATION_OF_CELLULAR_KETONE_METABOLIC_PROCESS,GO_REGULATION_OF_CELLULAR_KETONE_METABOLIC_PROCESS]
[GO_ANTIGEN_PROCESSING_AND_PRESENTATION_OF_EXOGENOUS_PEPTIDE_ANTIGEN_VIA_MHC_CLASS_I,GO_ANTIGEN_PROCESSING_AND_PRESENTATION_OF_EXOGENOUS_PEPTIDE_ANTIGEN_VIA_MHC_CLASS_I] was killed by [GO_REGULATION_OF_CELLULAR_KETONE_METABOLIC_PROCESS,GO_REGULATION_OF_CELLULAR_KETONE_METABOLIC_PROCESS]
[GO_ENDOPEPTIDASE_COMPLEX,GO_ENDOPEPTIDASE_COMPLEX] was killed by [GO_REGULATION_OF_CELLULAR_KETONE_METABOLIC_PROCESS,GO_REGULATION_OF_CELLULAR_KETONE_METABOLIC_PROCESS]
[GO_SCF_DEPENDENT_PROTEASOMAL_UBIQUITIN_DEPENDENT_PROTEIN_CATABOLIC_PROCESS,GO_SCF_DEPENDENT_PROTEASOMAL_UBIQUITIN_DEPENDENT_PROTEIN_CATABOLIC_PROCESS] was killed by [GO_REGULATION_OF_CELLULAR_KETONE_METABOLIC_PROCESS,GO_REGULATION_OF_CELLULAR_KETONE_METABOLIC_PROCESS]
[GO_INNATE_IMMUNE_RESPONSE_ACTIVATING_CELL_SURFACE_RECEPTOR_SIGNALING_PATHWAY,GO_INNATE_IMMUNE_RESPONSE_ACTIVATING_CELL_SURFACE_RECEPTOR_SIGNALING_PATHWAY] was killed by [GO_REGULATION_OF_CELLULAR_KETONE_METABOLIC_PROCESS,GO_REGULATION_OF_CELLULAR_KETONE_METABOLIC_PROCESS]
[GO_FC_EPSILON_RECEPTOR_SIGNALING_PATHWAY,GO_FC_EPSILON_RECEPTOR_SIGNALING_PATHWAY] was killed by [GO_REGULATION_OF_CELLULAR_KETONE_METABOLIC_PROCESS,GO_REGULATION_OF_CELLULAR_KETONE_METABOLIC_PROCESS]
[GO_HEMATOPOIETIC_STEM_CELL_DIFFERENTIATION,GO_HEMATOPOIETIC_STEM_CELL_DIFFERENTIATION] was killed by [GO_REGULATION_OF_CELLULAR_KETONE_METABOLIC_PROCESS,GO_REGULATION_OF_CELLULAR_KETONE_METABOLIC_PROCESS]
[GO_ANTIGEN_PROCESSING_AND_PRESENTATION_OF_PEPTIDE_ANTIGEN,GO_ANTIGEN_PROCESSING_AND_PRESENTATION_OF_PEPTIDE_ANTIGEN] was killed by [GO_REGULATION_OF_CELLULAR_KETONE_METABOLIC_PROCESS,GO_REGULATION_OF_CELLULAR_KETONE_METABOLIC_PROCESS]
[GO_INTERLEUKIN_1_MEDIATED_SIGNALING_PATHWAY,GO_INTERLEUKIN_1_MEDIATED_SIGNALING_PATHWAY] was killed by [GO_REGULATION_OF_CELLULAR_KETONE_METABOLIC_PROCESS,GO_REGULATION_OF_CELLULAR_KETONE_METABOLIC_PROCESS]
[GO_REGULATION_OF_STEM_CELL_DIFFERENTIATION,GO_REGULATION_OF_STEM_CELL_DIFFERENTIATION] was killed by [GO_REGULATION_OF_CELLULAR_KETONE_METABOLIC_PROCESS,GO_REGULATION_OF_CELLULAR_KETONE_METABOLIC_PROCESS]
[GO_POSITIVE_REGULATION_OF_WNT_SIGNALING_PATHWAY,GO_POSITIVE_REGULATION_OF_WNT_SIGNALING_PATHWAY] was killed by [GO_REGULATION_OF_CELLULAR_KETONE_METABOLIC_PROCESS,GO_REGULATION_OF_CELLULAR_KETONE_METABOLIC_PROCESS]
[GO_ANTIGEN_PROCESSING_AND_PRESENTATION_OF_PEPTIDE_ANTIGEN_VIA_MHC_CLASS_I,GO_ANTIGEN_PROCESSING_AND_PRESENTATION_OF_PEPTIDE_ANTIGEN_VIA_MHC_CLASS_I] was killed by [GO_REGULATION_OF_CELLULAR_KETONE_METABOLIC_PROCESS,GO_REGULATION_OF_CELLULAR_KETONE_METABOLIC_PROCESS]
[GO_NEGATIVE_REGULATION_OF_CANONICAL_WNT_SIGNALING_PATHWAY,GO_NEGATIVE_REGULATION_OF_CANONICAL_WNT_SIGNALING_PATHWAY] was killed by [GO_REGULATION_OF_CELLULAR_KETONE_METABOLIC_PROCESS,GO_REGULATION_OF_CELLULAR_KETONE_METABOLIC_PROCESS]
[GO_REGULATION_OF_HEMATOPOIETIC_PROGENITOR_CELL_DIFFERENTIATION,GO_REGULATION_OF_HEMATOPOIETIC_PROGENITOR_CELL_DIFFERENTIATION] was killed by [GO_REGULATION_OF_CELLULAR_KETONE_METABOLIC_PROCESS,GO_REGULATION_OF_CELLULAR_KETONE_METABOLIC_PROCESS]
[GO_RESPIRATORY_CHAIN_COMPLEX,GO_RESPIRATORY_CHAIN_COMPLEX] was killed by [GO_RESPIRASOME,GO_RESPIRASOME]
[GO_AMINE_METABOLIC_PROCESS,GO_AMINE_METABOLIC_PROCESS] was killed by [GO_REGULATION_OF_CELLULAR_KETONE_METABOLIC_PROCESS,GO_REGULATION_OF_CELLULAR_KETONE_METABOLIC_PROCESS]
[GO_POSITIVE_REGULATION_OF_CANONICAL_WNT_SIGNALING_PATHWAY,GO_POSITIVE_REGULATION_OF_CANONICAL_WNT_SIGNALING_PATHWAY] was killed by [GO_REGULATION_OF_CELLULAR_KETONE_METABOLIC_PROCESS,GO_REGULATION_OF_CELLULAR_KETONE_METABOLIC_PROCESS]
[GO_PEPTIDASE_COMPLEX,GO_PEPTIDASE_COMPLEX] was killed by [GO_REGULATION_OF_CELLULAR_KETONE_METABOLIC_PROCESS,GO_REGULATION_OF_CELLULAR_KETONE_METABOLIC_PROCESS]
[GO_TUMOR_NECROSIS_FACTOR_MEDIATED_SIGNALING_PATHWAY,GO_TUMOR_NECROSIS_FACTOR_MEDIATED_SIGNALING_PATHWAY] was killed by [GO_REGULATION_OF_CELLULAR_KETONE_METABOLIC_PROCESS,GO_REGULATION_OF_CELLULAR_KETONE_METABOLIC_PROCESS]
[GO_REGULATION_OF_DNA_TEMPLATED_TRANSCRIPTION_IN_RESPONSE_TO_STRESS,GO_REGULATION_OF_DNA_TEMPLATED_TRANSCRIPTION_IN_RESPONSE_TO_STRESS] was killed by [GO_REGULATION_OF_CELLULAR_KETONE_METABOLIC_PROCESS,GO_REGULATION_OF_CELLULAR_KETONE_METABOLIC_PROCESS]
[GO_REGULATION_OF_ESTABLISHMENT_OF_PLANAR_POLARITY,GO_REGULATION_OF_ESTABLISHMENT_OF_PLANAR_POLARITY] was killed by [GO_REGULATION_OF_CELLULAR_KETONE_METABOLIC_PROCESS,GO_REGULATION_OF_CELLULAR_KETONE_METABOLIC_PROCESS]
[GO_MORPHOGENESIS_OF_A_POLARIZED_EPITHELIUM,GO_MORPHOGENESIS_OF_A_POLARIZED_EPITHELIUM] was killed by [GO_REGULATION_OF_CELLULAR_KETONE_METABOLIC_PROCESS,GO_REGULATION_OF_CELLULAR_KETONE_METABOLIC_PROCESS]
[GO_OXIDOREDUCTASE_COMPLEX,GO_OXIDOREDUCTASE_COMPLEX] was killed by [GO_RESPIRASOME,GO_RESPIRASOME]
[GO_ATP_SYNTHESIS_COUPLED_ELECTRON_TRANSPORT,GO_ATP_SYNTHESIS_COUPLED_ELECTRON_TRANSPORT] was killed by [GO_CYTOSOLIC_RIBOSOME,GO_CYTOSOLIC_RIBOSOME]
[GO_LARGE_RIBOSOMAL_SUBUNIT,GO_LARGE_RIBOSOMAL_SUBUNIT] was killed by [GO_CYTOSOLIC_RIBOSOME,GO_CYTOSOLIC_RIBOSOME]
[GO_T_CELL_RECEPTOR_SIGNALING_PATHWAY,GO_T_CELL_RECEPTOR_SIGNALING_PATHWAY] was killed by [GO_REGULATION_OF_CELLULAR_KETONE_METABOLIC_PROCESS,GO_REGULATION_OF_CELLULAR_KETONE_METABOLIC_PROCESS]
[GO_REGULATION_OF_MORPHOGENESIS_OF_AN_EPITHELIUM,GO_REGULATION_OF_MORPHOGENESIS_OF_AN_EPITHELIUM] was killed by [GO_REGULATION_OF_CELLULAR_KETONE_METABOLIC_PROCESS,GO_REGULATION_OF_CELLULAR_KETONE_METABOLIC_PROCESS]
[GO_REGULATION_OF_TRANSCRIPTION_FROM_RNA_POLYMERASE_II_PROMOTER_IN_RESPONSE_TO_HYPOXIA,GO_REGULATION_OF_TRANSCRIPTION_FROM_RNA_POLYMERASE_II_PROMOTER_IN_RESPONSE_TO_HYPOXIA] was killed by [GO_REGULATION_OF_CELLULAR_KETONE_METABOLIC_PROCESS,GO_REGULATION_OF_CELLULAR_KETONE_METABOLIC_PROCESS]
[GO_RNA_DEPENDENT_DNA_BIOSYNTHETIC_PROCESS,GO_RNA_DEPENDENT_DNA_BIOSYNTHETIC_PROCESS] was killed by [GO_UNFOLDED_PROTEIN_BINDING,GO_UNFOLDED_PROTEIN_BINDING]
[GO_PROTEASOME_CORE_COMPLEX,GO_PROTEASOME_CORE_COMPLEX] was killed by [GO_REGULATION_OF_CELLULAR_KETONE_METABOLIC_PROCESS,GO_REGULATION_OF_CELLULAR_KETONE_METABOLIC_PROCESS]
[GO_PROTEASOMAL_UBIQUITIN_INDEPENDENT_PROTEIN_CATABOLIC_PROCESS,GO_PROTEASOMAL_UBIQUITIN_INDEPENDENT_PROTEIN_CATABOLIC_PROCESS] was killed by [GO_REGULATION_OF_CELLULAR_KETONE_METABOLIC_PROCESS,GO_REGULATION_OF_CELLULAR_KETONE_METABOLIC_PROCESS]
[GO_THREONINE_TYPE_PEPTIDASE_ACTIVITY,GO_THREONINE_TYPE_PEPTIDASE_ACTIVITY] was killed by [GO_REGULATION_OF_CELLULAR_KETONE_METABOLIC_PROCESS,GO_REGULATION_OF_CELLULAR_KETONE_METABOLIC_PROCESS]
[GO_POSITIVE_REGULATION_OF_DNA_BIOSYNTHETIC_PROCESS,GO_POSITIVE_REGULATION_OF_DNA_BIOSYNTHETIC_PROCESS] was killed by [GO_UNFOLDED_PROTEIN_BINDING,GO_UNFOLDED_PROTEIN_BINDING]
[GO_HEMATOPOIETIC_PROGENITOR_CELL_DIFFERENTIATION,GO_HEMATOPOIETIC_PROGENITOR_CELL_DIFFERENTIATION] was killed by [GO_REGULATION_OF_CELLULAR_KETONE_METABOLIC_PROCESS,GO_REGULATION_OF_CELLULAR_KETONE_METABOLIC_PROCESS]
[GO_FICOLIN_1_RICH_GRANULE,GO_FICOLIN_1_RICH_GRANULE] was killed by [GO_REGULATION_OF_CELLULAR_KETONE_METABOLIC_PROCESS,GO_REGULATION_OF_CELLULAR_KETONE_METABOLIC_PROCESS]
[GO_RESPIRATORY_ELECTRON_TRANSPORT_CHAIN,GO_RESPIRATORY_ELECTRON_TRANSPORT_CHAIN] was killed by [GO_CYTOSOLIC_RIBOSOME,GO_CYTOSOLIC_RIBOSOME]
[GO_CHAPERONE_COMPLEX,GO_CHAPERONE_COMPLEX] was killed by [GO_UNFOLDED_PROTEIN_BINDING,GO_UNFOLDED_PROTEIN_BINDING]
[GO_RIBOSOMAL_SMALL_SUBUNIT_BIOGENESIS,GO_RIBOSOMAL_SMALL_SUBUNIT_BIOGENESIS] was killed by [GO_CYTOSOLIC_RIBOSOME,GO_CYTOSOLIC_RIBOSOME]
[GO_ADP_METABOLIC_PROCESS,GO_ADP_METABOLIC_PROCESS] was killed by [GO_PYRUVATE_METABOLIC_PROCESS,GO_PYRUVATE_METABOLIC_PROCESS]
[GO_TELOMERE_MAINTENANCE_VIA_TELOMERE_LENGTHENING,GO_TELOMERE_MAINTENANCE_VIA_TELOMERE_LENGTHENING] was killed by [GO_UNFOLDED_PROTEIN_BINDING,GO_UNFOLDED_PROTEIN_BINDING]
[GO_OXIDATIVE_PHOSPHORYLATION,GO_OXIDATIVE_PHOSPHORYLATION] was killed by [GO_CYTOSOLIC_RIBOSOME,GO_CYTOSOLIC_RIBOSOME]
[GO_POSITIVE_REGULATION_OF_DNA_METABOLIC_PROCESS,GO_POSITIVE_REGULATION_OF_DNA_METABOLIC_PROCESS] was killed by [GO_UNFOLDED_PROTEIN_BINDING,GO_UNFOLDED_PROTEIN_BINDING]
[GO_MITOCHONDRIAL_ELECTRON_TRANSPORT_NADH_TO_UBIQUINONE,GO_MITOCHONDRIAL_ELECTRON_TRANSPORT_NADH_TO_UBIQUINONE] was killed by [GO_RESPIRASOME,GO_RESPIRASOME]
[GO_ELECTRON_TRANSPORT_CHAIN,GO_ELECTRON_TRANSPORT_CHAIN] was killed by [GO_CYTOSOLIC_RIBOSOME,GO_CYTOSOLIC_RIBOSOME]
[GO_POSITIVE_REGULATION_OF_CHROMOSOME_ORGANIZATION,GO_POSITIVE_REGULATION_OF_CHROMOSOME_ORGANIZATION] was killed by [GO_NUCLEAR_PERIPHERY,GO_NUCLEAR_PERIPHERY]
[GO_REGULATION_OF_MRNA_CATABOLIC_PROCESS,GO_REGULATION_OF_MRNA_CATABOLIC_PROCESS] was killed by [GO_REGULATION_OF_CELLULAR_KETONE_METABOLIC_PROCESS,GO_REGULATION_OF_CELLULAR_KETONE_METABOLIC_PROCESS]
[GO_NON_CANONICAL_WNT_SIGNALING_PATHWAY,GO_NON_CANONICAL_WNT_SIGNALING_PATHWAY] was killed by [GO_REGULATION_OF_CELLULAR_KETONE_METABOLIC_PROCESS,GO_REGULATION_OF_CELLULAR_KETONE_METABOLIC_PROCESS]
[GO_NADH_DEHYDROGENASE_COMPLEX,GO_NADH_DEHYDROGENASE_COMPLEX] was killed by [GO_RESPIRASOME,GO_RESPIRASOME]
[GO_OXIDOREDUCTASE_ACTIVITY_ACTING_ON_NAD_P_H_QUINONE_OR_SIMILAR_COMPOUND_AS_ACCEPTOR,GO_OXIDOREDUCTASE_ACTIVITY_ACTING_ON_NAD_P_H_QUINONE_OR_SIMILAR_COMPOUND_AS_ACCEPTOR] was killed by [GO_RESPIRASOME,GO_RESPIRASOME]
[GO_OXIDOREDUCTASE_ACTIVITY_ACTING_ON_NAD_P_H,GO_OXIDOREDUCTASE_ACTIVITY_ACTING_ON_NAD_P_H] was killed by [GO_RESPIRASOME,GO_RESPIRASOME]
[GO_HEAT_SHOCK_PROTEIN_BINDING,GO_HEAT_SHOCK_PROTEIN_BINDING] was killed by [GO_UNFOLDED_PROTEIN_BINDING,GO_UNFOLDED_PROTEIN_BINDING]
[GO_NADH_DEHYDROGENASE_ACTIVITY,GO_NADH_DEHYDROGENASE_ACTIVITY] was killed by [GO_RESPIRASOME,GO_RESPIRASOME]
[GO_REGULATION_OF_DNA_BIOSYNTHETIC_PROCESS,GO_REGULATION_OF_DNA_BIOSYNTHETIC_PROCESS] was killed by [GO_NUCLEAR_PERIPHERY,GO_NUCLEAR_PERIPHERY]
[GO_NUCLEAR_MATRIX,GO_NUCLEAR_MATRIX] was killed by [GO_NUCLEAR_PERIPHERY,GO_NUCLEAR_PERIPHERY]
[GO_CELLULAR_RESPONSE_TO_HEAT,GO_CELLULAR_RESPONSE_TO_HEAT] was killed by [GO_UNFOLDED_PROTEIN_BINDING,GO_UNFOLDED_PROTEIN_BINDING]
[GO_RESPONSE_TO_TOPOLOGICALLY_INCORRECT_PROTEIN,GO_RESPONSE_TO_TOPOLOGICALLY_INCORRECT_PROTEIN] was killed by [GO_UNFOLDED_PROTEIN_BINDING,GO_UNFOLDED_PROTEIN_BINDING]
[GO_NADH_DEHYDROGENASE_COMPLEX_ASSEMBLY,GO_NADH_DEHYDROGENASE_COMPLEX_ASSEMBLY] was killed by [GO_RESPIRASOME,GO_RESPIRASOME]
[GO_POLYSOMAL_RIBOSOME,GO_POLYSOMAL_RIBOSOME] was killed by [GO_CYTOSOLIC_RIBOSOME,GO_CYTOSOLIC_RIBOSOME]
[GO_PROTEIN_LOCALIZATION_TO_CHROMOSOME,GO_PROTEIN_LOCALIZATION_TO_CHROMOSOME] was killed by [GO_UNFOLDED_PROTEIN_BINDING,GO_UNFOLDED_PROTEIN_BINDING]
[GO_MITOCHONDRIAL_RESPIRATORY_CHAIN_COMPLEX_ASSEMBLY,GO_MITOCHONDRIAL_RESPIRATORY_CHAIN_COMPLEX_ASSEMBLY] was killed by [GO_CYTOSOLIC_RIBOSOME,GO_CYTOSOLIC_RIBOSOME]
[GO_REGULATION_OF_TELOMERE_MAINTENANCE,GO_REGULATION_OF_TELOMERE_MAINTENANCE] was killed by [GO_UNFOLDED_PROTEIN_BINDING,GO_UNFOLDED_PROTEIN_BINDING]
[GO_REGULATION_OF_NUCLEAR_DIVISION,GO_REGULATION_OF_NUCLEAR_DIVISION] was killed by [GO_NUCLEAR_PERIPHERY,GO_NUCLEAR_PERIPHERY]
[GO_NUCLEOTIDE_PHOSPHORYLATION,GO_NUCLEOTIDE_PHOSPHORYLATION] was killed by [GO_PYRUVATE_METABOLIC_PROCESS,GO_PYRUVATE_METABOLIC_PROCESS]
[GO_SISTER_CHROMATID_SEGREGATION,GO_SISTER_CHROMATID_SEGREGATION] was killed by [GO_CYTOSOLIC_RIBOSOME,GO_CYTOSOLIC_RIBOSOME]
[GO_ISOMERASE_ACTIVITY,GO_ISOMERASE_ACTIVITY] was killed by [GO_PYRUVATE_METABOLIC_PROCESS,GO_PYRUVATE_METABOLIC_PROCESS]
[GO_CHAPERONE_MEDIATED_PROTEIN_FOLDING,GO_CHAPERONE_MEDIATED_PROTEIN_FOLDING] was killed by [GO_UNFOLDED_PROTEIN_BINDING,GO_UNFOLDED_PROTEIN_BINDING]
[GO_PROTEASOME_ACCESSORY_COMPLEX,GO_PROTEASOME_ACCESSORY_COMPLEX] was killed by [GO_REGULATION_OF_CELLULAR_KETONE_METABOLIC_PROCESS,GO_REGULATION_OF_CELLULAR_KETONE_METABOLIC_PROCESS]
[GO_POSITIVE_REGULATION_OF_PROTEIN_LOCALIZATION_TO_NUCLEUS,GO_POSITIVE_REGULATION_OF_PROTEIN_LOCALIZATION_TO_NUCLEUS] was killed by [GO_UNFOLDED_PROTEIN_BINDING,GO_UNFOLDED_PROTEIN_BINDING]
[GO_POLYSOME,GO_POLYSOME] was killed by [GO_CYTOSOLIC_RIBOSOME,GO_CYTOSOLIC_RIBOSOME]
[GO_PROTEASOME_CORE_COMPLEX_ALPHA_SUBUNIT_COMPLEX,GO_PROTEASOME_CORE_COMPLEX_ALPHA_SUBUNIT_COMPLEX] was killed by [GO_REGULATION_OF_CELLULAR_KETONE_METABOLIC_PROCESS,GO_REGULATION_OF_CELLULAR_KETONE_METABOLIC_PROCESS]
[GO_MATURATION_OF_SSU_RRNA,GO_MATURATION_OF_SSU_RRNA] was killed by [GO_CYTOSOLIC_RIBOSOME,GO_CYTOSOLIC_RIBOSOME]
[GO_CELLULAR_RESPIRATION,GO_CELLULAR_RESPIRATION] was killed by [GO_CYTOSOLIC_RIBOSOME,GO_CYTOSOLIC_RIBOSOME]
[GO_REGULATION_OF_PROTEIN_LOCALIZATION_TO_NUCLEUS,GO_REGULATION_OF_PROTEIN_LOCALIZATION_TO_NUCLEUS] was killed by [GO_UNFOLDED_PROTEIN_BINDING,GO_UNFOLDED_PROTEIN_BINDING]
[GO_CYTOPLASMIC_TRANSLATION,GO_CYTOPLASMIC_TRANSLATION] was killed by [GO_CYTOSOLIC_RIBOSOME,GO_CYTOSOLIC_RIBOSOME]
[GO_REGULATION_OF_CHROMOSOME_SEGREGATION,GO_REGULATION_OF_CHROMOSOME_SEGREGATION] was killed by [GO_NUCLEAR_PERIPHERY,GO_NUCLEAR_PERIPHERY]
[GO_NAD_METABOLIC_PROCESS,GO_NAD_METABOLIC_PROCESS] was killed by [GO_PYRUVATE_METABOLIC_PROCESS,GO_PYRUVATE_METABOLIC_PROCESS]
[GO_REGULATION_OF_TELOMERE_MAINTENANCE_VIA_TELOMERE_LENGTHENING,GO_REGULATION_OF_TELOMERE_MAINTENANCE_VIA_TELOMERE_LENGTHENING] was killed by [GO_UNFOLDED_PROTEIN_BINDING,GO_UNFOLDED_PROTEIN_BINDING]
[GO_REGULATION_OF_RESPONSE_TO_OXIDATIVE_STRESS,GO_REGULATION_OF_RESPONSE_TO_OXIDATIVE_STRESS] was killed by [GO_NUCLEAR_PERIPHERY,GO_NUCLEAR_PERIPHERY]
[GO_NUCLEOSIDE_DIPHOSPHATE_METABOLIC_PROCESS,GO_NUCLEOSIDE_DIPHOSPHATE_METABOLIC_PROCESS] was killed by [GO_PYRUVATE_METABOLIC_PROCESS,GO_PYRUVATE_METABOLIC_PROCESS]
[GO_POSITIVE_REGULATION_OF_INTRINSIC_APOPTOTIC_SIGNALING_PATHWAY,GO_POSITIVE_REGULATION_OF_INTRINSIC_APOPTOTIC_SIGNALING_PATHWAY] was killed by [GO_CYTOSOLIC_RIBOSOME,GO_CYTOSOLIC_RIBOSOME]
[GO_CONDENSED_CHROMOSOME_CENTROMERIC_REGION,GO_CONDENSED_CHROMOSOME_CENTROMERIC_REGION] was killed by [GO_NUCLEAR_PERIPHERY,GO_NUCLEAR_PERIPHERY]
[GO_CELLULAR_RESPONSE_TO_TOPOLOGICALLY_INCORRECT_PROTEIN,GO_CELLULAR_RESPONSE_TO_TOPOLOGICALLY_INCORRECT_PROTEIN] was killed by [GO_UNFOLDED_PROTEIN_BINDING,GO_UNFOLDED_PROTEIN_BINDING]
[GO_TOXIN_TRANSPORT,GO_TOXIN_TRANSPORT] was killed by [GO_UNFOLDED_PROTEIN_BINDING,GO_UNFOLDED_PROTEIN_BINDING]
[GO_POSITIVE_REGULATION_OF_ESTABLISHMENT_OF_PROTEIN_LOCALIZATION_TO_TELOMERE,GO_POSITIVE_REGULATION_OF_ESTABLISHMENT_OF_PROTEIN_LOCALIZATION_TO_TELOMERE] was killed by [GO_UNFOLDED_PROTEIN_BINDING,GO_UNFOLDED_PROTEIN_BINDING]
[GO_REGULATION_OF_SPINDLE_ASSEMBLY,GO_REGULATION_OF_SPINDLE_ASSEMBLY] was killed by [GO_NUCLEAR_PERIPHERY,GO_NUCLEAR_PERIPHERY]
[GO_MITOTIC_SISTER_CHROMATID_SEGREGATION,GO_MITOTIC_SISTER_CHROMATID_SEGREGATION] was killed by [GO_CYTOSOLIC_RIBOSOME,GO_CYTOSOLIC_RIBOSOME]
[GO_REGULATION_OF_LEUKOCYTE_MEDIATED_IMMUNITY,GO_REGULATION_OF_LEUKOCYTE_MEDIATED_IMMUNITY] was killed by [GO_POSITIVE_REGULATION_OF_LYMPHOCYTE_MEDIATED_IMMUNITY,GO_POSITIVE_REGULATION_OF_LYMPHOCYTE_MEDIATED_IMMUNITY]
[GO_TRANSITION_METAL_ION_TRANSPORT,GO_TRANSITION_METAL_ION_TRANSPORT] was killed by [GO_POSITIVE_REGULATION_OF_LYMPHOCYTE_MEDIATED_IMMUNITY,GO_POSITIVE_REGULATION_OF_LYMPHOCYTE_MEDIATED_IMMUNITY]
[GO_ENDOPLASMIC_RETICULUM_UNFOLDED_PROTEIN_RESPONSE,GO_ENDOPLASMIC_RETICULUM_UNFOLDED_PROTEIN_RESPONSE] was killed by [GO_UNFOLDED_PROTEIN_BINDING,GO_UNFOLDED_PROTEIN_BINDING]
[GO_RESPONSE_TO_HEAT,GO_RESPONSE_TO_HEAT] was killed by [GO_CYTOSOLIC_RIBOSOME,GO_CYTOSOLIC_RIBOSOME]
[GO_REGULATION_OF_SPINDLE_ORGANIZATION,GO_REGULATION_OF_SPINDLE_ORGANIZATION] was killed by [GO_NUCLEAR_PERIPHERY,GO_NUCLEAR_PERIPHERY]
[GO_POSITIVE_REGULATION_OF_TELOMERE_MAINTENANCE,GO_POSITIVE_REGULATION_OF_TELOMERE_MAINTENANCE] was killed by [GO_UNFOLDED_PROTEIN_BINDING,GO_UNFOLDED_PROTEIN_BINDING]
[GO_POSITIVE_REGULATION_OF_LEUKOCYTE_MEDIATED_IMMUNITY,GO_POSITIVE_REGULATION_OF_LEUKOCYTE_MEDIATED_IMMUNITY] was killed by [GO_POSITIVE_REGULATION_OF_LYMPHOCYTE_MEDIATED_IMMUNITY,GO_POSITIVE_REGULATION_OF_LYMPHOCYTE_MEDIATED_IMMUNITY]
[GO_REGULATION_OF_LYMPHOCYTE_MEDIATED_IMMUNITY,GO_REGULATION_OF_LYMPHOCYTE_MEDIATED_IMMUNITY] was killed by [GO_POSITIVE_REGULATION_OF_LYMPHOCYTE_MEDIATED_IMMUNITY,GO_POSITIVE_REGULATION_OF_LYMPHOCYTE_MEDIATED_IMMUNITY]
[GO_PROTEIN_LOCALIZATION_TO_CHROMOSOME_TELOMERIC_REGION,GO_PROTEIN_LOCALIZATION_TO_CHROMOSOME_TELOMERIC_REGION] was killed by [GO_UNFOLDED_PROTEIN_BINDING,GO_UNFOLDED_PROTEIN_BINDING]
[GO_ROUGH_ENDOPLASMIC_RETICULUM,GO_ROUGH_ENDOPLASMIC_RETICULUM] was killed by [GO_CYTOSOLIC_RIBOSOME,GO_CYTOSOLIC_RIBOSOME]
[GO_REGULATION_OF_INTRINSIC_APOPTOTIC_SIGNALING_PATHWAY,GO_REGULATION_OF_INTRINSIC_APOPTOTIC_SIGNALING_PATHWAY] was killed by [GO_CYTOSOLIC_RIBOSOME,GO_CYTOSOLIC_RIBOSOME]
[GO_REGULATION_OF_CHROMOSOME_SEPARATION,GO_REGULATION_OF_CHROMOSOME_SEPARATION] was killed by [GO_NUCLEAR_PERIPHERY,GO_NUCLEAR_PERIPHERY]
[GO_PROTEIN_STABILIZATION,GO_PROTEIN_STABILIZATION] was killed by [GO_UNFOLDED_PROTEIN_BINDING,GO_UNFOLDED_PROTEIN_BINDING]
[GO_VACUOLAR_LUMEN,GO_VACUOLAR_LUMEN] was killed by [GO_UNFOLDED_PROTEIN_BINDING,GO_UNFOLDED_PROTEIN_BINDING]
[GO_CELL_DEATH_IN_RESPONSE_TO_OXIDATIVE_STRESS,GO_CELL_DEATH_IN_RESPONSE_TO_OXIDATIVE_STRESS] was killed by [GO_NUCLEAR_PERIPHERY,GO_NUCLEAR_PERIPHERY]
[GO_NUCLEOSOME_ORGANIZATION,GO_NUCLEOSOME_ORGANIZATION] was killed by [GO_CYTOSOLIC_RIBOSOME,GO_CYTOSOLIC_RIBOSOME]
[GO_MRNA_EXPORT_FROM_NUCLEUS,GO_MRNA_EXPORT_FROM_NUCLEUS] was killed by [GO_NUCLEAR_PERIPHERY,GO_NUCLEAR_PERIPHERY]
[GO_POSITIVE_REGULATION_OF_TELOMERASE_ACTIVITY,GO_POSITIVE_REGULATION_OF_TELOMERASE_ACTIVITY] was killed by [GO_UNFOLDED_PROTEIN_BINDING,GO_UNFOLDED_PROTEIN_BINDING]
[GO_NADH_METABOLIC_PROCESS,GO_NADH_METABOLIC_PROCESS] was killed by [GO_PYRUVATE_METABOLIC_PROCESS,GO_PYRUVATE_METABOLIC_PROCESS]
[GO_ESTABLISHMENT_OF_PROTEIN_LOCALIZATION_TO_TELOMERE,GO_ESTABLISHMENT_OF_PROTEIN_LOCALIZATION_TO_TELOMERE] was killed by [GO_UNFOLDED_PROTEIN_BINDING,GO_UNFOLDED_PROTEIN_BINDING]
[GO_REGULATION_OF_ESTABLISHMENT_OF_PROTEIN_LOCALIZATION_TO_CHROMOSOME,GO_REGULATION_OF_ESTABLISHMENT_OF_PROTEIN_LOCALIZATION_TO_CHROMOSOME] was killed by [GO_UNFOLDED_PROTEIN_BINDING,GO_UNFOLDED_PROTEIN_BINDING]
[GO_REGULATION_OF_HISTONE_MODIFICATION,GO_REGULATION_OF_HISTONE_MODIFICATION] was killed by [GO_NUCLEAR_PERIPHERY,GO_NUCLEAR_PERIPHERY]
[GO_REGULATION_OF_MITOTIC_SPINDLE_ASSEMBLY,GO_REGULATION_OF_MITOTIC_SPINDLE_ASSEMBLY] was killed by [GO_NUCLEAR_PERIPHERY,GO_NUCLEAR_PERIPHERY]
[GO_PHOSPHOLIPASE_INHIBITOR_ACTIVITY,GO_PHOSPHOLIPASE_INHIBITOR_ACTIVITY] was killed by [GO_REGULATION_OF_CELLULAR_KETONE_METABOLIC_PROCESS,GO_REGULATION_OF_CELLULAR_KETONE_METABOLIC_PROCESS]
[GO_LIPASE_INHIBITOR_ACTIVITY,GO_LIPASE_INHIBITOR_ACTIVITY] was killed by [GO_REGULATION_OF_CELLULAR_KETONE_METABOLIC_PROCESS,GO_REGULATION_OF_CELLULAR_KETONE_METABOLIC_PROCESS]
[GO_PROTEASOME_CORE_COMPLEX_BETA_SUBUNIT_COMPLEX,GO_PROTEASOME_CORE_COMPLEX_BETA_SUBUNIT_COMPLEX] was killed by [GO_REGULATION_OF_CELLULAR_KETONE_METABOLIC_PROCESS,GO_REGULATION_OF_CELLULAR_KETONE_METABOLIC_PROCESS]
[GO_P_BODY,GO_P_BODY] was killed by [GO_REGULATION_OF_CELLULAR_KETONE_METABOLIC_PROCESS,GO_REGULATION_OF_CELLULAR_KETONE_METABOLIC_PROCESS]
[GO_RRNA_BINDING,GO_RRNA_BINDING] was killed by [GO_CYTOSOLIC_RIBOSOME,GO_CYTOSOLIC_RIBOSOME]
[GO_PEPTIDYL_LYSINE_METHYLATION,GO_PEPTIDYL_LYSINE_METHYLATION] was killed by [GO_NUCLEAR_PERIPHERY,GO_NUCLEAR_PERIPHERY]
[GO_ESTABLISHMENT_OF_PROTEIN_LOCALIZATION_TO_CHROMOSOME,GO_ESTABLISHMENT_OF_PROTEIN_LOCALIZATION_TO_CHROMOSOME] was killed by [GO_UNFOLDED_PROTEIN_BINDING,GO_UNFOLDED_PROTEIN_BINDING]
[GO_POSITIVE_REGULATION_OF_DNA_REPAIR,GO_POSITIVE_REGULATION_OF_DNA_REPAIR] was killed by [GO_POSITIVE_REGULATION_OF_LYMPHOCYTE_MEDIATED_IMMUNITY,GO_POSITIVE_REGULATION_OF_LYMPHOCYTE_MEDIATED_IMMUNITY]
[GO_GLYCOLYTIC_PROCESS_THROUGH_FRUCTOSE_6_PHOSPHATE,GO_GLYCOLYTIC_PROCESS_THROUGH_FRUCTOSE_6_PHOSPHATE] was killed by [GO_PYRUVATE_METABOLIC_PROCESS,GO_PYRUVATE_METABOLIC_PROCESS]
[GO_GLUCOSE_CATABOLIC_PROCESS,GO_GLUCOSE_CATABOLIC_PROCESS] was killed by [GO_PYRUVATE_METABOLIC_PROCESS,GO_PYRUVATE_METABOLIC_PROCESS]
[GO_CHAPERONE_MEDIATED_PROTEIN_COMPLEX_ASSEMBLY,GO_CHAPERONE_MEDIATED_PROTEIN_COMPLEX_ASSEMBLY] was killed by [GO_UNFOLDED_PROTEIN_BINDING,GO_UNFOLDED_PROTEIN_BINDING]
[GO_CHAPERONIN_CONTAINING_T_COMPLEX,GO_CHAPERONIN_CONTAINING_T_COMPLEX] was killed by [GO_UNFOLDED_PROTEIN_BINDING,GO_UNFOLDED_PROTEIN_BINDING]
[GO_INNER_MITOCHONDRIAL_MEMBRANE_PROTEIN_COMPLEX,GO_INNER_MITOCHONDRIAL_MEMBRANE_PROTEIN_COMPLEX] was killed by [GO_CYTOSOLIC_RIBOSOME,GO_CYTOSOLIC_RIBOSOME]
[GO_REGULATION_OF_OXIDATIVE_STRESS_INDUCED_CELL_DEATH,GO_REGULATION_OF_OXIDATIVE_STRESS_INDUCED_CELL_DEATH] was killed by [GO_NUCLEAR_PERIPHERY,GO_NUCLEAR_PERIPHERY]
[GO_POSITIVE_REGULATION_OF_TELOMERE_MAINTENANCE_VIA_TELOMERE_LENGTHENING,GO_POSITIVE_REGULATION_OF_TELOMERE_MAINTENANCE_VIA_TELOMERE_LENGTHENING] was killed by [GO_UNFOLDED_PROTEIN_BINDING,GO_UNFOLDED_PROTEIN_BINDING]
[GO_RIBOSOMAL_LARGE_SUBUNIT_BIOGENESIS,GO_RIBOSOMAL_LARGE_SUBUNIT_BIOGENESIS] was killed by [GO_CYTOSOLIC_RIBOSOME,GO_CYTOSOLIC_RIBOSOME]
[GO_SMALL_RIBOSOMAL_SUBUNIT,GO_SMALL_RIBOSOMAL_SUBUNIT] was killed by [GO_CYTOSOLIC_RIBOSOME,GO_CYTOSOLIC_RIBOSOME]
[GO_CHROMATIN_REMODELING,GO_CHROMATIN_REMODELING] was killed by [GO_CYTOSOLIC_RIBOSOME,GO_CYTOSOLIC_RIBOSOME]
[GO_CHROMOSOME_SEPARATION,GO_CHROMOSOME_SEPARATION] was killed by [GO_NUCLEAR_PERIPHERY,GO_NUCLEAR_PERIPHERY]
[GO_IRON_ION_TRANSPORT,GO_IRON_ION_TRANSPORT] was killed by [GO_POSITIVE_REGULATION_OF_LYMPHOCYTE_MEDIATED_IMMUNITY,GO_POSITIVE_REGULATION_OF_LYMPHOCYTE_MEDIATED_IMMUNITY]
[GO_PROTEIN_LOCALIZATION_TO_NUCLEOPLASM,GO_PROTEIN_LOCALIZATION_TO_NUCLEOPLASM] was killed by [GO_UNFOLDED_PROTEIN_BINDING,GO_UNFOLDED_PROTEIN_BINDING]
[GO_REGULATION_OF_ORGANELLE_ASSEMBLY,GO_REGULATION_OF_ORGANELLE_ASSEMBLY] was killed by [GO_NUCLEAR_PERIPHERY,GO_NUCLEAR_PERIPHERY]
[GO_FATTY_ACID_DERIVATIVE_METABOLIC_PROCESS,GO_FATTY_ACID_DERIVATIVE_METABOLIC_PROCESS] was killed by [GO_REGULATION_OF_CELLULAR_KETONE_METABOLIC_PROCESS,GO_REGULATION_OF_CELLULAR_KETONE_METABOLIC_PROCESS]
[GO_CHROMATIN_ASSEMBLY_OR_DISASSEMBLY,GO_CHROMATIN_ASSEMBLY_OR_DISASSEMBLY] was killed by [GO_CYTOSOLIC_RIBOSOME,GO_CYTOSOLIC_RIBOSOME]
[GO_REGULATION_OF_UBIQUITIN_DEPENDENT_PROTEIN_CATABOLIC_PROCESS,GO_REGULATION_OF_UBIQUITIN_DEPENDENT_PROTEIN_CATABOLIC_PROCESS] was killed by [GO_PEPTIDYL_THREONINE_MODIFICATION,GO_PEPTIDYL_THREONINE_MODIFICATION]
[GO_NEGATIVE_REGULATION_OF_TRANSMEMBRANE_TRANSPORT,GO_NEGATIVE_REGULATION_OF_TRANSMEMBRANE_TRANSPORT] was killed by [GO_REGULATION_OF_CELLULAR_KETONE_METABOLIC_PROCESS,GO_REGULATION_OF_CELLULAR_KETONE_METABOLIC_PROCESS]
[GO_METAPHASE_ANAPHASE_TRANSITION_OF_CELL_CYCLE,GO_METAPHASE_ANAPHASE_TRANSITION_OF_CELL_CYCLE] was killed by [GO_NUCLEAR_PERIPHERY,GO_NUCLEAR_PERIPHERY]
[GO_REGULATION_OF_PRODUCTION_OF_MOLECULAR_MEDIATOR_OF_IMMUNE_RESPONSE,GO_REGULATION_OF_PRODUCTION_OF_MOLECULAR_MEDIATOR_OF_IMMUNE_RESPONSE] was killed by [GO_POSITIVE_REGULATION_OF_LYMPHOCYTE_MEDIATED_IMMUNITY,GO_POSITIVE_REGULATION_OF_LYMPHOCYTE_MEDIATED_IMMUNITY]
[GO_BASAL_TRANSCRIPTION_MACHINERY_BINDING,GO_BASAL_TRANSCRIPTION_MACHINERY_BINDING] was killed by [GO_NUCLEAR_PERIPHERY,GO_NUCLEAR_PERIPHERY]
