[GSE18893_TCONV_VS_TREG_24H_TNF_STIM_UP,GSE18893_TCONV_VS_TREG_24H_TNF_STIM_UP] was killed by [GSE13547_2H_VS_12_H_ANTI_IGM_STIM_BCELL_DN,GSE13547_2H_VS_12_H_ANTI_IGM_STIM_BCELL_DN]
[GSE14000_TRANSLATED_RNA_VS_MRNA_DC_DN,GSE14000_TRANSLATED_RNA_VS_MRNA_DC_DN] was killed by [GSE14000_TRANSLATED_RNA_VS_MRNA_16H_LPS_DC_DN,GSE14000_TRANSLATED_RNA_VS_MRNA_16H_LPS_DC_DN]
[GSE14415_INDUCED_TREG_VS_TCONV_UP,GSE14415_INDUCED_TREG_VS_TCONV_UP] was killed by [GSE13547_2H_VS_12_H_ANTI_IGM_STIM_BCELL_DN,GSE13547_2H_VS_12_H_ANTI_IGM_STIM_BCELL_DN]
[GSE14415_ACT_VS_CTRL_NATURAL_TREG_UP,GSE14415_ACT_VS_CTRL_NATURAL_TREG_UP] was killed by [GSE13547_2H_VS_12_H_ANTI_IGM_STIM_BCELL_DN,GSE13547_2H_VS_12_H_ANTI_IGM_STIM_BCELL_DN]
[GSE42724_NAIVE_VS_B1_BCELL_DN,GSE42724_NAIVE_VS_B1_BCELL_DN] was killed by [GSE42021_CD24LO_TREG_VS_CD24LO_TCONV_THYMUS_DN,GSE42021_CD24LO_TREG_VS_CD24LO_TCONV_THYMUS_DN]
[GSE36476_CTRL_VS_TSST_ACT_72H_MEMORY_CD4_TCELL_YOUNG_DN,GSE36476_CTRL_VS_TSST_ACT_72H_MEMORY_CD4_TCELL_YOUNG_DN] was killed by [GSE13547_2H_VS_12_H_ANTI_IGM_STIM_BCELL_DN,GSE13547_2H_VS_12_H_ANTI_IGM_STIM_BCELL_DN]
[GSE14000_TRANSLATED_RNA_VS_MRNA_4H_LPS_DC_DN,GSE14000_TRANSLATED_RNA_VS_MRNA_4H_LPS_DC_DN] was killed by [GSE14000_TRANSLATED_RNA_VS_MRNA_16H_LPS_DC_DN,GSE14000_TRANSLATED_RNA_VS_MRNA_16H_LPS_DC_DN]
[GSE29617_CTRL_VS_DAY3_TIV_FLU_VACCINE_PBMC_2008_DN,GSE29617_CTRL_VS_DAY3_TIV_FLU_VACCINE_PBMC_2008_DN] was killed by [GSE42021_CD24LO_TREG_VS_CD24LO_TCONV_THYMUS_DN,GSE42021_CD24LO_TREG_VS_CD24LO_TCONV_THYMUS_DN]
[GSE10239_NAIVE_VS_KLRG1INT_EFF_CD8_TCELL_DN,GSE10239_NAIVE_VS_KLRG1INT_EFF_CD8_TCELL_DN] was killed by [GSE13547_2H_VS_12_H_ANTI_IGM_STIM_BCELL_DN,GSE13547_2H_VS_12_H_ANTI_IGM_STIM_BCELL_DN]
[GSE42021_TREG_PLN_VS_CD24INT_TREG_THYMUS_DN,GSE42021_TREG_PLN_VS_CD24INT_TREG_THYMUS_DN] was killed by [GSE2770_TGFB_AND_IL4_ACT_VS_ACT_CD4_TCELL_48H_UP,GSE2770_TGFB_AND_IL4_ACT_VS_ACT_CD4_TCELL_48H_UP]
[GSE42021_CD24INT_TREG_VS_CD24INT_TCONV_THYMUS_UP,GSE42021_CD24INT_TREG_VS_CD24INT_TCONV_THYMUS_UP] was killed by [GSE42021_CD24LO_TREG_VS_CD24LO_TCONV_THYMUS_DN,GSE42021_CD24LO_TREG_VS_CD24LO_TCONV_THYMUS_DN]
[GSE24026_PD1_LIGATION_VS_CTRL_IN_ACT_TCELL_LINE_UP,GSE24026_PD1_LIGATION_VS_CTRL_IN_ACT_TCELL_LINE_UP] was killed by [GSE2770_TGFB_AND_IL4_ACT_VS_ACT_CD4_TCELL_48H_UP,GSE2770_TGFB_AND_IL4_ACT_VS_ACT_CD4_TCELL_48H_UP]
[GSE2770_IL12_ACT_VS_ACT_CD4_TCELL_2H_DN,GSE2770_IL12_ACT_VS_ACT_CD4_TCELL_2H_DN] was killed by [GSE2770_TGFB_AND_IL4_ACT_VS_ACT_CD4_TCELL_48H_UP,GSE2770_TGFB_AND_IL4_ACT_VS_ACT_CD4_TCELL_48H_UP]
[GSE40666_WT_VS_STAT1_KO_CD8_TCELL_WITH_IFNA_STIM_90MIN_DN,GSE40666_WT_VS_STAT1_KO_CD8_TCELL_WITH_IFNA_STIM_90MIN_DN] was killed by [GSE13547_2H_VS_12_H_ANTI_IGM_STIM_BCELL_DN,GSE13547_2H_VS_12_H_ANTI_IGM_STIM_BCELL_DN]
[GSE1432_1H_VS_6H_IFNG_MICROGLIA_DN,GSE1432_1H_VS_6H_IFNG_MICROGLIA_DN] was killed by [GSE2770_TGFB_AND_IL4_ACT_VS_ACT_CD4_TCELL_48H_UP,GSE2770_TGFB_AND_IL4_ACT_VS_ACT_CD4_TCELL_48H_UP]
[GSE1460_DP_VS_CD4_THYMOCYTE_UP,GSE1460_DP_VS_CD4_THYMOCYTE_UP] was killed by [GSE1460_INTRATHYMIC_T_PROGENITOR_VS_CD4_THYMOCYTE_UP,GSE1460_INTRATHYMIC_T_PROGENITOR_VS_CD4_THYMOCYTE_UP]
[GSE17721_12H_VS_24H_CPG_BMDC_DN,GSE17721_12H_VS_24H_CPG_BMDC_DN] was killed by [GSE14000_TRANSLATED_RNA_VS_MRNA_DC_UP,GSE14000_TRANSLATED_RNA_VS_MRNA_DC_UP]
[GSE43955_1H_VS_20H_ACT_CD4_TCELL_DN,GSE43955_1H_VS_20H_ACT_CD4_TCELL_DN] was killed by [GSE6269_HEALTHY_VS_STAPH_AUREUS_INF_PBMC_UP,GSE6269_HEALTHY_VS_STAPH_AUREUS_INF_PBMC_UP]
[GSE2706_2H_VS_8H_R848_AND_LPS_STIM_DC_UP,GSE2706_2H_VS_8H_R848_AND_LPS_STIM_DC_UP] was killed by [GSE45837_WT_VS_GFI1_KO_PDC_DN,GSE45837_WT_VS_GFI1_KO_PDC_DN]
[GSE17974_0H_VS_4H_IN_VITRO_ACT_CD4_TCELL_DN,GSE17974_0H_VS_4H_IN_VITRO_ACT_CD4_TCELL_DN] was killed by [GSE43863_TFH_VS_LY6C_INT_CXCR5POS_EFFECTOR_CD4_TCELL_UP,GSE43863_TFH_VS_LY6C_INT_CXCR5POS_EFFECTOR_CD4_TCELL_UP]
[GSE6674_CPG_VS_CPG_AND_ANTI_IGM_STIM_BCELL_UP,GSE6674_CPG_VS_CPG_AND_ANTI_IGM_STIM_BCELL_UP] was killed by [GSE13547_2H_VS_12_H_ANTI_IGM_STIM_BCELL_DN,GSE13547_2H_VS_12_H_ANTI_IGM_STIM_BCELL_DN]
[GSE3982_EOSINOPHIL_VS_EFF_MEMORY_CD4_TCELL_DN,GSE3982_EOSINOPHIL_VS_EFF_MEMORY_CD4_TCELL_DN] was killed by [GSE20715_0H_VS_48H_OZONE_LUNG_DN,GSE20715_0H_VS_48H_OZONE_LUNG_DN]
[GSE19888_ADENOSINE_A3R_ACT_VS_TCELL_MEMBRANES_ACT_IN_MAST_CELL_DN,GSE19888_ADENOSINE_A3R_ACT_VS_TCELL_MEMBRANES_ACT_IN_MAST_CELL_DN] was killed by [GSE25088_IL4_VS_IL4_AND_ROSIGLITAZONE_STIM_MACROPHAGE_DAY10_DN,GSE25088_IL4_VS_IL4_AND_ROSIGLITAZONE_STIM_MACROPHAGE_DAY10_DN]
[GSE42021_CD24HI_VS_CD24INT_TREG_THYMUS_DN,GSE42021_CD24HI_VS_CD24INT_TREG_THYMUS_DN] was killed by [GSE6269_HEALTHY_VS_STAPH_AUREUS_INF_PBMC_UP,GSE6269_HEALTHY_VS_STAPH_AUREUS_INF_PBMC_UP]
[GSE17721_POLYIC_VS_GARDIQUIMOD_6H_BMDC_UP,GSE17721_POLYIC_VS_GARDIQUIMOD_6H_BMDC_UP] was killed by [GSE29949_MICROGLIA_BRAIN_VS_CD8_POS_DC_SPLEEN_UP,GSE29949_MICROGLIA_BRAIN_VS_CD8_POS_DC_SPLEEN_UP]
[GSE1925_CTRL_VS_IFNG_PRIMED_MACROPHAGE_3H_IFNG_STIM_UP,GSE1925_CTRL_VS_IFNG_PRIMED_MACROPHAGE_3H_IFNG_STIM_UP] was killed by [GSE13547_CTRL_VS_ANTI_IGM_STIM_BCELL_12H_DN,GSE13547_CTRL_VS_ANTI_IGM_STIM_BCELL_12H_DN]
[GSE5099_CLASSICAL_M1_VS_ALTERNATIVE_M2_MACROPHAGE_UP,GSE5099_CLASSICAL_M1_VS_ALTERNATIVE_M2_MACROPHAGE_UP] was killed by [GSE13547_CTRL_VS_ANTI_IGM_STIM_BCELL_12H_DN,GSE13547_CTRL_VS_ANTI_IGM_STIM_BCELL_12H_DN]
[GSE36476_CTRL_VS_TSST_ACT_40H_MEMORY_CD4_TCELL_OLD_DN,GSE36476_CTRL_VS_TSST_ACT_40H_MEMORY_CD4_TCELL_OLD_DN] was killed by [GSE14000_TRANSLATED_RNA_VS_MRNA_16H_LPS_DC_DN,GSE14000_TRANSLATED_RNA_VS_MRNA_16H_LPS_DC_DN]
[GSE7831_UNSTIM_VS_CPG_STIM_PDC_4H_UP,GSE7831_UNSTIM_VS_CPG_STIM_PDC_4H_UP] was killed by [GSE13547_2H_VS_12_H_ANTI_IGM_STIM_BCELL_DN,GSE13547_2H_VS_12_H_ANTI_IGM_STIM_BCELL_DN]
[GSE46606_IRF4HIGH_VS_WT_CD40L_IL2_IL5_DAY3_STIMULATED_BCELL_UP,GSE46606_IRF4HIGH_VS_WT_CD40L_IL2_IL5_DAY3_STIMULATED_BCELL_UP] was killed by [GSE22886_NAIVE_BCELL_VS_DC_UP,GSE22886_NAIVE_BCELL_VS_DC_UP]
[GSE24726_WT_VS_E2_2_KO_PDC_DN,GSE24726_WT_VS_E2_2_KO_PDC_DN] was killed by [GSE3203_WT_VS_IFNAR1_KO_INFLUENZA_INFECTED_LN_BCELL_DN,GSE3203_WT_VS_IFNAR1_KO_INFLUENZA_INFECTED_LN_BCELL_DN]
[GSE42021_CD24HI_TREG_VS_CD24HI_TCONV_THYMUS_UP,GSE42021_CD24HI_TREG_VS_CD24HI_TCONV_THYMUS_UP] was killed by [GSE42021_CD24LO_TREG_VS_CD24LO_TCONV_THYMUS_DN,GSE42021_CD24LO_TREG_VS_CD24LO_TCONV_THYMUS_DN]
[GSE17721_CTRL_VS_PAM3CSK4_12H_BMDC_DN,GSE17721_CTRL_VS_PAM3CSK4_12H_BMDC_DN] was killed by [GSE17721_CTRL_VS_CPG_24H_BMDC_DN,GSE17721_CTRL_VS_CPG_24H_BMDC_DN]
[GSE27786_LSK_VS_CD8_TCELL_DN,GSE27786_LSK_VS_CD8_TCELL_DN] was killed by [GSE14308_TH17_VS_NATURAL_TREG_UP,GSE14308_TH17_VS_NATURAL_TREG_UP]
[GSE2770_IL12_AND_TGFB_ACT_VS_ACT_CD4_TCELL_2H_UP,GSE2770_IL12_AND_TGFB_ACT_VS_ACT_CD4_TCELL_2H_UP] was killed by [GSE2770_TGFB_AND_IL4_ACT_VS_ACT_CD4_TCELL_48H_UP,GSE2770_TGFB_AND_IL4_ACT_VS_ACT_CD4_TCELL_48H_UP]
[GSE14415_INDUCED_TREG_VS_FAILED_INDUCED_TREG_UP,GSE14415_INDUCED_TREG_VS_FAILED_INDUCED_TREG_UP] was killed by [GSE13547_2H_VS_12_H_ANTI_IGM_STIM_BCELL_DN,GSE13547_2H_VS_12_H_ANTI_IGM_STIM_BCELL_DN]
[GSE22140_HEALTHY_VS_ARTHRITIC_MOUSE_CD4_TCELL_UP,GSE22140_HEALTHY_VS_ARTHRITIC_MOUSE_CD4_TCELL_UP] was killed by [GSE42021_CD24LO_TREG_VS_CD24LO_TCONV_THYMUS_DN,GSE42021_CD24LO_TREG_VS_CD24LO_TCONV_THYMUS_DN]
[GSE22611_NOD2_TRANSDUCED_VS_CTRL_HEK293T_STIMULATED_WITH_MDP_2H_DN,GSE22611_NOD2_TRANSDUCED_VS_CTRL_HEK293T_STIMULATED_WITH_MDP_2H_DN] was killed by [GSE25088_IL4_VS_IL4_AND_ROSIGLITAZONE_STIM_MACROPHAGE_DAY10_DN,GSE25088_IL4_VS_IL4_AND_ROSIGLITAZONE_STIM_MACROPHAGE_DAY10_DN]
[GSE43863_TFH_VS_LY6C_INT_CXCR5POS_MEMORY_CD4_TCELL_UP,GSE43863_TFH_VS_LY6C_INT_CXCR5POS_MEMORY_CD4_TCELL_UP] was killed by [GSE25085_FETAL_BM_VS_ADULT_BM_SP4_THYMIC_IMPLANT_DN,GSE25085_FETAL_BM_VS_ADULT_BM_SP4_THYMIC_IMPLANT_DN]
[KAECH_DAY8_EFF_VS_DAY15_EFF_CD8_TCELL_UP,KAECH_DAY8_EFF_VS_DAY15_EFF_CD8_TCELL_UP] was killed by [GSE13547_2H_VS_12_H_ANTI_IGM_STIM_BCELL_DN,GSE13547_2H_VS_12_H_ANTI_IGM_STIM_BCELL_DN]
[GSE3720_UNSTIM_VS_LPS_STIM_VD2_GAMMADELTA_TCELL_UP,GSE3720_UNSTIM_VS_LPS_STIM_VD2_GAMMADELTA_TCELL_UP] was killed by [GSE14000_TRANSLATED_RNA_VS_MRNA_16H_LPS_DC_DN,GSE14000_TRANSLATED_RNA_VS_MRNA_16H_LPS_DC_DN]
[GSE9316_CD4_TCELL_BALBC_VS_TH17_ENRI_CD4_TCELL_SKG_PMA_IONO_STIM_FR4NEG_UP,GSE9316_CD4_TCELL_BALBC_VS_TH17_ENRI_CD4_TCELL_SKG_PMA_IONO_STIM_FR4NEG_UP] was killed by [GSE45837_WT_VS_GFI1_KO_PDC_DN,GSE45837_WT_VS_GFI1_KO_PDC_DN]
[GSE3565_DUSP1_VS_WT_SPLENOCYTES_POST_LPS_INJECTION_DN,GSE3565_DUSP1_VS_WT_SPLENOCYTES_POST_LPS_INJECTION_DN] was killed by [GSE25085_FETAL_BM_VS_ADULT_BM_SP4_THYMIC_IMPLANT_DN,GSE25085_FETAL_BM_VS_ADULT_BM_SP4_THYMIC_IMPLANT_DN]
[GSE32255_WT_VS_JMJD2D_KNOCKDOWN_4H_LPS_STIM_DC_DN,GSE32255_WT_VS_JMJD2D_KNOCKDOWN_4H_LPS_STIM_DC_DN] was killed by [GSE42021_CD24LO_TREG_VS_CD24LO_TCONV_THYMUS_DN,GSE42021_CD24LO_TREG_VS_CD24LO_TCONV_THYMUS_DN]
[GSE5960_TH1_VS_ANERGIC_TH1_DN,GSE5960_TH1_VS_ANERGIC_TH1_DN] was killed by [GSE13485_CTRL_VS_DAY21_YF17D_VACCINE_PBMC_UP,GSE13485_CTRL_VS_DAY21_YF17D_VACCINE_PBMC_UP]
[GSE3982_NKCELL_VS_TH1_DN,GSE3982_NKCELL_VS_TH1_DN] was killed by [GSE13547_2H_VS_12_H_ANTI_IGM_STIM_BCELL_DN,GSE13547_2H_VS_12_H_ANTI_IGM_STIM_BCELL_DN]
[GSE37533_PPARG1_FOXP3_VS_FOXP3_TRANSDUCED_CD4_TCELL_DN,GSE37533_PPARG1_FOXP3_VS_FOXP3_TRANSDUCED_CD4_TCELL_DN] was killed by [GSE6269_HEALTHY_VS_STAPH_AUREUS_INF_PBMC_UP,GSE6269_HEALTHY_VS_STAPH_AUREUS_INF_PBMC_UP]
[GSE18804_SPLEEN_MACROPHAGE_VS_BRAIN_TUMORAL_MACROPHAGE_UP,GSE18804_SPLEEN_MACROPHAGE_VS_BRAIN_TUMORAL_MACROPHAGE_UP] was killed by [GSE21927_SPLEEN_VS_4T1_TUMOR_MONOCYTE_BALBC_DN,GSE21927_SPLEEN_VS_4T1_TUMOR_MONOCYTE_BALBC_DN]
[GSE24574_BCL6_HIGH_VS_LOW_TFH_CD4_TCELL_UP,GSE24574_BCL6_HIGH_VS_LOW_TFH_CD4_TCELL_UP] was killed by [GSE22886_NAIVE_BCELL_VS_DC_UP,GSE22886_NAIVE_BCELL_VS_DC_UP]
[GSE37605_C57BL6_VS_NOD_FOXP3_FUSION_GFP_TCONV_UP,GSE37605_C57BL6_VS_NOD_FOXP3_FUSION_GFP_TCONV_UP] was killed by [GSE37605_TREG_VS_TCONV_C57BL6_FOXP3_IRES_GFP_DN,GSE37605_TREG_VS_TCONV_C57BL6_FOXP3_IRES_GFP_DN]
[GSE3982_EOSINOPHIL_VS_BCELL_DN,GSE3982_EOSINOPHIL_VS_BCELL_DN] was killed by [GSE1112_OT1_VS_HY_CD8AB_THYMOCYTE_RTOC_CULTURE_UP,GSE1112_OT1_VS_HY_CD8AB_THYMOCYTE_RTOC_CULTURE_UP]
[GSE24634_NAIVE_CD4_TCELL_VS_DAY5_IL4_CONV_TREG_DN,GSE24634_NAIVE_CD4_TCELL_VS_DAY5_IL4_CONV_TREG_DN] was killed by [GSE14000_TRANSLATED_RNA_VS_MRNA_16H_LPS_DC_DN,GSE14000_TRANSLATED_RNA_VS_MRNA_16H_LPS_DC_DN]
[GSE3982_EOSINOPHIL_VS_TH2_DN,GSE3982_EOSINOPHIL_VS_TH2_DN] was killed by [GSE14000_TRANSLATED_RNA_VS_MRNA_DC_UP,GSE14000_TRANSLATED_RNA_VS_MRNA_DC_UP]
[GSE25677_R848_VS_MPL_AND_R848_STIM_BCELL_DN,GSE25677_R848_VS_MPL_AND_R848_STIM_BCELL_DN] was killed by [GSE37605_TREG_VS_TCONV_C57BL6_FOXP3_IRES_GFP_DN,GSE37605_TREG_VS_TCONV_C57BL6_FOXP3_IRES_GFP_DN]
[GSE17721_POLYIC_VS_PAM3CSK4_12H_BMDC_DN,GSE17721_POLYIC_VS_PAM3CSK4_12H_BMDC_DN] was killed by [GSE14000_TRANSLATED_RNA_VS_MRNA_16H_LPS_DC_DN,GSE14000_TRANSLATED_RNA_VS_MRNA_16H_LPS_DC_DN]
[GSE14415_NATURAL_TREG_VS_TCONV_DN,GSE14415_NATURAL_TREG_VS_TCONV_DN] was killed by [GSE13547_2H_VS_12_H_ANTI_IGM_STIM_BCELL_DN,GSE13547_2H_VS_12_H_ANTI_IGM_STIM_BCELL_DN]
[GSE19888_CTRL_VS_A3R_INHIBITOR_TREATED_MAST_CELL_DN,GSE19888_CTRL_VS_A3R_INHIBITOR_TREATED_MAST_CELL_DN] was killed by [GSE41867_DAY8_VS_DAY15_LCMV_CLONE13_EFFECTOR_CD8_TCELL_UP,GSE41867_DAY8_VS_DAY15_LCMV_CLONE13_EFFECTOR_CD8_TCELL_UP]
[GSE21670_STAT3_KO_VS_WT_CD4_TCELL_TGFB_TREATED_UP,GSE21670_STAT3_KO_VS_WT_CD4_TCELL_TGFB_TREATED_UP] was killed by [GSE25085_FETAL_BM_VS_ADULT_BM_SP4_THYMIC_IMPLANT_DN,GSE25085_FETAL_BM_VS_ADULT_BM_SP4_THYMIC_IMPLANT_DN]
[GSE13547_CTRL_VS_ANTI_IGM_STIM_ZFX_KO_BCELL_2H_UP,GSE13547_CTRL_VS_ANTI_IGM_STIM_ZFX_KO_BCELL_2H_UP] was killed by [GSE42021_CD24LO_TREG_VS_CD24LO_TCONV_THYMUS_DN,GSE42021_CD24LO_TREG_VS_CD24LO_TCONV_THYMUS_DN]
[GSE45365_WT_VS_IFNAR_KO_CD8A_DC_DN,GSE45365_WT_VS_IFNAR_KO_CD8A_DC_DN] was killed by [GSE22589_HEALTHY_VS_HIV_INFECTED_DC_DN,GSE22589_HEALTHY_VS_HIV_INFECTED_DC_DN]
[GSE6092_UNSTIM_VS_IFNG_STIM_AND_B_BURGDORFERI_INF_ENDOTHELIAL_CELL_UP,GSE6092_UNSTIM_VS_IFNG_STIM_AND_B_BURGDORFERI_INF_ENDOTHELIAL_CELL_UP] was killed by [GSE2770_TGFB_AND_IL4_ACT_VS_ACT_CD4_TCELL_48H_UP,GSE2770_TGFB_AND_IL4_ACT_VS_ACT_CD4_TCELL_48H_UP]
[GSE24142_ADULT_VS_FETAL_DN3_THYMOCYTE_DN,GSE24142_ADULT_VS_FETAL_DN3_THYMOCYTE_DN] was killed by [GSE25085_FETAL_BM_VS_ADULT_BM_SP4_THYMIC_IMPLANT_DN,GSE25085_FETAL_BM_VS_ADULT_BM_SP4_THYMIC_IMPLANT_DN]
[GSE3920_UNTREATED_VS_IFNA_TREATED_ENDOTHELIAL_CELL_DN,GSE3920_UNTREATED_VS_IFNA_TREATED_ENDOTHELIAL_CELL_DN] was killed by [GSE45365_HEALTHY_VS_MCMV_INFECTION_CD11B_DC_UP,GSE45365_HEALTHY_VS_MCMV_INFECTION_CD11B_DC_UP]
[GSE20715_0H_VS_24H_OZONE_LUNG_DN,GSE20715_0H_VS_24H_OZONE_LUNG_DN] was killed by [GSE20715_0H_VS_48H_OZONE_LUNG_DN,GSE20715_0H_VS_48H_OZONE_LUNG_DN]
[GSE12003_MIR223_KO_VS_WT_BM_PROGENITOR_4D_CULTURE_UP,GSE12003_MIR223_KO_VS_WT_BM_PROGENITOR_4D_CULTURE_UP] was killed by [GSE29949_MICROGLIA_BRAIN_VS_CD8_POS_DC_SPLEEN_UP,GSE29949_MICROGLIA_BRAIN_VS_CD8_POS_DC_SPLEEN_UP]
[GSE45739_NRAS_KO_VS_WT_UNSTIM_CD4_TCELL_UP,GSE45739_NRAS_KO_VS_WT_UNSTIM_CD4_TCELL_UP] was killed by [GSE13547_2H_VS_12_H_ANTI_IGM_STIM_BCELL_DN,GSE13547_2H_VS_12_H_ANTI_IGM_STIM_BCELL_DN]
[GSE21063_WT_VS_NFATC1_KO_16H_ANTI_IGM_STIM_BCELL_UP,GSE21063_WT_VS_NFATC1_KO_16H_ANTI_IGM_STIM_BCELL_UP] was killed by [GSE41867_DAY8_VS_DAY15_LCMV_CLONE13_EFFECTOR_CD8_TCELL_UP,GSE41867_DAY8_VS_DAY15_LCMV_CLONE13_EFFECTOR_CD8_TCELL_UP]
[GSE40666_UNTREATED_VS_IFNA_STIM_EFFECTOR_CD8_TCELL_90MIN_UP,GSE40666_UNTREATED_VS_IFNA_STIM_EFFECTOR_CD8_TCELL_90MIN_UP] was killed by [GSE13547_2H_VS_12_H_ANTI_IGM_STIM_BCELL_DN,GSE13547_2H_VS_12_H_ANTI_IGM_STIM_BCELL_DN]
[GSE15735_2H_VS_12H_HDAC_INHIBITOR_TREATED_CD4_TCELL_DN,GSE15735_2H_VS_12H_HDAC_INHIBITOR_TREATED_CD4_TCELL_DN] was killed by [GSE13547_2H_VS_12_H_ANTI_IGM_STIM_BCELL_DN,GSE13547_2H_VS_12_H_ANTI_IGM_STIM_BCELL_DN]
[GSE17721_CPG_VS_GARDIQUIMOD_12H_BMDC_UP,GSE17721_CPG_VS_GARDIQUIMOD_12H_BMDC_UP] was killed by [GSE22103_LPS_VS_GMCSF_AND_IFNG_STIM_NEUTROPHIL_UP,GSE22103_LPS_VS_GMCSF_AND_IFNG_STIM_NEUTROPHIL_UP]
[GSE29164_UNTREATED_VS_CD8_TCELL_AND_IL12_TREATED_MELANOMA_DAY7_DN,GSE29164_UNTREATED_VS_CD8_TCELL_AND_IL12_TREATED_MELANOMA_DAY7_DN] was killed by [GSE45837_WT_VS_GFI1_KO_PDC_DN,GSE45837_WT_VS_GFI1_KO_PDC_DN]
[GSE29949_CD8_NEG_DC_SPLEEN_VS_DC_BRAIN_DN,GSE29949_CD8_NEG_DC_SPLEEN_VS_DC_BRAIN_DN] was killed by [GSE21927_SPLEEN_VS_4T1_TUMOR_MONOCYTE_BALBC_DN,GSE21927_SPLEEN_VS_4T1_TUMOR_MONOCYTE_BALBC_DN]
[GSE360_CTRL_VS_M_TUBERCULOSIS_DC_DN,GSE360_CTRL_VS_M_TUBERCULOSIS_DC_DN] was killed by [GSE2770_TGFB_AND_IL4_ACT_VS_ACT_CD4_TCELL_48H_UP,GSE2770_TGFB_AND_IL4_ACT_VS_ACT_CD4_TCELL_48H_UP]
[GSE34515_CD16_NEG_VS_POS_MONOCYTE_DN,GSE34515_CD16_NEG_VS_POS_MONOCYTE_DN] was killed by [GSE42021_CD24LO_TREG_VS_CD24LO_TCONV_THYMUS_DN,GSE42021_CD24LO_TREG_VS_CD24LO_TCONV_THYMUS_DN]
[GSE14699_DELETIONAL_TOLERANCE_VS_ACTIVATED_CD8_TCELL_DN,GSE14699_DELETIONAL_TOLERANCE_VS_ACTIVATED_CD8_TCELL_DN] was killed by [GSE13547_2H_VS_12_H_ANTI_IGM_STIM_BCELL_DN,GSE13547_2H_VS_12_H_ANTI_IGM_STIM_BCELL_DN]
[GSE43955_TH0_VS_TGFB_IL6_TH17_ACT_CD4_TCELL_60H_UP,GSE43955_TH0_VS_TGFB_IL6_TH17_ACT_CD4_TCELL_60H_UP] was killed by [GSE17721_LPS_VS_POLYIC_4H_BMDC_DN,GSE17721_LPS_VS_POLYIC_4H_BMDC_DN]
[GSE21670_STAT3_KO_VS_WT_CD4_TCELL_UP,GSE21670_STAT3_KO_VS_WT_CD4_TCELL_UP] was killed by [GSE37605_TREG_VS_TCONV_C57BL6_FOXP3_IRES_GFP_DN,GSE37605_TREG_VS_TCONV_C57BL6_FOXP3_IRES_GFP_DN]
[GSE19923_WT_VS_HEB_KO_DP_THYMOCYTE_UP,GSE19923_WT_VS_HEB_KO_DP_THYMOCYTE_UP] was killed by [GSE25085_FETAL_BM_VS_ADULT_BM_SP4_THYMIC_IMPLANT_DN,GSE25085_FETAL_BM_VS_ADULT_BM_SP4_THYMIC_IMPLANT_DN]
[GSE7218_IGM_VS_IGG_SIGNAL_THGOUGH_ANTIGEN_BCELL_DN,GSE7218_IGM_VS_IGG_SIGNAL_THGOUGH_ANTIGEN_BCELL_DN] was killed by [GSE22589_HEALTHY_VS_HIV_INFECTED_DC_DN,GSE22589_HEALTHY_VS_HIV_INFECTED_DC_DN]
[GSE17721_POLYIC_VS_PAM3CSK4_4H_BMDC_UP,GSE17721_POLYIC_VS_PAM3CSK4_4H_BMDC_UP] was killed by [GSE17721_LPS_VS_POLYIC_4H_BMDC_DN,GSE17721_LPS_VS_POLYIC_4H_BMDC_DN]
[GSE25088_IL4_VS_IL4_AND_ROSIGLITAZONE_STIM_STAT6_KO_MACROPHAGE_DAY10_DN,GSE25088_IL4_VS_IL4_AND_ROSIGLITAZONE_STIM_STAT6_KO_MACROPHAGE_DAY10_DN] was killed by [GSE2770_TGFB_AND_IL4_ACT_VS_ACT_CD4_TCELL_48H_UP,GSE2770_TGFB_AND_IL4_ACT_VS_ACT_CD4_TCELL_48H_UP]
[GSE45881_CXCR6HI_VS_CXCR1LO_COLONIC_LAMINA_PROPRIA_DN,GSE45881_CXCR6HI_VS_CXCR1LO_COLONIC_LAMINA_PROPRIA_DN] was killed by [GSE45837_WT_VS_GFI1_KO_PDC_DN,GSE45837_WT_VS_GFI1_KO_PDC_DN]
[GSE27786_LSK_VS_MONO_MAC_DN,GSE27786_LSK_VS_MONO_MAC_DN] was killed by [GSE27786_LIN_NEG_VS_MONO_MAC_DN,GSE27786_LIN_NEG_VS_MONO_MAC_DN]
[GSE360_T_GONDII_VS_M_TUBERCULOSIS_MAC_DN,GSE360_T_GONDII_VS_M_TUBERCULOSIS_MAC_DN] was killed by [GSE13547_2H_VS_12_H_ANTI_IGM_STIM_BCELL_DN,GSE13547_2H_VS_12_H_ANTI_IGM_STIM_BCELL_DN]
[GSE3982_NKCELL_VS_TH2_DN,GSE3982_NKCELL_VS_TH2_DN] was killed by [GSE13547_2H_VS_12_H_ANTI_IGM_STIM_BCELL_DN,GSE13547_2H_VS_12_H_ANTI_IGM_STIM_BCELL_DN]
[GSE2770_UNTREATED_VS_IL12_TREATED_ACT_CD4_TCELL_2H_DN,GSE2770_UNTREATED_VS_IL12_TREATED_ACT_CD4_TCELL_2H_DN] was killed by [GSE2770_TGFB_AND_IL4_ACT_VS_ACT_CD4_TCELL_48H_UP,GSE2770_TGFB_AND_IL4_ACT_VS_ACT_CD4_TCELL_48H_UP]
[GSE46606_IRF4HIGH_VS_WT_CD40L_IL2_IL5_DAY3_STIMULATED_BCELL_DN,GSE46606_IRF4HIGH_VS_WT_CD40L_IL2_IL5_DAY3_STIMULATED_BCELL_DN] was killed by [GSE42021_CD24LO_TREG_VS_CD24LO_TCONV_THYMUS_DN,GSE42021_CD24LO_TREG_VS_CD24LO_TCONV_THYMUS_DN]
[GSE27434_WT_VS_DNMT1_KO_TREG_UP,GSE27434_WT_VS_DNMT1_KO_TREG_UP] was killed by [GSE42021_CD24LO_TREG_VS_CD24LO_TCONV_THYMUS_DN,GSE42021_CD24LO_TREG_VS_CD24LO_TCONV_THYMUS_DN]
[GSE4590_SMALL_VS_VPREB_POS_LARGE_PRE_BCELL_UP,GSE4590_SMALL_VS_VPREB_POS_LARGE_PRE_BCELL_UP] was killed by [GSE11367_CTRL_VS_IL17_TREATED_SMOOTH_MUSCLE_CELL_UP,GSE11367_CTRL_VS_IL17_TREATED_SMOOTH_MUSCLE_CELL_UP]
[GSE41867_DAY8_VS_DAY15_LCMV_CLONE13_EFFECTOR_CD8_TCELL_DN,GSE41867_DAY8_VS_DAY15_LCMV_CLONE13_EFFECTOR_CD8_TCELL_DN] was killed by [GSE14000_TRANSLATED_RNA_VS_MRNA_16H_LPS_DC_DN,GSE14000_TRANSLATED_RNA_VS_MRNA_16H_LPS_DC_DN]
[GSE29615_CTRL_VS_DAY3_LAIV_IFLU_VACCINE_PBMC_DN,GSE29615_CTRL_VS_DAY3_LAIV_IFLU_VACCINE_PBMC_DN] was killed by [GSE6269_HEALTHY_VS_STAPH_AUREUS_INF_PBMC_UP,GSE6269_HEALTHY_VS_STAPH_AUREUS_INF_PBMC_UP]
[GSE36888_UNTREATED_VS_IL2_TREATED_STAT5_AB_KNOCKIN_TCELL_2H_UP,GSE36888_UNTREATED_VS_IL2_TREATED_STAT5_AB_KNOCKIN_TCELL_2H_UP] was killed by [GSE14000_TRANSLATED_RNA_VS_MRNA_DC_UP,GSE14000_TRANSLATED_RNA_VS_MRNA_DC_UP]
[GSE42021_TCONV_PLN_VS_TREG_PRECURSORS_THYMUS_UP,GSE42021_TCONV_PLN_VS_TREG_PRECURSORS_THYMUS_UP] was killed by [GSE25085_FETAL_BM_VS_ADULT_BM_SP4_THYMIC_IMPLANT_DN,GSE25085_FETAL_BM_VS_ADULT_BM_SP4_THYMIC_IMPLANT_DN]
[GSE21670_UNTREATED_VS_TGFB_IL6_TREATED_STAT3_KO_CD4_TCELL_UP,GSE21670_UNTREATED_VS_TGFB_IL6_TREATED_STAT3_KO_CD4_TCELL_UP] was killed by [GSE13547_2H_VS_12_H_ANTI_IGM_STIM_BCELL_DN,GSE13547_2H_VS_12_H_ANTI_IGM_STIM_BCELL_DN]
[GSE24574_BCL6_HIGH_VS_LOW_TFH_CD4_TCELL_DN,GSE24574_BCL6_HIGH_VS_LOW_TFH_CD4_TCELL_DN] was killed by [GSE14000_TRANSLATED_RNA_VS_MRNA_16H_LPS_DC_DN,GSE14000_TRANSLATED_RNA_VS_MRNA_16H_LPS_DC_DN]
[GSE17721_LPS_VS_PAM3CSK4_2H_BMDC_DN,GSE17721_LPS_VS_PAM3CSK4_2H_BMDC_DN] was killed by [GSE42021_CD24LO_TREG_VS_CD24LO_TCONV_THYMUS_DN,GSE42021_CD24LO_TREG_VS_CD24LO_TCONV_THYMUS_DN]
[GSE30971_WBP7_HET_VS_KO_MACROPHAGE_2H_LPS_STIM_DN,GSE30971_WBP7_HET_VS_KO_MACROPHAGE_2H_LPS_STIM_DN] was killed by [GSE25085_FETAL_BM_VS_ADULT_BM_SP4_THYMIC_IMPLANT_DN,GSE25085_FETAL_BM_VS_ADULT_BM_SP4_THYMIC_IMPLANT_DN]
[GSE29164_UNTREATED_VS_CD8_TCELL_AND_IL12_TREATED_MELANOMA_DAY3_UP,GSE29164_UNTREATED_VS_CD8_TCELL_AND_IL12_TREATED_MELANOMA_DAY3_UP] was killed by [GSE17721_CTRL_VS_CPG_24H_BMDC_DN,GSE17721_CTRL_VS_CPG_24H_BMDC_DN]
[GSE30971_CTRL_VS_LPS_STIM_MACROPHAGE_WBP7_KO_2H_DN,GSE30971_CTRL_VS_LPS_STIM_MACROPHAGE_WBP7_KO_2H_DN] was killed by [GSE1112_OT1_VS_HY_CD8AB_THYMOCYTE_RTOC_CULTURE_UP,GSE1112_OT1_VS_HY_CD8AB_THYMOCYTE_RTOC_CULTURE_UP]
[GSE26156_DOUBLE_POSITIVE_VS_CD4_SINGLE_POSITIVE_THYMOCYTE_UP,GSE26156_DOUBLE_POSITIVE_VS_CD4_SINGLE_POSITIVE_THYMOCYTE_UP] was killed by [GSE45837_WT_VS_GFI1_KO_PDC_DN,GSE45837_WT_VS_GFI1_KO_PDC_DN]
[GSE5099_DAY3_VS_DAY7_MCSF_TREATED_MACROPHAGE_UP,GSE5099_DAY3_VS_DAY7_MCSF_TREATED_MACROPHAGE_UP] was killed by [GSE13547_CTRL_VS_ANTI_IGM_STIM_BCELL_12H_DN,GSE13547_CTRL_VS_ANTI_IGM_STIM_BCELL_12H_DN]
[GSE19888_CTRL_VS_A3R_ACTIVATION_MAST_CELL_UP,GSE19888_CTRL_VS_A3R_ACTIVATION_MAST_CELL_UP] was killed by [GSE45837_WT_VS_GFI1_KO_PDC_DN,GSE45837_WT_VS_GFI1_KO_PDC_DN]
