[GSE42088_UNINF_VS_LEISHMANIA_INF_DC_2H_DN,GSE42088_UNINF_VS_LEISHMANIA_INF_DC_2H_DN] was killed by [GSE22886_NAIVE_TCELL_VS_DC_UP,GSE22886_NAIVE_TCELL_VS_DC_UP]
[GSE21927_SPLEEN_C57BL6_VS_4T1_TUMOR_BALBC_MONOCYTES_UP,GSE21927_SPLEEN_C57BL6_VS_4T1_TUMOR_BALBC_MONOCYTES_UP] was killed by [GSE22886_NAIVE_TCELL_VS_DC_UP,GSE22886_NAIVE_TCELL_VS_DC_UP]
[GSE42088_UNINF_VS_LEISHMANIA_INF_DC_4H_DN,GSE42088_UNINF_VS_LEISHMANIA_INF_DC_4H_DN] was killed by [GSE22886_NAIVE_TCELL_VS_DC_UP,GSE22886_NAIVE_TCELL_VS_DC_UP]
[GSE22886_NAIVE_BCELL_VS_DC_UP,GSE22886_NAIVE_BCELL_VS_DC_UP] was killed by [GSE22886_NAIVE_TCELL_VS_DC_UP,GSE22886_NAIVE_TCELL_VS_DC_UP]
[GSE34205_HEALTHY_VS_RSV_INF_INFANT_PBMC_UP,GSE34205_HEALTHY_VS_RSV_INF_INFANT_PBMC_UP] was killed by [GSE22886_NAIVE_TCELL_VS_DC_UP,GSE22886_NAIVE_TCELL_VS_DC_UP]
[GSE34205_HEALTHY_VS_FLU_INF_INFANT_PBMC_UP,GSE34205_HEALTHY_VS_FLU_INF_INFANT_PBMC_UP] was killed by [GSE22886_NAIVE_TCELL_VS_DC_UP,GSE22886_NAIVE_TCELL_VS_DC_UP]
[GSE3920_IFNB_VS_IFNG_TREATED_ENDOTHELIAL_CELL_UP,GSE3920_IFNB_VS_IFNG_TREATED_ENDOTHELIAL_CELL_UP] was killed by [GSE22886_NAIVE_TCELL_VS_DC_UP,GSE22886_NAIVE_TCELL_VS_DC_UP]
[GSE2124_CTRL_VS_LYMPHOTOXIN_BETA_TREATED_MLN_UP,GSE2124_CTRL_VS_LYMPHOTOXIN_BETA_TREATED_MLN_UP] was killed by [GSE22886_NAIVE_TCELL_VS_DC_UP,GSE22886_NAIVE_TCELL_VS_DC_UP]
[GSE14000_TRANSLATED_RNA_VS_MRNA_4H_LPS_DC_DN,GSE14000_TRANSLATED_RNA_VS_MRNA_4H_LPS_DC_DN] was killed by [GSE22886_NAIVE_TCELL_VS_DC_UP,GSE22886_NAIVE_TCELL_VS_DC_UP]
[GSE2405_0H_VS_24H_A_PHAGOCYTOPHILUM_STIM_NEUTROPHIL_UP,GSE2405_0H_VS_24H_A_PHAGOCYTOPHILUM_STIM_NEUTROPHIL_UP] was killed by [GSE22886_NAIVE_TCELL_VS_DC_UP,GSE22886_NAIVE_TCELL_VS_DC_UP]
[GSE9006_TYPE_1_DIABETES_AT_DX_VS_4MONTH_POST_DX_PBMC_DN,GSE9006_TYPE_1_DIABETES_AT_DX_VS_4MONTH_POST_DX_PBMC_DN] was killed by [GSE22886_NAIVE_TCELL_VS_DC_UP,GSE22886_NAIVE_TCELL_VS_DC_UP]
[GSE17721_0.5H_VS_4H_PAM3CSK4_BMDC_DN,GSE17721_0.5H_VS_4H_PAM3CSK4_BMDC_DN] was killed by [GSE17721_0.5H_VS_12H_PAM3CSK4_BMDC_DN,GSE17721_0.5H_VS_12H_PAM3CSK4_BMDC_DN]
[GSE1460_DP_THYMOCYTE_VS_NAIVE_CD4_TCELL_ADULT_BLOOD_DN,GSE1460_DP_THYMOCYTE_VS_NAIVE_CD4_TCELL_ADULT_BLOOD_DN] was killed by [GSE22886_NAIVE_TCELL_VS_DC_UP,GSE22886_NAIVE_TCELL_VS_DC_UP]
[GSE17721_LPS_VS_POLYIC_8H_BMDC_UP,GSE17721_LPS_VS_POLYIC_8H_BMDC_UP] was killed by [GSE6259_FLT3L_INDUCED_33D1_POS_DC_VS_BCELL_UP,GSE6259_FLT3L_INDUCED_33D1_POS_DC_VS_BCELL_UP]
[GSE22886_NEUTROPHIL_VS_DC_DN,GSE22886_NEUTROPHIL_VS_DC_DN] was killed by [GSE22886_NAIVE_TCELL_VS_DC_UP,GSE22886_NAIVE_TCELL_VS_DC_UP]
[GSE22886_NAIVE_BCELL_VS_NEUTROPHIL_UP,GSE22886_NAIVE_BCELL_VS_NEUTROPHIL_UP] was killed by [GSE22886_NAIVE_TCELL_VS_DC_UP,GSE22886_NAIVE_TCELL_VS_DC_UP]
[GSE1460_DP_THYMOCYTE_VS_NAIVE_CD4_TCELL_CORD_BLOOD_DN,GSE1460_DP_THYMOCYTE_VS_NAIVE_CD4_TCELL_CORD_BLOOD_DN] was killed by [GSE22886_NAIVE_TCELL_VS_DC_UP,GSE22886_NAIVE_TCELL_VS_DC_UP]
[GSE5099_CLASSICAL_M1_VS_ALTERNATIVE_M2_MACROPHAGE_UP,GSE5099_CLASSICAL_M1_VS_ALTERNATIVE_M2_MACROPHAGE_UP] was killed by [GSE22886_NAIVE_TCELL_VS_DC_UP,GSE22886_NAIVE_TCELL_VS_DC_UP]
[GSE10239_NAIVE_VS_KLRG1INT_EFF_CD8_TCELL_UP,GSE10239_NAIVE_VS_KLRG1INT_EFF_CD8_TCELL_UP] was killed by [GSE22886_NAIVE_TCELL_VS_DC_UP,GSE22886_NAIVE_TCELL_VS_DC_UP]
[GSE6674_UNSTIM_VS_ANTI_IGM_AND_CPG_STIM_BCELL_DN,GSE6674_UNSTIM_VS_ANTI_IGM_AND_CPG_STIM_BCELL_DN] was killed by [GSE3691_IFN_PRODUCING_KILLER_DC_VS_PLASMACYTOID_DC_SPLEEN_DN,GSE3691_IFN_PRODUCING_KILLER_DC_VS_PLASMACYTOID_DC_SPLEEN_DN]
[GSE20727_CTRL_VS_DNFB_ALLERGEN_TREATED_DC_DN,GSE20727_CTRL_VS_DNFB_ALLERGEN_TREATED_DC_DN] was killed by [GSE22886_NAIVE_TCELL_VS_DC_UP,GSE22886_NAIVE_TCELL_VS_DC_UP]
[GSE2405_0H_VS_9H_A_PHAGOCYTOPHILUM_STIM_NEUTROPHIL_DN,GSE2405_0H_VS_9H_A_PHAGOCYTOPHILUM_STIM_NEUTROPHIL_DN] was killed by [GSE22886_NAIVE_TCELL_VS_DC_UP,GSE22886_NAIVE_TCELL_VS_DC_UP]
[GSE26156_DOUBLE_POSITIVE_VS_CD4_SINGLE_POSITIVE_THYMOCYTE_UP,GSE26156_DOUBLE_POSITIVE_VS_CD4_SINGLE_POSITIVE_THYMOCYTE_UP] was killed by [GSE22886_NAIVE_TCELL_VS_DC_UP,GSE22886_NAIVE_TCELL_VS_DC_UP]
[GSE41978_ID2_KO_VS_ID2_KO_AND_BIM_KO_KLRG1_LOW_EFFECTOR_CD8_TCELL_DN,GSE41978_ID2_KO_VS_ID2_KO_AND_BIM_KO_KLRG1_LOW_EFFECTOR_CD8_TCELL_DN] was killed by [GSE22886_NAIVE_TCELL_VS_DC_UP,GSE22886_NAIVE_TCELL_VS_DC_UP]
[GSE17721_4_VS_24H_CPG_BMDC_UP,GSE17721_4_VS_24H_CPG_BMDC_UP] was killed by [GSE30153_LUPUS_VS_HEALTHY_DONOR_BCELL_UP,GSE30153_LUPUS_VS_HEALTHY_DONOR_BCELL_UP]
[GSE15930_NAIVE_VS_24H_IN_VITRO_STIM_IL12_CD8_TCELL_UP,GSE15930_NAIVE_VS_24H_IN_VITRO_STIM_IL12_CD8_TCELL_UP] was killed by [GSE2585_THYMIC_DC_VS_THYMIC_MACROPHAGE_DN,GSE2585_THYMIC_DC_VS_THYMIC_MACROPHAGE_DN]
[GSE22886_DAY0_VS_DAY1_MONOCYTE_IN_CULTURE_DN,GSE22886_DAY0_VS_DAY1_MONOCYTE_IN_CULTURE_DN] was killed by [GSE42088_UNINF_VS_LEISHMANIA_INF_DC_24H_DN,GSE42088_UNINF_VS_LEISHMANIA_INF_DC_24H_DN]
[GSE32986_UNSTIM_VS_GMCSF_AND_CURDLAN_HIGHDOSE_STIM_DC_DN,GSE32986_UNSTIM_VS_GMCSF_AND_CURDLAN_HIGHDOSE_STIM_DC_DN] was killed by [GSE22886_NAIVE_TCELL_VS_DC_UP,GSE22886_NAIVE_TCELL_VS_DC_UP]
[GSE15930_NAIVE_VS_72H_IN_VITRO_STIM_IFNAB_CD8_TCELL_DN,GSE15930_NAIVE_VS_72H_IN_VITRO_STIM_IFNAB_CD8_TCELL_DN] was killed by [GSE25123_IL4_VS_IL4_AND_ROSIGLITAZONE_STIM_MACROPHAGE_DAY10_UP,GSE25123_IL4_VS_IL4_AND_ROSIGLITAZONE_STIM_MACROPHAGE_DAY10_UP]
[GSE45739_NRAS_KO_VS_WT_ACD3_ACD28_STIM_CD4_TCELL_UP,GSE45739_NRAS_KO_VS_WT_ACD3_ACD28_STIM_CD4_TCELL_UP] was killed by [GSE3691_IFN_PRODUCING_KILLER_DC_VS_PLASMACYTOID_DC_SPLEEN_DN,GSE3691_IFN_PRODUCING_KILLER_DC_VS_PLASMACYTOID_DC_SPLEEN_DN]
[GSE22886_NAIVE_CD8_TCELL_VS_DC_UP,GSE22886_NAIVE_CD8_TCELL_VS_DC_UP] was killed by [GSE22886_NAIVE_TCELL_VS_DC_UP,GSE22886_NAIVE_TCELL_VS_DC_UP]
[GSE10239_NAIVE_VS_KLRG1HIGH_EFF_CD8_TCELL_UP,GSE10239_NAIVE_VS_KLRG1HIGH_EFF_CD8_TCELL_UP] was killed by [GSE22886_NAIVE_TCELL_VS_DC_UP,GSE22886_NAIVE_TCELL_VS_DC_UP]
[GSE42088_UNINF_VS_LEISHMANIA_INF_DC_2H_UP,GSE42088_UNINF_VS_LEISHMANIA_INF_DC_2H_UP] was killed by [GSE42088_UNINF_VS_LEISHMANIA_INF_DC_24H_DN,GSE42088_UNINF_VS_LEISHMANIA_INF_DC_24H_DN]
[GSE6259_FLT3L_INDUCED_DEC205_POS_DC_VS_BCELL_DN,GSE6259_FLT3L_INDUCED_DEC205_POS_DC_VS_BCELL_DN] was killed by [GSE25123_IL4_VS_IL4_AND_ROSIGLITAZONE_STIM_MACROPHAGE_DAY10_UP,GSE25123_IL4_VS_IL4_AND_ROSIGLITAZONE_STIM_MACROPHAGE_DAY10_UP]
[GSE6259_33D1_POS_DC_VS_BCELL_DN,GSE6259_33D1_POS_DC_VS_BCELL_DN] was killed by [GSE25123_IL4_VS_IL4_AND_ROSIGLITAZONE_STIM_MACROPHAGE_DAY10_UP,GSE25123_IL4_VS_IL4_AND_ROSIGLITAZONE_STIM_MACROPHAGE_DAY10_UP]
[GSE20366_TREG_VS_NAIVE_CD4_TCELL_UP,GSE20366_TREG_VS_NAIVE_CD4_TCELL_UP] was killed by [GSE3691_IFN_PRODUCING_KILLER_DC_VS_PLASMACYTOID_DC_SPLEEN_DN,GSE3691_IFN_PRODUCING_KILLER_DC_VS_PLASMACYTOID_DC_SPLEEN_DN]
[GSE14350_IL2RB_KO_VS_WT_TEFF_DN,GSE14350_IL2RB_KO_VS_WT_TEFF_DN] was killed by [GSE21927_SPLEEN_VS_TUMOR_MONOCYTE_BALBC_DN,GSE21927_SPLEEN_VS_TUMOR_MONOCYTE_BALBC_DN]
[GSE17721_LPS_VS_POLYIC_0.5H_BMDC_DN,GSE17721_LPS_VS_POLYIC_0.5H_BMDC_DN] was killed by [GSE17721_CTRL_VS_POLYIC_0.5H_BMDC_DN,GSE17721_CTRL_VS_POLYIC_0.5H_BMDC_DN]
[GSE10239_NAIVE_VS_DAY4.5_EFF_CD8_TCELL_UP,GSE10239_NAIVE_VS_DAY4.5_EFF_CD8_TCELL_UP] was killed by [GSE22886_NAIVE_TCELL_VS_DC_UP,GSE22886_NAIVE_TCELL_VS_DC_UP]
[GSE17974_CTRL_VS_ACT_IL4_AND_ANTI_IL12_2H_CD4_TCELL_DN,GSE17974_CTRL_VS_ACT_IL4_AND_ANTI_IL12_2H_CD4_TCELL_DN] was killed by [GSE17721_0.5H_VS_12H_PAM3CSK4_BMDC_DN,GSE17721_0.5H_VS_12H_PAM3CSK4_BMDC_DN]
[GSE17186_MEMORY_VS_CD21LOW_TRANSITIONAL_BCELL_UP,GSE17186_MEMORY_VS_CD21LOW_TRANSITIONAL_BCELL_UP] was killed by [GSE41867_NAIVE_VS_DAY6_LCMV_EFFECTOR_CD8_TCELL_UP,GSE41867_NAIVE_VS_DAY6_LCMV_EFFECTOR_CD8_TCELL_UP]
[GSE17721_CTRL_VS_PAM3CSK4_4H_BMDC_DN,GSE17721_CTRL_VS_PAM3CSK4_4H_BMDC_DN] was killed by [GSE42088_UNINF_VS_LEISHMANIA_INF_DC_24H_DN,GSE42088_UNINF_VS_LEISHMANIA_INF_DC_24H_DN]
[GSE15930_NAIVE_VS_72H_IN_VITRO_STIM_CD8_TCELL_DN,GSE15930_NAIVE_VS_72H_IN_VITRO_STIM_CD8_TCELL_DN] was killed by [GSE25123_IL4_VS_IL4_AND_ROSIGLITAZONE_STIM_MACROPHAGE_DAY10_UP,GSE25123_IL4_VS_IL4_AND_ROSIGLITAZONE_STIM_MACROPHAGE_DAY10_UP]
[GSE23114_WT_VS_SLE2C1_MOUSE_SPLEEN_B1A_BCELL_UP,GSE23114_WT_VS_SLE2C1_MOUSE_SPLEEN_B1A_BCELL_UP] was killed by [GSE17721_0.5H_VS_12H_PAM3CSK4_BMDC_DN,GSE17721_0.5H_VS_12H_PAM3CSK4_BMDC_DN]
[GSE19401_NAIVE_VS_IMMUNIZED_MOUSE_PLN_FOLLICULAR_DC_DN,GSE19401_NAIVE_VS_IMMUNIZED_MOUSE_PLN_FOLLICULAR_DC_DN] was killed by [GSE360_DC_VS_MAC_UP,GSE360_DC_VS_MAC_UP]
[GSE46606_IRF4HIGH_VS_WT_CD40L_IL2_IL5_DAY1_STIMULATED_BCELL_DN,GSE46606_IRF4HIGH_VS_WT_CD40L_IL2_IL5_DAY1_STIMULATED_BCELL_DN] was killed by [GSE17721_0.5H_VS_12H_PAM3CSK4_BMDC_DN,GSE17721_0.5H_VS_12H_PAM3CSK4_BMDC_DN]
[GSE24574_BCL6_HIGH_TFH_VS_TFH_CD4_TCELL_DN,GSE24574_BCL6_HIGH_TFH_VS_TFH_CD4_TCELL_DN] was killed by [GSE22886_NAIVE_TCELL_VS_DC_UP,GSE22886_NAIVE_TCELL_VS_DC_UP]
[GSE25123_WT_VS_PPARG_KO_MACROPHAGE_IL4_STIM_DN,GSE25123_WT_VS_PPARG_KO_MACROPHAGE_IL4_STIM_DN] was killed by [GSE25123_IL4_VS_IL4_AND_ROSIGLITAZONE_STIM_MACROPHAGE_DAY10_UP,GSE25123_IL4_VS_IL4_AND_ROSIGLITAZONE_STIM_MACROPHAGE_DAY10_UP]
[GSE24634_NAIVE_CD4_TCELL_VS_DAY5_IL4_CONV_TREG_UP,GSE24634_NAIVE_CD4_TCELL_VS_DAY5_IL4_CONV_TREG_UP] was killed by [GSE22886_NAIVE_TCELL_VS_DC_UP,GSE22886_NAIVE_TCELL_VS_DC_UP]
[GSE12366_PLASMA_CELL_VS_NAIVE_BCELL_DN,GSE12366_PLASMA_CELL_VS_NAIVE_BCELL_DN] was killed by [GSE22886_NAIVE_TCELL_VS_DC_UP,GSE22886_NAIVE_TCELL_VS_DC_UP]
[GSE3982_MAC_VS_BCELL_UP,GSE3982_MAC_VS_BCELL_UP] was killed by [GSE3691_IFN_PRODUCING_KILLER_DC_VS_PLASMACYTOID_DC_SPLEEN_DN,GSE3691_IFN_PRODUCING_KILLER_DC_VS_PLASMACYTOID_DC_SPLEEN_DN]
[GSE39556_CD8A_DC_VS_NK_CELL_UP,GSE39556_CD8A_DC_VS_NK_CELL_UP] was killed by [GSE42088_UNINF_VS_LEISHMANIA_INF_DC_24H_DN,GSE42088_UNINF_VS_LEISHMANIA_INF_DC_24H_DN]
[GSE22886_IGM_MEMORY_BCELL_VS_BLOOD_PLASMA_CELL_UP,GSE22886_IGM_MEMORY_BCELL_VS_BLOOD_PLASMA_CELL_UP] was killed by [GSE22886_NAIVE_TCELL_VS_DC_UP,GSE22886_NAIVE_TCELL_VS_DC_UP]
[GSE3720_UNSTIM_VS_PMA_STIM_VD2_GAMMADELTA_TCELL_UP,GSE3720_UNSTIM_VS_PMA_STIM_VD2_GAMMADELTA_TCELL_UP] was killed by [GSE22886_NAIVE_TCELL_VS_DC_UP,GSE22886_NAIVE_TCELL_VS_DC_UP]
[GSE2585_CD80_HIGH_VS_LOW_MTEC_DN,GSE2585_CD80_HIGH_VS_LOW_MTEC_DN] was killed by [GSE2585_THYMIC_DC_VS_THYMIC_MACROPHAGE_DN,GSE2585_THYMIC_DC_VS_THYMIC_MACROPHAGE_DN]
[GSE21927_SPLEEN_C57BL6_VS_EL4_TUMOR_BALBC_MONOCYTES_UP,GSE21927_SPLEEN_C57BL6_VS_EL4_TUMOR_BALBC_MONOCYTES_UP] was killed by [GSE22886_NAIVE_TCELL_VS_DC_UP,GSE22886_NAIVE_TCELL_VS_DC_UP]
[GSE24634_NAIVE_CD4_TCELL_VS_DAY10_IL4_CONV_TREG_DN,GSE24634_NAIVE_CD4_TCELL_VS_DAY10_IL4_CONV_TREG_DN] was killed by [GSE42088_UNINF_VS_LEISHMANIA_INF_DC_24H_DN,GSE42088_UNINF_VS_LEISHMANIA_INF_DC_24H_DN]
[GSE31082_DN_VS_DP_THYMOCYTE_DN,GSE31082_DN_VS_DP_THYMOCYTE_DN] was killed by [GSE30153_LUPUS_VS_HEALTHY_DONOR_BCELL_UP,GSE30153_LUPUS_VS_HEALTHY_DONOR_BCELL_UP]
[GSE6259_FLT3L_INDUCED_DEC205_POS_DC_VS_CD4_TCELL_UP,GSE6259_FLT3L_INDUCED_DEC205_POS_DC_VS_CD4_TCELL_UP] was killed by [GSE29949_CD8_NEG_DC_SPLEEN_VS_MONOCYTE_BONE_MARROW_DN,GSE29949_CD8_NEG_DC_SPLEEN_VS_MONOCYTE_BONE_MARROW_DN]
[GSE39110_UNTREATED_VS_IL2_TREATED_CD8_TCELL_DAY6_POST_IMMUNIZATION_UP,GSE39110_UNTREATED_VS_IL2_TREATED_CD8_TCELL_DAY6_POST_IMMUNIZATION_UP] was killed by [GSE25123_IL4_VS_IL4_AND_ROSIGLITAZONE_STIM_MACROPHAGE_DAY10_UP,GSE25123_IL4_VS_IL4_AND_ROSIGLITAZONE_STIM_MACROPHAGE_DAY10_UP]
[GSE20366_CD103_POS_VS_NEG_TREG_KLRG1NEG_DN,GSE20366_CD103_POS_VS_NEG_TREG_KLRG1NEG_DN] was killed by [GSE19825_CD24LOW_VS_IL2RA_HIGH_DAY3_EFF_CD8_TCELL_DN,GSE19825_CD24LOW_VS_IL2RA_HIGH_DAY3_EFF_CD8_TCELL_DN]
[GSE22611_UNSTIM_VS_2H_MDP_STIM_MUTANT_NOD2_TRANSDUCED_HEK293T_CELL_UP,GSE22611_UNSTIM_VS_2H_MDP_STIM_MUTANT_NOD2_TRANSDUCED_HEK293T_CELL_UP] was killed by [GSE15735_2H_VS_12H_HDAC_INHIBITOR_TREATED_CD4_TCELL_DN,GSE15735_2H_VS_12H_HDAC_INHIBITOR_TREATED_CD4_TCELL_DN]
[GSE2770_UNTREATED_VS_IL12_TREATED_ACT_CD4_TCELL_48H_DN,GSE2770_UNTREATED_VS_IL12_TREATED_ACT_CD4_TCELL_48H_DN] was killed by [GSE3691_IFN_PRODUCING_KILLER_DC_VS_PLASMACYTOID_DC_SPLEEN_DN,GSE3691_IFN_PRODUCING_KILLER_DC_VS_PLASMACYTOID_DC_SPLEEN_DN]
[GSE46606_UNSTIM_VS_CD40L_IL2_IL5_3DAY_STIMULATED_IRF4MID_SORTED_BCELL_DN,GSE46606_UNSTIM_VS_CD40L_IL2_IL5_3DAY_STIMULATED_IRF4MID_SORTED_BCELL_DN] was killed by [GSE17721_0.5H_VS_4H_CPG_BMDC_DN,GSE17721_0.5H_VS_4H_CPG_BMDC_DN]
[GSE11924_TFH_VS_TH17_CD4_TCELL_UP,GSE11924_TFH_VS_TH17_CD4_TCELL_UP] was killed by [GSE41867_NAIVE_VS_DAY6_LCMV_EFFECTOR_CD8_TCELL_UP,GSE41867_NAIVE_VS_DAY6_LCMV_EFFECTOR_CD8_TCELL_UP]
[GSE14413_UNSTIM_VS_IFNB_STIM_L929_CELLS_UP,GSE14413_UNSTIM_VS_IFNB_STIM_L929_CELLS_UP] was killed by [GSE42021_TREG_VS_TCONV_PLN_DN,GSE42021_TREG_VS_TCONV_PLN_DN]
[GSE42724_NAIVE_VS_B1_BCELL_UP,GSE42724_NAIVE_VS_B1_BCELL_UP] was killed by [GSE41867_NAIVE_VS_DAY6_LCMV_EFFECTOR_CD8_TCELL_UP,GSE41867_NAIVE_VS_DAY6_LCMV_EFFECTOR_CD8_TCELL_UP]
[GSE3720_LPS_VS_PMA_STIM_VD1_GAMMADELTA_TCELL_DN,GSE3720_LPS_VS_PMA_STIM_VD1_GAMMADELTA_TCELL_DN] was killed by [GSE22886_NAIVE_TCELL_VS_DC_UP,GSE22886_NAIVE_TCELL_VS_DC_UP]
[GSE411_WT_VS_SOCS3_KO_MACROPHAGE_IL6_STIM_400MIN_UP,GSE411_WT_VS_SOCS3_KO_MACROPHAGE_IL6_STIM_400MIN_UP] was killed by [GSE17721_0.5H_VS_4H_CPG_BMDC_DN,GSE17721_0.5H_VS_4H_CPG_BMDC_DN]
[GSE2935_UV_INACTIVATED_VS_LIVE_SENDAI_VIRUS_INF_MACROPHAGE_UP,GSE2935_UV_INACTIVATED_VS_LIVE_SENDAI_VIRUS_INF_MACROPHAGE_UP] was killed by [GSE25123_IL4_VS_IL4_AND_ROSIGLITAZONE_STIM_MACROPHAGE_DAY10_UP,GSE25123_IL4_VS_IL4_AND_ROSIGLITAZONE_STIM_MACROPHAGE_DAY10_UP]
[GSE22886_CTRL_VS_LPS_24H_DC_UP,GSE22886_CTRL_VS_LPS_24H_DC_UP] was killed by [GSE22886_NAIVE_TCELL_VS_DC_UP,GSE22886_NAIVE_TCELL_VS_DC_UP]
[GSE6259_FLT3L_INDUCED_33D1_POS_DC_VS_CD8_TCELL_DN,GSE6259_FLT3L_INDUCED_33D1_POS_DC_VS_CD8_TCELL_DN] was killed by [GSE15735_2H_VS_12H_HDAC_INHIBITOR_TREATED_CD4_TCELL_DN,GSE15735_2H_VS_12H_HDAC_INHIBITOR_TREATED_CD4_TCELL_DN]
[GSE19941_UNSTIM_VS_LPS_STIM_IL10_KO_MACROPHAGE_DN,GSE19941_UNSTIM_VS_LPS_STIM_IL10_KO_MACROPHAGE_DN] was killed by [GSE29949_CD8_NEG_DC_SPLEEN_VS_MONOCYTE_BONE_MARROW_DN,GSE29949_CD8_NEG_DC_SPLEEN_VS_MONOCYTE_BONE_MARROW_DN]
[GSE41978_KLRG1_HIGH_VS_LOW_EFFECTOR_CD8_TCELL_DN,GSE41978_KLRG1_HIGH_VS_LOW_EFFECTOR_CD8_TCELL_DN] was killed by [GSE22886_NAIVE_TCELL_VS_DC_UP,GSE22886_NAIVE_TCELL_VS_DC_UP]
[GSE17580_TREG_VS_TEFF_S_MANSONI_INF_UP,GSE17580_TREG_VS_TEFF_S_MANSONI_INF_UP] was killed by [GSE25123_IL4_VS_IL4_AND_ROSIGLITAZONE_STIM_MACROPHAGE_DAY10_UP,GSE25123_IL4_VS_IL4_AND_ROSIGLITAZONE_STIM_MACROPHAGE_DAY10_UP]
[GSE28726_NAIVE_VS_ACTIVATED_NKTCELL_DN,GSE28726_NAIVE_VS_ACTIVATED_NKTCELL_DN] was killed by [GSE42088_UNINF_VS_LEISHMANIA_INF_DC_24H_DN,GSE42088_UNINF_VS_LEISHMANIA_INF_DC_24H_DN]
[GSE13547_2H_VS_12_H_ANTI_IGM_STIM_BCELL_DN,GSE13547_2H_VS_12_H_ANTI_IGM_STIM_BCELL_DN] was killed by [GSE22886_NAIVE_TCELL_VS_DC_UP,GSE22886_NAIVE_TCELL_VS_DC_UP]
[GSE42021_TCONV_PLN_VS_CD24INT_TCONV_THYMUS_UP,GSE42021_TCONV_PLN_VS_CD24INT_TCONV_THYMUS_UP] was killed by [GSE30153_LUPUS_VS_HEALTHY_DONOR_BCELL_UP,GSE30153_LUPUS_VS_HEALTHY_DONOR_BCELL_UP]
[GSE23114_PERITONEAL_CAVITY_B1A_BCELL_VS_SPLEEN_BCELL_DN,GSE23114_PERITONEAL_CAVITY_B1A_BCELL_VS_SPLEEN_BCELL_DN] was killed by [GSE22886_NAIVE_TCELL_VS_DC_UP,GSE22886_NAIVE_TCELL_VS_DC_UP]
[GSE24574_BCL6_HIGH_TFH_VS_NAIVE_CD4_TCELL_DN,GSE24574_BCL6_HIGH_TFH_VS_NAIVE_CD4_TCELL_DN] was killed by [GSE22886_NAIVE_TCELL_VS_DC_UP,GSE22886_NAIVE_TCELL_VS_DC_UP]
[GSE15324_NAIVE_VS_ACTIVATED_ELF4_KO_CD8_TCELL_DN,GSE15324_NAIVE_VS_ACTIVATED_ELF4_KO_CD8_TCELL_DN] was killed by [GSE15735_2H_VS_12H_HDAC_INHIBITOR_TREATED_CD4_TCELL_DN,GSE15735_2H_VS_12H_HDAC_INHIBITOR_TREATED_CD4_TCELL_DN]
[GSE28783_ANTI_MIR33_VS_UNTREATED_ATHEROSCLEROSIS_MACROPHAGE_UP,GSE28783_ANTI_MIR33_VS_UNTREATED_ATHEROSCLEROSIS_MACROPHAGE_UP] was killed by [GSE25123_IL4_VS_IL4_AND_ROSIGLITAZONE_STIM_MACROPHAGE_DAY10_UP,GSE25123_IL4_VS_IL4_AND_ROSIGLITAZONE_STIM_MACROPHAGE_DAY10_UP]
[GSE8685_IL2_ACT_IL2_STARVED_VS_IL21_ACT_IL2_STARVED_CD4_TCELL_UP,GSE8685_IL2_ACT_IL2_STARVED_VS_IL21_ACT_IL2_STARVED_CD4_TCELL_UP] was killed by [GSE25123_IL4_VS_IL4_AND_ROSIGLITAZONE_STIM_MACROPHAGE_DAY10_UP,GSE25123_IL4_VS_IL4_AND_ROSIGLITAZONE_STIM_MACROPHAGE_DAY10_UP]
[GSE17721_POLYIC_VS_PAM3CSK4_16H_BMDC_UP,GSE17721_POLYIC_VS_PAM3CSK4_16H_BMDC_UP] was killed by [GSE3982_DC_VS_NKCELL_UP,GSE3982_DC_VS_NKCELL_UP]
[GSE37301_HEMATOPOIETIC_STEM_CELL_VS_GRAN_MONO_PROGENITOR_DN,GSE37301_HEMATOPOIETIC_STEM_CELL_VS_GRAN_MONO_PROGENITOR_DN] was killed by [GSE25123_IL4_VS_IL4_AND_ROSIGLITAZONE_STIM_MACROPHAGE_DAY10_UP,GSE25123_IL4_VS_IL4_AND_ROSIGLITAZONE_STIM_MACROPHAGE_DAY10_UP]
[GSE19888_CTRL_VS_A3R_INHIBITOR_TREATED_MAST_CELL_DN,GSE19888_CTRL_VS_A3R_INHIBITOR_TREATED_MAST_CELL_DN] was killed by [GSE22886_NAIVE_TCELL_VS_DC_UP,GSE22886_NAIVE_TCELL_VS_DC_UP]
[GSE18893_CTRL_VS_TNF_TREATED_TCONV_24H_DN,GSE18893_CTRL_VS_TNF_TREATED_TCONV_24H_DN] was killed by [GSE17721_0.5H_VS_12H_PAM3CSK4_BMDC_DN,GSE17721_0.5H_VS_12H_PAM3CSK4_BMDC_DN]
[GSE3982_MAC_VS_CENT_MEMORY_CD4_TCELL_DN,GSE3982_MAC_VS_CENT_MEMORY_CD4_TCELL_DN] was killed by [GSE22886_NAIVE_TCELL_VS_DC_UP,GSE22886_NAIVE_TCELL_VS_DC_UP]
[GSE2770_TGFB_AND_IL4_VS_IL4_TREATED_ACT_CD4_TCELL_48H_DN,GSE2770_TGFB_AND_IL4_VS_IL4_TREATED_ACT_CD4_TCELL_48H_DN] was killed by [GSE6259_FLT3L_INDUCED_33D1_POS_DC_VS_BCELL_UP,GSE6259_FLT3L_INDUCED_33D1_POS_DC_VS_BCELL_UP]
[GSE15330_WT_VS_IKAROS_KO_HSC_UP,GSE15330_WT_VS_IKAROS_KO_HSC_UP] was killed by [GSE3982_DC_VS_NKCELL_UP,GSE3982_DC_VS_NKCELL_UP]
[GSE29617_CTRL_VS_DAY3_TIV_FLU_VACCINE_PBMC_2008_DN,GSE29617_CTRL_VS_DAY3_TIV_FLU_VACCINE_PBMC_2008_DN] was killed by [GSE22886_NAIVE_TCELL_VS_DC_UP,GSE22886_NAIVE_TCELL_VS_DC_UP]
[GSE20727_DNFB_ALLERGEN_VS_ROS_INH_AND_DNFB_ALLERGEN_TREATED_DC_UP,GSE20727_DNFB_ALLERGEN_VS_ROS_INH_AND_DNFB_ALLERGEN_TREATED_DC_UP] was killed by [GSE22886_NAIVE_TCELL_VS_DC_UP,GSE22886_NAIVE_TCELL_VS_DC_UP]
[GSE17974_1.5H_VS_72H_IL4_AND_ANTI_IL12_ACT_CD4_TCELL_DN,GSE17974_1.5H_VS_72H_IL4_AND_ANTI_IL12_ACT_CD4_TCELL_DN] was killed by [GSE3982_DC_VS_NKCELL_UP,GSE3982_DC_VS_NKCELL_UP]
[GSE43863_NAIVE_VS_TH1_EFF_CD4_TCELL_D6_LCMV_UP,GSE43863_NAIVE_VS_TH1_EFF_CD4_TCELL_D6_LCMV_UP] was killed by [GSE42088_UNINF_VS_LEISHMANIA_INF_DC_24H_DN,GSE42088_UNINF_VS_LEISHMANIA_INF_DC_24H_DN]
[GSE4984_UNTREATED_VS_GALECTIN1_TREATED_DC_DN,GSE4984_UNTREATED_VS_GALECTIN1_TREATED_DC_DN] was killed by [GSE22886_NAIVE_TCELL_VS_DC_UP,GSE22886_NAIVE_TCELL_VS_DC_UP]
