[HALLMARK_INTERFERON_GAMMA_RESPONSE,HALLMARK_INTERFERON_GAMMA_RESPONSE] was killed by [HALLMARK_OXIDATIVE_PHOSPHORYLATION,HALLMARK_OXIDATIVE_PHOSPHORYLATION]
[HALLMARK_XENOBIOTIC_METABOLISM,HALLMARK_XENOBIOTIC_METABOLISM] was killed by [HALLMARK_OXIDATIVE_PHOSPHORYLATION,HALLMARK_OXIDATIVE_PHOSPHORYLATION]
[HALLMARK_CHOLESTEROL_HOMEOSTASIS,HALLMARK_CHOLESTEROL_HOMEOSTASIS] was killed by [HALLMARK_OXIDATIVE_PHOSPHORYLATION,HALLMARK_OXIDATIVE_PHOSPHORYLATION]
[HALLMARK_EPITHELIAL_MESENCHYMAL_TRANSITION,HALLMARK_EPITHELIAL_MESENCHYMAL_TRANSITION] was killed by [HALLMARK_OXIDATIVE_PHOSPHORYLATION,HALLMARK_OXIDATIVE_PHOSPHORYLATION]
[HALLMARK_INFLAMMATORY_RESPONSE,HALLMARK_INFLAMMATORY_RESPONSE] was killed by [HALLMARK_OXIDATIVE_PHOSPHORYLATION,HALLMARK_OXIDATIVE_PHOSPHORYLATION]
[HALLMARK_UV_RESPONSE_DN,HALLMARK_UV_RESPONSE_DN] was killed by [HALLMARK_OXIDATIVE_PHOSPHORYLATION,HALLMARK_OXIDATIVE_PHOSPHORYLATION]
[HALLMARK_ADIPOGENESIS,HALLMARK_ADIPOGENESIS] was killed by [HALLMARK_OXIDATIVE_PHOSPHORYLATION,HALLMARK_OXIDATIVE_PHOSPHORYLATION]
[HALLMARK_MYOGENESIS,HALLMARK_MYOGENESIS] was killed by [HALLMARK_OXIDATIVE_PHOSPHORYLATION,HALLMARK_OXIDATIVE_PHOSPHORYLATION]
[HALLMARK_PEROXISOME,HALLMARK_PEROXISOME] was killed by [HALLMARK_OXIDATIVE_PHOSPHORYLATION,HALLMARK_OXIDATIVE_PHOSPHORYLATION]
[HALLMARK_MTORC1_SIGNALING,HALLMARK_MTORC1_SIGNALING] was killed by [HALLMARK_OXIDATIVE_PHOSPHORYLATION,HALLMARK_OXIDATIVE_PHOSPHORYLATION]
[HALLMARK_E2F_TARGETS,HALLMARK_E2F_TARGETS] was killed by [HALLMARK_OXIDATIVE_PHOSPHORYLATION,HALLMARK_OXIDATIVE_PHOSPHORYLATION]
[HALLMARK_MYC_TARGETS_V2,HALLMARK_MYC_TARGETS_V2] was killed by [HALLMARK_OXIDATIVE_PHOSPHORYLATION,HALLMARK_OXIDATIVE_PHOSPHORYLATION]
[HALLMARK_MYC_TARGETS_V1,HALLMARK_MYC_TARGETS_V1] was killed by [HALLMARK_OXIDATIVE_PHOSPHORYLATION,HALLMARK_OXIDATIVE_PHOSPHORYLATION]
[HALLMARK_MITOTIC_SPINDLE,HALLMARK_MITOTIC_SPINDLE] was killed by [HALLMARK_OXIDATIVE_PHOSPHORYLATION,HALLMARK_OXIDATIVE_PHOSPHORYLATION]
[HALLMARK_G2M_CHECKPOINT,HALLMARK_G2M_CHECKPOINT] was killed by [HALLMARK_OXIDATIVE_PHOSPHORYLATION,HALLMARK_OXIDATIVE_PHOSPHORYLATION]
[HALLMARK_UV_RESPONSE_UP,HALLMARK_UV_RESPONSE_UP] was killed by [HALLMARK_OXIDATIVE_PHOSPHORYLATION,HALLMARK_OXIDATIVE_PHOSPHORYLATION]
[HALLMARK_ANDROGEN_RESPONSE,HALLMARK_ANDROGEN_RESPONSE] was killed by [HALLMARK_OXIDATIVE_PHOSPHORYLATION,HALLMARK_OXIDATIVE_PHOSPHORYLATION]
[HALLMARK_ESTROGEN_RESPONSE_EARLY,HALLMARK_ESTROGEN_RESPONSE_EARLY] was killed by [HALLMARK_OXIDATIVE_PHOSPHORYLATION,HALLMARK_OXIDATIVE_PHOSPHORYLATION]
[HALLMARK_COAGULATION,HALLMARK_COAGULATION] was killed by [HALLMARK_OXIDATIVE_PHOSPHORYLATION,HALLMARK_OXIDATIVE_PHOSPHORYLATION]
[HALLMARK_PROTEIN_SECRETION,HALLMARK_PROTEIN_SECRETION] was killed by [HALLMARK_OXIDATIVE_PHOSPHORYLATION,HALLMARK_OXIDATIVE_PHOSPHORYLATION]
[HALLMARK_APICAL_JUNCTION,HALLMARK_APICAL_JUNCTION] was killed by [HALLMARK_OXIDATIVE_PHOSPHORYLATION,HALLMARK_OXIDATIVE_PHOSPHORYLATION]
