[ATXN2_HEK293T_POSTAR_Piranha_0.01,ATXN2_HEK293T_POSTAR_Piranha_0.01] was killed by [DGCR8_HEK293T_POSTAR_Piranha_0.01,DGCR8_HEK293T_POSTAR_Piranha_0.01]
[CELF2_T_cell_POSTAR_CIMS,CELF2_T_cell_POSTAR_CIMS] was killed by [DGCR8_HEK293T_POSTAR_Piranha_0.01,DGCR8_HEK293T_POSTAR_Piranha_0.01]
[DGCR8_HEK293T_POSTAR_HITS-CLIP,DGCR8_HEK293T_POSTAR_HITS-CLIP] was killed by [DGCR8_HEK293T_POSTAR_Piranha_0.01,DGCR8_HEK293T_POSTAR_Piranha_0.01]
[TARDBP_HEK293T_POSTAR_Piranha_0.01,TARDBP_HEK293T_POSTAR_Piranha_0.01] was killed by [DGCR8_HEK293T_POSTAR_Piranha_0.01,DGCR8_HEK293T_POSTAR_Piranha_0.01]
[EIF4A3_HeLa_POSTAR_Piranha_0.01,EIF4A3_HeLa_POSTAR_Piranha_0.01] was killed by [DGCR8_HEK293T_POSTAR_Piranha_0.01,DGCR8_HEK293T_POSTAR_Piranha_0.01]
[U2AF2_HepG2_POSTAR_eCLIP,U2AF2_HepG2_POSTAR_eCLIP] was killed by [DGCR8_HEK293T_POSTAR_Piranha_0.01,DGCR8_HEK293T_POSTAR_Piranha_0.01]
[LIN28A_H9_POSTAR_Piranha_0.01,LIN28A_H9_POSTAR_Piranha_0.01] was killed by [DGCR8_HEK293T_POSTAR_Piranha_0.01,DGCR8_HEK293T_POSTAR_Piranha_0.01]
[EIF4A3_HeLa_POSTAR_HITS-CLIP,EIF4A3_HeLa_POSTAR_HITS-CLIP] was killed by [DGCR8_HEK293T_POSTAR_Piranha_0.01,DGCR8_HEK293T_POSTAR_Piranha_0.01]
[METTL3_HeLa_POSTAR_PARalyzer,METTL3_HeLa_POSTAR_PARalyzer] was killed by [DGCR8_HEK293T_POSTAR_Piranha_0.01,DGCR8_HEK293T_POSTAR_Piranha_0.01]
[UPF1_HeLa_POSTAR_Piranha_0.01,UPF1_HeLa_POSTAR_Piranha_0.01] was killed by [DGCR8_HEK293T_POSTAR_Piranha_0.01,DGCR8_HEK293T_POSTAR_Piranha_0.01]
[YTHDF1_Huh7_POSTAR_PAR-CLIP,YTHDF1_Huh7_POSTAR_PAR-CLIP] was killed by [DGCR8_HEK293T_POSTAR_Piranha_0.01,DGCR8_HEK293T_POSTAR_Piranha_0.01]
[YTHDF1_Huh7_POSTAR_PARalyzer,YTHDF1_Huh7_POSTAR_PARalyzer] was killed by [DGCR8_HEK293T_POSTAR_Piranha_0.01,DGCR8_HEK293T_POSTAR_Piranha_0.01]
[IGF2BP1_HEK293_POSTAR_Piranha_0.01,IGF2BP1_HEK293_POSTAR_Piranha_0.01] was killed by [DGCR8_HEK293T_POSTAR_Piranha_0.01,DGCR8_HEK293T_POSTAR_Piranha_0.01]
[LARP4_K562_POSTAR_eCLIP,LARP4_K562_POSTAR_eCLIP] was killed by [DGCR8_HEK293T_POSTAR_Piranha_0.01,DGCR8_HEK293T_POSTAR_Piranha_0.01]
[ILF3_HepG2_POSTAR_eCLIP,ILF3_HepG2_POSTAR_eCLIP] was killed by [DGCR8_HEK293T_POSTAR_Piranha_0.01,DGCR8_HEK293T_POSTAR_Piranha_0.01]
[HNRNPF_HEK293T_POSTAR_HITS-CLIP,HNRNPF_HEK293T_POSTAR_HITS-CLIP] was killed by [DGCR8_HEK293T_POSTAR_Piranha_0.01,DGCR8_HEK293T_POSTAR_Piranha_0.01]
[HNRNPF_HEK293T_POSTAR_Piranha_0.01,HNRNPF_HEK293T_POSTAR_Piranha_0.01] was killed by [DGCR8_HEK293T_POSTAR_Piranha_0.01,DGCR8_HEK293T_POSTAR_Piranha_0.01]
[METTL3_HeLa_POSTAR_PAR-CLIP,METTL3_HeLa_POSTAR_PAR-CLIP] was killed by [DGCR8_HEK293T_POSTAR_Piranha_0.01,DGCR8_HEK293T_POSTAR_Piranha_0.01]
[UPF1_HeLa,treated_with_puromycoin_POSTAR_Piranha_0.01,UPF1_HeLa,treated_with_puromycoin_POSTAR_Piranha_0.01] was killed by [DGCR8_HEK293T_POSTAR_Piranha_0.01,DGCR8_HEK293T_POSTAR_Piranha_0.01]
[PTBP1_HEK293T,plus_SRRM4_POSTAR_Piranha_0.01,PTBP1_HEK293T,plus_SRRM4_POSTAR_Piranha_0.01] was killed by [DGCR8_HEK293T_POSTAR_Piranha_0.01,DGCR8_HEK293T_POSTAR_Piranha_0.01]
[TIA1_HeLa_POSTAR_Piranha_0.01,TIA1_HeLa_POSTAR_Piranha_0.01] was killed by [DGCR8_HEK293T_POSTAR_Piranha_0.01,DGCR8_HEK293T_POSTAR_Piranha_0.01]
[IGF2BP2_HEK293_POSTAR_Piranha_0.01,IGF2BP2_HEK293_POSTAR_Piranha_0.01] was killed by [DGCR8_HEK293T_POSTAR_Piranha_0.01,DGCR8_HEK293T_POSTAR_Piranha_0.01]
[NOP58_HEK293_POSTAR_PAR-CLIP,NOP58_HEK293_POSTAR_PAR-CLIP] was killed by [DGCR8_HEK293T_POSTAR_Piranha_0.01,DGCR8_HEK293T_POSTAR_Piranha_0.01]
[NOP58_HEK293_POSTAR_PARalyzer,NOP58_HEK293_POSTAR_PARalyzer] was killed by [DGCR8_HEK293T_POSTAR_Piranha_0.01,DGCR8_HEK293T_POSTAR_Piranha_0.01]
[CSTF2_HepG2_POSTAR_eCLIP,CSTF2_HepG2_POSTAR_eCLIP] was killed by [DGCR8_HEK293T_POSTAR_Piranha_0.01,DGCR8_HEK293T_POSTAR_Piranha_0.01]
[RBM15_K562_POSTAR_eCLIP,RBM15_K562_POSTAR_eCLIP] was killed by [DGCR8_HEK293T_POSTAR_Piranha_0.01,DGCR8_HEK293T_POSTAR_Piranha_0.01]
[METAP2_K562_POSTAR_eCLIP,METAP2_K562_POSTAR_eCLIP] was killed by [DGCR8_HEK293T_POSTAR_Piranha_0.01,DGCR8_HEK293T_POSTAR_Piranha_0.01]
[CPSF4_HEK293_POSTAR_Piranha_0.01,CPSF4_HEK293_POSTAR_Piranha_0.01] was killed by [DGCR8_HEK293T_POSTAR_Piranha_0.01,DGCR8_HEK293T_POSTAR_Piranha_0.01]
[LSM11_HepG2_POSTAR_eCLIP,LSM11_HepG2_POSTAR_eCLIP] was killed by [DGCR8_HEK293T_POSTAR_Piranha_0.01,DGCR8_HEK293T_POSTAR_Piranha_0.01]
[LIN28A_H9_POSTAR_HITS-CLIP,LIN28A_H9_POSTAR_HITS-CLIP] was killed by [DGCR8_HEK293T_POSTAR_Piranha_0.01,DGCR8_HEK293T_POSTAR_Piranha_0.01]
[RBM15_HEK293T_POSTAR_Piranha_0.01,RBM15_HEK293T_POSTAR_Piranha_0.01] was killed by [DGCR8_HEK293T_POSTAR_Piranha_0.01,DGCR8_HEK293T_POSTAR_Piranha_0.01]
[XRN2_HepG2_POSTAR_eCLIP,XRN2_HepG2_POSTAR_eCLIP] was killed by [DGCR8_HEK293T_POSTAR_Piranha_0.01,DGCR8_HEK293T_POSTAR_Piranha_0.01]
[TARDBP_Brain_POSTAR_Piranha_0.01,TARDBP_Brain_POSTAR_Piranha_0.01] was killed by [DGCR8_HEK293T_POSTAR_Piranha_0.01,DGCR8_HEK293T_POSTAR_Piranha_0.01]
[FXR2_HEK293_POSTAR_Piranha_0.01,FXR2_HEK293_POSTAR_Piranha_0.01] was killed by [DGCR8_HEK293T_POSTAR_Piranha_0.01,DGCR8_HEK293T_POSTAR_Piranha_0.01]
[EIF3D_HEK293T_POSTAR_PAR-CLIP,EIF3D_HEK293T_POSTAR_PAR-CLIP] was killed by [DGCR8_HEK293T_POSTAR_Piranha_0.01,DGCR8_HEK293T_POSTAR_Piranha_0.01]
[RBFOX2_HepG2_POSTAR_eCLIP,RBFOX2_HepG2_POSTAR_eCLIP] was killed by [DGCR8_HEK293T_POSTAR_Piranha_0.01,DGCR8_HEK293T_POSTAR_Piranha_0.01]
[U2AF1_K562_POSTAR_eCLIP,U2AF1_K562_POSTAR_eCLIP] was killed by [DGCR8_HEK293T_POSTAR_Piranha_0.01,DGCR8_HEK293T_POSTAR_Piranha_0.01]
[HNRNPU_HeLa_POSTAR_HITS-CLIP,HNRNPU_HeLa_POSTAR_HITS-CLIP] was killed by [DGCR8_HEK293T_POSTAR_Piranha_0.01,DGCR8_HEK293T_POSTAR_Piranha_0.01]
[HNRNPU_HeLa_POSTAR_Piranha_0.01,HNRNPU_HeLa_POSTAR_Piranha_0.01] was killed by [DGCR8_HEK293T_POSTAR_Piranha_0.01,DGCR8_HEK293T_POSTAR_Piranha_0.01]
[MOV10_HEK293_POSTAR_Piranha_0.01,MOV10_HEK293_POSTAR_Piranha_0.01] was killed by [DGCR8_HEK293T_POSTAR_Piranha_0.01,DGCR8_HEK293T_POSTAR_Piranha_0.01]
[PUM2_HEK293_POSTAR_PAR-CLIP,PUM2_HEK293_POSTAR_PAR-CLIP] was killed by [DGCR8_HEK293T_POSTAR_Piranha_0.01,DGCR8_HEK293T_POSTAR_Piranha_0.01]
[PUM2_HEK293_POSTAR_PARalyzer,PUM2_HEK293_POSTAR_PARalyzer] was killed by [DGCR8_HEK293T_POSTAR_Piranha_0.01,DGCR8_HEK293T_POSTAR_Piranha_0.01]
[LIN28A_HEK293_POSTAR_HITS-CLIP,LIN28A_HEK293_POSTAR_HITS-CLIP] was killed by [DGCR8_HEK293T_POSTAR_Piranha_0.01,DGCR8_HEK293T_POSTAR_Piranha_0.01]
[LIN28A_HEK293_POSTAR_Piranha_0.01,LIN28A_HEK293_POSTAR_Piranha_0.01] was killed by [DGCR8_HEK293T_POSTAR_Piranha_0.01,DGCR8_HEK293T_POSTAR_Piranha_0.01]
[TARDBP_SH-SY5Y_POSTAR_Piranha_0.01,TARDBP_SH-SY5Y_POSTAR_Piranha_0.01] was killed by [DGCR8_HEK293T_POSTAR_Piranha_0.01,DGCR8_HEK293T_POSTAR_Piranha_0.01]
[NOP58_HEK293_POSTAR_Piranha_0.01,NOP58_HEK293_POSTAR_Piranha_0.01] was killed by [DGCR8_HEK293T_POSTAR_Piranha_0.01,DGCR8_HEK293T_POSTAR_Piranha_0.01]
[TIA1_K562_POSTAR_eCLIP,TIA1_K562_POSTAR_eCLIP] was killed by [DGCR8_HEK293T_POSTAR_Piranha_0.01,DGCR8_HEK293T_POSTAR_Piranha_0.01]
[U2AF2_K562_POSTAR_eCLIP,U2AF2_K562_POSTAR_eCLIP] was killed by [DGCR8_HEK293T_POSTAR_Piranha_0.01,DGCR8_HEK293T_POSTAR_Piranha_0.01]
[TIA1_HepG2_POSTAR_eCLIP,TIA1_HepG2_POSTAR_eCLIP] was killed by [DGCR8_HEK293T_POSTAR_Piranha_0.01,DGCR8_HEK293T_POSTAR_Piranha_0.01]
[DIS3L2_HEK293_POSTAR_HITS-CLIP,DIS3L2_HEK293_POSTAR_HITS-CLIP] was killed by [DGCR8_HEK293T_POSTAR_Piranha_0.01,DGCR8_HEK293T_POSTAR_Piranha_0.01]
[IGF2BP3_PL45_POSTAR_CIMS,IGF2BP3_PL45_POSTAR_CIMS] was killed by [DGCR8_HEK293T_POSTAR_Piranha_0.01,DGCR8_HEK293T_POSTAR_Piranha_0.01]
[HNRNPM_HEK293T_POSTAR_HITS-CLIP,HNRNPM_HEK293T_POSTAR_HITS-CLIP] was killed by [DGCR8_HEK293T_POSTAR_Piranha_0.01,DGCR8_HEK293T_POSTAR_Piranha_0.01]
[HNRNPM_HEK293T_POSTAR_Piranha_0.01,HNRNPM_HEK293T_POSTAR_Piranha_0.01] was killed by [DGCR8_HEK293T_POSTAR_Piranha_0.01,DGCR8_HEK293T_POSTAR_Piranha_0.01]
[SF3A3_HepG2_POSTAR_eCLIP,SF3A3_HepG2_POSTAR_eCLIP] was killed by [DGCR8_HEK293T_POSTAR_Piranha_0.01,DGCR8_HEK293T_POSTAR_Piranha_0.01]
[SMNDC1_K562_POSTAR_eCLIP,SMNDC1_K562_POSTAR_eCLIP] was killed by [DGCR8_HEK293T_POSTAR_Piranha_0.01,DGCR8_HEK293T_POSTAR_Piranha_0.01]
[PTBP1_K562_POSTAR_eCLIP,PTBP1_K562_POSTAR_eCLIP] was killed by [DGCR8_HEK293T_POSTAR_Piranha_0.01,DGCR8_HEK293T_POSTAR_Piranha_0.01]
[TARDBP_SH-SY5Y_POSTAR_CIMS,TARDBP_SH-SY5Y_POSTAR_CIMS] was killed by [DGCR8_HEK293T_POSTAR_Piranha_0.01,DGCR8_HEK293T_POSTAR_Piranha_0.01]
[TARDBP_SH-SY5Y_POSTAR_iCLIP,TARDBP_SH-SY5Y_POSTAR_iCLIP] was killed by [DGCR8_HEK293T_POSTAR_Piranha_0.01,DGCR8_HEK293T_POSTAR_Piranha_0.01]
[IGF2BP2_K562_POSTAR_eCLIP,IGF2BP2_K562_POSTAR_eCLIP] was killed by [DGCR8_HEK293T_POSTAR_Piranha_0.01,DGCR8_HEK293T_POSTAR_Piranha_0.01]
[FMR1_HEK293_POSTAR_Piranha_0.01,FMR1_HEK293_POSTAR_Piranha_0.01] was killed by [DGCR8_HEK293T_POSTAR_Piranha_0.01,DGCR8_HEK293T_POSTAR_Piranha_0.01]
[RBPMS_HEK293_POSTAR_PAR-CLIP,RBPMS_HEK293_POSTAR_PAR-CLIP] was killed by [DGCR8_HEK293T_POSTAR_Piranha_0.01,DGCR8_HEK293T_POSTAR_Piranha_0.01]
[RBPMS_HEK293_POSTAR_Piranha_0.01,RBPMS_HEK293_POSTAR_Piranha_0.01] was killed by [DGCR8_HEK293T_POSTAR_Piranha_0.01,DGCR8_HEK293T_POSTAR_Piranha_0.01]
[DKC1_HepG2_POSTAR_eCLIP,DKC1_HepG2_POSTAR_eCLIP] was killed by [DGCR8_HEK293T_POSTAR_Piranha_0.01,DGCR8_HEK293T_POSTAR_Piranha_0.01]
[RBM15_HepG2_POSTAR_eCLIP,RBM15_HepG2_POSTAR_eCLIP] was killed by [DGCR8_HEK293T_POSTAR_Piranha_0.01,DGCR8_HEK293T_POSTAR_Piranha_0.01]
[QKI_HEK293_POSTAR_PAR-CLIP,QKI_HEK293_POSTAR_PAR-CLIP] was killed by [DGCR8_HEK293T_POSTAR_Piranha_0.01,DGCR8_HEK293T_POSTAR_Piranha_0.01]
[QKI_HEK293_POSTAR_PARalyzer,QKI_HEK293_POSTAR_PARalyzer] was killed by [DGCR8_HEK293T_POSTAR_Piranha_0.01,DGCR8_HEK293T_POSTAR_Piranha_0.01]
[EFTUD2_K562_POSTAR_eCLIP,EFTUD2_K562_POSTAR_eCLIP] was killed by [DGCR8_HEK293T_POSTAR_Piranha_0.01,DGCR8_HEK293T_POSTAR_Piranha_0.01]
[GPKOW_K562_POSTAR_eCLIP,GPKOW_K562_POSTAR_eCLIP] was killed by [DGCR8_HEK293T_POSTAR_Piranha_0.01,DGCR8_HEK293T_POSTAR_Piranha_0.01]
[IGF2BP3_PL45_POSTAR_iCLIP,IGF2BP3_PL45_POSTAR_iCLIP] was killed by [DGCR8_HEK293T_POSTAR_Piranha_0.01,DGCR8_HEK293T_POSTAR_Piranha_0.01]
[DIS3L2_HEK293_POSTAR_Piranha_0.01,DIS3L2_HEK293_POSTAR_Piranha_0.01] was killed by [DGCR8_HEK293T_POSTAR_Piranha_0.01,DGCR8_HEK293T_POSTAR_Piranha_0.01]
[TARBP2_MDA-LM2_POSTAR_Piranha_0.01,TARBP2_MDA-LM2_POSTAR_Piranha_0.01] was killed by [DGCR8_HEK293T_POSTAR_Piranha_0.01,DGCR8_HEK293T_POSTAR_Piranha_0.01]
[NOP56_HEK293_POSTAR_PAR-CLIP,NOP56_HEK293_POSTAR_PAR-CLIP] was killed by [DGCR8_HEK293T_POSTAR_Piranha_0.01,DGCR8_HEK293T_POSTAR_Piranha_0.01]
[NOP56_HEK293_POSTAR_PARalyzer,NOP56_HEK293_POSTAR_PARalyzer] was killed by [DGCR8_HEK293T_POSTAR_Piranha_0.01,DGCR8_HEK293T_POSTAR_Piranha_0.01]
[HNRNPA1_HEK293T_POSTAR_HITS-CLIP,HNRNPA1_HEK293T_POSTAR_HITS-CLIP] was killed by [DGCR8_HEK293T_POSTAR_Piranha_0.01,DGCR8_HEK293T_POSTAR_Piranha_0.01]
[HNRNPA1_HEK293T_POSTAR_Piranha_0.01,HNRNPA1_HEK293T_POSTAR_Piranha_0.01] was killed by [DGCR8_HEK293T_POSTAR_Piranha_0.01,DGCR8_HEK293T_POSTAR_Piranha_0.01]
[TARDBP_K562_POSTAR_eCLIP,TARDBP_K562_POSTAR_eCLIP] was killed by [DGCR8_HEK293T_POSTAR_Piranha_0.01,DGCR8_HEK293T_POSTAR_Piranha_0.01]
[FBL_HEK293_POSTAR_PAR-CLIP,FBL_HEK293_POSTAR_PAR-CLIP] was killed by [DGCR8_HEK293T_POSTAR_Piranha_0.01,DGCR8_HEK293T_POSTAR_Piranha_0.01]
[FBL_HEK293_POSTAR_PARalyzer,FBL_HEK293_POSTAR_PARalyzer] was killed by [DGCR8_HEK293T_POSTAR_Piranha_0.01,DGCR8_HEK293T_POSTAR_Piranha_0.01]
[EWSR1_HEK293_POSTAR_Piranha_0.01,EWSR1_HEK293_POSTAR_Piranha_0.01] was killed by [DGCR8_HEK293T_POSTAR_Piranha_0.01,DGCR8_HEK293T_POSTAR_Piranha_0.01]
[STAU1_HEK293_POSTAR_Piranha_0.01,STAU1_HEK293_POSTAR_Piranha_0.01] was killed by [DGCR8_HEK293T_POSTAR_Piranha_0.01,DGCR8_HEK293T_POSTAR_Piranha_0.01]
[PRPF8_K562_POSTAR_eCLIP,PRPF8_K562_POSTAR_eCLIP] was killed by [DGCR8_HEK293T_POSTAR_Piranha_0.01,DGCR8_HEK293T_POSTAR_Piranha_0.01]
[CPSF2_HEK293_POSTAR_PAR-CLIP,CPSF2_HEK293_POSTAR_PAR-CLIP] was killed by [DGCR8_HEK293T_POSTAR_Piranha_0.01,DGCR8_HEK293T_POSTAR_Piranha_0.01]
[CPSF2_HEK293_POSTAR_PARalyzer,CPSF2_HEK293_POSTAR_PARalyzer] was killed by [DGCR8_HEK293T_POSTAR_Piranha_0.01,DGCR8_HEK293T_POSTAR_Piranha_0.01]
[IGF2BP3_HEK293_POSTAR_Piranha_0.01,IGF2BP3_HEK293_POSTAR_Piranha_0.01] was killed by [DGCR8_HEK293T_POSTAR_Piranha_0.01,DGCR8_HEK293T_POSTAR_Piranha_0.01]
[IGF2BP3_HepG2_POSTAR_eCLIP,IGF2BP3_HepG2_POSTAR_eCLIP] was killed by [DGCR8_HEK293T_POSTAR_Piranha_0.01,DGCR8_HEK293T_POSTAR_Piranha_0.01]
[RPS3_HepG2_POSTAR_eCLIP,RPS3_HepG2_POSTAR_eCLIP] was killed by [DGCR8_HEK293T_POSTAR_Piranha_0.01,DGCR8_HEK293T_POSTAR_Piranha_0.01]
[SSB_HEK293_POSTAR_PAR-CLIP,SSB_HEK293_POSTAR_PAR-CLIP] was killed by [DGCR8_HEK293T_POSTAR_Piranha_0.01,DGCR8_HEK293T_POSTAR_Piranha_0.01]
[SSB_HEK293_POSTAR_PARalyzer,SSB_HEK293_POSTAR_PARalyzer] was killed by [DGCR8_HEK293T_POSTAR_Piranha_0.01,DGCR8_HEK293T_POSTAR_Piranha_0.01]
[HNRNPD_HEK293_POSTAR_Piranha_0.01,HNRNPD_HEK293_POSTAR_Piranha_0.01] was killed by [DGCR8_HEK293T_POSTAR_Piranha_0.01,DGCR8_HEK293T_POSTAR_Piranha_0.01]
[SF3B4_HepG2_POSTAR_eCLIP,SF3B4_HepG2_POSTAR_eCLIP] was killed by [DGCR8_HEK293T_POSTAR_Piranha_0.01,DGCR8_HEK293T_POSTAR_Piranha_0.01]
[BUD13_K562_POSTAR_eCLIP,BUD13_K562_POSTAR_eCLIP] was killed by [DGCR8_HEK293T_POSTAR_Piranha_0.01,DGCR8_HEK293T_POSTAR_Piranha_0.01]
[EIF3D_HEK293T_POSTAR_PARalyzer,EIF3D_HEK293T_POSTAR_PARalyzer] was killed by [DGCR8_HEK293T_POSTAR_Piranha_0.01,DGCR8_HEK293T_POSTAR_Piranha_0.01]
[RTCB_HEK293_POSTAR_Piranha_0.01,RTCB_HEK293_POSTAR_Piranha_0.01] was killed by [DGCR8_HEK293T_POSTAR_Piranha_0.01,DGCR8_HEK293T_POSTAR_Piranha_0.01]
[FUBP3_HepG2_POSTAR_eCLIP,FUBP3_HepG2_POSTAR_eCLIP] was killed by [DGCR8_HEK293T_POSTAR_Piranha_0.01,DGCR8_HEK293T_POSTAR_Piranha_0.01]
[METTL3_HeLa_POSTAR_Piranha_0.01,METTL3_HeLa_POSTAR_Piranha_0.01] was killed by [DGCR8_HEK293T_POSTAR_Piranha_0.01,DGCR8_HEK293T_POSTAR_Piranha_0.01]
[YTHDC2_HeLa_POSTAR_PAR-CLIP,YTHDC2_HeLa_POSTAR_PAR-CLIP] was killed by [DGCR8_HEK293T_POSTAR_Piranha_0.01,DGCR8_HEK293T_POSTAR_Piranha_0.01]
[YTHDC2_HeLa_POSTAR_PARalyzer,YTHDC2_HeLa_POSTAR_PARalyzer] was killed by [DGCR8_HEK293T_POSTAR_Piranha_0.01,DGCR8_HEK293T_POSTAR_Piranha_0.01]
[TARBP2_MDA-LM2_POSTAR_HITS-CLIP,TARBP2_MDA-LM2_POSTAR_HITS-CLIP] was killed by [DGCR8_HEK293T_POSTAR_Piranha_0.01,DGCR8_HEK293T_POSTAR_Piranha_0.01]
[AARS_K562_POSTAR_eCLIP,AARS_K562_POSTAR_eCLIP] was killed by [DGCR8_HEK293T_POSTAR_Piranha_0.01,DGCR8_HEK293T_POSTAR_Piranha_0.01]
[LIN28B_K562_POSTAR_eCLIP,LIN28B_K562_POSTAR_eCLIP] was killed by [DGCR8_HEK293T_POSTAR_Piranha_0.01,DGCR8_HEK293T_POSTAR_Piranha_0.01]
[YTHDF2_HEK293T_POSTAR_Piranha_0.01,YTHDF2_HEK293T_POSTAR_Piranha_0.01] was killed by [DGCR8_HEK293T_POSTAR_Piranha_0.01,DGCR8_HEK293T_POSTAR_Piranha_0.01]
[DICER1_HEK293_POSTAR_PARalyzer,DICER1_HEK293_POSTAR_PARalyzer] was killed by [DGCR8_HEK293T_POSTAR_Piranha_0.01,DGCR8_HEK293T_POSTAR_Piranha_0.01]
[GEMIN5_K562_POSTAR_eCLIP,GEMIN5_K562_POSTAR_eCLIP] was killed by [DGCR8_HEK293T_POSTAR_Piranha_0.01,DGCR8_HEK293T_POSTAR_Piranha_0.01]
[RBM5_HepG2_POSTAR_eCLIP,RBM5_HepG2_POSTAR_eCLIP] was killed by [DGCR8_HEK293T_POSTAR_Piranha_0.01,DGCR8_HEK293T_POSTAR_Piranha_0.01]
[KHSRP_K562_POSTAR_eCLIP,KHSRP_K562_POSTAR_eCLIP] was killed by [DGCR8_HEK293T_POSTAR_Piranha_0.01,DGCR8_HEK293T_POSTAR_Piranha_0.01]
[MBNL2_hippocampus_POSTAR_HITS-CLIP,MBNL2_hippocampus_POSTAR_HITS-CLIP] was killed by [DGCR8_HEK293T_POSTAR_Piranha_0.01,DGCR8_HEK293T_POSTAR_Piranha_0.01]
[MBNL2_hippocampus_POSTAR_Piranha_0.01,MBNL2_hippocampus_POSTAR_Piranha_0.01] was killed by [DGCR8_HEK293T_POSTAR_Piranha_0.01,DGCR8_HEK293T_POSTAR_Piranha_0.01]
[DICER1_HEK293_POSTAR_PAR-CLIP,DICER1_HEK293_POSTAR_PAR-CLIP] was killed by [DGCR8_HEK293T_POSTAR_Piranha_0.01,DGCR8_HEK293T_POSTAR_Piranha_0.01]
[ZNF622_K562_POSTAR_eCLIP,ZNF622_K562_POSTAR_eCLIP] was killed by [DGCR8_HEK293T_POSTAR_Piranha_0.01,DGCR8_HEK293T_POSTAR_Piranha_0.01]
[YTHDC2_HEK293T_POSTAR_iCLIP,YTHDC2_HEK293T_POSTAR_iCLIP] was killed by [DGCR8_HEK293T_POSTAR_Piranha_0.01,DGCR8_HEK293T_POSTAR_Piranha_0.01]
[SSB_HEK293_POSTAR_Piranha_0.01,SSB_HEK293_POSTAR_Piranha_0.01] was killed by [DGCR8_HEK293T_POSTAR_Piranha_0.01,DGCR8_HEK293T_POSTAR_Piranha_0.01]
[IGF2BP1_K562_POSTAR_eCLIP,IGF2BP1_K562_POSTAR_eCLIP] was killed by [DGCR8_HEK293T_POSTAR_Piranha_0.01,DGCR8_HEK293T_POSTAR_Piranha_0.01]
[YTHDC2_HEK293T_POSTAR_CIMS,YTHDC2_HEK293T_POSTAR_CIMS] was killed by [DGCR8_HEK293T_POSTAR_Piranha_0.01,DGCR8_HEK293T_POSTAR_Piranha_0.01]
[FUS_Brain_POSTAR_CIMS,FUS_Brain_POSTAR_CIMS] was killed by [DGCR8_HEK293T_POSTAR_Piranha_0.01,DGCR8_HEK293T_POSTAR_Piranha_0.01]
