[GO_REGULATION_OF_CELLULAR_KETONE_METABOLIC_PROCESS,GO_REGULATION_OF_CELLULAR_KETONE_METABOLIC_PROCESS] was killed by [GO_ANTIGEN_PROCESSING_AND_PRESENTATION_OF_EXOGENOUS_PEPTIDE_ANTIGEN_VIA_MHC_CLASS_I,GO_ANTIGEN_PROCESSING_AND_PRESENTATION_OF_EXOGENOUS_PEPTIDE_ANTIGEN_VIA_MHC_CLASS_I]
[GO_COTRANSLATIONAL_PROTEIN_TARGETING_TO_MEMBRANE,GO_COTRANSLATIONAL_PROTEIN_TARGETING_TO_MEMBRANE] was killed by [GO_PROTEIN_TARGETING_TO_MEMBRANE,GO_PROTEIN_TARGETING_TO_MEMBRANE]
[GO_ENDOPEPTIDASE_COMPLEX,GO_ENDOPEPTIDASE_COMPLEX] was killed by [GO_ANTIGEN_PROCESSING_AND_PRESENTATION_OF_EXOGENOUS_PEPTIDE_ANTIGEN_VIA_MHC_CLASS_I,GO_ANTIGEN_PROCESSING_AND_PRESENTATION_OF_EXOGENOUS_PEPTIDE_ANTIGEN_VIA_MHC_CLASS_I]
[GO_SCF_DEPENDENT_PROTEASOMAL_UBIQUITIN_DEPENDENT_PROTEIN_CATABOLIC_PROCESS,GO_SCF_DEPENDENT_PROTEASOMAL_UBIQUITIN_DEPENDENT_PROTEIN_CATABOLIC_PROCESS] was killed by [GO_ANTIGEN_PROCESSING_AND_PRESENTATION_OF_EXOGENOUS_PEPTIDE_ANTIGEN_VIA_MHC_CLASS_I,GO_ANTIGEN_PROCESSING_AND_PRESENTATION_OF_EXOGENOUS_PEPTIDE_ANTIGEN_VIA_MHC_CLASS_I]
[GO_INNATE_IMMUNE_RESPONSE_ACTIVATING_CELL_SURFACE_RECEPTOR_SIGNALING_PATHWAY,GO_INNATE_IMMUNE_RESPONSE_ACTIVATING_CELL_SURFACE_RECEPTOR_SIGNALING_PATHWAY] was killed by [GO_ANTIGEN_PROCESSING_AND_PRESENTATION_OF_EXOGENOUS_PEPTIDE_ANTIGEN_VIA_MHC_CLASS_I,GO_ANTIGEN_PROCESSING_AND_PRESENTATION_OF_EXOGENOUS_PEPTIDE_ANTIGEN_VIA_MHC_CLASS_I]
[GO_ANAPHASE_PROMOTING_COMPLEX_DEPENDENT_CATABOLIC_PROCESS,GO_ANAPHASE_PROMOTING_COMPLEX_DEPENDENT_CATABOLIC_PROCESS] was killed by [GO_ANTIGEN_PROCESSING_AND_PRESENTATION_OF_EXOGENOUS_PEPTIDE_ANTIGEN_VIA_MHC_CLASS_I,GO_ANTIGEN_PROCESSING_AND_PRESENTATION_OF_EXOGENOUS_PEPTIDE_ANTIGEN_VIA_MHC_CLASS_I]
[GO_FC_EPSILON_RECEPTOR_SIGNALING_PATHWAY,GO_FC_EPSILON_RECEPTOR_SIGNALING_PATHWAY] was killed by [GO_ANTIGEN_PROCESSING_AND_PRESENTATION_OF_EXOGENOUS_PEPTIDE_ANTIGEN_VIA_MHC_CLASS_I,GO_ANTIGEN_PROCESSING_AND_PRESENTATION_OF_EXOGENOUS_PEPTIDE_ANTIGEN_VIA_MHC_CLASS_I]
[GO_NUCLEAR_TRANSCRIBED_MRNA_CATABOLIC_PROCESS_NONSENSE_MEDIATED_DECAY,GO_NUCLEAR_TRANSCRIBED_MRNA_CATABOLIC_PROCESS_NONSENSE_MEDIATED_DECAY] was killed by [GO_PROTEIN_TARGETING_TO_MEMBRANE,GO_PROTEIN_TARGETING_TO_MEMBRANE]
[GO_CYTOSOLIC_RIBOSOME,GO_CYTOSOLIC_RIBOSOME] was killed by [GO_PROTEIN_TARGETING_TO_MEMBRANE,GO_PROTEIN_TARGETING_TO_MEMBRANE]
[GO_ANTIGEN_PROCESSING_AND_PRESENTATION_OF_PEPTIDE_ANTIGEN_VIA_MHC_CLASS_I,GO_ANTIGEN_PROCESSING_AND_PRESENTATION_OF_PEPTIDE_ANTIGEN_VIA_MHC_CLASS_I] was killed by [GO_ANTIGEN_PROCESSING_AND_PRESENTATION_OF_EXOGENOUS_PEPTIDE_ANTIGEN_VIA_MHC_CLASS_I,GO_ANTIGEN_PROCESSING_AND_PRESENTATION_OF_EXOGENOUS_PEPTIDE_ANTIGEN_VIA_MHC_CLASS_I]
[GO_ESTABLISHMENT_OF_PROTEIN_LOCALIZATION_TO_ENDOPLASMIC_RETICULUM,GO_ESTABLISHMENT_OF_PROTEIN_LOCALIZATION_TO_ENDOPLASMIC_RETICULUM] was killed by [GO_PROTEIN_TARGETING_TO_MEMBRANE,GO_PROTEIN_TARGETING_TO_MEMBRANE]
[GO_HEMATOPOIETIC_STEM_CELL_DIFFERENTIATION,GO_HEMATOPOIETIC_STEM_CELL_DIFFERENTIATION] was killed by [GO_ANTIGEN_PROCESSING_AND_PRESENTATION_OF_EXOGENOUS_PEPTIDE_ANTIGEN_VIA_MHC_CLASS_I,GO_ANTIGEN_PROCESSING_AND_PRESENTATION_OF_EXOGENOUS_PEPTIDE_ANTIGEN_VIA_MHC_CLASS_I]
[GO_NIK_NF_KAPPAB_SIGNALING,GO_NIK_NF_KAPPAB_SIGNALING] was killed by [GO_ANTIGEN_PROCESSING_AND_PRESENTATION_OF_EXOGENOUS_PEPTIDE_ANTIGEN_VIA_MHC_CLASS_I,GO_ANTIGEN_PROCESSING_AND_PRESENTATION_OF_EXOGENOUS_PEPTIDE_ANTIGEN_VIA_MHC_CLASS_I]
[GO_INTERLEUKIN_1_MEDIATED_SIGNALING_PATHWAY,GO_INTERLEUKIN_1_MEDIATED_SIGNALING_PATHWAY] was killed by [GO_ANTIGEN_PROCESSING_AND_PRESENTATION_OF_EXOGENOUS_PEPTIDE_ANTIGEN_VIA_MHC_CLASS_I,GO_ANTIGEN_PROCESSING_AND_PRESENTATION_OF_EXOGENOUS_PEPTIDE_ANTIGEN_VIA_MHC_CLASS_I]
[GO_TUMOR_NECROSIS_FACTOR_MEDIATED_SIGNALING_PATHWAY,GO_TUMOR_NECROSIS_FACTOR_MEDIATED_SIGNALING_PATHWAY] was killed by [GO_ANTIGEN_PROCESSING_AND_PRESENTATION_OF_EXOGENOUS_PEPTIDE_ANTIGEN_VIA_MHC_CLASS_I,GO_ANTIGEN_PROCESSING_AND_PRESENTATION_OF_EXOGENOUS_PEPTIDE_ANTIGEN_VIA_MHC_CLASS_I]
[GO_PROTEIN_LOCALIZATION_TO_ENDOPLASMIC_RETICULUM,GO_PROTEIN_LOCALIZATION_TO_ENDOPLASMIC_RETICULUM] was killed by [GO_PROTEIN_TARGETING_TO_MEMBRANE,GO_PROTEIN_TARGETING_TO_MEMBRANE]
[GO_REGULATION_OF_HEMATOPOIETIC_PROGENITOR_CELL_DIFFERENTIATION,GO_REGULATION_OF_HEMATOPOIETIC_PROGENITOR_CELL_DIFFERENTIATION] was killed by [GO_ANTIGEN_PROCESSING_AND_PRESENTATION_OF_EXOGENOUS_PEPTIDE_ANTIGEN_VIA_MHC_CLASS_I,GO_ANTIGEN_PROCESSING_AND_PRESENTATION_OF_EXOGENOUS_PEPTIDE_ANTIGEN_VIA_MHC_CLASS_I]
[GO_ANTIGEN_PROCESSING_AND_PRESENTATION_OF_PEPTIDE_ANTIGEN,GO_ANTIGEN_PROCESSING_AND_PRESENTATION_OF_PEPTIDE_ANTIGEN] was killed by [GO_ANTIGEN_PROCESSING_AND_PRESENTATION_OF_EXOGENOUS_PEPTIDE_ANTIGEN_VIA_MHC_CLASS_I,GO_ANTIGEN_PROCESSING_AND_PRESENTATION_OF_EXOGENOUS_PEPTIDE_ANTIGEN_VIA_MHC_CLASS_I]
[GO_PROTEASOME_CORE_COMPLEX,GO_PROTEASOME_CORE_COMPLEX] was killed by [GO_ANTIGEN_PROCESSING_AND_PRESENTATION_OF_EXOGENOUS_PEPTIDE_ANTIGEN_VIA_MHC_CLASS_I,GO_ANTIGEN_PROCESSING_AND_PRESENTATION_OF_EXOGENOUS_PEPTIDE_ANTIGEN_VIA_MHC_CLASS_I]
[GO_PROTEASOMAL_UBIQUITIN_INDEPENDENT_PROTEIN_CATABOLIC_PROCESS,GO_PROTEASOMAL_UBIQUITIN_INDEPENDENT_PROTEIN_CATABOLIC_PROCESS] was killed by [GO_ANTIGEN_PROCESSING_AND_PRESENTATION_OF_EXOGENOUS_PEPTIDE_ANTIGEN_VIA_MHC_CLASS_I,GO_ANTIGEN_PROCESSING_AND_PRESENTATION_OF_EXOGENOUS_PEPTIDE_ANTIGEN_VIA_MHC_CLASS_I]
[GO_THREONINE_TYPE_PEPTIDASE_ACTIVITY,GO_THREONINE_TYPE_PEPTIDASE_ACTIVITY] was killed by [GO_ANTIGEN_PROCESSING_AND_PRESENTATION_OF_EXOGENOUS_PEPTIDE_ANTIGEN_VIA_MHC_CLASS_I,GO_ANTIGEN_PROCESSING_AND_PRESENTATION_OF_EXOGENOUS_PEPTIDE_ANTIGEN_VIA_MHC_CLASS_I]
[GO_REGULATION_OF_CELLULAR_AMINO_ACID_METABOLIC_PROCESS,GO_REGULATION_OF_CELLULAR_AMINO_ACID_METABOLIC_PROCESS] was killed by [GO_ANTIGEN_PROCESSING_AND_PRESENTATION_OF_EXOGENOUS_PEPTIDE_ANTIGEN_VIA_MHC_CLASS_I,GO_ANTIGEN_PROCESSING_AND_PRESENTATION_OF_EXOGENOUS_PEPTIDE_ANTIGEN_VIA_MHC_CLASS_I]
[GO_REGULATION_OF_CELLULAR_AMINE_METABOLIC_PROCESS,GO_REGULATION_OF_CELLULAR_AMINE_METABOLIC_PROCESS] was killed by [GO_ANTIGEN_PROCESSING_AND_PRESENTATION_OF_EXOGENOUS_PEPTIDE_ANTIGEN_VIA_MHC_CLASS_I,GO_ANTIGEN_PROCESSING_AND_PRESENTATION_OF_EXOGENOUS_PEPTIDE_ANTIGEN_VIA_MHC_CLASS_I]
[GO_REGULATION_OF_ESTABLISHMENT_OF_PLANAR_POLARITY,GO_REGULATION_OF_ESTABLISHMENT_OF_PLANAR_POLARITY] was killed by [GO_ANTIGEN_PROCESSING_AND_PRESENTATION_OF_EXOGENOUS_PEPTIDE_ANTIGEN_VIA_MHC_CLASS_I,GO_ANTIGEN_PROCESSING_AND_PRESENTATION_OF_EXOGENOUS_PEPTIDE_ANTIGEN_VIA_MHC_CLASS_I]
[GO_MORPHOGENESIS_OF_A_POLARIZED_EPITHELIUM,GO_MORPHOGENESIS_OF_A_POLARIZED_EPITHELIUM] was killed by [GO_ANTIGEN_PROCESSING_AND_PRESENTATION_OF_EXOGENOUS_PEPTIDE_ANTIGEN_VIA_MHC_CLASS_I,GO_ANTIGEN_PROCESSING_AND_PRESENTATION_OF_EXOGENOUS_PEPTIDE_ANTIGEN_VIA_MHC_CLASS_I]
[GO_NEGATIVE_REGULATION_OF_CANONICAL_WNT_SIGNALING_PATHWAY,GO_NEGATIVE_REGULATION_OF_CANONICAL_WNT_SIGNALING_PATHWAY] was killed by [GO_ANTIGEN_PROCESSING_AND_PRESENTATION_OF_EXOGENOUS_PEPTIDE_ANTIGEN_VIA_MHC_CLASS_I,GO_ANTIGEN_PROCESSING_AND_PRESENTATION_OF_EXOGENOUS_PEPTIDE_ANTIGEN_VIA_MHC_CLASS_I]
[GO_NEGATIVE_REGULATION_OF_CELL_CYCLE_G2_M_PHASE_TRANSITION,GO_NEGATIVE_REGULATION_OF_CELL_CYCLE_G2_M_PHASE_TRANSITION] was killed by [GO_ANTIGEN_PROCESSING_AND_PRESENTATION_OF_EXOGENOUS_PEPTIDE_ANTIGEN_VIA_MHC_CLASS_I,GO_ANTIGEN_PROCESSING_AND_PRESENTATION_OF_EXOGENOUS_PEPTIDE_ANTIGEN_VIA_MHC_CLASS_I]
[GO_T_CELL_RECEPTOR_SIGNALING_PATHWAY,GO_T_CELL_RECEPTOR_SIGNALING_PATHWAY] was killed by [GO_ANTIGEN_PROCESSING_AND_PRESENTATION_OF_EXOGENOUS_PEPTIDE_ANTIGEN_VIA_MHC_CLASS_I,GO_ANTIGEN_PROCESSING_AND_PRESENTATION_OF_EXOGENOUS_PEPTIDE_ANTIGEN_VIA_MHC_CLASS_I]
[GO_REGULATION_OF_MORPHOGENESIS_OF_AN_EPITHELIUM,GO_REGULATION_OF_MORPHOGENESIS_OF_AN_EPITHELIUM] was killed by [GO_ANTIGEN_PROCESSING_AND_PRESENTATION_OF_EXOGENOUS_PEPTIDE_ANTIGEN_VIA_MHC_CLASS_I,GO_ANTIGEN_PROCESSING_AND_PRESENTATION_OF_EXOGENOUS_PEPTIDE_ANTIGEN_VIA_MHC_CLASS_I]
[GO_REGULATION_OF_STEM_CELL_DIFFERENTIATION,GO_REGULATION_OF_STEM_CELL_DIFFERENTIATION] was killed by [GO_ANTIGEN_PROCESSING_AND_PRESENTATION_OF_EXOGENOUS_PEPTIDE_ANTIGEN_VIA_MHC_CLASS_I,GO_ANTIGEN_PROCESSING_AND_PRESENTATION_OF_EXOGENOUS_PEPTIDE_ANTIGEN_VIA_MHC_CLASS_I]
[GO_PEPTIDASE_COMPLEX,GO_PEPTIDASE_COMPLEX] was killed by [GO_ANTIGEN_PROCESSING_AND_PRESENTATION_OF_EXOGENOUS_PEPTIDE_ANTIGEN_VIA_MHC_CLASS_I,GO_ANTIGEN_PROCESSING_AND_PRESENTATION_OF_EXOGENOUS_PEPTIDE_ANTIGEN_VIA_MHC_CLASS_I]
[GO_REGULATION_OF_TRANSCRIPTION_FROM_RNA_POLYMERASE_II_PROMOTER_IN_RESPONSE_TO_HYPOXIA,GO_REGULATION_OF_TRANSCRIPTION_FROM_RNA_POLYMERASE_II_PROMOTER_IN_RESPONSE_TO_HYPOXIA] was killed by [GO_ANTIGEN_PROCESSING_AND_PRESENTATION_OF_EXOGENOUS_PEPTIDE_ANTIGEN_VIA_MHC_CLASS_I,GO_ANTIGEN_PROCESSING_AND_PRESENTATION_OF_EXOGENOUS_PEPTIDE_ANTIGEN_VIA_MHC_CLASS_I]
[GO_NON_CANONICAL_WNT_SIGNALING_PATHWAY,GO_NON_CANONICAL_WNT_SIGNALING_PATHWAY] was killed by [GO_ANTIGEN_PROCESSING_AND_PRESENTATION_OF_EXOGENOUS_PEPTIDE_ANTIGEN_VIA_MHC_CLASS_I,GO_ANTIGEN_PROCESSING_AND_PRESENTATION_OF_EXOGENOUS_PEPTIDE_ANTIGEN_VIA_MHC_CLASS_I]
[GO_HEMATOPOIETIC_PROGENITOR_CELL_DIFFERENTIATION,GO_HEMATOPOIETIC_PROGENITOR_CELL_DIFFERENTIATION] was killed by [GO_ANTIGEN_PROCESSING_AND_PRESENTATION_OF_EXOGENOUS_PEPTIDE_ANTIGEN_VIA_MHC_CLASS_I,GO_ANTIGEN_PROCESSING_AND_PRESENTATION_OF_EXOGENOUS_PEPTIDE_ANTIGEN_VIA_MHC_CLASS_I]
[GO_REGULATION_OF_DNA_TEMPLATED_TRANSCRIPTION_IN_RESPONSE_TO_STRESS,GO_REGULATION_OF_DNA_TEMPLATED_TRANSCRIPTION_IN_RESPONSE_TO_STRESS] was killed by [GO_ANTIGEN_PROCESSING_AND_PRESENTATION_OF_EXOGENOUS_PEPTIDE_ANTIGEN_VIA_MHC_CLASS_I,GO_ANTIGEN_PROCESSING_AND_PRESENTATION_OF_EXOGENOUS_PEPTIDE_ANTIGEN_VIA_MHC_CLASS_I]
[GO_CYTOSOLIC_SMALL_RIBOSOMAL_SUBUNIT,GO_CYTOSOLIC_SMALL_RIBOSOMAL_SUBUNIT] was killed by [GO_PROTEIN_TARGETING_TO_MEMBRANE,GO_PROTEIN_TARGETING_TO_MEMBRANE]
[GO_AMINE_METABOLIC_PROCESS,GO_AMINE_METABOLIC_PROCESS] was killed by [GO_ANTIGEN_PROCESSING_AND_PRESENTATION_OF_EXOGENOUS_PEPTIDE_ANTIGEN_VIA_MHC_CLASS_I,GO_ANTIGEN_PROCESSING_AND_PRESENTATION_OF_EXOGENOUS_PEPTIDE_ANTIGEN_VIA_MHC_CLASS_I]
[GO_VIRAL_GENE_EXPRESSION,GO_VIRAL_GENE_EXPRESSION] was killed by [GO_PROTEIN_TARGETING_TO_MEMBRANE,GO_PROTEIN_TARGETING_TO_MEMBRANE]
[GO_POSITIVE_REGULATION_OF_CANONICAL_WNT_SIGNALING_PATHWAY,GO_POSITIVE_REGULATION_OF_CANONICAL_WNT_SIGNALING_PATHWAY] was killed by [GO_ANTIGEN_PROCESSING_AND_PRESENTATION_OF_EXOGENOUS_PEPTIDE_ANTIGEN_VIA_MHC_CLASS_I,GO_ANTIGEN_PROCESSING_AND_PRESENTATION_OF_EXOGENOUS_PEPTIDE_ANTIGEN_VIA_MHC_CLASS_I]
[GO_POSITIVE_REGULATION_OF_WNT_SIGNALING_PATHWAY,GO_POSITIVE_REGULATION_OF_WNT_SIGNALING_PATHWAY] was killed by [GO_ANTIGEN_PROCESSING_AND_PRESENTATION_OF_EXOGENOUS_PEPTIDE_ANTIGEN_VIA_MHC_CLASS_I,GO_ANTIGEN_PROCESSING_AND_PRESENTATION_OF_EXOGENOUS_PEPTIDE_ANTIGEN_VIA_MHC_CLASS_I]
[GO_MITOCHONDRIAL_TRANSLATIONAL_TERMINATION,GO_MITOCHONDRIAL_TRANSLATIONAL_TERMINATION] was killed by [GO_PROTEIN_TARGETING_TO_MEMBRANE,GO_PROTEIN_TARGETING_TO_MEMBRANE]
[GO_MITOCHONDRIAL_GENE_EXPRESSION,GO_MITOCHONDRIAL_GENE_EXPRESSION] was killed by [GO_PROTEIN_TARGETING_TO_MEMBRANE,GO_PROTEIN_TARGETING_TO_MEMBRANE]
[GO_CYTOSOLIC_LARGE_RIBOSOMAL_SUBUNIT,GO_CYTOSOLIC_LARGE_RIBOSOMAL_SUBUNIT] was killed by [GO_PROTEIN_TARGETING_TO_MEMBRANE,GO_PROTEIN_TARGETING_TO_MEMBRANE]
[GO_TRANSLATIONAL_TERMINATION,GO_TRANSLATIONAL_TERMINATION] was killed by [GO_PROTEIN_TARGETING_TO_MEMBRANE,GO_PROTEIN_TARGETING_TO_MEMBRANE]
[GO_REGULATION_OF_MRNA_CATABOLIC_PROCESS,GO_REGULATION_OF_MRNA_CATABOLIC_PROCESS] was killed by [GO_ANTIGEN_PROCESSING_AND_PRESENTATION_OF_EXOGENOUS_PEPTIDE_ANTIGEN_VIA_MHC_CLASS_I,GO_ANTIGEN_PROCESSING_AND_PRESENTATION_OF_EXOGENOUS_PEPTIDE_ANTIGEN_VIA_MHC_CLASS_I]
[GO_PROTEASOME_CORE_COMPLEX_BETA_SUBUNIT_COMPLEX,GO_PROTEASOME_CORE_COMPLEX_BETA_SUBUNIT_COMPLEX] was killed by [GO_ANTIGEN_PROCESSING_AND_PRESENTATION_OF_EXOGENOUS_PEPTIDE_ANTIGEN_VIA_MHC_CLASS_I,GO_ANTIGEN_PROCESSING_AND_PRESENTATION_OF_EXOGENOUS_PEPTIDE_ANTIGEN_VIA_MHC_CLASS_I]
[GO_POSITIVE_REGULATION_OF_CHROMOSOME_ORGANIZATION,GO_POSITIVE_REGULATION_OF_CHROMOSOME_ORGANIZATION] was killed by [GO_PROTEIN_TARGETING_TO_MEMBRANE,GO_PROTEIN_TARGETING_TO_MEMBRANE]
[GO_POLYSOME,GO_POLYSOME] was killed by [GO_PROTEIN_TARGETING_TO_MEMBRANE,GO_PROTEIN_TARGETING_TO_MEMBRANE]
[GO_ORGANELLAR_RIBOSOME,GO_ORGANELLAR_RIBOSOME] was killed by [GO_PROTEIN_TARGETING_TO_MEMBRANE,GO_PROTEIN_TARGETING_TO_MEMBRANE]
[GO_MITOCHONDRIAL_TRANSLATION,GO_MITOCHONDRIAL_TRANSLATION] was killed by [GO_PROTEIN_TARGETING_TO_MEMBRANE,GO_PROTEIN_TARGETING_TO_MEMBRANE]
[GO_TRANSCRIPTION_COUPLED_NUCLEOTIDE_EXCISION_REPAIR,GO_TRANSCRIPTION_COUPLED_NUCLEOTIDE_EXCISION_REPAIR] was killed by [GO_NUCLEOTIDE_EXCISION_REPAIR,GO_NUCLEOTIDE_EXCISION_REPAIR]
[GO_PHAGOCYTIC_VESICLE,GO_PHAGOCYTIC_VESICLE] was killed by [GO_ANTIGEN_PROCESSING_AND_PRESENTATION_OF_EXOGENOUS_PEPTIDE_ANTIGEN_VIA_MHC_CLASS_I,GO_ANTIGEN_PROCESSING_AND_PRESENTATION_OF_EXOGENOUS_PEPTIDE_ANTIGEN_VIA_MHC_CLASS_I]
[GO_POSTREPLICATION_REPAIR,GO_POSTREPLICATION_REPAIR] was killed by [GO_NUCLEOTIDE_EXCISION_REPAIR,GO_NUCLEOTIDE_EXCISION_REPAIR]
[GO_HISTONE_DEACETYLASE_BINDING,GO_HISTONE_DEACETYLASE_BINDING] was killed by [GO_REGULATION_OF_REPRODUCTIVE_PROCESS,GO_REGULATION_OF_REPRODUCTIVE_PROCESS]
[GO_NUCLEOTIDYLTRANSFERASE_ACTIVITY,GO_NUCLEOTIDYLTRANSFERASE_ACTIVITY] was killed by [GO_NUCLEOTIDE_EXCISION_REPAIR,GO_NUCLEOTIDE_EXCISION_REPAIR]
[GO_POSITIVE_REGULATION_OF_APOPTOTIC_SIGNALING_PATHWAY,GO_POSITIVE_REGULATION_OF_APOPTOTIC_SIGNALING_PATHWAY] was killed by [GO_PROTEIN_TARGETING_TO_MEMBRANE,GO_PROTEIN_TARGETING_TO_MEMBRANE]
[GO_ELECTRON_TRANSFER_ACTIVITY,GO_ELECTRON_TRANSFER_ACTIVITY] was killed by [GO_PROTEIN_TARGETING_TO_MEMBRANE,GO_PROTEIN_TARGETING_TO_MEMBRANE]
[GO_TRANSLATIONAL_INITIATION,GO_TRANSLATIONAL_INITIATION] was killed by [GO_PROTEIN_TARGETING_TO_MEMBRANE,GO_PROTEIN_TARGETING_TO_MEMBRANE]
[GO_RESPIRASOME,GO_RESPIRASOME] was killed by [GO_PROTEIN_TARGETING_TO_MEMBRANE,GO_PROTEIN_TARGETING_TO_MEMBRANE]
[GO_MODIFICATION_DEPENDENT_PROTEIN_BINDING,GO_MODIFICATION_DEPENDENT_PROTEIN_BINDING] was killed by [GO_LYSINE_ACETYLATED_HISTONE_BINDING,GO_LYSINE_ACETYLATED_HISTONE_BINDING]
[GO_PROTEASOME_CORE_COMPLEX_ALPHA_SUBUNIT_COMPLEX,GO_PROTEASOME_CORE_COMPLEX_ALPHA_SUBUNIT_COMPLEX] was killed by [GO_ANTIGEN_PROCESSING_AND_PRESENTATION_OF_EXOGENOUS_PEPTIDE_ANTIGEN_VIA_MHC_CLASS_I,GO_ANTIGEN_PROCESSING_AND_PRESENTATION_OF_EXOGENOUS_PEPTIDE_ANTIGEN_VIA_MHC_CLASS_I]
