[GO_COTRANSLATIONAL_PROTEIN_TARGETING_TO_MEMBRANE,GO_COTRANSLATIONAL_PROTEIN_TARGETING_TO_MEMBRANE] was killed by [GO_CYTOSOLIC_RIBOSOME,GO_CYTOSOLIC_RIBOSOME]
[GO_PROTEIN_TARGETING_TO_MEMBRANE,GO_PROTEIN_TARGETING_TO_MEMBRANE] was killed by [GO_CYTOSOLIC_RIBOSOME,GO_CYTOSOLIC_RIBOSOME]
[GO_PROTEIN_LOCALIZATION_TO_ENDOPLASMIC_RETICULUM,GO_PROTEIN_LOCALIZATION_TO_ENDOPLASMIC_RETICULUM] was killed by [GO_CYTOSOLIC_RIBOSOME,GO_CYTOSOLIC_RIBOSOME]
[GO_ESTABLISHMENT_OF_PROTEIN_LOCALIZATION_TO_ENDOPLASMIC_RETICULUM,GO_ESTABLISHMENT_OF_PROTEIN_LOCALIZATION_TO_ENDOPLASMIC_RETICULUM] was killed by [GO_CYTOSOLIC_RIBOSOME,GO_CYTOSOLIC_RIBOSOME]
[GO_NUCLEAR_TRANSCRIBED_MRNA_CATABOLIC_PROCESS_NONSENSE_MEDIATED_DECAY,GO_NUCLEAR_TRANSCRIBED_MRNA_CATABOLIC_PROCESS_NONSENSE_MEDIATED_DECAY] was killed by [GO_CYTOSOLIC_RIBOSOME,GO_CYTOSOLIC_RIBOSOME]
[GO_CYTOSOLIC_LARGE_RIBOSOMAL_SUBUNIT,GO_CYTOSOLIC_LARGE_RIBOSOMAL_SUBUNIT] was killed by [GO_CYTOSOLIC_RIBOSOME,GO_CYTOSOLIC_RIBOSOME]
[GO_RESPIRASOME,GO_RESPIRASOME] was killed by [GO_RESPIRATORY_CHAIN_COMPLEX,GO_RESPIRATORY_CHAIN_COMPLEX]
[GO_STRUCTURAL_CONSTITUENT_OF_RIBOSOME,GO_STRUCTURAL_CONSTITUENT_OF_RIBOSOME] was killed by [GO_CYTOSOLIC_RIBOSOME,GO_CYTOSOLIC_RIBOSOME]
[GO_VIRAL_GENE_EXPRESSION,GO_VIRAL_GENE_EXPRESSION] was killed by [GO_CYTOSOLIC_RIBOSOME,GO_CYTOSOLIC_RIBOSOME]
[GO_CYTOSOLIC_SMALL_RIBOSOMAL_SUBUNIT,GO_CYTOSOLIC_SMALL_RIBOSOMAL_SUBUNIT] was killed by [GO_CYTOSOLIC_RIBOSOME,GO_CYTOSOLIC_RIBOSOME]
[GO_ATP_SYNTHESIS_COUPLED_ELECTRON_TRANSPORT,GO_ATP_SYNTHESIS_COUPLED_ELECTRON_TRANSPORT] was killed by [GO_RESPIRATORY_CHAIN_COMPLEX,GO_RESPIRATORY_CHAIN_COMPLEX]
[GO_RIBOSOMAL_SUBUNIT,GO_RIBOSOMAL_SUBUNIT] was killed by [GO_CYTOSOLIC_RIBOSOME,GO_CYTOSOLIC_RIBOSOME]
[GO_RESPIRATORY_ELECTRON_TRANSPORT_CHAIN,GO_RESPIRATORY_ELECTRON_TRANSPORT_CHAIN] was killed by [GO_RESPIRATORY_CHAIN_COMPLEX,GO_RESPIRATORY_CHAIN_COMPLEX]
[GO_MITOCHONDRIAL_ELECTRON_TRANSPORT_NADH_TO_UBIQUINONE,GO_MITOCHONDRIAL_ELECTRON_TRANSPORT_NADH_TO_UBIQUINONE] was killed by [GO_RESPIRATORY_CHAIN_COMPLEX,GO_RESPIRATORY_CHAIN_COMPLEX]
[GO_TRANSLATIONAL_INITIATION,GO_TRANSLATIONAL_INITIATION] was killed by [GO_CYTOSOLIC_RIBOSOME,GO_CYTOSOLIC_RIBOSOME]
[GO_OXIDOREDUCTASE_ACTIVITY_ACTING_ON_NAD_P_H_QUINONE_OR_SIMILAR_COMPOUND_AS_ACCEPTOR,GO_OXIDOREDUCTASE_ACTIVITY_ACTING_ON_NAD_P_H_QUINONE_OR_SIMILAR_COMPOUND_AS_ACCEPTOR] was killed by [GO_RESPIRATORY_CHAIN_COMPLEX,GO_RESPIRATORY_CHAIN_COMPLEX]
[GO_NADH_DEHYDROGENASE_ACTIVITY,GO_NADH_DEHYDROGENASE_ACTIVITY] was killed by [GO_RESPIRATORY_CHAIN_COMPLEX,GO_RESPIRATORY_CHAIN_COMPLEX]
[GO_ELECTRON_TRANSPORT_CHAIN,GO_ELECTRON_TRANSPORT_CHAIN] was killed by [GO_CYTOSOLIC_RIBOSOME,GO_CYTOSOLIC_RIBOSOME]
[GO_CELLULAR_RESPIRATION,GO_CELLULAR_RESPIRATION] was killed by [GO_CYTOSOLIC_RIBOSOME,GO_CYTOSOLIC_RIBOSOME]
[GO_OXIDOREDUCTASE_COMPLEX,GO_OXIDOREDUCTASE_COMPLEX] was killed by [GO_RESPIRATORY_CHAIN_COMPLEX,GO_RESPIRATORY_CHAIN_COMPLEX]
[GO_NADH_DEHYDROGENASE_COMPLEX,GO_NADH_DEHYDROGENASE_COMPLEX] was killed by [GO_RESPIRATORY_CHAIN_COMPLEX,GO_RESPIRATORY_CHAIN_COMPLEX]
[GO_OXIDOREDUCTASE_ACTIVITY_ACTING_ON_NAD_P_H,GO_OXIDOREDUCTASE_ACTIVITY_ACTING_ON_NAD_P_H] was killed by [GO_RESPIRATORY_CHAIN_COMPLEX,GO_RESPIRATORY_CHAIN_COMPLEX]
[GO_LARGE_RIBOSOMAL_SUBUNIT,GO_LARGE_RIBOSOMAL_SUBUNIT] was killed by [GO_CYTOSOLIC_RIBOSOME,GO_CYTOSOLIC_RIBOSOME]
[GO_REGULATION_OF_CELLULAR_KETONE_METABOLIC_PROCESS,GO_REGULATION_OF_CELLULAR_KETONE_METABOLIC_PROCESS] was killed by [GO_ANAPHASE_PROMOTING_COMPLEX_DEPENDENT_CATABOLIC_PROCESS,GO_ANAPHASE_PROMOTING_COMPLEX_DEPENDENT_CATABOLIC_PROCESS]
[GO_OXIDATIVE_PHOSPHORYLATION,GO_OXIDATIVE_PHOSPHORYLATION] was killed by [GO_CYTOSOLIC_RIBOSOME,GO_CYTOSOLIC_RIBOSOME]
[GO_INNER_MITOCHONDRIAL_MEMBRANE_PROTEIN_COMPLEX,GO_INNER_MITOCHONDRIAL_MEMBRANE_PROTEIN_COMPLEX] was killed by [GO_CYTOSOLIC_RIBOSOME,GO_CYTOSOLIC_RIBOSOME]
[GO_PYRUVATE_METABOLIC_PROCESS,GO_PYRUVATE_METABOLIC_PROCESS] was killed by [GO_ADP_METABOLIC_PROCESS,GO_ADP_METABOLIC_PROCESS]
[GO_REGULATION_OF_STEM_CELL_DIFFERENTIATION,GO_REGULATION_OF_STEM_CELL_DIFFERENTIATION] was killed by [GO_ANAPHASE_PROMOTING_COMPLEX_DEPENDENT_CATABOLIC_PROCESS,GO_ANAPHASE_PROMOTING_COMPLEX_DEPENDENT_CATABOLIC_PROCESS]
[GO_REGULATION_OF_CELLULAR_AMINE_METABOLIC_PROCESS,GO_REGULATION_OF_CELLULAR_AMINE_METABOLIC_PROCESS] was killed by [GO_ANAPHASE_PROMOTING_COMPLEX_DEPENDENT_CATABOLIC_PROCESS,GO_ANAPHASE_PROMOTING_COMPLEX_DEPENDENT_CATABOLIC_PROCESS]
[GO_NEGATIVE_REGULATION_OF_CELL_CYCLE_G2_M_PHASE_TRANSITION,GO_NEGATIVE_REGULATION_OF_CELL_CYCLE_G2_M_PHASE_TRANSITION] was killed by [GO_ANAPHASE_PROMOTING_COMPLEX_DEPENDENT_CATABOLIC_PROCESS,GO_ANAPHASE_PROMOTING_COMPLEX_DEPENDENT_CATABOLIC_PROCESS]
[GO_NADH_DEHYDROGENASE_COMPLEX_ASSEMBLY,GO_NADH_DEHYDROGENASE_COMPLEX_ASSEMBLY] was killed by [GO_RESPIRATORY_CHAIN_COMPLEX,GO_RESPIRATORY_CHAIN_COMPLEX]
[GO_HEMATOPOIETIC_STEM_CELL_DIFFERENTIATION,GO_HEMATOPOIETIC_STEM_CELL_DIFFERENTIATION] was killed by [GO_ANAPHASE_PROMOTING_COMPLEX_DEPENDENT_CATABOLIC_PROCESS,GO_ANAPHASE_PROMOTING_COMPLEX_DEPENDENT_CATABOLIC_PROCESS]
[GO_REGULATION_OF_CELLULAR_AMINO_ACID_METABOLIC_PROCESS,GO_REGULATION_OF_CELLULAR_AMINO_ACID_METABOLIC_PROCESS] was killed by [GO_ANAPHASE_PROMOTING_COMPLEX_DEPENDENT_CATABOLIC_PROCESS,GO_ANAPHASE_PROMOTING_COMPLEX_DEPENDENT_CATABOLIC_PROCESS]
[GO_ENDOPEPTIDASE_COMPLEX,GO_ENDOPEPTIDASE_COMPLEX] was killed by [GO_ANAPHASE_PROMOTING_COMPLEX_DEPENDENT_CATABOLIC_PROCESS,GO_ANAPHASE_PROMOTING_COMPLEX_DEPENDENT_CATABOLIC_PROCESS]
[GO_RRNA_BINDING,GO_RRNA_BINDING] was killed by [GO_CYTOSOLIC_RIBOSOME,GO_CYTOSOLIC_RIBOSOME]
[GO_SMALL_RIBOSOMAL_SUBUNIT,GO_SMALL_RIBOSOMAL_SUBUNIT] was killed by [GO_CYTOSOLIC_RIBOSOME,GO_CYTOSOLIC_RIBOSOME]
[GO_REGULATION_OF_HEMATOPOIETIC_PROGENITOR_CELL_DIFFERENTIATION,GO_REGULATION_OF_HEMATOPOIETIC_PROGENITOR_CELL_DIFFERENTIATION] was killed by [GO_ANAPHASE_PROMOTING_COMPLEX_DEPENDENT_CATABOLIC_PROCESS,GO_ANAPHASE_PROMOTING_COMPLEX_DEPENDENT_CATABOLIC_PROCESS]
[GO_INTERLEUKIN_1_MEDIATED_SIGNALING_PATHWAY,GO_INTERLEUKIN_1_MEDIATED_SIGNALING_PATHWAY] was killed by [GO_ANAPHASE_PROMOTING_COMPLEX_DEPENDENT_CATABOLIC_PROCESS,GO_ANAPHASE_PROMOTING_COMPLEX_DEPENDENT_CATABOLIC_PROCESS]
[GO_NUCLEOSIDE_DIPHOSPHATE_METABOLIC_PROCESS,GO_NUCLEOSIDE_DIPHOSPHATE_METABOLIC_PROCESS] was killed by [GO_ADP_METABOLIC_PROCESS,GO_ADP_METABOLIC_PROCESS]
[GO_TUMOR_NECROSIS_FACTOR_MEDIATED_SIGNALING_PATHWAY,GO_TUMOR_NECROSIS_FACTOR_MEDIATED_SIGNALING_PATHWAY] was killed by [GO_ANAPHASE_PROMOTING_COMPLEX_DEPENDENT_CATABOLIC_PROCESS,GO_ANAPHASE_PROMOTING_COMPLEX_DEPENDENT_CATABOLIC_PROCESS]
[GO_ANTIGEN_PROCESSING_AND_PRESENTATION_OF_EXOGENOUS_PEPTIDE_ANTIGEN_VIA_MHC_CLASS_I,GO_ANTIGEN_PROCESSING_AND_PRESENTATION_OF_EXOGENOUS_PEPTIDE_ANTIGEN_VIA_MHC_CLASS_I] was killed by [GO_ANAPHASE_PROMOTING_COMPLEX_DEPENDENT_CATABOLIC_PROCESS,GO_ANAPHASE_PROMOTING_COMPLEX_DEPENDENT_CATABOLIC_PROCESS]
[GO_NUCLEOTIDE_PHOSPHORYLATION,GO_NUCLEOTIDE_PHOSPHORYLATION] was killed by [GO_ADP_METABOLIC_PROCESS,GO_ADP_METABOLIC_PROCESS]
[GO_INNATE_IMMUNE_RESPONSE_ACTIVATING_CELL_SURFACE_RECEPTOR_SIGNALING_PATHWAY,GO_INNATE_IMMUNE_RESPONSE_ACTIVATING_CELL_SURFACE_RECEPTOR_SIGNALING_PATHWAY] was killed by [GO_ANAPHASE_PROMOTING_COMPLEX_DEPENDENT_CATABOLIC_PROCESS,GO_ANAPHASE_PROMOTING_COMPLEX_DEPENDENT_CATABOLIC_PROCESS]
[GO_NEGATIVE_REGULATION_OF_CANONICAL_WNT_SIGNALING_PATHWAY,GO_NEGATIVE_REGULATION_OF_CANONICAL_WNT_SIGNALING_PATHWAY] was killed by [GO_ANAPHASE_PROMOTING_COMPLEX_DEPENDENT_CATABOLIC_PROCESS,GO_ANAPHASE_PROMOTING_COMPLEX_DEPENDENT_CATABOLIC_PROCESS]
[GO_POSITIVE_REGULATION_OF_DNA_BIOSYNTHETIC_PROCESS,GO_POSITIVE_REGULATION_OF_DNA_BIOSYNTHETIC_PROCESS] was killed by [GO_UNFOLDED_PROTEIN_BINDING,GO_UNFOLDED_PROTEIN_BINDING]
[GO_RNA_DEPENDENT_DNA_BIOSYNTHETIC_PROCESS,GO_RNA_DEPENDENT_DNA_BIOSYNTHETIC_PROCESS] was killed by [GO_UNFOLDED_PROTEIN_BINDING,GO_UNFOLDED_PROTEIN_BINDING]
[GO_FC_EPSILON_RECEPTOR_SIGNALING_PATHWAY,GO_FC_EPSILON_RECEPTOR_SIGNALING_PATHWAY] was killed by [GO_ANAPHASE_PROMOTING_COMPLEX_DEPENDENT_CATABOLIC_PROCESS,GO_ANAPHASE_PROMOTING_COMPLEX_DEPENDENT_CATABOLIC_PROCESS]
[GO_ANTIGEN_PROCESSING_AND_PRESENTATION_OF_PEPTIDE_ANTIGEN,GO_ANTIGEN_PROCESSING_AND_PRESENTATION_OF_PEPTIDE_ANTIGEN] was killed by [GO_CYTOSOLIC_RIBOSOME,GO_CYTOSOLIC_RIBOSOME]
[GO_ANTIGEN_PROCESSING_AND_PRESENTATION_OF_PEPTIDE_ANTIGEN_VIA_MHC_CLASS_I,GO_ANTIGEN_PROCESSING_AND_PRESENTATION_OF_PEPTIDE_ANTIGEN_VIA_MHC_CLASS_I] was killed by [GO_ANAPHASE_PROMOTING_COMPLEX_DEPENDENT_CATABOLIC_PROCESS,GO_ANAPHASE_PROMOTING_COMPLEX_DEPENDENT_CATABOLIC_PROCESS]
[GO_POLYSOMAL_RIBOSOME,GO_POLYSOMAL_RIBOSOME] was killed by [GO_CYTOSOLIC_RIBOSOME,GO_CYTOSOLIC_RIBOSOME]
[GO_PROTEASOME_CORE_COMPLEX,GO_PROTEASOME_CORE_COMPLEX] was killed by [GO_ANAPHASE_PROMOTING_COMPLEX_DEPENDENT_CATABOLIC_PROCESS,GO_ANAPHASE_PROMOTING_COMPLEX_DEPENDENT_CATABOLIC_PROCESS]
[GO_PROTEASOMAL_UBIQUITIN_INDEPENDENT_PROTEIN_CATABOLIC_PROCESS,GO_PROTEASOMAL_UBIQUITIN_INDEPENDENT_PROTEIN_CATABOLIC_PROCESS] was killed by [GO_ANAPHASE_PROMOTING_COMPLEX_DEPENDENT_CATABOLIC_PROCESS,GO_ANAPHASE_PROMOTING_COMPLEX_DEPENDENT_CATABOLIC_PROCESS]
[GO_THREONINE_TYPE_PEPTIDASE_ACTIVITY,GO_THREONINE_TYPE_PEPTIDASE_ACTIVITY] was killed by [GO_ANAPHASE_PROMOTING_COMPLEX_DEPENDENT_CATABOLIC_PROCESS,GO_ANAPHASE_PROMOTING_COMPLEX_DEPENDENT_CATABOLIC_PROCESS]
[GO_MEIOTIC_CELL_CYCLE_PROCESS,GO_MEIOTIC_CELL_CYCLE_PROCESS] was killed by [GO_ANAPHASE_PROMOTING_COMPLEX_DEPENDENT_CATABOLIC_PROCESS,GO_ANAPHASE_PROMOTING_COMPLEX_DEPENDENT_CATABOLIC_PROCESS]
[GO_MITOCHONDRIAL_RESPIRATORY_CHAIN_COMPLEX_ASSEMBLY,GO_MITOCHONDRIAL_RESPIRATORY_CHAIN_COMPLEX_ASSEMBLY] was killed by [GO_CYTOSOLIC_RIBOSOME,GO_CYTOSOLIC_RIBOSOME]
[GO_HINDBRAIN_DEVELOPMENT,GO_HINDBRAIN_DEVELOPMENT] was killed by [GO_RESPIRATORY_CHAIN_COMPLEX,GO_RESPIRATORY_CHAIN_COMPLEX]
[GO_SCF_DEPENDENT_PROTEASOMAL_UBIQUITIN_DEPENDENT_PROTEIN_CATABOLIC_PROCESS,GO_SCF_DEPENDENT_PROTEASOMAL_UBIQUITIN_DEPENDENT_PROTEIN_CATABOLIC_PROCESS] was killed by [GO_ANAPHASE_PROMOTING_COMPLEX_DEPENDENT_CATABOLIC_PROCESS,GO_ANAPHASE_PROMOTING_COMPLEX_DEPENDENT_CATABOLIC_PROCESS]
[GO_RESPONSE_TO_HEAT,GO_RESPONSE_TO_HEAT] was killed by [GO_UNFOLDED_PROTEIN_BINDING,GO_UNFOLDED_PROTEIN_BINDING]
[GO_REGULATION_OF_ESTABLISHMENT_OF_PLANAR_POLARITY,GO_REGULATION_OF_ESTABLISHMENT_OF_PLANAR_POLARITY] was killed by [GO_ANAPHASE_PROMOTING_COMPLEX_DEPENDENT_CATABOLIC_PROCESS,GO_ANAPHASE_PROMOTING_COMPLEX_DEPENDENT_CATABOLIC_PROCESS]
[GO_MORPHOGENESIS_OF_A_POLARIZED_EPITHELIUM,GO_MORPHOGENESIS_OF_A_POLARIZED_EPITHELIUM] was killed by [GO_ANAPHASE_PROMOTING_COMPLEX_DEPENDENT_CATABOLIC_PROCESS,GO_ANAPHASE_PROMOTING_COMPLEX_DEPENDENT_CATABOLIC_PROCESS]
[GO_NIK_NF_KAPPAB_SIGNALING,GO_NIK_NF_KAPPAB_SIGNALING] was killed by [GO_ANAPHASE_PROMOTING_COMPLEX_DEPENDENT_CATABOLIC_PROCESS,GO_ANAPHASE_PROMOTING_COMPLEX_DEPENDENT_CATABOLIC_PROCESS]
[GO_AMINE_METABOLIC_PROCESS,GO_AMINE_METABOLIC_PROCESS] was killed by [GO_ANAPHASE_PROMOTING_COMPLEX_DEPENDENT_CATABOLIC_PROCESS,GO_ANAPHASE_PROMOTING_COMPLEX_DEPENDENT_CATABOLIC_PROCESS]
[GO_CELLULAR_RESPONSE_TO_HEAT,GO_CELLULAR_RESPONSE_TO_HEAT] was killed by [GO_UNFOLDED_PROTEIN_BINDING,GO_UNFOLDED_PROTEIN_BINDING]
[GO_REGULATION_OF_DNA_BIOSYNTHETIC_PROCESS,GO_REGULATION_OF_DNA_BIOSYNTHETIC_PROCESS] was killed by [GO_UNFOLDED_PROTEIN_BINDING,GO_UNFOLDED_PROTEIN_BINDING]
[GO_CYTOCHROME_COMPLEX,GO_CYTOCHROME_COMPLEX] was killed by [GO_RESPIRATORY_CHAIN_COMPLEX,GO_RESPIRATORY_CHAIN_COMPLEX]
[GO_ISOMERASE_ACTIVITY,GO_ISOMERASE_ACTIVITY] was killed by [GO_UNFOLDED_PROTEIN_BINDING,GO_UNFOLDED_PROTEIN_BINDING]
[GO_AEROBIC_RESPIRATION,GO_AEROBIC_RESPIRATION] was killed by [GO_RESPIRATORY_CHAIN_COMPLEX,GO_RESPIRATORY_CHAIN_COMPLEX]
[GO_POSITIVE_REGULATION_OF_PROTEIN_LOCALIZATION_TO_NUCLEUS,GO_POSITIVE_REGULATION_OF_PROTEIN_LOCALIZATION_TO_NUCLEUS] was killed by [GO_UNFOLDED_PROTEIN_BINDING,GO_UNFOLDED_PROTEIN_BINDING]
[GO_NUCLEAR_MATRIX,GO_NUCLEAR_MATRIX] was killed by [GO_NUCLEAR_PERIPHERY,GO_NUCLEAR_PERIPHERY]
[GO_RIBOSE_PHOSPHATE_BIOSYNTHETIC_PROCESS,GO_RIBOSE_PHOSPHATE_BIOSYNTHETIC_PROCESS] was killed by [GO_CYTOSOLIC_RIBOSOME,GO_CYTOSOLIC_RIBOSOME]
[GO_METENCEPHALON_DEVELOPMENT,GO_METENCEPHALON_DEVELOPMENT] was killed by [GO_RESPIRATORY_CHAIN_COMPLEX,GO_RESPIRATORY_CHAIN_COMPLEX]
[GO_AEROBIC_ELECTRON_TRANSPORT_CHAIN,GO_AEROBIC_ELECTRON_TRANSPORT_CHAIN] was killed by [GO_RESPIRATORY_CHAIN_COMPLEX,GO_RESPIRATORY_CHAIN_COMPLEX]
[GO_RESPIRATORY_CHAIN_COMPLEX_IV,GO_RESPIRATORY_CHAIN_COMPLEX_IV] was killed by [GO_RESPIRATORY_CHAIN_COMPLEX,GO_RESPIRATORY_CHAIN_COMPLEX]
[GO_TELOMERE_MAINTENANCE_VIA_TELOMERE_LENGTHENING,GO_TELOMERE_MAINTENANCE_VIA_TELOMERE_LENGTHENING] was killed by [GO_UNFOLDED_PROTEIN_BINDING,GO_UNFOLDED_PROTEIN_BINDING]
[GO_HEMATOPOIETIC_PROGENITOR_CELL_DIFFERENTIATION,GO_HEMATOPOIETIC_PROGENITOR_CELL_DIFFERENTIATION] was killed by [GO_CYTOSOLIC_RIBOSOME,GO_CYTOSOLIC_RIBOSOME]
[GO_FICOLIN_1_RICH_GRANULE,GO_FICOLIN_1_RICH_GRANULE] was killed by [GO_ANAPHASE_PROMOTING_COMPLEX_DEPENDENT_CATABOLIC_PROCESS,GO_ANAPHASE_PROMOTING_COMPLEX_DEPENDENT_CATABOLIC_PROCESS]
[GO_REGULATION_OF_CELLULAR_RESPONSE_TO_HEAT,GO_REGULATION_OF_CELLULAR_RESPONSE_TO_HEAT] was killed by [GO_UNFOLDED_PROTEIN_BINDING,GO_UNFOLDED_PROTEIN_BINDING]
[GO_POSITIVE_REGULATION_OF_CHROMOSOME_ORGANIZATION,GO_POSITIVE_REGULATION_OF_CHROMOSOME_ORGANIZATION] was killed by [GO_CYTOSOLIC_RIBOSOME,GO_CYTOSOLIC_RIBOSOME]
[GO_REGULATION_OF_RNA_SPLICING,GO_REGULATION_OF_RNA_SPLICING] was killed by [GO_NUCLEAR_PERIPHERY,GO_NUCLEAR_PERIPHERY]
[GO_NAD_METABOLIC_PROCESS,GO_NAD_METABOLIC_PROCESS] was killed by [GO_ADP_METABOLIC_PROCESS,GO_ADP_METABOLIC_PROCESS]
[GO_CARBOHYDRATE_CATABOLIC_PROCESS,GO_CARBOHYDRATE_CATABOLIC_PROCESS] was killed by [GO_ADP_METABOLIC_PROCESS,GO_ADP_METABOLIC_PROCESS]
[GO_PEPTIDASE_COMPLEX,GO_PEPTIDASE_COMPLEX] was killed by [GO_CYTOSOLIC_RIBOSOME,GO_CYTOSOLIC_RIBOSOME]
[GO_POSITIVE_REGULATION_OF_WNT_SIGNALING_PATHWAY,GO_POSITIVE_REGULATION_OF_WNT_SIGNALING_PATHWAY] was killed by [GO_ANAPHASE_PROMOTING_COMPLEX_DEPENDENT_CATABOLIC_PROCESS,GO_ANAPHASE_PROMOTING_COMPLEX_DEPENDENT_CATABOLIC_PROCESS]
[GO_PROTEIN_LOCALIZATION_TO_CHROMOSOME,GO_PROTEIN_LOCALIZATION_TO_CHROMOSOME] was killed by [GO_UNFOLDED_PROTEIN_BINDING,GO_UNFOLDED_PROTEIN_BINDING]
[GO_OXIDOREDUCTASE_ACTIVITY_ACTING_ON_A_HEME_GROUP_OF_DONORS,GO_OXIDOREDUCTASE_ACTIVITY_ACTING_ON_A_HEME_GROUP_OF_DONORS] was killed by [GO_RESPIRATORY_CHAIN_COMPLEX,GO_RESPIRATORY_CHAIN_COMPLEX]
[GO_REGULATION_OF_DNA_TEMPLATED_TRANSCRIPTION_IN_RESPONSE_TO_STRESS,GO_REGULATION_OF_DNA_TEMPLATED_TRANSCRIPTION_IN_RESPONSE_TO_STRESS] was killed by [GO_ANAPHASE_PROMOTING_COMPLEX_DEPENDENT_CATABOLIC_PROCESS,GO_ANAPHASE_PROMOTING_COMPLEX_DEPENDENT_CATABOLIC_PROCESS]
[GO_PURINE_NUCLEOSIDE_TRIPHOSPHATE_METABOLIC_PROCESS,GO_PURINE_NUCLEOSIDE_TRIPHOSPHATE_METABOLIC_PROCESS] was killed by [GO_CYTOSOLIC_RIBOSOME,GO_CYTOSOLIC_RIBOSOME]
[GO_AZUROPHIL_GRANULE_LUMEN,GO_AZUROPHIL_GRANULE_LUMEN] was killed by [GO_UNFOLDED_PROTEIN_BINDING,GO_UNFOLDED_PROTEIN_BINDING]
[GO_REGULATION_OF_MRNA_SPLICING_VIA_SPLICEOSOME,GO_REGULATION_OF_MRNA_SPLICING_VIA_SPLICEOSOME] was killed by [GO_CYTOSOLIC_RIBOSOME,GO_CYTOSOLIC_RIBOSOME]
[GO_PROTEASOME_CORE_COMPLEX_ALPHA_SUBUNIT_COMPLEX,GO_PROTEASOME_CORE_COMPLEX_ALPHA_SUBUNIT_COMPLEX] was killed by [GO_ANAPHASE_PROMOTING_COMPLEX_DEPENDENT_CATABOLIC_PROCESS,GO_ANAPHASE_PROMOTING_COMPLEX_DEPENDENT_CATABOLIC_PROCESS]
[GO_CHAPERONE_MEDIATED_PROTEIN_COMPLEX_ASSEMBLY,GO_CHAPERONE_MEDIATED_PROTEIN_COMPLEX_ASSEMBLY] was killed by [GO_UNFOLDED_PROTEIN_BINDING,GO_UNFOLDED_PROTEIN_BINDING]
[GO_NUCLEAR_EXPORT,GO_NUCLEAR_EXPORT] was killed by [GO_ADP_METABOLIC_PROCESS,GO_ADP_METABOLIC_PROCESS]
[GO_CHAPERONE_COMPLEX,GO_CHAPERONE_COMPLEX] was killed by [GO_UNFOLDED_PROTEIN_BINDING,GO_UNFOLDED_PROTEIN_BINDING]
[GO_REGULATION_OF_MORPHOGENESIS_OF_AN_EPITHELIUM,GO_REGULATION_OF_MORPHOGENESIS_OF_AN_EPITHELIUM] was killed by [GO_CYTOSOLIC_RIBOSOME,GO_CYTOSOLIC_RIBOSOME]
[GO_NADH_METABOLIC_PROCESS,GO_NADH_METABOLIC_PROCESS] was killed by [GO_ADP_METABOLIC_PROCESS,GO_ADP_METABOLIC_PROCESS]
[GO_PROTON_TRANSMEMBRANE_TRANSPORT,GO_PROTON_TRANSMEMBRANE_TRANSPORT] was killed by [GO_CYTOSOLIC_RIBOSOME,GO_CYTOSOLIC_RIBOSOME]
[GO_POSITIVE_REGULATION_OF_MITOTIC_NUCLEAR_DIVISION,GO_POSITIVE_REGULATION_OF_MITOTIC_NUCLEAR_DIVISION] was killed by [GO_ANAPHASE_PROMOTING_COMPLEX_DEPENDENT_CATABOLIC_PROCESS,GO_ANAPHASE_PROMOTING_COMPLEX_DEPENDENT_CATABOLIC_PROCESS]
[GO_POSITIVE_REGULATION_OF_TELOMERASE_ACTIVITY,GO_POSITIVE_REGULATION_OF_TELOMERASE_ACTIVITY] was killed by [GO_UNFOLDED_PROTEIN_BINDING,GO_UNFOLDED_PROTEIN_BINDING]
[GO_T_CELL_RECEPTOR_SIGNALING_PATHWAY,GO_T_CELL_RECEPTOR_SIGNALING_PATHWAY] was killed by [GO_ANAPHASE_PROMOTING_COMPLEX_DEPENDENT_CATABOLIC_PROCESS,GO_ANAPHASE_PROMOTING_COMPLEX_DEPENDENT_CATABOLIC_PROCESS]
[GO_CHAPERONE_MEDIATED_PROTEIN_FOLDING,GO_CHAPERONE_MEDIATED_PROTEIN_FOLDING] was killed by [GO_UNFOLDED_PROTEIN_BINDING,GO_UNFOLDED_PROTEIN_BINDING]
