[EIF4A3_HeLa_POSTAR_Piranha_0.01,EIF4A3_HeLa_POSTAR_Piranha_0.01] was killed by [EIF4A3_HeLa_POSTAR_HITS-CLIP,EIF4A3_HeLa_POSTAR_HITS-CLIP]
[EWSR1_HEK293_POSTAR_Piranha_0.01,EWSR1_HEK293_POSTAR_Piranha_0.01] was killed by [EIF4A3_HeLa_POSTAR_HITS-CLIP,EIF4A3_HeLa_POSTAR_HITS-CLIP]
[LIN28B_K562_POSTAR_eCLIP,LIN28B_K562_POSTAR_eCLIP] was killed by [EIF4A3_HeLa_POSTAR_HITS-CLIP,EIF4A3_HeLa_POSTAR_HITS-CLIP]
[FUS_HEK293_POSTAR_Piranha_0.01,FUS_HEK293_POSTAR_Piranha_0.01] was killed by [EIF4A3_HeLa_POSTAR_HITS-CLIP,EIF4A3_HeLa_POSTAR_HITS-CLIP]
[NONO_K562_POSTAR_eCLIP,NONO_K562_POSTAR_eCLIP] was killed by [EWSR1_K562_POSTAR_eCLIP,EWSR1_K562_POSTAR_eCLIP]
[ILF3_HepG2_POSTAR_eCLIP,ILF3_HepG2_POSTAR_eCLIP] was killed by [EIF4A3_HeLa_POSTAR_HITS-CLIP,EIF4A3_HeLa_POSTAR_HITS-CLIP]
[PUM2_HEK293_POSTAR_PAR-CLIP,PUM2_HEK293_POSTAR_PAR-CLIP] was killed by [EIF4A3_HeLa_POSTAR_HITS-CLIP,EIF4A3_HeLa_POSTAR_HITS-CLIP]
[PUM2_HEK293_POSTAR_PARalyzer,PUM2_HEK293_POSTAR_PARalyzer] was killed by [EIF4A3_HeLa_POSTAR_HITS-CLIP,EIF4A3_HeLa_POSTAR_HITS-CLIP]
[FAM120A_K562_POSTAR_eCLIP,FAM120A_K562_POSTAR_eCLIP] was killed by [EIF4A3_HeLa_POSTAR_HITS-CLIP,EIF4A3_HeLa_POSTAR_HITS-CLIP]
[YTHDF1_Huh7_POSTAR_PAR-CLIP,YTHDF1_Huh7_POSTAR_PAR-CLIP] was killed by [EIF4A3_HeLa_POSTAR_HITS-CLIP,EIF4A3_HeLa_POSTAR_HITS-CLIP]
[YTHDF1_Huh7_POSTAR_PARalyzer,YTHDF1_Huh7_POSTAR_PARalyzer] was killed by [EIF4A3_HeLa_POSTAR_HITS-CLIP,EIF4A3_HeLa_POSTAR_HITS-CLIP]
[HNRNPK_K562_POSTAR_eCLIP,HNRNPK_K562_POSTAR_eCLIP] was killed by [EIF4A3_HeLa_POSTAR_HITS-CLIP,EIF4A3_HeLa_POSTAR_HITS-CLIP]
[ILF3_K562_POSTAR_eCLIP,ILF3_K562_POSTAR_eCLIP] was killed by [EIF4A3_HeLa_POSTAR_HITS-CLIP,EIF4A3_HeLa_POSTAR_HITS-CLIP]
[KHSRP_K562_POSTAR_eCLIP,KHSRP_K562_POSTAR_eCLIP] was killed by [EIF4A3_HeLa_POSTAR_HITS-CLIP,EIF4A3_HeLa_POSTAR_HITS-CLIP]
[XRCC6_K562_POSTAR_eCLIP,XRCC6_K562_POSTAR_eCLIP] was killed by [EIF4A3_HeLa_POSTAR_HITS-CLIP,EIF4A3_HeLa_POSTAR_HITS-CLIP]
[SFPQ_HepG2_POSTAR_eCLIP,SFPQ_HepG2_POSTAR_eCLIP] was killed by [EWSR1_K562_POSTAR_eCLIP,EWSR1_K562_POSTAR_eCLIP]
[RBM15_HEK293T_POSTAR_Piranha_0.01,RBM15_HEK293T_POSTAR_Piranha_0.01] was killed by [EIF4A3_HeLa_POSTAR_HITS-CLIP,EIF4A3_HeLa_POSTAR_HITS-CLIP]
[SMNDC1_K562_POSTAR_eCLIP,SMNDC1_K562_POSTAR_eCLIP] was killed by [EIF4A3_HeLa_POSTAR_HITS-CLIP,EIF4A3_HeLa_POSTAR_HITS-CLIP]
[MBNL2_hippocampus_POSTAR_HITS-CLIP,MBNL2_hippocampus_POSTAR_HITS-CLIP] was killed by [EIF4A3_HeLa_POSTAR_HITS-CLIP,EIF4A3_HeLa_POSTAR_HITS-CLIP]
[MBNL2_hippocampus_POSTAR_Piranha_0.01,MBNL2_hippocampus_POSTAR_Piranha_0.01] was killed by [EIF4A3_HeLa_POSTAR_HITS-CLIP,EIF4A3_HeLa_POSTAR_HITS-CLIP]
[CSTF2T_HepG2_POSTAR_eCLIP,CSTF2T_HepG2_POSTAR_eCLIP] was killed by [EWSR1_K562_POSTAR_eCLIP,EWSR1_K562_POSTAR_eCLIP]
[U2AF2_K562_POSTAR_eCLIP,U2AF2_K562_POSTAR_eCLIP] was killed by [EIF4A3_HeLa_POSTAR_HITS-CLIP,EIF4A3_HeLa_POSTAR_HITS-CLIP]
[ELAVL1_HEK293_POSTAR_HITS-CLIP,ELAVL1_HEK293_POSTAR_HITS-CLIP] was killed by [EIF4A3_HeLa_POSTAR_HITS-CLIP,EIF4A3_HeLa_POSTAR_HITS-CLIP]
[TARDBP_Brain_POSTAR_Piranha_0.01,TARDBP_Brain_POSTAR_Piranha_0.01] was killed by [EIF4A3_HeLa_POSTAR_HITS-CLIP,EIF4A3_HeLa_POSTAR_HITS-CLIP]
[CSTF2T_K562_POSTAR_eCLIP,CSTF2T_K562_POSTAR_eCLIP] was killed by [EWSR1_K562_POSTAR_eCLIP,EWSR1_K562_POSTAR_eCLIP]
[LIN28B_HepG2_POSTAR_eCLIP,LIN28B_HepG2_POSTAR_eCLIP] was killed by [EIF4A3_HeLa_POSTAR_HITS-CLIP,EIF4A3_HeLa_POSTAR_HITS-CLIP]
[LARP4_K562_POSTAR_eCLIP,LARP4_K562_POSTAR_eCLIP] was killed by [EIF4A3_HeLa_POSTAR_HITS-CLIP,EIF4A3_HeLa_POSTAR_HITS-CLIP]
[GPKOW_K562_POSTAR_eCLIP,GPKOW_K562_POSTAR_eCLIP] was killed by [EIF4A3_HeLa_POSTAR_HITS-CLIP,EIF4A3_HeLa_POSTAR_HITS-CLIP]
[HNRNPF_HEK293T_POSTAR_HITS-CLIP,HNRNPF_HEK293T_POSTAR_HITS-CLIP] was killed by [EIF4A3_HeLa_POSTAR_HITS-CLIP,EIF4A3_HeLa_POSTAR_HITS-CLIP]
[HNRNPF_HEK293T_POSTAR_Piranha_0.01,HNRNPF_HEK293T_POSTAR_Piranha_0.01] was killed by [EIF4A3_HeLa_POSTAR_HITS-CLIP,EIF4A3_HeLa_POSTAR_HITS-CLIP]
[RBFOX2_HepG2_POSTAR_eCLIP,RBFOX2_HepG2_POSTAR_eCLIP] was killed by [EWSR1_K562_POSTAR_eCLIP,EWSR1_K562_POSTAR_eCLIP]
[DIS3L2_HEK293_POSTAR_Piranha_0.01,DIS3L2_HEK293_POSTAR_Piranha_0.01] was killed by [EIF4A3_HeLa_POSTAR_HITS-CLIP,EIF4A3_HeLa_POSTAR_HITS-CLIP]
[U2AF2_HeLa_POSTAR_Piranha_0.01,U2AF2_HeLa_POSTAR_Piranha_0.01] was killed by [EIF4A3_HeLa_POSTAR_HITS-CLIP,EIF4A3_HeLa_POSTAR_HITS-CLIP]
[FXR2_K562_POSTAR_eCLIP,FXR2_K562_POSTAR_eCLIP] was killed by [EIF4A3_HeLa_POSTAR_HITS-CLIP,EIF4A3_HeLa_POSTAR_HITS-CLIP]
[TARDBP_HEK293T_POSTAR_Piranha_0.01,TARDBP_HEK293T_POSTAR_Piranha_0.01] was killed by [EIF4A3_HeLa_POSTAR_HITS-CLIP,EIF4A3_HeLa_POSTAR_HITS-CLIP]
[HNRNPM_K562_POSTAR_eCLIP,HNRNPM_K562_POSTAR_eCLIP] was killed by [EWSR1_K562_POSTAR_eCLIP,EWSR1_K562_POSTAR_eCLIP]
[PTBP1_HEK293T,plus_SRRM4_POSTAR_Piranha_0.01,PTBP1_HEK293T,plus_SRRM4_POSTAR_Piranha_0.01] was killed by [EIF4A3_HeLa_POSTAR_HITS-CLIP,EIF4A3_HeLa_POSTAR_HITS-CLIP]
[LSM11_K562_POSTAR_eCLIP,LSM11_K562_POSTAR_eCLIP] was killed by [EWSR1_K562_POSTAR_eCLIP,EWSR1_K562_POSTAR_eCLIP]
[HNRNPK_HepG2_POSTAR_eCLIP,HNRNPK_HepG2_POSTAR_eCLIP] was killed by [EIF4A3_HeLa_POSTAR_HITS-CLIP,EIF4A3_HeLa_POSTAR_HITS-CLIP]
[LIN28A_H9_POSTAR_Piranha_0.01,LIN28A_H9_POSTAR_Piranha_0.01] was killed by [EIF4A3_HeLa_POSTAR_HITS-CLIP,EIF4A3_HeLa_POSTAR_HITS-CLIP]
[CPSF1_HEK293_POSTAR_Piranha_0.01,CPSF1_HEK293_POSTAR_Piranha_0.01] was killed by [EIF4A3_HeLa_POSTAR_HITS-CLIP,EIF4A3_HeLa_POSTAR_HITS-CLIP]
[RBM47_MDA-MB-231_POSTAR_CIMS,RBM47_MDA-MB-231_POSTAR_CIMS] was killed by [EWSR1_K562_POSTAR_eCLIP,EWSR1_K562_POSTAR_eCLIP]
[CSTF2_HepG2_POSTAR_eCLIP,CSTF2_HepG2_POSTAR_eCLIP] was killed by [EIF4A3_HeLa_POSTAR_HITS-CLIP,EIF4A3_HeLa_POSTAR_HITS-CLIP]
[U2AF2_HeLa_POSTAR_HITS-CLIP,U2AF2_HeLa_POSTAR_HITS-CLIP] was killed by [EIF4A3_HeLa_POSTAR_HITS-CLIP,EIF4A3_HeLa_POSTAR_HITS-CLIP]
[DIS3L2_HEK293_POSTAR_HITS-CLIP,DIS3L2_HEK293_POSTAR_HITS-CLIP] was killed by [EIF4A3_HeLa_POSTAR_HITS-CLIP,EIF4A3_HeLa_POSTAR_HITS-CLIP]
[XPO5_HepG2_POSTAR_eCLIP,XPO5_HepG2_POSTAR_eCLIP] was killed by [EWSR1_K562_POSTAR_eCLIP,EWSR1_K562_POSTAR_eCLIP]
[UPF1_HeLa,treated_with_puromycoin_POSTAR_Piranha_0.01,UPF1_HeLa,treated_with_puromycoin_POSTAR_Piranha_0.01] was killed by [EIF4A3_HeLa_POSTAR_HITS-CLIP,EIF4A3_HeLa_POSTAR_HITS-CLIP]
[QKI_HEK293_POSTAR_PAR-CLIP,QKI_HEK293_POSTAR_PAR-CLIP] was killed by [EIF4A3_HeLa_POSTAR_HITS-CLIP,EIF4A3_HeLa_POSTAR_HITS-CLIP]
[QKI_HEK293_POSTAR_PARalyzer,QKI_HEK293_POSTAR_PARalyzer] was killed by [EIF4A3_HeLa_POSTAR_HITS-CLIP,EIF4A3_HeLa_POSTAR_HITS-CLIP]
[CPSF6_K562_POSTAR_eCLIP,CPSF6_K562_POSTAR_eCLIP] was killed by [EIF4A3_HeLa_POSTAR_HITS-CLIP,EIF4A3_HeLa_POSTAR_HITS-CLIP]
[ZNF622_K562_POSTAR_eCLIP,ZNF622_K562_POSTAR_eCLIP] was killed by [EIF4A3_HeLa_POSTAR_HITS-CLIP,EIF4A3_HeLa_POSTAR_HITS-CLIP]
[ATXN2_HEK293T_POSTAR_Piranha_0.01,ATXN2_HEK293T_POSTAR_Piranha_0.01] was killed by [EIF4A3_HeLa_POSTAR_HITS-CLIP,EIF4A3_HeLa_POSTAR_HITS-CLIP]
[UPF1_HEK_293_FRT_POSTAR_CIMS,UPF1_HEK_293_FRT_POSTAR_CIMS] was killed by [EIF4A3_HeLa_POSTAR_HITS-CLIP,EIF4A3_HeLa_POSTAR_HITS-CLIP]
[TAF15_HEK293_POSTAR_Piranha_0.01,TAF15_HEK293_POSTAR_Piranha_0.01] was killed by [EIF4A3_HeLa_POSTAR_HITS-CLIP,EIF4A3_HeLa_POSTAR_HITS-CLIP]
[RPS3_K562_POSTAR_eCLIP,RPS3_K562_POSTAR_eCLIP] was killed by [EIF4A3_HeLa_POSTAR_HITS-CLIP,EIF4A3_HeLa_POSTAR_HITS-CLIP]
[RBPMS_HEK293_POSTAR_PAR-CLIP,RBPMS_HEK293_POSTAR_PAR-CLIP] was killed by [EIF4A3_HeLa_POSTAR_HITS-CLIP,EIF4A3_HeLa_POSTAR_HITS-CLIP]
[RBPMS_HEK293_POSTAR_Piranha_0.01,RBPMS_HEK293_POSTAR_Piranha_0.01] was killed by [EIF4A3_HeLa_POSTAR_HITS-CLIP,EIF4A3_HeLa_POSTAR_HITS-CLIP]
[CELF2_T_cell_POSTAR_CIMS,CELF2_T_cell_POSTAR_CIMS] was killed by [EIF4A3_HeLa_POSTAR_HITS-CLIP,EIF4A3_HeLa_POSTAR_HITS-CLIP]
[U2AF1_K562_POSTAR_eCLIP,U2AF1_K562_POSTAR_eCLIP] was killed by [EIF4A3_HeLa_POSTAR_HITS-CLIP,EIF4A3_HeLa_POSTAR_HITS-CLIP]
[LIN28A_H9_POSTAR_HITS-CLIP,LIN28A_H9_POSTAR_HITS-CLIP] was killed by [EIF4A3_HeLa_POSTAR_HITS-CLIP,EIF4A3_HeLa_POSTAR_HITS-CLIP]
[ELAVL1_HeLa_POSTAR_Piranha_0.01,ELAVL1_HeLa_POSTAR_Piranha_0.01] was killed by [EIF4A3_HeLa_POSTAR_HITS-CLIP,EIF4A3_HeLa_POSTAR_HITS-CLIP]
[TARDBP_SH-SY5Y_POSTAR_Piranha_0.01,TARDBP_SH-SY5Y_POSTAR_Piranha_0.01] was killed by [EIF4A3_HeLa_POSTAR_HITS-CLIP,EIF4A3_HeLa_POSTAR_HITS-CLIP]
[MTPAP_K562_POSTAR_eCLIP,MTPAP_K562_POSTAR_eCLIP] was killed by [EWSR1_K562_POSTAR_eCLIP,EWSR1_K562_POSTAR_eCLIP]
[RBFOX2_K562_POSTAR_eCLIP,RBFOX2_K562_POSTAR_eCLIP] was killed by [EIF4A3_HeLa_POSTAR_HITS-CLIP,EIF4A3_HeLa_POSTAR_HITS-CLIP]
[IGF2BP3_Panc1_POSTAR_CIMS,IGF2BP3_Panc1_POSTAR_CIMS] was killed by [EIF4A3_HeLa_POSTAR_HITS-CLIP,EIF4A3_HeLa_POSTAR_HITS-CLIP]
[IGF2BP3_Panc1_POSTAR_iCLIP,IGF2BP3_Panc1_POSTAR_iCLIP] was killed by [EIF4A3_HeLa_POSTAR_HITS-CLIP,EIF4A3_HeLa_POSTAR_HITS-CLIP]
[TARBP2_MDA-LM2_POSTAR_HITS-CLIP,TARBP2_MDA-LM2_POSTAR_HITS-CLIP] was killed by [EIF4A3_HeLa_POSTAR_HITS-CLIP,EIF4A3_HeLa_POSTAR_HITS-CLIP]
[RBM15_K562_POSTAR_eCLIP,RBM15_K562_POSTAR_eCLIP] was killed by [EIF4A3_HeLa_POSTAR_HITS-CLIP,EIF4A3_HeLa_POSTAR_HITS-CLIP]
[DKC1_HepG2_POSTAR_eCLIP,DKC1_HepG2_POSTAR_eCLIP] was killed by [EIF4A3_HeLa_POSTAR_HITS-CLIP,EIF4A3_HeLa_POSTAR_HITS-CLIP]
[SF3A3_HepG2_POSTAR_eCLIP,SF3A3_HepG2_POSTAR_eCLIP] was killed by [EIF4A3_HeLa_POSTAR_HITS-CLIP,EIF4A3_HeLa_POSTAR_HITS-CLIP]
[IGF2BP3_PL45_POSTAR_iCLIP,IGF2BP3_PL45_POSTAR_iCLIP] was killed by [EIF4A3_HeLa_POSTAR_HITS-CLIP,EIF4A3_HeLa_POSTAR_HITS-CLIP]
[TIA1_K562_POSTAR_eCLIP,TIA1_K562_POSTAR_eCLIP] was killed by [EIF4A3_HeLa_POSTAR_HITS-CLIP,EIF4A3_HeLa_POSTAR_HITS-CLIP]
[PTBP1_HepG2_POSTAR_eCLIP,PTBP1_HepG2_POSTAR_eCLIP] was killed by [EIF4A3_HeLa_POSTAR_HITS-CLIP,EIF4A3_HeLa_POSTAR_HITS-CLIP]
[AKAP8L_K562_POSTAR_eCLIP,AKAP8L_K562_POSTAR_eCLIP] was killed by [EWSR1_K562_POSTAR_eCLIP,EWSR1_K562_POSTAR_eCLIP]
[FMR1_HEK293_POSTAR_Piranha_0.01,FMR1_HEK293_POSTAR_Piranha_0.01] was killed by [EIF4A3_HeLa_POSTAR_HITS-CLIP,EIF4A3_HeLa_POSTAR_HITS-CLIP]
[TARDBP_K562_POSTAR_eCLIP,TARDBP_K562_POSTAR_eCLIP] was killed by [EIF4A3_HeLa_POSTAR_HITS-CLIP,EIF4A3_HeLa_POSTAR_HITS-CLIP]
[YTHDF2_Huh7_POSTAR_Piranha_0.01,YTHDF2_Huh7_POSTAR_Piranha_0.01] was killed by [EIF4A3_HeLa_POSTAR_HITS-CLIP,EIF4A3_HeLa_POSTAR_HITS-CLIP]
[TAF15_K562_POSTAR_eCLIP,TAF15_K562_POSTAR_eCLIP] was killed by [EWSR1_K562_POSTAR_eCLIP,EWSR1_K562_POSTAR_eCLIP]
[YWHAG_K562_POSTAR_eCLIP,YWHAG_K562_POSTAR_eCLIP] was killed by [EWSR1_K562_POSTAR_eCLIP,EWSR1_K562_POSTAR_eCLIP]
[TARDBP_SH-SY5Y_POSTAR_CIMS,TARDBP_SH-SY5Y_POSTAR_CIMS] was killed by [EIF4A3_HeLa_POSTAR_HITS-CLIP,EIF4A3_HeLa_POSTAR_HITS-CLIP]
[TARDBP_SH-SY5Y_POSTAR_iCLIP,TARDBP_SH-SY5Y_POSTAR_iCLIP] was killed by [EIF4A3_HeLa_POSTAR_HITS-CLIP,EIF4A3_HeLa_POSTAR_HITS-CLIP]
[RBM47_MDA-MB-231_POSTAR_HITS-CLIP,RBM47_MDA-MB-231_POSTAR_HITS-CLIP] was killed by [EIF4A3_HeLa_POSTAR_HITS-CLIP,EIF4A3_HeLa_POSTAR_HITS-CLIP]
[RBM47_MDA-MB-231_POSTAR_Piranha_0.01,RBM47_MDA-MB-231_POSTAR_Piranha_0.01] was killed by [EIF4A3_HeLa_POSTAR_HITS-CLIP,EIF4A3_HeLa_POSTAR_HITS-CLIP]
[HNRNPD_HEK293_POSTAR_Piranha_0.01,HNRNPD_HEK293_POSTAR_Piranha_0.01] was killed by [EIF4A3_HeLa_POSTAR_HITS-CLIP,EIF4A3_HeLa_POSTAR_HITS-CLIP]
[HNRNPM_HepG2_POSTAR_eCLIP,HNRNPM_HepG2_POSTAR_eCLIP] was killed by [EWSR1_K562_POSTAR_eCLIP,EWSR1_K562_POSTAR_eCLIP]
[SLTM_K562_POSTAR_eCLIP,SLTM_K562_POSTAR_eCLIP] was killed by [EWSR1_K562_POSTAR_eCLIP,EWSR1_K562_POSTAR_eCLIP]
[LSM11_HepG2_POSTAR_eCLIP,LSM11_HepG2_POSTAR_eCLIP] was killed by [EIF4A3_HeLa_POSTAR_HITS-CLIP,EIF4A3_HeLa_POSTAR_HITS-CLIP]
[RPS3_HepG2_POSTAR_eCLIP,RPS3_HepG2_POSTAR_eCLIP] was killed by [EIF4A3_HeLa_POSTAR_HITS-CLIP,EIF4A3_HeLa_POSTAR_HITS-CLIP]
[LIN28A_H9_POSTAR_CIMS,LIN28A_H9_POSTAR_CIMS] was killed by [EIF4A3_HeLa_POSTAR_HITS-CLIP,EIF4A3_HeLa_POSTAR_HITS-CLIP]
[TARBP2_MDA-LM2_POSTAR_Piranha_0.01,TARBP2_MDA-LM2_POSTAR_Piranha_0.01] was killed by [EIF4A3_HeLa_POSTAR_HITS-CLIP,EIF4A3_HeLa_POSTAR_HITS-CLIP]
[IGF2BP1_HEK293_POSTAR_Piranha_0.01,IGF2BP1_HEK293_POSTAR_Piranha_0.01] was killed by [EIF4A3_HeLa_POSTAR_HITS-CLIP,EIF4A3_HeLa_POSTAR_HITS-CLIP]
[FASTKD2_K562_POSTAR_eCLIP,FASTKD2_K562_POSTAR_eCLIP] was killed by [EWSR1_K562_POSTAR_eCLIP,EWSR1_K562_POSTAR_eCLIP]
[METTL3_HeLa_POSTAR_Piranha_0.01,METTL3_HeLa_POSTAR_Piranha_0.01] was killed by [EIF4A3_HeLa_POSTAR_HITS-CLIP,EIF4A3_HeLa_POSTAR_HITS-CLIP]
[EIF4G2_K562_POSTAR_eCLIP,EIF4G2_K562_POSTAR_eCLIP] was killed by [EWSR1_K562_POSTAR_eCLIP,EWSR1_K562_POSTAR_eCLIP]
[CPSF4_HEK293_POSTAR_Piranha_0.01,CPSF4_HEK293_POSTAR_Piranha_0.01] was killed by [EIF4A3_HeLa_POSTAR_HITS-CLIP,EIF4A3_HeLa_POSTAR_HITS-CLIP]
[RPS5_HepG2_POSTAR_eCLIP,RPS5_HepG2_POSTAR_eCLIP] was killed by [EIF4A3_HeLa_POSTAR_HITS-CLIP,EIF4A3_HeLa_POSTAR_HITS-CLIP]
[YTHDC2_HeLa_POSTAR_PAR-CLIP,YTHDC2_HeLa_POSTAR_PAR-CLIP] was killed by [EIF4A3_HeLa_POSTAR_HITS-CLIP,EIF4A3_HeLa_POSTAR_HITS-CLIP]
[YTHDC2_HeLa_POSTAR_PARalyzer,YTHDC2_HeLa_POSTAR_PARalyzer] was killed by [EIF4A3_HeLa_POSTAR_HITS-CLIP,EIF4A3_HeLa_POSTAR_HITS-CLIP]
[HNRNPM_HEK293T_POSTAR_HITS-CLIP,HNRNPM_HEK293T_POSTAR_HITS-CLIP] was killed by [EIF4A3_HeLa_POSTAR_HITS-CLIP,EIF4A3_HeLa_POSTAR_HITS-CLIP]
[HNRNPM_HEK293T_POSTAR_Piranha_0.01,HNRNPM_HEK293T_POSTAR_Piranha_0.01] was killed by [EIF4A3_HeLa_POSTAR_HITS-CLIP,EIF4A3_HeLa_POSTAR_HITS-CLIP]
[RBM27_K562_POSTAR_eCLIP,RBM27_K562_POSTAR_eCLIP] was killed by [EIF4A3_HeLa_POSTAR_HITS-CLIP,EIF4A3_HeLa_POSTAR_HITS-CLIP]
[DDX55_K562_POSTAR_eCLIP,DDX55_K562_POSTAR_eCLIP] was killed by [EWSR1_K562_POSTAR_eCLIP,EWSR1_K562_POSTAR_eCLIP]
[ZRANB2_K562_POSTAR_eCLIP,ZRANB2_K562_POSTAR_eCLIP] was killed by [EIF4A3_HeLa_POSTAR_HITS-CLIP,EIF4A3_HeLa_POSTAR_HITS-CLIP]
[FMR1_K562_POSTAR_eCLIP,FMR1_K562_POSTAR_eCLIP] was killed by [EIF4A3_HeLa_POSTAR_HITS-CLIP,EIF4A3_HeLa_POSTAR_HITS-CLIP]
[PTBP1_K562_POSTAR_eCLIP,PTBP1_K562_POSTAR_eCLIP] was killed by [EIF4A3_HeLa_POSTAR_HITS-CLIP,EIF4A3_HeLa_POSTAR_HITS-CLIP]
[FXR2_HEK293_POSTAR_Piranha_0.01,FXR2_HEK293_POSTAR_Piranha_0.01] was killed by [EIF4A3_HeLa_POSTAR_HITS-CLIP,EIF4A3_HeLa_POSTAR_HITS-CLIP]
[DICER1_HEK293_POSTAR_PAR-CLIP,DICER1_HEK293_POSTAR_PAR-CLIP] was killed by [EIF4A3_HeLa_POSTAR_HITS-CLIP,EIF4A3_HeLa_POSTAR_HITS-CLIP]
[FBL_HEK293_POSTAR_PAR-CLIP,FBL_HEK293_POSTAR_PAR-CLIP] was killed by [EIF4A3_HeLa_POSTAR_HITS-CLIP,EIF4A3_HeLa_POSTAR_HITS-CLIP]
[FBL_HEK293_POSTAR_PARalyzer,FBL_HEK293_POSTAR_PARalyzer] was killed by [EIF4A3_HeLa_POSTAR_HITS-CLIP,EIF4A3_HeLa_POSTAR_HITS-CLIP]
[MOV10_HEK293_POSTAR_Piranha_0.01,MOV10_HEK293_POSTAR_Piranha_0.01] was killed by [EIF4A3_HeLa_POSTAR_HITS-CLIP,EIF4A3_HeLa_POSTAR_HITS-CLIP]
[TIA1_HeLa_POSTAR_Piranha_0.01,TIA1_HeLa_POSTAR_Piranha_0.01] was killed by [EIF4A3_HeLa_POSTAR_HITS-CLIP,EIF4A3_HeLa_POSTAR_HITS-CLIP]
[SSB_HEK293_POSTAR_Piranha_0.01,SSB_HEK293_POSTAR_Piranha_0.01] was killed by [EIF4A3_HeLa_POSTAR_HITS-CLIP,EIF4A3_HeLa_POSTAR_HITS-CLIP]
[DGCR8_HEK293T_POSTAR_CIMS,DGCR8_HEK293T_POSTAR_CIMS] was killed by [EIF4A3_HeLa_POSTAR_HITS-CLIP,EIF4A3_HeLa_POSTAR_HITS-CLIP]
[FBL_HEK293_POSTAR_Piranha_0.01,FBL_HEK293_POSTAR_Piranha_0.01] was killed by [EIF4A3_HeLa_POSTAR_HITS-CLIP,EIF4A3_HeLa_POSTAR_HITS-CLIP]
[LIN28A_HEK293_POSTAR_CIMS,LIN28A_HEK293_POSTAR_CIMS] was killed by [EIF4A3_HeLa_POSTAR_HITS-CLIP,EIF4A3_HeLa_POSTAR_HITS-CLIP]
[ALKBH1_HeLa_POSTAR_HITS-CLIP,ALKBH1_HeLa_POSTAR_HITS-CLIP] was killed by [EIF4A3_HeLa_POSTAR_HITS-CLIP,EIF4A3_HeLa_POSTAR_HITS-CLIP]
[ALKBH1_HeLa_POSTAR_Piranha_0.01,ALKBH1_HeLa_POSTAR_Piranha_0.01] was killed by [EIF4A3_HeLa_POSTAR_HITS-CLIP,EIF4A3_HeLa_POSTAR_HITS-CLIP]
[METTL14_HeLa_POSTAR_PAR-CLIP,METTL14_HeLa_POSTAR_PAR-CLIP] was killed by [EIF4A3_HeLa_POSTAR_HITS-CLIP,EIF4A3_HeLa_POSTAR_HITS-CLIP]
[TNRC6A_K562_POSTAR_eCLIP,TNRC6A_K562_POSTAR_eCLIP] was killed by [EIF4A3_HeLa_POSTAR_HITS-CLIP,EIF4A3_HeLa_POSTAR_HITS-CLIP]
[IGF2BP1_K562_POSTAR_eCLIP,IGF2BP1_K562_POSTAR_eCLIP] was killed by [EIF4A3_HeLa_POSTAR_HITS-CLIP,EIF4A3_HeLa_POSTAR_HITS-CLIP]
[QKI_HEK293_POSTAR_Piranha_0.01,QKI_HEK293_POSTAR_Piranha_0.01] was killed by [EIF4A3_HeLa_POSTAR_HITS-CLIP,EIF4A3_HeLa_POSTAR_HITS-CLIP]
[IGF2BP3_PL45_POSTAR_Piranha_0.01,IGF2BP3_PL45_POSTAR_Piranha_0.01] was killed by [EIF4A3_HeLa_POSTAR_HITS-CLIP,EIF4A3_HeLa_POSTAR_HITS-CLIP]
[U2AF2_HeLa_POSTAR_CIMS,U2AF2_HeLa_POSTAR_CIMS] was killed by [EIF4A3_HeLa_POSTAR_HITS-CLIP,EIF4A3_HeLa_POSTAR_HITS-CLIP]
[HNRNPC_HEK293_POSTAR_Piranha_0.01,HNRNPC_HEK293_POSTAR_Piranha_0.01] was killed by [EIF4A3_HeLa_POSTAR_HITS-CLIP,EIF4A3_HeLa_POSTAR_HITS-CLIP]
[IGF2BP3_PL45_POSTAR_CIMS,IGF2BP3_PL45_POSTAR_CIMS] was killed by [EIF4A3_HeLa_POSTAR_HITS-CLIP,EIF4A3_HeLa_POSTAR_HITS-CLIP]
[IGF2BP3_HEK293_POSTAR_Piranha_0.01,IGF2BP3_HEK293_POSTAR_Piranha_0.01] was killed by [EIF4A3_HeLa_POSTAR_HITS-CLIP,EIF4A3_HeLa_POSTAR_HITS-CLIP]
[PUM2_HEK293_POSTAR_Piranha_0.01,PUM2_HEK293_POSTAR_Piranha_0.01] was killed by [EIF4A3_HeLa_POSTAR_HITS-CLIP,EIF4A3_HeLa_POSTAR_HITS-CLIP]
[SMNDC1_HepG2_POSTAR_eCLIP,SMNDC1_HepG2_POSTAR_eCLIP] was killed by [EIF4A3_HeLa_POSTAR_HITS-CLIP,EIF4A3_HeLa_POSTAR_HITS-CLIP]
[SRSF1_K562_POSTAR_eCLIP,SRSF1_K562_POSTAR_eCLIP] was killed by [EIF4A3_HeLa_POSTAR_HITS-CLIP,EIF4A3_HeLa_POSTAR_HITS-CLIP]
[TBRG4_K562_POSTAR_eCLIP,TBRG4_K562_POSTAR_eCLIP] was killed by [EIF4A3_HeLa_POSTAR_HITS-CLIP,EIF4A3_HeLa_POSTAR_HITS-CLIP]
[FXR1_K562_POSTAR_eCLIP,FXR1_K562_POSTAR_eCLIP] was killed by [EIF4A3_HeLa_POSTAR_HITS-CLIP,EIF4A3_HeLa_POSTAR_HITS-CLIP]
[PUS1_K562_POSTAR_eCLIP,PUS1_K562_POSTAR_eCLIP] was killed by [EIF4A3_HeLa_POSTAR_HITS-CLIP,EIF4A3_HeLa_POSTAR_HITS-CLIP]
[TRA2A_K562_POSTAR_eCLIP,TRA2A_K562_POSTAR_eCLIP] was killed by [EIF4A3_HeLa_POSTAR_HITS-CLIP,EIF4A3_HeLa_POSTAR_HITS-CLIP]
[DDX59_HepG2_POSTAR_eCLIP,DDX59_HepG2_POSTAR_eCLIP] was killed by [EWSR1_K562_POSTAR_eCLIP,EWSR1_K562_POSTAR_eCLIP]
[FUS_HEK293T_POSTAR_Piranha_0.01,FUS_HEK293T_POSTAR_Piranha_0.01] was killed by [EIF4A3_HeLa_POSTAR_HITS-CLIP,EIF4A3_HeLa_POSTAR_HITS-CLIP]
[SLTM_HepG2_POSTAR_eCLIP,SLTM_HepG2_POSTAR_eCLIP] was killed by [EWSR1_K562_POSTAR_eCLIP,EWSR1_K562_POSTAR_eCLIP]
