[MIR6071,MIR6071] was killed by [MIR224_5P,MIR224_5P]
[MIR187_5P,MIR187_5P] was killed by [MIR224_5P,MIR224_5P]
[HMCES_TARGET_GENES,HMCES_TARGET_GENES] was killed by [TFAM_TARGET_GENES,TFAM_TARGET_GENES]
[MIR6511A_5P,MIR6511A_5P] was killed by [MIR1253,MIR1253]
[ACAACTT_MIR382,ACAACTT_MIR382] was killed by [MIR548AU_3P,MIR548AU_3P]
[MIR4273,MIR4273] was killed by [MIR7156_5P,MIR7156_5P]
[MIR4762_5P,MIR4762_5P] was killed by [MIR1253,MIR1253]
[MIR374B_3P,MIR374B_3P] was killed by [MIR224_5P,MIR224_5P]
[MIR548AV_3P,MIR548AV_3P] was killed by [MIR7156_5P,MIR7156_5P]
[MIR940,MIR940] was killed by [MIR4722_5P,MIR4722_5P]
[CGTSACG_PAX3_B,CGTSACG_PAX3_B] was killed by [MIR520F_5P,MIR520F_5P]
[MIR4418,MIR4418] was killed by [MIR4722_5P,MIR4722_5P]
[MIR5579_3P,MIR5579_3P] was killed by [GCGSCMNTTT_UNKNOWN,GCGSCMNTTT_UNKNOWN]
[MIR610,MIR610] was killed by [CTAGGAA_MIR384,CTAGGAA_MIR384]
[MIR4753_5P,MIR4753_5P] was killed by [MIR7156_5P,MIR7156_5P]
[MIR4436B_5P,MIR4436B_5P] was killed by [GCGSCMNTTT_UNKNOWN,GCGSCMNTTT_UNKNOWN]
[STAT3_02,STAT3_02] was killed by [MIR224_5P,MIR224_5P]
[MIR7843_3P,MIR7843_3P] was killed by [MIR520F_5P,MIR520F_5P]
[MIR326,MIR326] was killed by [MIR330_5P,MIR330_5P]
[MIR569,MIR569] was killed by [CTAGGAA_MIR384,CTAGGAA_MIR384]
[GGCAGAC_MIR346,GGCAGAC_MIR346] was killed by [MIR330_5P,MIR330_5P]
[MIR1285_3P,MIR1285_3P] was killed by [MIR330_5P,MIR330_5P]
[MIR132_3P,MIR132_3P] was killed by [MIR520F_5P,MIR520F_5P]
[MIR7974,MIR7974] was killed by [MIR7156_5P,MIR7156_5P]
[MIR1257,MIR1257] was killed by [MIR224_5P,MIR224_5P]
[MIR6808_5P,MIR6808_5P] was killed by [MIR4722_5P,MIR4722_5P]
[MIR6893_5P,MIR6893_5P] was killed by [MIR4722_5P,MIR4722_5P]
[MIR212_3P,MIR212_3P] was killed by [MIR520F_5P,MIR520F_5P]
[MIR525_5P,MIR525_5P] was killed by [MIR7156_5P,MIR7156_5P]
[MIR520A_5P,MIR520A_5P] was killed by [MIR7156_5P,MIR7156_5P]
[MIR2116_3P,MIR2116_3P] was killed by [MIR7156_5P,MIR7156_5P]
