[MORF_ACTG1,MORF_ACTG1] was killed by [MORF_TPT1,MORF_TPT1]
[MORF_NPM1,MORF_NPM1] was killed by [MORF_TPT1,MORF_TPT1]
[GNF2_EIF3S6,GNF2_EIF3S6] was killed by [MORF_TPT1,MORF_TPT1]
[GCM_TPT1,GCM_TPT1] was killed by [MORF_TPT1,MORF_TPT1]
[GNF2_TPT1,GNF2_TPT1] was killed by [MORF_TPT1,MORF_TPT1]
[MORF_NME2,MORF_NME2] was killed by [MORF_TPT1,MORF_TPT1]
[MODULE_29,MODULE_29] was killed by [MORF_TPT1,MORF_TPT1]
[MORF_JUND,MORF_JUND] was killed by [MORF_TPT1,MORF_TPT1]
[GNF2_ST13,GNF2_ST13] was killed by [MORF_TPT1,MORF_TPT1]
[GCM_NPM1,GCM_NPM1] was killed by [MORF_TPT1,MORF_TPT1]
[GNF2_GLTSCR2,GNF2_GLTSCR2] was killed by [MORF_TPT1,MORF_TPT1]
[MODULE_50,MODULE_50] was killed by [MODULE_28,MODULE_28]
[MORF_FEN1,MORF_FEN1] was killed by [MORF_TPT1,MORF_TPT1]
[MODULE_91,MODULE_91] was killed by [MODULE_28,MODULE_28]
[MODULE_244,MODULE_244] was killed by [MORF_TPT1,MORF_TPT1]
[GNF2_G22P1,GNF2_G22P1] was killed by [MODULE_28,MODULE_28]
[MODULE_152,MODULE_152] was killed by [MORF_TPT1,MORF_TPT1]
[MODULE_355,MODULE_355] was killed by [MODULE_299,MODULE_299]
[GNF2_FBL,GNF2_FBL] was killed by [MORF_TPT1,MORF_TPT1]
[MORF_RAB5A,MORF_RAB5A] was killed by [MORF_TPT1,MORF_TPT1]
[GNF2_PPP6C,GNF2_PPP6C] was killed by [MODULE_28,MODULE_28]
[GNF2_SMC4L1,GNF2_SMC4L1] was killed by [MORF_TPT1,MORF_TPT1]
[GCM_PFN1,GCM_PFN1] was killed by [MORF_TPT1,MORF_TPT1]
[MORF_EIF4A2,MORF_EIF4A2] was killed by [MORF_TPT1,MORF_TPT1]
[MODULE_22,MODULE_22] was killed by [MORF_TPT1,MORF_TPT1]
[MODULE_155,MODULE_155] was killed by [MODULE_299,MODULE_299]
[MODULE_245,MODULE_245] was killed by [MODULE_299,MODULE_299]
[MORF_XPC,MORF_XPC] was killed by [MORF_TPT1,MORF_TPT1]
[GNF2_RAN,GNF2_RAN] was killed by [MORF_TPT1,MORF_TPT1]
[GNF2_CKS2,GNF2_CKS2] was killed by [MORF_TPT1,MORF_TPT1]
[MODULE_62,MODULE_62] was killed by [MORF_TPT1,MORF_TPT1]
[MODULE_429,MODULE_429] was killed by [MORF_TPT1,MORF_TPT1]
