[MODULE_28,MODULE_28] was killed by [MODULE_91,MODULE_91]
[MODULE_50,MODULE_50] was killed by [MODULE_91,MODULE_91]
[MODULE_62,MODULE_62] was killed by [MODULE_93,MODULE_93]
[GCM_TPT1,GCM_TPT1] was killed by [MODULE_93,MODULE_93]
[GCM_NPM1,GCM_NPM1] was killed by [MODULE_93,MODULE_93]
[MORF_PSMC1,MORF_PSMC1] was killed by [MODULE_91,MODULE_91]
[MODULE_43,MODULE_43] was killed by [MODULE_93,MODULE_93]
[MORF_ERH,MORF_ERH] was killed by [MODULE_91,MODULE_91]
[MORF_FBL,MORF_FBL] was killed by [GNF2_NPM1,GNF2_NPM1]
[MORF_ATOX1,MORF_ATOX1] was killed by [MODULE_91,MODULE_91]
[GCM_PFN1,GCM_PFN1] was killed by [GNF2_NPM1,GNF2_NPM1]
[GCM_ACTG1,GCM_ACTG1] was killed by [GNF2_NPM1,GNF2_NPM1]
[MORF_GMPS,MORF_GMPS] was killed by [MODULE_93,MODULE_93]
[MODULE_273,MODULE_273] was killed by [MODULE_93,MODULE_93]
[MORF_PRKAR1A,MORF_PRKAR1A] was killed by [MODULE_93,MODULE_93]
[MODULE_152,MODULE_152] was killed by [MODULE_93,MODULE_93]
[MODULE_419,MODULE_419] was killed by [MODULE_524,MODULE_524]
[MORF_DAP3,MORF_DAP3] was killed by [MODULE_91,MODULE_91]
[MODULE_29,MODULE_29] was killed by [GNF2_NPM1,GNF2_NPM1]
[MORF_PPP6C,MORF_PPP6C] was killed by [MODULE_91,MODULE_91]
[GNF2_ST13,GNF2_ST13] was killed by [MODULE_93,MODULE_93]
[MORF_PTPN11,MORF_PTPN11] was killed by [MODULE_93,MODULE_93]
[MORF_JUND,MORF_JUND] was killed by [MODULE_93,MODULE_93]
[MORF_DAP,MORF_DAP] was killed by [MORF_GPX4,MORF_GPX4]
[GNF2_G22P1,GNF2_G22P1] was killed by [MODULE_91,MODULE_91]
[GCM_PSME1,GCM_PSME1] was killed by [MODULE_91,MODULE_91]
[GNF2_MLH1,GNF2_MLH1] was killed by [GNF2_NPM1,GNF2_NPM1]
[MORF_RAD23B,MORF_RAD23B] was killed by [MODULE_91,MODULE_91]
[MORF_TPT1,MORF_TPT1] was killed by [MODULE_91,MODULE_91]
[MODULE_22,MODULE_22] was killed by [MODULE_93,MODULE_93]
[MODULE_256,MODULE_256] was killed by [MODULE_524,MODULE_524]
[GNF2_RAN,GNF2_RAN] was killed by [MODULE_91,MODULE_91]
[MORF_PPP1CA,MORF_PPP1CA] was killed by [MODULE_91,MODULE_91]
[GNF2_DAP3,GNF2_DAP3] was killed by [GNF2_NPM1,GNF2_NPM1]
[MORF_G22P1,MORF_G22P1] was killed by [GNF2_NPM1,GNF2_NPM1]
[MODULE_103,MODULE_103] was killed by [MODULE_93,MODULE_93]
