[KEGG_RIBOSOME,KEGG_RIBOSOME] was killed by [REACTOME_EUKARYOTIC_TRANSLATION_ELONGATION,REACTOME_EUKARYOTIC_TRANSLATION_ELONGATION]
[REACTOME_RESPONSE_OF_EIF2AK4_GCN2_TO_AMINO_ACID_DEFICIENCY,REACTOME_RESPONSE_OF_EIF2AK4_GCN2_TO_AMINO_ACID_DEFICIENCY] was killed by [REACTOME_EUKARYOTIC_TRANSLATION_ELONGATION,REACTOME_EUKARYOTIC_TRANSLATION_ELONGATION]
[REACTOME_SELENOAMINO_ACID_METABOLISM,REACTOME_SELENOAMINO_ACID_METABOLISM] was killed by [REACTOME_EUKARYOTIC_TRANSLATION_ELONGATION,REACTOME_EUKARYOTIC_TRANSLATION_ELONGATION]
[REACTOME_SRP_DEPENDENT_COTRANSLATIONAL_PROTEIN_TARGETING_TO_MEMBRANE,REACTOME_SRP_DEPENDENT_COTRANSLATIONAL_PROTEIN_TARGETING_TO_MEMBRANE] was killed by [REACTOME_EUKARYOTIC_TRANSLATION_ELONGATION,REACTOME_EUKARYOTIC_TRANSLATION_ELONGATION]
[REACTOME_NONSENSE_MEDIATED_DECAY_NMD,REACTOME_NONSENSE_MEDIATED_DECAY_NMD] was killed by [REACTOME_EUKARYOTIC_TRANSLATION_ELONGATION,REACTOME_EUKARYOTIC_TRANSLATION_ELONGATION]
[REACTOME_INFLUENZA_INFECTION,REACTOME_INFLUENZA_INFECTION] was killed by [REACTOME_EUKARYOTIC_TRANSLATION_ELONGATION,REACTOME_EUKARYOTIC_TRANSLATION_ELONGATION]
[REACTOME_EUKARYOTIC_TRANSLATION_INITIATION,REACTOME_EUKARYOTIC_TRANSLATION_INITIATION] was killed by [REACTOME_EUKARYOTIC_TRANSLATION_ELONGATION,REACTOME_EUKARYOTIC_TRANSLATION_ELONGATION]
[PECE_MAMMARY_STEM_CELL_UP,PECE_MAMMARY_STEM_CELL_UP] was killed by [REACTOME_EUKARYOTIC_TRANSLATION_ELONGATION,REACTOME_EUKARYOTIC_TRANSLATION_ELONGATION]
[REACTOME_G2_M_CHECKPOINTS,REACTOME_G2_M_CHECKPOINTS] was killed by [REACTOME_APC_C_MEDIATED_DEGRADATION_OF_CELL_CYCLE_PROTEINS,REACTOME_APC_C_MEDIATED_DEGRADATION_OF_CELL_CYCLE_PROTEINS]
[REACTOME_APC_C_CDH1_MEDIATED_DEGRADATION_OF_CDC20_AND_OTHER_APC_C_CDH1_TARGETED_PROTEINS_IN_LATE_MITOSIS_EARLY_G1,REACTOME_APC_C_CDH1_MEDIATED_DEGRADATION_OF_CDC20_AND_OTHER_APC_C_CDH1_TARGETED_PROTEINS_IN_LATE_MITOSIS_EARLY_G1] was killed by [REACTOME_APC_C_MEDIATED_DEGRADATION_OF_CELL_CYCLE_PROTEINS,REACTOME_APC_C_MEDIATED_DEGRADATION_OF_CELL_CYCLE_PROTEINS]
[REACTOME_DNA_REPLICATION,REACTOME_DNA_REPLICATION] was killed by [REACTOME_APC_C_MEDIATED_DEGRADATION_OF_CELL_CYCLE_PROTEINS,REACTOME_APC_C_MEDIATED_DEGRADATION_OF_CELL_CYCLE_PROTEINS]
[REACTOME_SWITCHING_OF_ORIGINS_TO_A_POST_REPLICATIVE_STATE,REACTOME_SWITCHING_OF_ORIGINS_TO_A_POST_REPLICATIVE_STATE] was killed by [REACTOME_APC_C_MEDIATED_DEGRADATION_OF_CELL_CYCLE_PROTEINS,REACTOME_APC_C_MEDIATED_DEGRADATION_OF_CELL_CYCLE_PROTEINS]
[REACTOME_REGULATION_OF_PTEN_STABILITY_AND_ACTIVITY,REACTOME_REGULATION_OF_PTEN_STABILITY_AND_ACTIVITY] was killed by [REACTOME_APC_C_MEDIATED_DEGRADATION_OF_CELL_CYCLE_PROTEINS,REACTOME_APC_C_MEDIATED_DEGRADATION_OF_CELL_CYCLE_PROTEINS]
[REACTOME_TRANSCRIPTIONAL_REGULATION_BY_RUNX2,REACTOME_TRANSCRIPTIONAL_REGULATION_BY_RUNX2] was killed by [REACTOME_APC_C_MEDIATED_DEGRADATION_OF_CELL_CYCLE_PROTEINS,REACTOME_APC_C_MEDIATED_DEGRADATION_OF_CELL_CYCLE_PROTEINS]
[REACTOME_ASSEMBLY_OF_THE_PRE_REPLICATIVE_COMPLEX,REACTOME_ASSEMBLY_OF_THE_PRE_REPLICATIVE_COMPLEX] was killed by [REACTOME_APC_C_MEDIATED_DEGRADATION_OF_CELL_CYCLE_PROTEINS,REACTOME_APC_C_MEDIATED_DEGRADATION_OF_CELL_CYCLE_PROTEINS]
[REACTOME_REGULATION_OF_EXPRESSION_OF_SLITS_AND_ROBOS,REACTOME_REGULATION_OF_EXPRESSION_OF_SLITS_AND_ROBOS] was killed by [REACTOME_EUKARYOTIC_TRANSLATION_ELONGATION,REACTOME_EUKARYOTIC_TRANSLATION_ELONGATION]
[REACTOME_HEDGEHOG_OFF_STATE,REACTOME_HEDGEHOG_OFF_STATE] was killed by [REACTOME_APC_C_MEDIATED_DEGRADATION_OF_CELL_CYCLE_PROTEINS,REACTOME_APC_C_MEDIATED_DEGRADATION_OF_CELL_CYCLE_PROTEINS]
[REACTOME_THE_ROLE_OF_GTSE1_IN_G2_M_PROGRESSION_AFTER_G2_CHECKPOINT,REACTOME_THE_ROLE_OF_GTSE1_IN_G2_M_PROGRESSION_AFTER_G2_CHECKPOINT] was killed by [REACTOME_APC_C_MEDIATED_DEGRADATION_OF_CELL_CYCLE_PROTEINS,REACTOME_APC_C_MEDIATED_DEGRADATION_OF_CELL_CYCLE_PROTEINS]
[REACTOME_DEGRADATION_OF_BETA_CATENIN_BY_THE_DESTRUCTION_COMPLEX,REACTOME_DEGRADATION_OF_BETA_CATENIN_BY_THE_DESTRUCTION_COMPLEX] was killed by [REACTOME_APC_C_MEDIATED_DEGRADATION_OF_CELL_CYCLE_PROTEINS,REACTOME_APC_C_MEDIATED_DEGRADATION_OF_CELL_CYCLE_PROTEINS]
[REACTOME_ORC1_REMOVAL_FROM_CHROMATIN,REACTOME_ORC1_REMOVAL_FROM_CHROMATIN] was killed by [REACTOME_APC_C_MEDIATED_DEGRADATION_OF_CELL_CYCLE_PROTEINS,REACTOME_APC_C_MEDIATED_DEGRADATION_OF_CELL_CYCLE_PROTEINS]
[REACTOME_SIGNALING_BY_HEDGEHOG,REACTOME_SIGNALING_BY_HEDGEHOG] was killed by [REACTOME_APC_C_MEDIATED_DEGRADATION_OF_CELL_CYCLE_PROTEINS,REACTOME_APC_C_MEDIATED_DEGRADATION_OF_CELL_CYCLE_PROTEINS]
[REACTOME_DOWNSTREAM_SIGNALING_EVENTS_OF_B_CELL_RECEPTOR_BCR,REACTOME_DOWNSTREAM_SIGNALING_EVENTS_OF_B_CELL_RECEPTOR_BCR] was killed by [REACTOME_APC_C_MEDIATED_DEGRADATION_OF_CELL_CYCLE_PROTEINS,REACTOME_APC_C_MEDIATED_DEGRADATION_OF_CELL_CYCLE_PROTEINS]
[REACTOME_DNA_REPLICATION_PRE_INITIATION,REACTOME_DNA_REPLICATION_PRE_INITIATION] was killed by [REACTOME_APC_C_MEDIATED_DEGRADATION_OF_CELL_CYCLE_PROTEINS,REACTOME_APC_C_MEDIATED_DEGRADATION_OF_CELL_CYCLE_PROTEINS]
[REACTOME_HEDGEHOG_ON_STATE,REACTOME_HEDGEHOG_ON_STATE] was killed by [REACTOME_APC_C_MEDIATED_DEGRADATION_OF_CELL_CYCLE_PROTEINS,REACTOME_APC_C_MEDIATED_DEGRADATION_OF_CELL_CYCLE_PROTEINS]
[REACTOME_PROGRAMMED_CELL_DEATH,REACTOME_PROGRAMMED_CELL_DEATH] was killed by [REACTOME_APC_C_MEDIATED_DEGRADATION_OF_CELL_CYCLE_PROTEINS,REACTOME_APC_C_MEDIATED_DEGRADATION_OF_CELL_CYCLE_PROTEINS]
[REACTOME_REGULATION_OF_RUNX2_EXPRESSION_AND_ACTIVITY,REACTOME_REGULATION_OF_RUNX2_EXPRESSION_AND_ACTIVITY] was killed by [REACTOME_APC_C_MEDIATED_DEGRADATION_OF_CELL_CYCLE_PROTEINS,REACTOME_APC_C_MEDIATED_DEGRADATION_OF_CELL_CYCLE_PROTEINS]
[REACTOME_DECTIN_1_MEDIATED_NONCANONICAL_NF_KB_SIGNALING,REACTOME_DECTIN_1_MEDIATED_NONCANONICAL_NF_KB_SIGNALING] was killed by [REACTOME_APC_C_MEDIATED_DEGRADATION_OF_CELL_CYCLE_PROTEINS,REACTOME_APC_C_MEDIATED_DEGRADATION_OF_CELL_CYCLE_PROTEINS]
[REACTOME_TNFR2_NON_CANONICAL_NF_KB_PATHWAY,REACTOME_TNFR2_NON_CANONICAL_NF_KB_PATHWAY] was killed by [REACTOME_APC_C_MEDIATED_DEGRADATION_OF_CELL_CYCLE_PROTEINS,REACTOME_APC_C_MEDIATED_DEGRADATION_OF_CELL_CYCLE_PROTEINS]
[REACTOME_SCF_SKP2_MEDIATED_DEGRADATION_OF_P27_P21,REACTOME_SCF_SKP2_MEDIATED_DEGRADATION_OF_P27_P21] was killed by [REACTOME_APC_C_MEDIATED_DEGRADATION_OF_CELL_CYCLE_PROTEINS,REACTOME_APC_C_MEDIATED_DEGRADATION_OF_CELL_CYCLE_PROTEINS]
[REACTOME_DEGRADATION_OF_GLI1_BY_THE_PROTEASOME,REACTOME_DEGRADATION_OF_GLI1_BY_THE_PROTEASOME] was killed by [REACTOME_APC_C_MEDIATED_DEGRADATION_OF_CELL_CYCLE_PROTEINS,REACTOME_APC_C_MEDIATED_DEGRADATION_OF_CELL_CYCLE_PROTEINS]
[BILANGES_SERUM_AND_RAPAMYCIN_SENSITIVE_GENES,BILANGES_SERUM_AND_RAPAMYCIN_SENSITIVE_GENES] was killed by [REACTOME_EUKARYOTIC_TRANSLATION_ELONGATION,REACTOME_EUKARYOTIC_TRANSLATION_ELONGATION]
[REACTOME_INTERLEUKIN_1_SIGNALING,REACTOME_INTERLEUKIN_1_SIGNALING] was killed by [REACTOME_APC_C_MEDIATED_DEGRADATION_OF_CELL_CYCLE_PROTEINS,REACTOME_APC_C_MEDIATED_DEGRADATION_OF_CELL_CYCLE_PROTEINS]
[REACTOME_G1_S_DNA_DAMAGE_CHECKPOINTS,REACTOME_G1_S_DNA_DAMAGE_CHECKPOINTS] was killed by [REACTOME_APC_C_MEDIATED_DEGRADATION_OF_CELL_CYCLE_PROTEINS,REACTOME_APC_C_MEDIATED_DEGRADATION_OF_CELL_CYCLE_PROTEINS]
[REACTOME_STABILIZATION_OF_P53,REACTOME_STABILIZATION_OF_P53] was killed by [REACTOME_APC_C_MEDIATED_DEGRADATION_OF_CELL_CYCLE_PROTEINS,REACTOME_APC_C_MEDIATED_DEGRADATION_OF_CELL_CYCLE_PROTEINS]
[REACTOME_REGULATION_OF_RUNX3_EXPRESSION_AND_ACTIVITY,REACTOME_REGULATION_OF_RUNX3_EXPRESSION_AND_ACTIVITY] was killed by [REACTOME_APC_C_MEDIATED_DEGRADATION_OF_CELL_CYCLE_PROTEINS,REACTOME_APC_C_MEDIATED_DEGRADATION_OF_CELL_CYCLE_PROTEINS]
[REACTOME_ASYMMETRIC_LOCALIZATION_OF_PCP_PROTEINS,REACTOME_ASYMMETRIC_LOCALIZATION_OF_PCP_PROTEINS] was killed by [REACTOME_APC_C_MEDIATED_DEGRADATION_OF_CELL_CYCLE_PROTEINS,REACTOME_APC_C_MEDIATED_DEGRADATION_OF_CELL_CYCLE_PROTEINS]
[REACTOME_DEGRADATION_OF_AXIN,REACTOME_DEGRADATION_OF_AXIN] was killed by [REACTOME_APC_C_MEDIATED_DEGRADATION_OF_CELL_CYCLE_PROTEINS,REACTOME_APC_C_MEDIATED_DEGRADATION_OF_CELL_CYCLE_PROTEINS]
[REACTOME_DEGRADATION_OF_DVL,REACTOME_DEGRADATION_OF_DVL] was killed by [REACTOME_APC_C_MEDIATED_DEGRADATION_OF_CELL_CYCLE_PROTEINS,REACTOME_APC_C_MEDIATED_DEGRADATION_OF_CELL_CYCLE_PROTEINS]
[REACTOME_PTEN_REGULATION,REACTOME_PTEN_REGULATION] was killed by [REACTOME_APC_C_MEDIATED_DEGRADATION_OF_CELL_CYCLE_PROTEINS,REACTOME_APC_C_MEDIATED_DEGRADATION_OF_CELL_CYCLE_PROTEINS]
[REACTOME_FCERI_MEDIATED_NF_KB_ACTIVATION,REACTOME_FCERI_MEDIATED_NF_KB_ACTIVATION] was killed by [REACTOME_APC_C_MEDIATED_DEGRADATION_OF_CELL_CYCLE_PROTEINS,REACTOME_APC_C_MEDIATED_DEGRADATION_OF_CELL_CYCLE_PROTEINS]
[REACTOME_HOST_INTERACTIONS_OF_HIV_FACTORS,REACTOME_HOST_INTERACTIONS_OF_HIV_FACTORS] was killed by [REACTOME_APC_C_MEDIATED_DEGRADATION_OF_CELL_CYCLE_PROTEINS,REACTOME_APC_C_MEDIATED_DEGRADATION_OF_CELL_CYCLE_PROTEINS]
[REACTOME_TRANSCRIPTIONAL_REGULATION_BY_RUNX3,REACTOME_TRANSCRIPTIONAL_REGULATION_BY_RUNX3] was killed by [REACTOME_APC_C_MEDIATED_DEGRADATION_OF_CELL_CYCLE_PROTEINS,REACTOME_APC_C_MEDIATED_DEGRADATION_OF_CELL_CYCLE_PROTEINS]
[HOFFMANN_LARGE_TO_SMALL_PRE_BII_LYMPHOCYTE_UP,HOFFMANN_LARGE_TO_SMALL_PRE_BII_LYMPHOCYTE_UP] was killed by [OUELLET_OVARIAN_CANCER_INVASIVE_VS_LMP_UP,OUELLET_OVARIAN_CANCER_INVASIVE_VS_LMP_UP]
[REACTOME_SIGNALING_BY_NOTCH4,REACTOME_SIGNALING_BY_NOTCH4] was killed by [REACTOME_APC_C_MEDIATED_DEGRADATION_OF_CELL_CYCLE_PROTEINS,REACTOME_APC_C_MEDIATED_DEGRADATION_OF_CELL_CYCLE_PROTEINS]
[REACTOME_ANTIGEN_PROCESSING_CROSS_PRESENTATION,REACTOME_ANTIGEN_PROCESSING_CROSS_PRESENTATION] was killed by [REACTOME_APC_C_MEDIATED_DEGRADATION_OF_CELL_CYCLE_PROTEINS,REACTOME_APC_C_MEDIATED_DEGRADATION_OF_CELL_CYCLE_PROTEINS]
[REACTOME_PCP_CE_PATHWAY,REACTOME_PCP_CE_PATHWAY] was killed by [REACTOME_APC_C_MEDIATED_DEGRADATION_OF_CELL_CYCLE_PROTEINS,REACTOME_APC_C_MEDIATED_DEGRADATION_OF_CELL_CYCLE_PROTEINS]
[REACTOME_ABC_TRANSPORTER_DISORDERS,REACTOME_ABC_TRANSPORTER_DISORDERS] was killed by [REACTOME_APC_C_MEDIATED_DEGRADATION_OF_CELL_CYCLE_PROTEINS,REACTOME_APC_C_MEDIATED_DEGRADATION_OF_CELL_CYCLE_PROTEINS]
[REACTOME_DEFECTIVE_CFTR_CAUSES_CYSTIC_FIBROSIS,REACTOME_DEFECTIVE_CFTR_CAUSES_CYSTIC_FIBROSIS] was killed by [REACTOME_APC_C_MEDIATED_DEGRADATION_OF_CELL_CYCLE_PROTEINS,REACTOME_APC_C_MEDIATED_DEGRADATION_OF_CELL_CYCLE_PROTEINS]
[REACTOME_CROSS_PRESENTATION_OF_SOLUBLE_EXOGENOUS_ANTIGENS_ENDOSOMES,REACTOME_CROSS_PRESENTATION_OF_SOLUBLE_EXOGENOUS_ANTIGENS_ENDOSOMES] was killed by [REACTOME_APC_C_MEDIATED_DEGRADATION_OF_CELL_CYCLE_PROTEINS,REACTOME_APC_C_MEDIATED_DEGRADATION_OF_CELL_CYCLE_PROTEINS]
[REACTOME_AUF1_HNRNP_D0_BINDS_AND_DESTABILIZES_MRNA,REACTOME_AUF1_HNRNP_D0_BINDS_AND_DESTABILIZES_MRNA] was killed by [REACTOME_APC_C_MEDIATED_DEGRADATION_OF_CELL_CYCLE_PROTEINS,REACTOME_APC_C_MEDIATED_DEGRADATION_OF_CELL_CYCLE_PROTEINS]
[REACTOME_NEGATIVE_REGULATION_OF_NOTCH4_SIGNALING,REACTOME_NEGATIVE_REGULATION_OF_NOTCH4_SIGNALING] was killed by [REACTOME_APC_C_MEDIATED_DEGRADATION_OF_CELL_CYCLE_PROTEINS,REACTOME_APC_C_MEDIATED_DEGRADATION_OF_CELL_CYCLE_PROTEINS]
[REACTOME_CYCLIN_A_CDK2_ASSOCIATED_EVENTS_AT_S_PHASE_ENTRY,REACTOME_CYCLIN_A_CDK2_ASSOCIATED_EVENTS_AT_S_PHASE_ENTRY] was killed by [REACTOME_APC_C_MEDIATED_DEGRADATION_OF_CELL_CYCLE_PROTEINS,REACTOME_APC_C_MEDIATED_DEGRADATION_OF_CELL_CYCLE_PROTEINS]
[REACTOME_INTERLEUKIN_1_FAMILY_SIGNALING,REACTOME_INTERLEUKIN_1_FAMILY_SIGNALING] was killed by [REACTOME_APC_C_MEDIATED_DEGRADATION_OF_CELL_CYCLE_PROTEINS,REACTOME_APC_C_MEDIATED_DEGRADATION_OF_CELL_CYCLE_PROTEINS]
[REACTOME_HEDGEHOG_LIGAND_BIOGENESIS,REACTOME_HEDGEHOG_LIGAND_BIOGENESIS] was killed by [REACTOME_APC_C_MEDIATED_DEGRADATION_OF_CELL_CYCLE_PROTEINS,REACTOME_APC_C_MEDIATED_DEGRADATION_OF_CELL_CYCLE_PROTEINS]
[REACTOME_MITOTIC_G1_PHASE_AND_G1_S_TRANSITION,REACTOME_MITOTIC_G1_PHASE_AND_G1_S_TRANSITION] was killed by [REACTOME_APC_C_MEDIATED_DEGRADATION_OF_CELL_CYCLE_PROTEINS,REACTOME_APC_C_MEDIATED_DEGRADATION_OF_CELL_CYCLE_PROTEINS]
[REACTOME_SIGNALING_BY_THE_B_CELL_RECEPTOR_BCR,REACTOME_SIGNALING_BY_THE_B_CELL_RECEPTOR_BCR] was killed by [REACTOME_APC_C_MEDIATED_DEGRADATION_OF_CELL_CYCLE_PROTEINS,REACTOME_APC_C_MEDIATED_DEGRADATION_OF_CELL_CYCLE_PROTEINS]
[REACTOME_ABC_FAMILY_PROTEINS_MEDIATED_TRANSPORT,REACTOME_ABC_FAMILY_PROTEINS_MEDIATED_TRANSPORT] was killed by [REACTOME_APC_C_MEDIATED_DEGRADATION_OF_CELL_CYCLE_PROTEINS,REACTOME_APC_C_MEDIATED_DEGRADATION_OF_CELL_CYCLE_PROTEINS]
[REACTOME_MAPK6_MAPK4_SIGNALING,REACTOME_MAPK6_MAPK4_SIGNALING] was killed by [REACTOME_APC_C_MEDIATED_DEGRADATION_OF_CELL_CYCLE_PROTEINS,REACTOME_APC_C_MEDIATED_DEGRADATION_OF_CELL_CYCLE_PROTEINS]
[REACTOME_DISORDERS_OF_TRANSMEMBRANE_TRANSPORTERS,REACTOME_DISORDERS_OF_TRANSMEMBRANE_TRANSPORTERS] was killed by [REACTOME_APC_C_MEDIATED_DEGRADATION_OF_CELL_CYCLE_PROTEINS,REACTOME_APC_C_MEDIATED_DEGRADATION_OF_CELL_CYCLE_PROTEINS]
[KEGG_PROTEASOME,KEGG_PROTEASOME] was killed by [REACTOME_APC_C_MEDIATED_DEGRADATION_OF_CELL_CYCLE_PROTEINS,REACTOME_APC_C_MEDIATED_DEGRADATION_OF_CELL_CYCLE_PROTEINS]
[REACTOME_REGULATION_OF_RAS_BY_GAPS,REACTOME_REGULATION_OF_RAS_BY_GAPS] was killed by [REACTOME_APC_C_MEDIATED_DEGRADATION_OF_CELL_CYCLE_PROTEINS,REACTOME_APC_C_MEDIATED_DEGRADATION_OF_CELL_CYCLE_PROTEINS]
[CHIARADONNA_NEOPLASTIC_TRANSFORMATION_KRAS_UP,CHIARADONNA_NEOPLASTIC_TRANSFORMATION_KRAS_UP] was killed by [MORI_IMMATURE_B_LYMPHOCYTE_DN,MORI_IMMATURE_B_LYMPHOCYTE_DN]
[REACTOME_CELLULAR_RESPONSE_TO_HYPOXIA,REACTOME_CELLULAR_RESPONSE_TO_HYPOXIA] was killed by [REACTOME_APC_C_MEDIATED_DEGRADATION_OF_CELL_CYCLE_PROTEINS,REACTOME_APC_C_MEDIATED_DEGRADATION_OF_CELL_CYCLE_PROTEINS]
[REACTOME_S_PHASE,REACTOME_S_PHASE] was killed by [REACTOME_APC_C_MEDIATED_DEGRADATION_OF_CELL_CYCLE_PROTEINS,REACTOME_APC_C_MEDIATED_DEGRADATION_OF_CELL_CYCLE_PROTEINS]
[REACTOME_TCR_SIGNALING,REACTOME_TCR_SIGNALING] was killed by [REACTOME_APC_C_MEDIATED_DEGRADATION_OF_CELL_CYCLE_PROTEINS,REACTOME_APC_C_MEDIATED_DEGRADATION_OF_CELL_CYCLE_PROTEINS]
[REACTOME_CLEC7A_DECTIN_1_SIGNALING,REACTOME_CLEC7A_DECTIN_1_SIGNALING] was killed by [REACTOME_APC_C_MEDIATED_DEGRADATION_OF_CELL_CYCLE_PROTEINS,REACTOME_APC_C_MEDIATED_DEGRADATION_OF_CELL_CYCLE_PROTEINS]
[REACTOME_SEPARATION_OF_SISTER_CHROMATIDS,REACTOME_SEPARATION_OF_SISTER_CHROMATIDS] was killed by [REACTOME_APC_C_MEDIATED_DEGRADATION_OF_CELL_CYCLE_PROTEINS,REACTOME_APC_C_MEDIATED_DEGRADATION_OF_CELL_CYCLE_PROTEINS]
[REACTOME_METABOLISM_OF_POLYAMINES,REACTOME_METABOLISM_OF_POLYAMINES] was killed by [REACTOME_APC_C_MEDIATED_DEGRADATION_OF_CELL_CYCLE_PROTEINS,REACTOME_APC_C_MEDIATED_DEGRADATION_OF_CELL_CYCLE_PROTEINS]
[MORI_LARGE_PRE_BII_LYMPHOCYTE_UP,MORI_LARGE_PRE_BII_LYMPHOCYTE_UP] was killed by [REACTOME_APC_C_MEDIATED_DEGRADATION_OF_CELL_CYCLE_PROTEINS,REACTOME_APC_C_MEDIATED_DEGRADATION_OF_CELL_CYCLE_PROTEINS]
[REACTOME_MITOTIC_G2_G2_M_PHASES,REACTOME_MITOTIC_G2_G2_M_PHASES] was killed by [REACTOME_APC_C_MEDIATED_DEGRADATION_OF_CELL_CYCLE_PROTEINS,REACTOME_APC_C_MEDIATED_DEGRADATION_OF_CELL_CYCLE_PROTEINS]
[RHODES_UNDIFFERENTIATED_CANCER,RHODES_UNDIFFERENTIATED_CANCER] was killed by [OUELLET_OVARIAN_CANCER_INVASIVE_VS_LMP_UP,OUELLET_OVARIAN_CANCER_INVASIVE_VS_LMP_UP]
[REACTOME_UCH_PROTEINASES,REACTOME_UCH_PROTEINASES] was killed by [REACTOME_APC_C_MEDIATED_DEGRADATION_OF_CELL_CYCLE_PROTEINS,REACTOME_APC_C_MEDIATED_DEGRADATION_OF_CELL_CYCLE_PROTEINS]
[REACTOME_REGULATION_OF_MRNA_STABILITY_BY_PROTEINS_THAT_BIND_AU_RICH_ELEMENTS,REACTOME_REGULATION_OF_MRNA_STABILITY_BY_PROTEINS_THAT_BIND_AU_RICH_ELEMENTS] was killed by [REACTOME_APC_C_MEDIATED_DEGRADATION_OF_CELL_CYCLE_PROTEINS,REACTOME_APC_C_MEDIATED_DEGRADATION_OF_CELL_CYCLE_PROTEINS]
[ISHIDA_E2F_TARGETS,ISHIDA_E2F_TARGETS] was killed by [REACTOME_APC_C_MEDIATED_DEGRADATION_OF_CELL_CYCLE_PROTEINS,REACTOME_APC_C_MEDIATED_DEGRADATION_OF_CELL_CYCLE_PROTEINS]
[KAUFFMANN_DNA_REPLICATION_GENES,KAUFFMANN_DNA_REPLICATION_GENES] was killed by [MORI_IMMATURE_B_LYMPHOCYTE_DN,MORI_IMMATURE_B_LYMPHOCYTE_DN]
[ZHONG_SECRETOME_OF_LUNG_CANCER_AND_FIBROBLAST,ZHONG_SECRETOME_OF_LUNG_CANCER_AND_FIBROBLAST] was killed by [REACTOME_APC_C_MEDIATED_DEGRADATION_OF_CELL_CYCLE_PROTEINS,REACTOME_APC_C_MEDIATED_DEGRADATION_OF_CELL_CYCLE_PROTEINS]
[REACTOME_RUNX1_REGULATES_TRANSCRIPTION_OF_GENES_INVOLVED_IN_DIFFERENTIATION_OF_HSCS,REACTOME_RUNX1_REGULATES_TRANSCRIPTION_OF_GENES_INVOLVED_IN_DIFFERENTIATION_OF_HSCS] was killed by [REACTOME_APC_C_MEDIATED_DEGRADATION_OF_CELL_CYCLE_PROTEINS,REACTOME_APC_C_MEDIATED_DEGRADATION_OF_CELL_CYCLE_PROTEINS]
[YAMASHITA_LIVER_CANCER_WITH_EPCAM_UP,YAMASHITA_LIVER_CANCER_WITH_EPCAM_UP] was killed by [REACTOME_EUKARYOTIC_TRANSLATION_ELONGATION,REACTOME_EUKARYOTIC_TRANSLATION_ELONGATION]
[REACTOME_C_TYPE_LECTIN_RECEPTORS_CLRS,REACTOME_C_TYPE_LECTIN_RECEPTORS_CLRS] was killed by [REACTOME_APC_C_MEDIATED_DEGRADATION_OF_CELL_CYCLE_PROTEINS,REACTOME_APC_C_MEDIATED_DEGRADATION_OF_CELL_CYCLE_PROTEINS]
[PELLICCIOTTA_HDAC_IN_ANTIGEN_PRESENTATION_DN,PELLICCIOTTA_HDAC_IN_ANTIGEN_PRESENTATION_DN] was killed by [REACTOME_APC_C_MEDIATED_DEGRADATION_OF_CELL_CYCLE_PROTEINS,REACTOME_APC_C_MEDIATED_DEGRADATION_OF_CELL_CYCLE_PROTEINS]
[REACTOME_RESPIRATORY_ELECTRON_TRANSPORT,REACTOME_RESPIRATORY_ELECTRON_TRANSPORT] was killed by [REACTOME_EUKARYOTIC_TRANSLATION_ELONGATION,REACTOME_EUKARYOTIC_TRANSLATION_ELONGATION]
[LUI_TARGETS_OF_PAX8_PPARG_FUSION,LUI_TARGETS_OF_PAX8_PPARG_FUSION] was killed by [REACTOME_EUKARYOTIC_TRANSLATION_ELONGATION,REACTOME_EUKARYOTIC_TRANSLATION_ELONGATION]
[REACTOME_BETA_CATENIN_INDEPENDENT_WNT_SIGNALING,REACTOME_BETA_CATENIN_INDEPENDENT_WNT_SIGNALING] was killed by [REACTOME_APC_C_MEDIATED_DEGRADATION_OF_CELL_CYCLE_PROTEINS,REACTOME_APC_C_MEDIATED_DEGRADATION_OF_CELL_CYCLE_PROTEINS]
[LI_LUNG_CANCER,LI_LUNG_CANCER] was killed by [MORI_IMMATURE_B_LYMPHOCYTE_DN,MORI_IMMATURE_B_LYMPHOCYTE_DN]
[STONER_ESOPHAGEAL_CARCINOGENESIS_UP,STONER_ESOPHAGEAL_CARCINOGENESIS_UP] was killed by [OUELLET_OVARIAN_CANCER_INVASIVE_VS_LMP_UP,OUELLET_OVARIAN_CANCER_INVASIVE_VS_LMP_UP]
[REACTOME_FC_EPSILON_RECEPTOR_FCERI_SIGNALING,REACTOME_FC_EPSILON_RECEPTOR_FCERI_SIGNALING] was killed by [REACTOME_APC_C_MEDIATED_DEGRADATION_OF_CELL_CYCLE_PROTEINS,REACTOME_APC_C_MEDIATED_DEGRADATION_OF_CELL_CYCLE_PROTEINS]
[CROONQUIST_IL6_DEPRIVATION_DN,CROONQUIST_IL6_DEPRIVATION_DN] was killed by [REACTOME_APC_C_MEDIATED_DEGRADATION_OF_CELL_CYCLE_PROTEINS,REACTOME_APC_C_MEDIATED_DEGRADATION_OF_CELL_CYCLE_PROTEINS]
[PELLICCIOTTA_HDAC_IN_ANTIGEN_PRESENTATION_UP,PELLICCIOTTA_HDAC_IN_ANTIGEN_PRESENTATION_UP] was killed by [REACTOME_APC_C_MEDIATED_DEGRADATION_OF_CELL_CYCLE_PROTEINS,REACTOME_APC_C_MEDIATED_DEGRADATION_OF_CELL_CYCLE_PROTEINS]
[CROONQUIST_NRAS_VS_STROMAL_STIMULATION_DN,CROONQUIST_NRAS_VS_STROMAL_STIMULATION_DN] was killed by [REACTOME_APC_C_MEDIATED_DEGRADATION_OF_CELL_CYCLE_PROTEINS,REACTOME_APC_C_MEDIATED_DEGRADATION_OF_CELL_CYCLE_PROTEINS]
[BHATTACHARYA_EMBRYONIC_STEM_CELL,BHATTACHARYA_EMBRYONIC_STEM_CELL] was killed by [MORI_IMMATURE_B_LYMPHOCYTE_DN,MORI_IMMATURE_B_LYMPHOCYTE_DN]
[ZHU_CMV_ALL_UP,ZHU_CMV_ALL_UP] was killed by [REACTOME_APC_C_MEDIATED_DEGRADATION_OF_CELL_CYCLE_PROTEINS,REACTOME_APC_C_MEDIATED_DEGRADATION_OF_CELL_CYCLE_PROTEINS]
[REACTOME_ACTIVATION_OF_THE_MRNA_UPON_BINDING_OF_THE_CAP_BINDING_COMPLEX_AND_EIFS_AND_SUBSEQUENT_BINDING_TO_43S,REACTOME_ACTIVATION_OF_THE_MRNA_UPON_BINDING_OF_THE_CAP_BINDING_COMPLEX_AND_EIFS_AND_SUBSEQUENT_BINDING_TO_43S] was killed by [REACTOME_EUKARYOTIC_TRANSLATION_ELONGATION,REACTOME_EUKARYOTIC_TRANSLATION_ELONGATION]
[MOOTHA_VOXPHOS,MOOTHA_VOXPHOS] was killed by [REACTOME_EUKARYOTIC_TRANSLATION_ELONGATION,REACTOME_EUKARYOTIC_TRANSLATION_ELONGATION]
[LUI_THYROID_CANCER_PAX8_PPARG_DN,LUI_THYROID_CANCER_PAX8_PPARG_DN] was killed by [REACTOME_EUKARYOTIC_TRANSLATION_ELONGATION,REACTOME_EUKARYOTIC_TRANSLATION_ELONGATION]
[KEGG_OXIDATIVE_PHOSPHORYLATION,KEGG_OXIDATIVE_PHOSPHORYLATION] was killed by [REACTOME_EUKARYOTIC_TRANSLATION_ELONGATION,REACTOME_EUKARYOTIC_TRANSLATION_ELONGATION]
[LY_AGING_OLD_DN,LY_AGING_OLD_DN] was killed by [REACTOME_APC_C_MEDIATED_DEGRADATION_OF_CELL_CYCLE_PROTEINS,REACTOME_APC_C_MEDIATED_DEGRADATION_OF_CELL_CYCLE_PROTEINS]
[MUNSHI_MULTIPLE_MYELOMA_UP,MUNSHI_MULTIPLE_MYELOMA_UP] was killed by [REACTOME_APC_C_MEDIATED_DEGRADATION_OF_CELL_CYCLE_PROTEINS,REACTOME_APC_C_MEDIATED_DEGRADATION_OF_CELL_CYCLE_PROTEINS]
[REACTOME_RESPIRATORY_ELECTRON_TRANSPORT_ATP_SYNTHESIS_BY_CHEMIOSMOTIC_COUPLING_AND_HEAT_PRODUCTION_BY_UNCOUPLING_PROTEINS,REACTOME_RESPIRATORY_ELECTRON_TRANSPORT_ATP_SYNTHESIS_BY_CHEMIOSMOTIC_COUPLING_AND_HEAT_PRODUCTION_BY_UNCOUPLING_PROTEINS] was killed by [REACTOME_EUKARYOTIC_TRANSLATION_ELONGATION,REACTOME_EUKARYOTIC_TRANSLATION_ELONGATION]
[FLOTHO_PEDIATRIC_ALL_THERAPY_RESPONSE_UP,FLOTHO_PEDIATRIC_ALL_THERAPY_RESPONSE_UP] was killed by [REACTOME_EUKARYOTIC_TRANSLATION_ELONGATION,REACTOME_EUKARYOTIC_TRANSLATION_ELONGATION]
[SERVITJA_LIVER_HNF1A_TARGETS_UP,SERVITJA_LIVER_HNF1A_TARGETS_UP] was killed by [MORI_IMMATURE_B_LYMPHOCYTE_DN,MORI_IMMATURE_B_LYMPHOCYTE_DN]
[SHIPP_DLBCL_VS_FOLLICULAR_LYMPHOMA_UP,SHIPP_DLBCL_VS_FOLLICULAR_LYMPHOMA_UP] was killed by [MORI_IMMATURE_B_LYMPHOCYTE_DN,MORI_IMMATURE_B_LYMPHOCYTE_DN]
[HUMMERICH_SKIN_CANCER_PROGRESSION_UP,HUMMERICH_SKIN_CANCER_PROGRESSION_UP] was killed by [KEGG_GLYCOLYSIS_GLUCONEOGENESIS,KEGG_GLYCOLYSIS_GLUCONEOGENESIS]
[REACTOME_COMPLEX_I_BIOGENESIS,REACTOME_COMPLEX_I_BIOGENESIS] was killed by [CHICAS_RB1_TARGETS_LOW_SERUM,CHICAS_RB1_TARGETS_LOW_SERUM]
[HU_GENOTOXIC_DAMAGE_24HR,HU_GENOTOXIC_DAMAGE_24HR] was killed by [MORI_IMMATURE_B_LYMPHOCYTE_DN,MORI_IMMATURE_B_LYMPHOCYTE_DN]
[ZHU_CMV_24_HR_UP,ZHU_CMV_24_HR_UP] was killed by [REACTOME_APC_C_MEDIATED_DEGRADATION_OF_CELL_CYCLE_PROTEINS,REACTOME_APC_C_MEDIATED_DEGRADATION_OF_CELL_CYCLE_PROTEINS]
[REACTOME_PROTEIN_UBIQUITINATION,REACTOME_PROTEIN_UBIQUITINATION] was killed by [REACTOME_APC_C_MEDIATED_DEGRADATION_OF_CELL_CYCLE_PROTEINS,REACTOME_APC_C_MEDIATED_DEGRADATION_OF_CELL_CYCLE_PROTEINS]
[MORI_PRE_BI_LYMPHOCYTE_UP,MORI_PRE_BI_LYMPHOCYTE_UP] was killed by [MORI_IMMATURE_B_LYMPHOCYTE_DN,MORI_IMMATURE_B_LYMPHOCYTE_DN]
[KARLSSON_TGFB1_TARGETS_UP,KARLSSON_TGFB1_TARGETS_UP] was killed by [REACTOME_EUKARYOTIC_TRANSLATION_ELONGATION,REACTOME_EUKARYOTIC_TRANSLATION_ELONGATION]
[CHNG_MULTIPLE_MYELOMA_HYPERPLOID_UP,CHNG_MULTIPLE_MYELOMA_HYPERPLOID_UP] was killed by [REACTOME_EUKARYOTIC_TRANSLATION_ELONGATION,REACTOME_EUKARYOTIC_TRANSLATION_ELONGATION]
[ZHAN_MULTIPLE_MYELOMA_SUBGROUPS,ZHAN_MULTIPLE_MYELOMA_SUBGROUPS] was killed by [OUELLET_OVARIAN_CANCER_INVASIVE_VS_LMP_UP,OUELLET_OVARIAN_CANCER_INVASIVE_VS_LMP_UP]
[REACTOME_GLYCOLYSIS,REACTOME_GLYCOLYSIS] was killed by [KEGG_GLYCOLYSIS_GLUCONEOGENESIS,KEGG_GLYCOLYSIS_GLUCONEOGENESIS]
[WONG_PROTEASOME_GENE_MODULE,WONG_PROTEASOME_GENE_MODULE] was killed by [REACTOME_APC_C_MEDIATED_DEGRADATION_OF_CELL_CYCLE_PROTEINS,REACTOME_APC_C_MEDIATED_DEGRADATION_OF_CELL_CYCLE_PROTEINS]
[REACTOME_SIGNALING_BY_TGF_BETA_FAMILY_MEMBERS,REACTOME_SIGNALING_BY_TGF_BETA_FAMILY_MEMBERS] was killed by [REACTOME_APC_C_MEDIATED_DEGRADATION_OF_CELL_CYCLE_PROTEINS,REACTOME_APC_C_MEDIATED_DEGRADATION_OF_CELL_CYCLE_PROTEINS]
[REACTOME_HSP90_CHAPERONE_CYCLE_FOR_STEROID_HORMONE_RECEPTORS_SHR,REACTOME_HSP90_CHAPERONE_CYCLE_FOR_STEROID_HORMONE_RECEPTORS_SHR] was killed by [CHIANG_LIVER_CANCER_SUBCLASS_UNANNOTATED_DN,CHIANG_LIVER_CANCER_SUBCLASS_UNANNOTATED_DN]
[SCHAEFFER_PROSTATE_DEVELOPMENT_12HR_DN,SCHAEFFER_PROSTATE_DEVELOPMENT_12HR_DN] was killed by [MORI_IMMATURE_B_LYMPHOCYTE_DN,MORI_IMMATURE_B_LYMPHOCYTE_DN]
[FU_INTERACT_WITH_ALKBH8,FU_INTERACT_WITH_ALKBH8] was killed by [CHIANG_LIVER_CANCER_SUBCLASS_UNANNOTATED_DN,CHIANG_LIVER_CANCER_SUBCLASS_UNANNOTATED_DN]
[LUI_THYROID_CANCER_CLUSTER_3,LUI_THYROID_CANCER_CLUSTER_3] was killed by [REACTOME_EUKARYOTIC_TRANSLATION_ELONGATION,REACTOME_EUKARYOTIC_TRANSLATION_ELONGATION]
[REACTOME_GLUCOSE_METABOLISM,REACTOME_GLUCOSE_METABOLISM] was killed by [KEGG_GLYCOLYSIS_GLUCONEOGENESIS,KEGG_GLYCOLYSIS_GLUCONEOGENESIS]
[POMEROY_MEDULLOBLASTOMA_DESMOPLASIC_VS_CLASSIC_DN,POMEROY_MEDULLOBLASTOMA_DESMOPLASIC_VS_CLASSIC_DN] was killed by [REACTOME_EUKARYOTIC_TRANSLATION_ELONGATION,REACTOME_EUKARYOTIC_TRANSLATION_ELONGATION]
[WHITFIELD_CELL_CYCLE_G2_M,WHITFIELD_CELL_CYCLE_G2_M] was killed by [REACTOME_EUKARYOTIC_TRANSLATION_ELONGATION,REACTOME_EUKARYOTIC_TRANSLATION_ELONGATION]
[FRASOR_RESPONSE_TO_SERM_OR_FULVESTRANT_DN,FRASOR_RESPONSE_TO_SERM_OR_FULVESTRANT_DN] was killed by [REACTOME_APC_C_MEDIATED_DEGRADATION_OF_CELL_CYCLE_PROTEINS,REACTOME_APC_C_MEDIATED_DEGRADATION_OF_CELL_CYCLE_PROTEINS]
[DEN_INTERACT_WITH_LCA5,DEN_INTERACT_WITH_LCA5] was killed by [PID_TELOMERASE_PATHWAY,PID_TELOMERASE_PATHWAY]
[HARRIS_HYPOXIA,HARRIS_HYPOXIA] was killed by [KEGG_GLYCOLYSIS_GLUCONEOGENESIS,KEGG_GLYCOLYSIS_GLUCONEOGENESIS]
[REACTOME_CELLULAR_RESPONSE_TO_HEAT_STRESS,REACTOME_CELLULAR_RESPONSE_TO_HEAT_STRESS] was killed by [CHIANG_LIVER_CANCER_SUBCLASS_UNANNOTATED_DN,CHIANG_LIVER_CANCER_SUBCLASS_UNANNOTATED_DN]
[REACTOME_PROCESSING_OF_DNA_DOUBLE_STRAND_BREAK_ENDS,REACTOME_PROCESSING_OF_DNA_DOUBLE_STRAND_BREAK_ENDS] was killed by [REACTOME_APC_C_MEDIATED_DEGRADATION_OF_CELL_CYCLE_PROTEINS,REACTOME_APC_C_MEDIATED_DEGRADATION_OF_CELL_CYCLE_PROTEINS]
[REACTOME_SIGNALING_BY_ERBB2,REACTOME_SIGNALING_BY_ERBB2] was killed by [REACTOME_APC_C_MEDIATED_DEGRADATION_OF_CELL_CYCLE_PROTEINS,REACTOME_APC_C_MEDIATED_DEGRADATION_OF_CELL_CYCLE_PROTEINS]
[REACTOME_HOMOLOGY_DIRECTED_REPAIR,REACTOME_HOMOLOGY_DIRECTED_REPAIR] was killed by [REACTOME_APC_C_MEDIATED_DEGRADATION_OF_CELL_CYCLE_PROTEINS,REACTOME_APC_C_MEDIATED_DEGRADATION_OF_CELL_CYCLE_PROTEINS]
[REACTOME_NEGATIVE_REGULATORS_OF_DDX58_IFIH1_SIGNALING,REACTOME_NEGATIVE_REGULATORS_OF_DDX58_IFIH1_SIGNALING] was killed by [REACTOME_APC_C_MEDIATED_DEGRADATION_OF_CELL_CYCLE_PROTEINS,REACTOME_APC_C_MEDIATED_DEGRADATION_OF_CELL_CYCLE_PROTEINS]
[SARRIO_EPITHELIAL_MESENCHYMAL_TRANSITION_UP,SARRIO_EPITHELIAL_MESENCHYMAL_TRANSITION_UP] was killed by [REACTOME_EUKARYOTIC_TRANSLATION_ELONGATION,REACTOME_EUKARYOTIC_TRANSLATION_ELONGATION]
[REACTOME_SIGNALING_BY_TGF_BETA_RECEPTOR_COMPLEX,REACTOME_SIGNALING_BY_TGF_BETA_RECEPTOR_COMPLEX] was killed by [REACTOME_APC_C_MEDIATED_DEGRADATION_OF_CELL_CYCLE_PROTEINS,REACTOME_APC_C_MEDIATED_DEGRADATION_OF_CELL_CYCLE_PROTEINS]
[HU_GENOTOXIC_DAMAGE_4HR,HU_GENOTOXIC_DAMAGE_4HR] was killed by [REACTOME_APC_C_MEDIATED_DEGRADATION_OF_CELL_CYCLE_PROTEINS,REACTOME_APC_C_MEDIATED_DEGRADATION_OF_CELL_CYCLE_PROTEINS]
[REACTOME_INTERLEUKIN_4_AND_INTERLEUKIN_13_SIGNALING,REACTOME_INTERLEUKIN_4_AND_INTERLEUKIN_13_SIGNALING] was killed by [BIOCARTA_INTEGRIN_PATHWAY,BIOCARTA_INTEGRIN_PATHWAY]
[REACTOME_HDR_THROUGH_HOMOLOGOUS_RECOMBINATION_HRR,REACTOME_HDR_THROUGH_HOMOLOGOUS_RECOMBINATION_HRR] was killed by [REACTOME_APC_C_MEDIATED_DEGRADATION_OF_CELL_CYCLE_PROTEINS,REACTOME_APC_C_MEDIATED_DEGRADATION_OF_CELL_CYCLE_PROTEINS]
[KAN_RESPONSE_TO_ARSENIC_TRIOXIDE,KAN_RESPONSE_TO_ARSENIC_TRIOXIDE] was killed by [CHICAS_RB1_TARGETS_LOW_SERUM,CHICAS_RB1_TARGETS_LOW_SERUM]
[REACTOME_SYNTHESIS_OF_ACTIVE_UBIQUITIN_ROLES_OF_E1_AND_E2_ENZYMES,REACTOME_SYNTHESIS_OF_ACTIVE_UBIQUITIN_ROLES_OF_E1_AND_E2_ENZYMES] was killed by [REACTOME_APC_C_MEDIATED_DEGRADATION_OF_CELL_CYCLE_PROTEINS,REACTOME_APC_C_MEDIATED_DEGRADATION_OF_CELL_CYCLE_PROTEINS]
[RIZ_ERYTHROID_DIFFERENTIATION_CCNE1,RIZ_ERYTHROID_DIFFERENTIATION_CCNE1] was killed by [MORI_IMMATURE_B_LYMPHOCYTE_DN,MORI_IMMATURE_B_LYMPHOCYTE_DN]
[PUIFFE_INVASION_INHIBITED_BY_ASCITES_UP,PUIFFE_INVASION_INHIBITED_BY_ASCITES_UP] was killed by [MORI_IMMATURE_B_LYMPHOCYTE_DN,MORI_IMMATURE_B_LYMPHOCYTE_DN]
[PID_AURORA_B_PATHWAY,PID_AURORA_B_PATHWAY] was killed by [MORI_IMMATURE_B_LYMPHOCYTE_DN,MORI_IMMATURE_B_LYMPHOCYTE_DN]
[FURUKAWA_DUSP6_TARGETS_PCI35_DN,FURUKAWA_DUSP6_TARGETS_PCI35_DN] was killed by [MORI_IMMATURE_B_LYMPHOCYTE_DN,MORI_IMMATURE_B_LYMPHOCYTE_DN]
[SUNG_METASTASIS_STROMA_UP,SUNG_METASTASIS_STROMA_UP] was killed by [BRUNO_HEMATOPOIESIS,BRUNO_HEMATOPOIESIS]
[REACTOME_RECOGNITION_OF_DNA_DAMAGE_BY_PCNA_CONTAINING_REPLICATION_COMPLEX,REACTOME_RECOGNITION_OF_DNA_DAMAGE_BY_PCNA_CONTAINING_REPLICATION_COMPLEX] was killed by [REACTOME_APC_C_MEDIATED_DEGRADATION_OF_CELL_CYCLE_PROTEINS,REACTOME_APC_C_MEDIATED_DEGRADATION_OF_CELL_CYCLE_PROTEINS]
[LI_WILMS_TUMOR_VS_FETAL_KIDNEY_1_DN,LI_WILMS_TUMOR_VS_FETAL_KIDNEY_1_DN] was killed by [REACTOME_EUKARYOTIC_TRANSLATION_ELONGATION,REACTOME_EUKARYOTIC_TRANSLATION_ELONGATION]
[REACTOME_CELLULAR_SENESCENCE,REACTOME_CELLULAR_SENESCENCE] was killed by [REACTOME_APC_C_MEDIATED_DEGRADATION_OF_CELL_CYCLE_PROTEINS,REACTOME_APC_C_MEDIATED_DEGRADATION_OF_CELL_CYCLE_PROTEINS]
[YAMAZAKI_TCEB3_TARGETS_DN,YAMAZAKI_TCEB3_TARGETS_DN] was killed by [REACTOME_EUKARYOTIC_TRANSLATION_ELONGATION,REACTOME_EUKARYOTIC_TRANSLATION_ELONGATION]
[DELPUECH_FOXO3_TARGETS_DN,DELPUECH_FOXO3_TARGETS_DN] was killed by [MORI_IMMATURE_B_LYMPHOCYTE_DN,MORI_IMMATURE_B_LYMPHOCYTE_DN]
[ABE_INNER_EAR,ABE_INNER_EAR] was killed by [REACTOME_EUKARYOTIC_TRANSLATION_ELONGATION,REACTOME_EUKARYOTIC_TRANSLATION_ELONGATION]
[MARKEY_RB1_CHRONIC_LOF_UP,MARKEY_RB1_CHRONIC_LOF_UP] was killed by [MORI_IMMATURE_B_LYMPHOCYTE_DN,MORI_IMMATURE_B_LYMPHOCYTE_DN]
[REACTOME_ASSOCIATION_OF_TRIC_CCT_WITH_TARGET_PROTEINS_DURING_BIOSYNTHESIS,REACTOME_ASSOCIATION_OF_TRIC_CCT_WITH_TARGET_PROTEINS_DURING_BIOSYNTHESIS] was killed by [CHIANG_LIVER_CANCER_SUBCLASS_UNANNOTATED_DN,CHIANG_LIVER_CANCER_SUBCLASS_UNANNOTATED_DN]
[REACTOME_APC_CDC20_MEDIATED_DEGRADATION_OF_NEK2A,REACTOME_APC_CDC20_MEDIATED_DEGRADATION_OF_NEK2A] was killed by [REACTOME_APC_C_MEDIATED_DEGRADATION_OF_CELL_CYCLE_PROTEINS,REACTOME_APC_C_MEDIATED_DEGRADATION_OF_CELL_CYCLE_PROTEINS]
[SCHUHMACHER_MYC_TARGETS_UP,SCHUHMACHER_MYC_TARGETS_UP] was killed by [REACTOME_EUKARYOTIC_TRANSLATION_ELONGATION,REACTOME_EUKARYOTIC_TRANSLATION_ELONGATION]
[HAHTOLA_SEZARY_SYNDROM_UP,HAHTOLA_SEZARY_SYNDROM_UP] was killed by [OUELLET_OVARIAN_CANCER_INVASIVE_VS_LMP_UP,OUELLET_OVARIAN_CANCER_INVASIVE_VS_LMP_UP]
[PID_MET_PATHWAY,PID_MET_PATHWAY] was killed by [BIOCARTA_INTEGRIN_PATHWAY,BIOCARTA_INTEGRIN_PATHWAY]
[ABRAMSON_INTERACT_WITH_AIRE,ABRAMSON_INTERACT_WITH_AIRE] was killed by [OUELLET_OVARIAN_CANCER_INVASIVE_VS_LMP_UP,OUELLET_OVARIAN_CANCER_INVASIVE_VS_LMP_UP]
[FERRANDO_T_ALL_WITH_MLL_ENL_FUSION_DN,FERRANDO_T_ALL_WITH_MLL_ENL_FUSION_DN] was killed by [OUELLET_OVARIAN_CANCER_INVASIVE_VS_LMP_UP,OUELLET_OVARIAN_CANCER_INVASIVE_VS_LMP_UP]
[DER_IFN_ALPHA_RESPONSE_UP,DER_IFN_ALPHA_RESPONSE_UP] was killed by [REACTOME_APC_C_MEDIATED_DEGRADATION_OF_CELL_CYCLE_PROTEINS,REACTOME_APC_C_MEDIATED_DEGRADATION_OF_CELL_CYCLE_PROTEINS]
[BURTON_ADIPOGENESIS_3,BURTON_ADIPOGENESIS_3] was killed by [REACTOME_APC_C_MEDIATED_DEGRADATION_OF_CELL_CYCLE_PROTEINS,REACTOME_APC_C_MEDIATED_DEGRADATION_OF_CELL_CYCLE_PROTEINS]
[REACTOME_SIGNALING_BY_FGFR2,REACTOME_SIGNALING_BY_FGFR2] was killed by [REACTOME_APC_C_MEDIATED_DEGRADATION_OF_CELL_CYCLE_PROTEINS,REACTOME_APC_C_MEDIATED_DEGRADATION_OF_CELL_CYCLE_PROTEINS]
[SCHLOSSER_MYC_TARGETS_REPRESSED_BY_SERUM,SCHLOSSER_MYC_TARGETS_REPRESSED_BY_SERUM] was killed by [REACTOME_EUKARYOTIC_TRANSLATION_ELONGATION,REACTOME_EUKARYOTIC_TRANSLATION_ELONGATION]
[FERNANDEZ_BOUND_BY_MYC,FERNANDEZ_BOUND_BY_MYC] was killed by [MORI_IMMATURE_B_LYMPHOCYTE_DN,MORI_IMMATURE_B_LYMPHOCYTE_DN]
[BOYAULT_LIVER_CANCER_SUBCLASS_G23_UP,BOYAULT_LIVER_CANCER_SUBCLASS_G23_UP] was killed by [MORI_IMMATURE_B_LYMPHOCYTE_DN,MORI_IMMATURE_B_LYMPHOCYTE_DN]
[PUJANA_BREAST_CANCER_LIT_INT_NETWORK,PUJANA_BREAST_CANCER_LIT_INT_NETWORK] was killed by [REACTOME_APC_C_MEDIATED_DEGRADATION_OF_CELL_CYCLE_PROTEINS,REACTOME_APC_C_MEDIATED_DEGRADATION_OF_CELL_CYCLE_PROTEINS]
[PID_IL2_1PATHWAY,PID_IL2_1PATHWAY] was killed by [BIOCARTA_INTEGRIN_PATHWAY,BIOCARTA_INTEGRIN_PATHWAY]
[PID_SHP2_PATHWAY,PID_SHP2_PATHWAY] was killed by [BIOCARTA_INTEGRIN_PATHWAY,BIOCARTA_INTEGRIN_PATHWAY]
[PID_RET_PATHWAY,PID_RET_PATHWAY] was killed by [BIOCARTA_INTEGRIN_PATHWAY,BIOCARTA_INTEGRIN_PATHWAY]
[PID_ER_NONGENOMIC_PATHWAY,PID_ER_NONGENOMIC_PATHWAY] was killed by [BIOCARTA_INTEGRIN_PATHWAY,BIOCARTA_INTEGRIN_PATHWAY]
[PID_P73PATHWAY,PID_P73PATHWAY] was killed by [REACTOME_APC_C_MEDIATED_DEGRADATION_OF_CELL_CYCLE_PROTEINS,REACTOME_APC_C_MEDIATED_DEGRADATION_OF_CELL_CYCLE_PROTEINS]
[VISALA_RESPONSE_TO_HEAT_SHOCK_AND_AGING_DN,VISALA_RESPONSE_TO_HEAT_SHOCK_AND_AGING_DN] was killed by [CHIANG_LIVER_CANCER_SUBCLASS_UNANNOTATED_DN,CHIANG_LIVER_CANCER_SUBCLASS_UNANNOTATED_DN]
[PID_HDAC_CLASSII_PATHWAY,PID_HDAC_CLASSII_PATHWAY] was killed by [PID_TELOMERASE_PATHWAY,PID_TELOMERASE_PATHWAY]
[REACTOME_GAP_FILLING_DNA_REPAIR_SYNTHESIS_AND_LIGATION_IN_GG_NER,REACTOME_GAP_FILLING_DNA_REPAIR_SYNTHESIS_AND_LIGATION_IN_GG_NER] was killed by [REACTOME_APC_C_MEDIATED_DEGRADATION_OF_CELL_CYCLE_PROTEINS,REACTOME_APC_C_MEDIATED_DEGRADATION_OF_CELL_CYCLE_PROTEINS]
[PID_HDAC_CLASSI_PATHWAY,PID_HDAC_CLASSI_PATHWAY] was killed by [PID_TELOMERASE_PATHWAY,PID_TELOMERASE_PATHWAY]
[REACTOME_DDX58_IFIH1_MEDIATED_INDUCTION_OF_INTERFERON_ALPHA_BETA,REACTOME_DDX58_IFIH1_MEDIATED_INDUCTION_OF_INTERFERON_ALPHA_BETA] was killed by [REACTOME_APC_C_MEDIATED_DEGRADATION_OF_CELL_CYCLE_PROTEINS,REACTOME_APC_C_MEDIATED_DEGRADATION_OF_CELL_CYCLE_PROTEINS]
[DEMAGALHAES_AGING_UP,DEMAGALHAES_AGING_UP] was killed by [BRUNO_HEMATOPOIESIS,BRUNO_HEMATOPOIESIS]
[REACTOME_G2_M_DNA_DAMAGE_CHECKPOINT,REACTOME_G2_M_DNA_DAMAGE_CHECKPOINT] was killed by [OUELLET_OVARIAN_CANCER_INVASIVE_VS_LMP_UP,OUELLET_OVARIAN_CANCER_INVASIVE_VS_LMP_UP]
[REACTOME_E3_UBIQUITIN_LIGASES_UBIQUITINATE_TARGET_PROTEINS,REACTOME_E3_UBIQUITIN_LIGASES_UBIQUITINATE_TARGET_PROTEINS] was killed by [REACTOME_APC_C_MEDIATED_DEGRADATION_OF_CELL_CYCLE_PROTEINS,REACTOME_APC_C_MEDIATED_DEGRADATION_OF_CELL_CYCLE_PROTEINS]
[DIAZ_CHRONIC_MEYLOGENOUS_LEUKEMIA_DN,DIAZ_CHRONIC_MEYLOGENOUS_LEUKEMIA_DN] was killed by [REACTOME_EUKARYOTIC_TRANSLATION_ELONGATION,REACTOME_EUKARYOTIC_TRANSLATION_ELONGATION]
[KEGG_CHEMOKINE_SIGNALING_PATHWAY,KEGG_CHEMOKINE_SIGNALING_PATHWAY] was killed by [BIOCARTA_INTEGRIN_PATHWAY,BIOCARTA_INTEGRIN_PATHWAY]
[KEGG_RENAL_CELL_CARCINOMA,KEGG_RENAL_CELL_CARCINOMA] was killed by [BIOCARTA_INTEGRIN_PATHWAY,BIOCARTA_INTEGRIN_PATHWAY]
[ZHOU_CELL_CYCLE_GENES_IN_IR_RESPONSE_6HR,ZHOU_CELL_CYCLE_GENES_IN_IR_RESPONSE_6HR] was killed by [MORI_IMMATURE_B_LYMPHOCYTE_DN,MORI_IMMATURE_B_LYMPHOCYTE_DN]
[DAZARD_UV_RESPONSE_CLUSTER_G6,DAZARD_UV_RESPONSE_CLUSTER_G6] was killed by [MORI_IMMATURE_B_LYMPHOCYTE_DN,MORI_IMMATURE_B_LYMPHOCYTE_DN]
[REACTOME_AURKA_ACTIVATION_BY_TPX2,REACTOME_AURKA_ACTIVATION_BY_TPX2] was killed by [PID_TELOMERASE_PATHWAY,PID_TELOMERASE_PATHWAY]
[KEGG_CELL_CYCLE,KEGG_CELL_CYCLE] was killed by [REACTOME_EUKARYOTIC_TRANSLATION_ELONGATION,REACTOME_EUKARYOTIC_TRANSLATION_ELONGATION]
