[MIR371A_5P,MIR371A_5P] was killed by [ATACCTC_MIR202,ATACCTC_MIR202]
[STAT3_02,STAT3_02] was killed by [TGTGTGA_MIR377,TGTGTGA_MIR377]
[CTACTGT_MIR199A,CTACTGT_MIR199A] was killed by [TGTGTGA_MIR377,TGTGTGA_MIR377]
[MIR3926,MIR3926] was killed by [TGTGTGA_MIR377,TGTGTGA_MIR377]
[MIR6505_5P,MIR6505_5P] was killed by [TGTGTGA_MIR377,TGTGTGA_MIR377]
[MIR22_3P,MIR22_3P] was killed by [ATACCTC_MIR202,ATACCTC_MIR202]
[TGTATGA_MIR4853P,TGTATGA_MIR4853P] was killed by [TGTGTGA_MIR377,TGTGTGA_MIR377]
[MIR525_5P,MIR525_5P] was killed by [ATACCTC_MIR202,ATACCTC_MIR202]
[MIR520A_5P,MIR520A_5P] was killed by [ATACCTC_MIR202,ATACCTC_MIR202]
[MIR6873_5P,MIR6873_5P] was killed by [MIR4740_5P,MIR4740_5P]
[MIR4520_2_3P,MIR4520_2_3P] was killed by [EVI1_02,EVI1_02]
[GACTGTT_MIR212_MIR132,GACTGTT_MIR212_MIR132] was killed by [ATACCTC_MIR202,ATACCTC_MIR202]
[MIR3616_5P,MIR3616_5P] was killed by [MIR573,MIR573]
[KAT2A_TARGET_GENES,KAT2A_TARGET_GENES] was killed by [MAPK3_TARGET_GENES,MAPK3_TARGET_GENES]
[CATGTAA_MIR496,CATGTAA_MIR496] was killed by [MIR3128,MIR3128]
[MIR379_3P_MIR411_3P,MIR379_3P_MIR411_3P] was killed by [MIR573,MIR573]
[MIR1251_3P,MIR1251_3P] was killed by [MIR3187_5P,MIR3187_5P]
[MIR329_5P,MIR329_5P] was killed by [MAPK3_TARGET_GENES,MAPK3_TARGET_GENES]
[MIR6749_3P,MIR6749_3P] was killed by [ATACCTC_MIR202,ATACCTC_MIR202]
[ACACTAC_MIR1423P,ACACTAC_MIR1423P] was killed by [TGTGTGA_MIR377,TGTGTGA_MIR377]
[MIR361_5P,MIR361_5P] was killed by [PPARGC1A_TARGET_GENES,PPARGC1A_TARGET_GENES]
[CCAWWNAAGG_SRF_Q4,CCAWWNAAGG_SRF_Q4] was killed by [EVI1_02,EVI1_02]
[MIR485_5P,MIR485_5P] was killed by [MIR4740_5P,MIR4740_5P]
[MIR6884_5P,MIR6884_5P] was killed by [MIR4740_5P,MIR4740_5P]
[MIR6891_5P,MIR6891_5P] was killed by [MIR4740_5P,MIR4740_5P]
[GTGGTGA_MIR197,GTGGTGA_MIR197] was killed by [MIR4740_5P,MIR4740_5P]
[MIR873_3P,MIR873_3P] was killed by [TGTGTGA_MIR377,TGTGTGA_MIR377]
[MIR1301_3P_MIR5047,MIR1301_3P_MIR5047] was killed by [ATACCTC_MIR202,ATACCTC_MIR202]
[MIR4768_3P,MIR4768_3P] was killed by [MIR3187_5P,MIR3187_5P]
[MIR3074_5P,MIR3074_5P] was killed by [MIR3128,MIR3128]
[MIR1248,MIR1248] was killed by [MAPK3_TARGET_GENES,MAPK3_TARGET_GENES]
[MIR6754_5P,MIR6754_5P] was killed by [TGTGTGA_MIR377,TGTGTGA_MIR377]
[MIR326,MIR326] was killed by [MIR3187_5P,MIR3187_5P]
[MIR4799_3P,MIR4799_3P] was killed by [MIR3128,MIR3128]
[MIR5588_5P,MIR5588_5P] was killed by [MIR3128,MIR3128]
[MIR4720_5P,MIR4720_5P] was killed by [MIR3128,MIR3128]
[GKCGCNNNNNNNTGAYG_UNKNOWN,GKCGCNNNNNNNTGAYG_UNKNOWN] was killed by [MIR573,MIR573]
[MIR520F_5P,MIR520F_5P] was killed by [TGTGTGA_MIR377,TGTGTGA_MIR377]
[MIR3132,MIR3132] was killed by [ATACCTC_MIR202,ATACCTC_MIR202]
[MIR5681A,MIR5681A] was killed by [MIR4740_5P,MIR4740_5P]
[CAGCACT_MIR5123P,CAGCACT_MIR5123P] was killed by [TGTGTGA_MIR377,TGTGTGA_MIR377]
[MIR212_5P,MIR212_5P] was killed by [MIR3128,MIR3128]
[GCTCTTG_MIR335,GCTCTTG_MIR335] was killed by [ATACCTC_MIR202,ATACCTC_MIR202]
[MIR6826_3P,MIR6826_3P] was killed by [EVI1_02,EVI1_02]
[AAAGGAT_MIR501,AAAGGAT_MIR501] was killed by [MIR7108_5P,MIR7108_5P]
[MIR12118,MIR12118] was killed by [MIR4740_5P,MIR4740_5P]
[MIR612,MIR612] was killed by [MIR3187_5P,MIR3187_5P]
[MIR6860,MIR6860] was killed by [MIR3187_5P,MIR3187_5P]
[MIR5089_3P,MIR5089_3P] was killed by [TGTGTGA_MIR377,TGTGTGA_MIR377]
[SOX11_TARGET_GENES,SOX11_TARGET_GENES] was killed by [MAPK3_TARGET_GENES,MAPK3_TARGET_GENES]
[MIR2467_3P,MIR2467_3P] was killed by [ATACCTC_MIR202,ATACCTC_MIR202]
