[RTCB_HEK293_POSTAR_PAR-CLIP,RTCB_HEK293_POSTAR_PAR-CLIP] was killed by [SSB_HEK293_POSTAR_PARalyzer,SSB_HEK293_POSTAR_PARalyzer]
[GEMIN5_K562_POSTAR_eCLIP,GEMIN5_K562_POSTAR_eCLIP] was killed by [SSB_HEK293_POSTAR_PARalyzer,SSB_HEK293_POSTAR_PARalyzer]
[SSB_HEK293_POSTAR_PAR-CLIP,SSB_HEK293_POSTAR_PAR-CLIP] was killed by [SSB_HEK293_POSTAR_PARalyzer,SSB_HEK293_POSTAR_PARalyzer]
[SRSF1_TREX_FLP-In_293T_cells_POSTAR_CIMS,SRSF1_TREX_FLP-In_293T_cells_POSTAR_CIMS] was killed by [SSB_HEK293_POSTAR_PARalyzer,SSB_HEK293_POSTAR_PARalyzer]
[EIF3D_HEK293T_POSTAR_PAR-CLIP,EIF3D_HEK293T_POSTAR_PAR-CLIP] was killed by [SSB_HEK293_POSTAR_PARalyzer,SSB_HEK293_POSTAR_PARalyzer]
[EIF3D_HEK293T_POSTAR_PARalyzer,EIF3D_HEK293T_POSTAR_PARalyzer] was killed by [SSB_HEK293_POSTAR_PARalyzer,SSB_HEK293_POSTAR_PARalyzer]
[YBX3_K562_POSTAR_eCLIP,YBX3_K562_POSTAR_eCLIP] was killed by [SSB_HEK293_POSTAR_PARalyzer,SSB_HEK293_POSTAR_PARalyzer]
[FIP1L1_HEK293_POSTAR_Piranha_0.01,FIP1L1_HEK293_POSTAR_Piranha_0.01] was killed by [SSB_HEK293_POSTAR_PARalyzer,SSB_HEK293_POSTAR_PARalyzer]
[SMNDC1_K562_POSTAR_eCLIP,SMNDC1_K562_POSTAR_eCLIP] was killed by [SSB_HEK293_POSTAR_PARalyzer,SSB_HEK293_POSTAR_PARalyzer]
[DHX30_K562_POSTAR_eCLIP,DHX30_K562_POSTAR_eCLIP] was killed by [SSB_HEK293_POSTAR_PARalyzer,SSB_HEK293_POSTAR_PARalyzer]
[LARP4_HepG2_POSTAR_eCLIP,LARP4_HepG2_POSTAR_eCLIP] was killed by [SSB_HEK293_POSTAR_PARalyzer,SSB_HEK293_POSTAR_PARalyzer]
[SF3B1_K562_POSTAR_eCLIP,SF3B1_K562_POSTAR_eCLIP] was killed by [SSB_HEK293_POSTAR_PARalyzer,SSB_HEK293_POSTAR_PARalyzer]
[EFTUD2_HepG2_POSTAR_eCLIP,EFTUD2_HepG2_POSTAR_eCLIP] was killed by [SSB_HEK293_POSTAR_PARalyzer,SSB_HEK293_POSTAR_PARalyzer]
[RPS3_K562_POSTAR_eCLIP,RPS3_K562_POSTAR_eCLIP] was killed by [SSB_HEK293_POSTAR_PARalyzer,SSB_HEK293_POSTAR_PARalyzer]
[AARS_K562_POSTAR_eCLIP,AARS_K562_POSTAR_eCLIP] was killed by [SSB_HEK293_POSTAR_PARalyzer,SSB_HEK293_POSTAR_PARalyzer]
[FXR2_HEK293_POSTAR_PAR-CLIP,FXR2_HEK293_POSTAR_PAR-CLIP] was killed by [SSB_HEK293_POSTAR_PARalyzer,SSB_HEK293_POSTAR_PARalyzer]
[FXR2_HEK293_POSTAR_PARalyzer,FXR2_HEK293_POSTAR_PARalyzer] was killed by [SSB_HEK293_POSTAR_PARalyzer,SSB_HEK293_POSTAR_PARalyzer]
[SERBP1_K562_POSTAR_eCLIP,SERBP1_K562_POSTAR_eCLIP] was killed by [SSB_HEK293_POSTAR_PARalyzer,SSB_HEK293_POSTAR_PARalyzer]
[CSTF2T_K562_POSTAR_eCLIP,CSTF2T_K562_POSTAR_eCLIP] was killed by [SSB_HEK293_POSTAR_PARalyzer,SSB_HEK293_POSTAR_PARalyzer]
[SSB_HEK293_POSTAR_Piranha_0.01,SSB_HEK293_POSTAR_Piranha_0.01] was killed by [SSB_HEK293_POSTAR_PARalyzer,SSB_HEK293_POSTAR_PARalyzer]
[EFTUD2_K562_POSTAR_eCLIP,EFTUD2_K562_POSTAR_eCLIP] was killed by [SSB_HEK293_POSTAR_PARalyzer,SSB_HEK293_POSTAR_PARalyzer]
[GTF2F1_K562_POSTAR_eCLIP,GTF2F1_K562_POSTAR_eCLIP] was killed by [SSB_HEK293_POSTAR_PARalyzer,SSB_HEK293_POSTAR_PARalyzer]
[RBFOX2_K562_POSTAR_eCLIP,RBFOX2_K562_POSTAR_eCLIP] was killed by [SSB_HEK293_POSTAR_PARalyzer,SSB_HEK293_POSTAR_PARalyzer]
[FBL_HEK293_POSTAR_PAR-CLIP,FBL_HEK293_POSTAR_PAR-CLIP] was killed by [SSB_HEK293_POSTAR_PARalyzer,SSB_HEK293_POSTAR_PARalyzer]
[RBM15_HEK293T_POSTAR_iCLIP,RBM15_HEK293T_POSTAR_iCLIP] was killed by [SSB_HEK293_POSTAR_PARalyzer,SSB_HEK293_POSTAR_PARalyzer]
[RBFOX2_HepG2_POSTAR_eCLIP,RBFOX2_HepG2_POSTAR_eCLIP] was killed by [SSB_HEK293_POSTAR_PARalyzer,SSB_HEK293_POSTAR_PARalyzer]
[XRN2_HepG2_POSTAR_eCLIP,XRN2_HepG2_POSTAR_eCLIP] was killed by [SSB_HEK293_POSTAR_PARalyzer,SSB_HEK293_POSTAR_PARalyzer]
[NCBP3_HEK293_POSTAR_PAR-CLIP,NCBP3_HEK293_POSTAR_PAR-CLIP] was killed by [SSB_HEK293_POSTAR_PARalyzer,SSB_HEK293_POSTAR_PARalyzer]
[NCBP3_HEK293_POSTAR_PARalyzer,NCBP3_HEK293_POSTAR_PARalyzer] was killed by [SSB_HEK293_POSTAR_PARalyzer,SSB_HEK293_POSTAR_PARalyzer]
