[GO_ENDOPEPTIDASE_COMPLEX,GO_ENDOPEPTIDASE_COMPLEX] was killed by [GO_ANAPHASE_PROMOTING_COMPLEX_DEPENDENT_CATABOLIC_PROCESS,GO_ANAPHASE_PROMOTING_COMPLEX_DEPENDENT_CATABOLIC_PROCESS]
[GO_T_CELL_RECEPTOR_SIGNALING_PATHWAY,GO_T_CELL_RECEPTOR_SIGNALING_PATHWAY] was killed by [GO_ANAPHASE_PROMOTING_COMPLEX_DEPENDENT_CATABOLIC_PROCESS,GO_ANAPHASE_PROMOTING_COMPLEX_DEPENDENT_CATABOLIC_PROCESS]
[GO_SCF_DEPENDENT_PROTEASOMAL_UBIQUITIN_DEPENDENT_PROTEIN_CATABOLIC_PROCESS,GO_SCF_DEPENDENT_PROTEASOMAL_UBIQUITIN_DEPENDENT_PROTEIN_CATABOLIC_PROCESS] was killed by [GO_ANAPHASE_PROMOTING_COMPLEX_DEPENDENT_CATABOLIC_PROCESS,GO_ANAPHASE_PROMOTING_COMPLEX_DEPENDENT_CATABOLIC_PROCESS]
[GO_INNATE_IMMUNE_RESPONSE_ACTIVATING_CELL_SURFACE_RECEPTOR_SIGNALING_PATHWAY,GO_INNATE_IMMUNE_RESPONSE_ACTIVATING_CELL_SURFACE_RECEPTOR_SIGNALING_PATHWAY] was killed by [GO_ANAPHASE_PROMOTING_COMPLEX_DEPENDENT_CATABOLIC_PROCESS,GO_ANAPHASE_PROMOTING_COMPLEX_DEPENDENT_CATABOLIC_PROCESS]
[GO_FC_EPSILON_RECEPTOR_SIGNALING_PATHWAY,GO_FC_EPSILON_RECEPTOR_SIGNALING_PATHWAY] was killed by [GO_ANAPHASE_PROMOTING_COMPLEX_DEPENDENT_CATABOLIC_PROCESS,GO_ANAPHASE_PROMOTING_COMPLEX_DEPENDENT_CATABOLIC_PROCESS]
[GO_ANTIGEN_PROCESSING_AND_PRESENTATION_OF_EXOGENOUS_PEPTIDE_ANTIGEN_VIA_MHC_CLASS_I,GO_ANTIGEN_PROCESSING_AND_PRESENTATION_OF_EXOGENOUS_PEPTIDE_ANTIGEN_VIA_MHC_CLASS_I] was killed by [GO_ANAPHASE_PROMOTING_COMPLEX_DEPENDENT_CATABOLIC_PROCESS,GO_ANAPHASE_PROMOTING_COMPLEX_DEPENDENT_CATABOLIC_PROCESS]
[GO_TUMOR_NECROSIS_FACTOR_MEDIATED_SIGNALING_PATHWAY,GO_TUMOR_NECROSIS_FACTOR_MEDIATED_SIGNALING_PATHWAY] was killed by [GO_ANAPHASE_PROMOTING_COMPLEX_DEPENDENT_CATABOLIC_PROCESS,GO_ANAPHASE_PROMOTING_COMPLEX_DEPENDENT_CATABOLIC_PROCESS]
[GO_ANTIGEN_PROCESSING_AND_PRESENTATION_OF_PEPTIDE_ANTIGEN_VIA_MHC_CLASS_I,GO_ANTIGEN_PROCESSING_AND_PRESENTATION_OF_PEPTIDE_ANTIGEN_VIA_MHC_CLASS_I] was killed by [GO_ANAPHASE_PROMOTING_COMPLEX_DEPENDENT_CATABOLIC_PROCESS,GO_ANAPHASE_PROMOTING_COMPLEX_DEPENDENT_CATABOLIC_PROCESS]
[GO_HEMATOPOIETIC_STEM_CELL_DIFFERENTIATION,GO_HEMATOPOIETIC_STEM_CELL_DIFFERENTIATION] was killed by [GO_ANAPHASE_PROMOTING_COMPLEX_DEPENDENT_CATABOLIC_PROCESS,GO_ANAPHASE_PROMOTING_COMPLEX_DEPENDENT_CATABOLIC_PROCESS]
[GO_PEPTIDASE_COMPLEX,GO_PEPTIDASE_COMPLEX] was killed by [GO_ANAPHASE_PROMOTING_COMPLEX_DEPENDENT_CATABOLIC_PROCESS,GO_ANAPHASE_PROMOTING_COMPLEX_DEPENDENT_CATABOLIC_PROCESS]
[GO_INTERLEUKIN_1_MEDIATED_SIGNALING_PATHWAY,GO_INTERLEUKIN_1_MEDIATED_SIGNALING_PATHWAY] was killed by [GO_ANAPHASE_PROMOTING_COMPLEX_DEPENDENT_CATABOLIC_PROCESS,GO_ANAPHASE_PROMOTING_COMPLEX_DEPENDENT_CATABOLIC_PROCESS]
[GO_NEGATIVE_REGULATION_OF_CANONICAL_WNT_SIGNALING_PATHWAY,GO_NEGATIVE_REGULATION_OF_CANONICAL_WNT_SIGNALING_PATHWAY] was killed by [GO_ANAPHASE_PROMOTING_COMPLEX_DEPENDENT_CATABOLIC_PROCESS,GO_ANAPHASE_PROMOTING_COMPLEX_DEPENDENT_CATABOLIC_PROCESS]
[GO_REGULATION_OF_DNA_TEMPLATED_TRANSCRIPTION_IN_RESPONSE_TO_STRESS,GO_REGULATION_OF_DNA_TEMPLATED_TRANSCRIPTION_IN_RESPONSE_TO_STRESS] was killed by [GO_ANAPHASE_PROMOTING_COMPLEX_DEPENDENT_CATABOLIC_PROCESS,GO_ANAPHASE_PROMOTING_COMPLEX_DEPENDENT_CATABOLIC_PROCESS]
[GO_HEMATOPOIETIC_PROGENITOR_CELL_DIFFERENTIATION,GO_HEMATOPOIETIC_PROGENITOR_CELL_DIFFERENTIATION] was killed by [GO_ANAPHASE_PROMOTING_COMPLEX_DEPENDENT_CATABOLIC_PROCESS,GO_ANAPHASE_PROMOTING_COMPLEX_DEPENDENT_CATABOLIC_PROCESS]
[GO_REGULATION_OF_HEMATOPOIETIC_PROGENITOR_CELL_DIFFERENTIATION,GO_REGULATION_OF_HEMATOPOIETIC_PROGENITOR_CELL_DIFFERENTIATION] was killed by [GO_ANAPHASE_PROMOTING_COMPLEX_DEPENDENT_CATABOLIC_PROCESS,GO_ANAPHASE_PROMOTING_COMPLEX_DEPENDENT_CATABOLIC_PROCESS]
[GO_POSITIVE_REGULATION_OF_CANONICAL_WNT_SIGNALING_PATHWAY,GO_POSITIVE_REGULATION_OF_CANONICAL_WNT_SIGNALING_PATHWAY] was killed by [GO_ANAPHASE_PROMOTING_COMPLEX_DEPENDENT_CATABOLIC_PROCESS,GO_ANAPHASE_PROMOTING_COMPLEX_DEPENDENT_CATABOLIC_PROCESS]
[GO_NEGATIVE_REGULATION_OF_CELL_CYCLE_G2_M_PHASE_TRANSITION,GO_NEGATIVE_REGULATION_OF_CELL_CYCLE_G2_M_PHASE_TRANSITION] was killed by [GO_ANAPHASE_PROMOTING_COMPLEX_DEPENDENT_CATABOLIC_PROCESS,GO_ANAPHASE_PROMOTING_COMPLEX_DEPENDENT_CATABOLIC_PROCESS]
[GO_REGULATION_OF_TRANSCRIPTION_FROM_RNA_POLYMERASE_II_PROMOTER_IN_RESPONSE_TO_HYPOXIA,GO_REGULATION_OF_TRANSCRIPTION_FROM_RNA_POLYMERASE_II_PROMOTER_IN_RESPONSE_TO_HYPOXIA] was killed by [GO_ANAPHASE_PROMOTING_COMPLEX_DEPENDENT_CATABOLIC_PROCESS,GO_ANAPHASE_PROMOTING_COMPLEX_DEPENDENT_CATABOLIC_PROCESS]
[GO_REGULATION_OF_CELLULAR_AMINO_ACID_METABOLIC_PROCESS,GO_REGULATION_OF_CELLULAR_AMINO_ACID_METABOLIC_PROCESS] was killed by [GO_ANAPHASE_PROMOTING_COMPLEX_DEPENDENT_CATABOLIC_PROCESS,GO_ANAPHASE_PROMOTING_COMPLEX_DEPENDENT_CATABOLIC_PROCESS]
[GO_PROTEIN_TARGETING_TO_MEMBRANE,GO_PROTEIN_TARGETING_TO_MEMBRANE] was killed by [GO_COTRANSLATIONAL_PROTEIN_TARGETING_TO_MEMBRANE,GO_COTRANSLATIONAL_PROTEIN_TARGETING_TO_MEMBRANE]
[GO_REGULATION_OF_STEM_CELL_DIFFERENTIATION,GO_REGULATION_OF_STEM_CELL_DIFFERENTIATION] was killed by [GO_ANAPHASE_PROMOTING_COMPLEX_DEPENDENT_CATABOLIC_PROCESS,GO_ANAPHASE_PROMOTING_COMPLEX_DEPENDENT_CATABOLIC_PROCESS]
[GO_REGULATION_OF_CELLULAR_KETONE_METABOLIC_PROCESS,GO_REGULATION_OF_CELLULAR_KETONE_METABOLIC_PROCESS] was killed by [GO_ANAPHASE_PROMOTING_COMPLEX_DEPENDENT_CATABOLIC_PROCESS,GO_ANAPHASE_PROMOTING_COMPLEX_DEPENDENT_CATABOLIC_PROCESS]
[GO_REGULATION_OF_CELLULAR_AMINE_METABOLIC_PROCESS,GO_REGULATION_OF_CELLULAR_AMINE_METABOLIC_PROCESS] was killed by [GO_ANAPHASE_PROMOTING_COMPLEX_DEPENDENT_CATABOLIC_PROCESS,GO_ANAPHASE_PROMOTING_COMPLEX_DEPENDENT_CATABOLIC_PROCESS]
[GO_CYTOSOLIC_RIBOSOME,GO_CYTOSOLIC_RIBOSOME] was killed by [GO_COTRANSLATIONAL_PROTEIN_TARGETING_TO_MEMBRANE,GO_COTRANSLATIONAL_PROTEIN_TARGETING_TO_MEMBRANE]
[GO_NIK_NF_KAPPAB_SIGNALING,GO_NIK_NF_KAPPAB_SIGNALING] was killed by [GO_ANAPHASE_PROMOTING_COMPLEX_DEPENDENT_CATABOLIC_PROCESS,GO_ANAPHASE_PROMOTING_COMPLEX_DEPENDENT_CATABOLIC_PROCESS]
[GO_STRUCTURAL_CONSTITUENT_OF_RIBOSOME,GO_STRUCTURAL_CONSTITUENT_OF_RIBOSOME] was killed by [GO_COTRANSLATIONAL_PROTEIN_TARGETING_TO_MEMBRANE,GO_COTRANSLATIONAL_PROTEIN_TARGETING_TO_MEMBRANE]
[GO_REGULATION_OF_ESTABLISHMENT_OF_PLANAR_POLARITY,GO_REGULATION_OF_ESTABLISHMENT_OF_PLANAR_POLARITY] was killed by [GO_ANAPHASE_PROMOTING_COMPLEX_DEPENDENT_CATABOLIC_PROCESS,GO_ANAPHASE_PROMOTING_COMPLEX_DEPENDENT_CATABOLIC_PROCESS]
[GO_MORPHOGENESIS_OF_A_POLARIZED_EPITHELIUM,GO_MORPHOGENESIS_OF_A_POLARIZED_EPITHELIUM] was killed by [GO_ANAPHASE_PROMOTING_COMPLEX_DEPENDENT_CATABOLIC_PROCESS,GO_ANAPHASE_PROMOTING_COMPLEX_DEPENDENT_CATABOLIC_PROCESS]
[GO_REGULATION_OF_MORPHOGENESIS_OF_AN_EPITHELIUM,GO_REGULATION_OF_MORPHOGENESIS_OF_AN_EPITHELIUM] was killed by [GO_ANAPHASE_PROMOTING_COMPLEX_DEPENDENT_CATABOLIC_PROCESS,GO_ANAPHASE_PROMOTING_COMPLEX_DEPENDENT_CATABOLIC_PROCESS]
[GO_ESTABLISHMENT_OF_PROTEIN_LOCALIZATION_TO_ENDOPLASMIC_RETICULUM,GO_ESTABLISHMENT_OF_PROTEIN_LOCALIZATION_TO_ENDOPLASMIC_RETICULUM] was killed by [GO_COTRANSLATIONAL_PROTEIN_TARGETING_TO_MEMBRANE,GO_COTRANSLATIONAL_PROTEIN_TARGETING_TO_MEMBRANE]
[GO_POSITIVE_REGULATION_OF_WNT_SIGNALING_PATHWAY,GO_POSITIVE_REGULATION_OF_WNT_SIGNALING_PATHWAY] was killed by [GO_ANAPHASE_PROMOTING_COMPLEX_DEPENDENT_CATABOLIC_PROCESS,GO_ANAPHASE_PROMOTING_COMPLEX_DEPENDENT_CATABOLIC_PROCESS]
[GO_ANTIGEN_PROCESSING_AND_PRESENTATION_OF_PEPTIDE_ANTIGEN,GO_ANTIGEN_PROCESSING_AND_PRESENTATION_OF_PEPTIDE_ANTIGEN] was killed by [GO_ANAPHASE_PROMOTING_COMPLEX_DEPENDENT_CATABOLIC_PROCESS,GO_ANAPHASE_PROMOTING_COMPLEX_DEPENDENT_CATABOLIC_PROCESS]
[GO_RIBOSOMAL_SUBUNIT,GO_RIBOSOMAL_SUBUNIT] was killed by [GO_COTRANSLATIONAL_PROTEIN_TARGETING_TO_MEMBRANE,GO_COTRANSLATIONAL_PROTEIN_TARGETING_TO_MEMBRANE]
[GO_NON_CANONICAL_WNT_SIGNALING_PATHWAY,GO_NON_CANONICAL_WNT_SIGNALING_PATHWAY] was killed by [GO_ANAPHASE_PROMOTING_COMPLEX_DEPENDENT_CATABOLIC_PROCESS,GO_ANAPHASE_PROMOTING_COMPLEX_DEPENDENT_CATABOLIC_PROCESS]
[GO_AMINE_METABOLIC_PROCESS,GO_AMINE_METABOLIC_PROCESS] was killed by [GO_ANAPHASE_PROMOTING_COMPLEX_DEPENDENT_CATABOLIC_PROCESS,GO_ANAPHASE_PROMOTING_COMPLEX_DEPENDENT_CATABOLIC_PROCESS]
[GO_PROTEIN_LOCALIZATION_TO_ENDOPLASMIC_RETICULUM,GO_PROTEIN_LOCALIZATION_TO_ENDOPLASMIC_RETICULUM] was killed by [GO_COTRANSLATIONAL_PROTEIN_TARGETING_TO_MEMBRANE,GO_COTRANSLATIONAL_PROTEIN_TARGETING_TO_MEMBRANE]
[GO_CYTOSOLIC_LARGE_RIBOSOMAL_SUBUNIT,GO_CYTOSOLIC_LARGE_RIBOSOMAL_SUBUNIT] was killed by [GO_COTRANSLATIONAL_PROTEIN_TARGETING_TO_MEMBRANE,GO_COTRANSLATIONAL_PROTEIN_TARGETING_TO_MEMBRANE]
[GO_PROTEASOME_CORE_COMPLEX,GO_PROTEASOME_CORE_COMPLEX] was killed by [GO_ANAPHASE_PROMOTING_COMPLEX_DEPENDENT_CATABOLIC_PROCESS,GO_ANAPHASE_PROMOTING_COMPLEX_DEPENDENT_CATABOLIC_PROCESS]
[GO_PROTEASOMAL_UBIQUITIN_INDEPENDENT_PROTEIN_CATABOLIC_PROCESS,GO_PROTEASOMAL_UBIQUITIN_INDEPENDENT_PROTEIN_CATABOLIC_PROCESS] was killed by [GO_ANAPHASE_PROMOTING_COMPLEX_DEPENDENT_CATABOLIC_PROCESS,GO_ANAPHASE_PROMOTING_COMPLEX_DEPENDENT_CATABOLIC_PROCESS]
[GO_THREONINE_TYPE_PEPTIDASE_ACTIVITY,GO_THREONINE_TYPE_PEPTIDASE_ACTIVITY] was killed by [GO_ANAPHASE_PROMOTING_COMPLEX_DEPENDENT_CATABOLIC_PROCESS,GO_ANAPHASE_PROMOTING_COMPLEX_DEPENDENT_CATABOLIC_PROCESS]
[GO_REGULATION_OF_MRNA_CATABOLIC_PROCESS,GO_REGULATION_OF_MRNA_CATABOLIC_PROCESS] was killed by [GO_ANAPHASE_PROMOTING_COMPLEX_DEPENDENT_CATABOLIC_PROCESS,GO_ANAPHASE_PROMOTING_COMPLEX_DEPENDENT_CATABOLIC_PROCESS]
[GO_VIRAL_GENE_EXPRESSION,GO_VIRAL_GENE_EXPRESSION] was killed by [GO_COTRANSLATIONAL_PROTEIN_TARGETING_TO_MEMBRANE,GO_COTRANSLATIONAL_PROTEIN_TARGETING_TO_MEMBRANE]
[GO_RNA_EXPORT_FROM_NUCLEUS,GO_RNA_EXPORT_FROM_NUCLEUS] was killed by [GO_NUCLEAR_PERIPHERY,GO_NUCLEAR_PERIPHERY]
[GO_RRNA_BINDING,GO_RRNA_BINDING] was killed by [GO_COTRANSLATIONAL_PROTEIN_TARGETING_TO_MEMBRANE,GO_COTRANSLATIONAL_PROTEIN_TARGETING_TO_MEMBRANE]
[GO_PROTEASOME_ACCESSORY_COMPLEX,GO_PROTEASOME_ACCESSORY_COMPLEX] was killed by [GO_ANAPHASE_PROMOTING_COMPLEX_DEPENDENT_CATABOLIC_PROCESS,GO_ANAPHASE_PROMOTING_COMPLEX_DEPENDENT_CATABOLIC_PROCESS]
[GO_FICOLIN_1_RICH_GRANULE,GO_FICOLIN_1_RICH_GRANULE] was killed by [GO_ANAPHASE_PROMOTING_COMPLEX_DEPENDENT_CATABOLIC_PROCESS,GO_ANAPHASE_PROMOTING_COMPLEX_DEPENDENT_CATABOLIC_PROCESS]
[GO_LARGE_RIBOSOMAL_SUBUNIT,GO_LARGE_RIBOSOMAL_SUBUNIT] was killed by [GO_COTRANSLATIONAL_PROTEIN_TARGETING_TO_MEMBRANE,GO_COTRANSLATIONAL_PROTEIN_TARGETING_TO_MEMBRANE]
[GO_NUCLEAR_MATRIX,GO_NUCLEAR_MATRIX] was killed by [GO_NUCLEAR_PERIPHERY,GO_NUCLEAR_PERIPHERY]
[GO_NUCLEAR_TRANSCRIBED_MRNA_CATABOLIC_PROCESS_NONSENSE_MEDIATED_DECAY,GO_NUCLEAR_TRANSCRIBED_MRNA_CATABOLIC_PROCESS_NONSENSE_MEDIATED_DECAY] was killed by [GO_COTRANSLATIONAL_PROTEIN_TARGETING_TO_MEMBRANE,GO_COTRANSLATIONAL_PROTEIN_TARGETING_TO_MEMBRANE]
[GO_SMALL_RIBOSOMAL_SUBUNIT,GO_SMALL_RIBOSOMAL_SUBUNIT] was killed by [GO_COTRANSLATIONAL_PROTEIN_TARGETING_TO_MEMBRANE,GO_COTRANSLATIONAL_PROTEIN_TARGETING_TO_MEMBRANE]
[GO_CYTOSKELETON_DEPENDENT_INTRACELLULAR_TRANSPORT,GO_CYTOSKELETON_DEPENDENT_INTRACELLULAR_TRANSPORT] was killed by [GO_ORGANELLE_TRANSPORT_ALONG_MICROTUBULE,GO_ORGANELLE_TRANSPORT_ALONG_MICROTUBULE]
[GO_CYTOSKELETON_DEPENDENT_CYTOKINESIS,GO_CYTOSKELETON_DEPENDENT_CYTOKINESIS] was killed by [GO_CYTOKINESIS,GO_CYTOKINESIS]
[GO_REGULATION_OF_CELL_DIVISION,GO_REGULATION_OF_CELL_DIVISION] was killed by [GO_CYTOKINESIS,GO_CYTOKINESIS]
[GO_REGULATION_OF_CYTOKINESIS,GO_REGULATION_OF_CYTOKINESIS] was killed by [GO_CYTOKINESIS,GO_CYTOKINESIS]
[GO_PROTEASOME_CORE_COMPLEX_ALPHA_SUBUNIT_COMPLEX,GO_PROTEASOME_CORE_COMPLEX_ALPHA_SUBUNIT_COMPLEX] was killed by [GO_ANAPHASE_PROMOTING_COMPLEX_DEPENDENT_CATABOLIC_PROCESS,GO_ANAPHASE_PROMOTING_COMPLEX_DEPENDENT_CATABOLIC_PROCESS]
[GO_TRANSLATIONAL_INITIATION,GO_TRANSLATIONAL_INITIATION] was killed by [GO_COTRANSLATIONAL_PROTEIN_TARGETING_TO_MEMBRANE,GO_COTRANSLATIONAL_PROTEIN_TARGETING_TO_MEMBRANE]
[GO_MICROTUBULE_BASED_TRANSPORT,GO_MICROTUBULE_BASED_TRANSPORT] was killed by [GO_ORGANELLE_TRANSPORT_ALONG_MICROTUBULE,GO_ORGANELLE_TRANSPORT_ALONG_MICROTUBULE]
[GO_SPINDLE_POLE,GO_SPINDLE_POLE] was killed by [GO_ANAPHASE_PROMOTING_COMPLEX_DEPENDENT_CATABOLIC_PROCESS,GO_ANAPHASE_PROMOTING_COMPLEX_DEPENDENT_CATABOLIC_PROCESS]
[GO_MIDBODY,GO_MIDBODY] was killed by [GO_CYTOKINESIS,GO_CYTOKINESIS]
[GO_POSITIVE_REGULATION_OF_DNA_BINDING,GO_POSITIVE_REGULATION_OF_DNA_BINDING] was killed by [GO_REGULATION_OF_DNA_BINDING,GO_REGULATION_OF_DNA_BINDING]
[GO_CHAPERONE_COMPLEX,GO_CHAPERONE_COMPLEX] was killed by [GO_CELLULAR_RESPONSE_TO_XENOBIOTIC_STIMULUS,GO_CELLULAR_RESPONSE_TO_XENOBIOTIC_STIMULUS]
[GO_NEGATIVE_REGULATION_OF_PROTEIN_SERINE_THREONINE_KINASE_ACTIVITY,GO_NEGATIVE_REGULATION_OF_PROTEIN_SERINE_THREONINE_KINASE_ACTIVITY] was killed by [GO_CYTOKINESIS,GO_CYTOKINESIS]
[GO_MRNA_EXPORT_FROM_NUCLEUS,GO_MRNA_EXPORT_FROM_NUCLEUS] was killed by [GO_NUCLEAR_PERIPHERY,GO_NUCLEAR_PERIPHERY]
[GO_INTRINSIC_APOPTOTIC_SIGNALING_PATHWAY_BY_P53_CLASS_MEDIATOR,GO_INTRINSIC_APOPTOTIC_SIGNALING_PATHWAY_BY_P53_CLASS_MEDIATOR] was killed by [GO_COTRANSLATIONAL_PROTEIN_TARGETING_TO_MEMBRANE,GO_COTRANSLATIONAL_PROTEIN_TARGETING_TO_MEMBRANE]
[GO_CYTOSOLIC_SMALL_RIBOSOMAL_SUBUNIT,GO_CYTOSOLIC_SMALL_RIBOSOMAL_SUBUNIT] was killed by [GO_COTRANSLATIONAL_PROTEIN_TARGETING_TO_MEMBRANE,GO_COTRANSLATIONAL_PROTEIN_TARGETING_TO_MEMBRANE]
[GO_UNFOLDED_PROTEIN_BINDING,GO_UNFOLDED_PROTEIN_BINDING] was killed by [GO_COTRANSLATIONAL_PROTEIN_TARGETING_TO_MEMBRANE,GO_COTRANSLATIONAL_PROTEIN_TARGETING_TO_MEMBRANE]
[GO_NEGATIVE_REGULATION_OF_MAPK_CASCADE,GO_NEGATIVE_REGULATION_OF_MAPK_CASCADE] was killed by [GO_CYTOKINESIS,GO_CYTOKINESIS]
[GO_MITOTIC_SPINDLE,GO_MITOTIC_SPINDLE] was killed by [GO_NUCLEAR_PERIPHERY,GO_NUCLEAR_PERIPHERY]
[GO_TELOMERE_MAINTENANCE_VIA_TELOMERE_LENGTHENING,GO_TELOMERE_MAINTENANCE_VIA_TELOMERE_LENGTHENING] was killed by [GO_CELLULAR_RESPONSE_TO_XENOBIOTIC_STIMULUS,GO_CELLULAR_RESPONSE_TO_XENOBIOTIC_STIMULUS]
[GO_MITOCHONDRIAL_TRANSLATIONAL_TERMINATION,GO_MITOCHONDRIAL_TRANSLATIONAL_TERMINATION] was killed by [GO_COTRANSLATIONAL_PROTEIN_TARGETING_TO_MEMBRANE,GO_COTRANSLATIONAL_PROTEIN_TARGETING_TO_MEMBRANE]
[GO_SINGLE_STRANDED_DNA_BINDING,GO_SINGLE_STRANDED_DNA_BINDING] was killed by [GO_REGULATION_OF_DNA_BINDING,GO_REGULATION_OF_DNA_BINDING]
