[AACATTC_MIR4093P,AACATTC_MIR4093P] was killed by [ACCATTT_MIR522,ACCATTT_MIR522]
[MIR421,MIR421] was killed by [MIR802,MIR802]
[HJURP_TARGET_GENES,HJURP_TARGET_GENES] was killed by [SNRNP70_TARGET_GENES,SNRNP70_TARGET_GENES]
[MIR1909_3P,MIR1909_3P] was killed by [MIR6510_5P,MIR6510_5P]
[MIR876_5P,MIR876_5P] was killed by [MIR802,MIR802]
[GCAAAAA_MIR129,GCAAAAA_MIR129] was killed by [MIR6510_5P,MIR6510_5P]
[MIR4709_5P,MIR4709_5P] was killed by [MIR802,MIR802]
[MIR139_5P,MIR139_5P] was killed by [ACCATTT_MIR522,ACCATTT_MIR522]
[MIR3167,MIR3167] was killed by [MIR4695_3P,MIR4695_3P]
[TMTCGCGANR_UNKNOWN,TMTCGCGANR_UNKNOWN] was killed by [PER1_TARGET_GENES,PER1_TARGET_GENES]
[MIR361_5P,MIR361_5P] was killed by [ACCATTT_MIR522,ACCATTT_MIR522]
[MIR2278,MIR2278] was killed by [MIR4695_3P,MIR4695_3P]
[MCM2_TARGET_GENES,MCM2_TARGET_GENES] was killed by [ACTWSNACTNY_UNKNOWN,ACTWSNACTNY_UNKNOWN]
[MIR4642,MIR4642] was killed by [ACTWSNACTNY_UNKNOWN,ACTWSNACTNY_UNKNOWN]
[MIR518C_5P,MIR518C_5P] was killed by [ACTWSNACTNY_UNKNOWN,ACTWSNACTNY_UNKNOWN]
[YBX1_TARGET_GENES,YBX1_TARGET_GENES] was killed by [SNRNP70_TARGET_GENES,SNRNP70_TARGET_GENES]
[MIR10393_5P,MIR10393_5P] was killed by [MIR8069,MIR8069]
[MIR2276_3P,MIR2276_3P] was killed by [MIR4695_3P,MIR4695_3P]
[MIR1276,MIR1276] was killed by [MIR6510_5P,MIR6510_5P]
[MIR892A,MIR892A] was killed by [ACTWSNACTNY_UNKNOWN,ACTWSNACTNY_UNKNOWN]
[MIR3908,MIR3908] was killed by [MIR802,MIR802]
[MIR4284,MIR4284] was killed by [ACTWSNACTNY_UNKNOWN,ACTWSNACTNY_UNKNOWN]
[MIR7158_5P,MIR7158_5P] was killed by [ACCATTT_MIR522,ACCATTT_MIR522]
[AGCATTA_MIR155,AGCATTA_MIR155] was killed by [MIR802,MIR802]
[MIR3154,MIR3154] was killed by [MIR6510_5P,MIR6510_5P]
[TCCCCAC_MIR491,TCCCCAC_MIR491] was killed by [MIR6510_5P,MIR6510_5P]
[MIR6505_5P,MIR6505_5P] was killed by [MIR3935,MIR3935]
[RYTGCNWTGGNR_UNKNOWN,RYTGCNWTGGNR_UNKNOWN] was killed by [ACCATTT_MIR522,ACCATTT_MIR522]
[MIR4264,MIR4264] was killed by [MIR4695_3P,MIR4695_3P]
