[GSE41978_KLRG1_HIGH_VS_LOW_EFFECTOR_CD8_TCELL_DN,GSE41978_KLRG1_HIGH_VS_LOW_EFFECTOR_CD8_TCELL_DN] was killed by [GSE22886_NAIVE_BCELL_VS_DC_UP,GSE22886_NAIVE_BCELL_VS_DC_UP]
[GSE10239_NAIVE_VS_DAY4.5_EFF_CD8_TCELL_UP,GSE10239_NAIVE_VS_DAY4.5_EFF_CD8_TCELL_UP] was killed by [GSE22886_NAIVE_BCELL_VS_DC_UP,GSE22886_NAIVE_BCELL_VS_DC_UP]
[GSE26156_DOUBLE_POSITIVE_VS_CD4_SINGLE_POSITIVE_THYMOCYTE_UP,GSE26156_DOUBLE_POSITIVE_VS_CD4_SINGLE_POSITIVE_THYMOCYTE_UP] was killed by [GSE22886_NAIVE_BCELL_VS_DC_UP,GSE22886_NAIVE_BCELL_VS_DC_UP]
[GSE41978_ID2_KO_VS_ID2_KO_AND_BIM_KO_KLRG1_LOW_EFFECTOR_CD8_TCELL_DN,GSE41978_ID2_KO_VS_ID2_KO_AND_BIM_KO_KLRG1_LOW_EFFECTOR_CD8_TCELL_DN] was killed by [GSE22886_NAIVE_BCELL_VS_DC_UP,GSE22886_NAIVE_BCELL_VS_DC_UP]
[GSE22886_NAIVE_BCELL_VS_NEUTROPHIL_UP,GSE22886_NAIVE_BCELL_VS_NEUTROPHIL_UP] was killed by [GSE22886_NAIVE_BCELL_VS_DC_UP,GSE22886_NAIVE_BCELL_VS_DC_UP]
[GSE42088_UNINF_VS_LEISHMANIA_INF_DC_4H_DN,GSE42088_UNINF_VS_LEISHMANIA_INF_DC_4H_DN] was killed by [GSE22886_NAIVE_BCELL_VS_DC_UP,GSE22886_NAIVE_BCELL_VS_DC_UP]
[GSE42088_UNINF_VS_LEISHMANIA_INF_DC_2H_DN,GSE42088_UNINF_VS_LEISHMANIA_INF_DC_2H_DN] was killed by [GSE22886_NAIVE_BCELL_VS_DC_UP,GSE22886_NAIVE_BCELL_VS_DC_UP]
[GSE34205_HEALTHY_VS_FLU_INF_INFANT_PBMC_UP,GSE34205_HEALTHY_VS_FLU_INF_INFANT_PBMC_UP] was killed by [GSE22886_NAIVE_BCELL_VS_DC_UP,GSE22886_NAIVE_BCELL_VS_DC_UP]
[GSE12366_PLASMA_CELL_VS_MEMORY_BCELL_DN,GSE12366_PLASMA_CELL_VS_MEMORY_BCELL_DN] was killed by [GSE22886_NAIVE_BCELL_VS_DC_UP,GSE22886_NAIVE_BCELL_VS_DC_UP]
[GSE19941_LPS_VS_LPS_AND_IL10_STIM_IL10_KO_NFKBP50_KO_MACROPHAGE_DN,GSE19941_LPS_VS_LPS_AND_IL10_STIM_IL10_KO_NFKBP50_KO_MACROPHAGE_DN] was killed by [GSE22886_NAIVE_BCELL_VS_DC_UP,GSE22886_NAIVE_BCELL_VS_DC_UP]
[GSE22886_IGM_MEMORY_BCELL_VS_BLOOD_PLASMA_CELL_UP,GSE22886_IGM_MEMORY_BCELL_VS_BLOOD_PLASMA_CELL_UP] was killed by [GSE22886_NAIVE_BCELL_VS_DC_UP,GSE22886_NAIVE_BCELL_VS_DC_UP]
[GSE32533_MIR17_KO_VS_MIR17_OVEREXPRESS_ACT_CD4_TCELL_UP,GSE32533_MIR17_KO_VS_MIR17_OVEREXPRESS_ACT_CD4_TCELL_UP] was killed by [GSE2770_UNTREATED_VS_IL12_TREATED_ACT_CD4_TCELL_2H_DN,GSE2770_UNTREATED_VS_IL12_TREATED_ACT_CD4_TCELL_2H_DN]
[GSE43863_TFH_VS_LY6C_INT_CXCR5POS_EFFECTOR_CD4_TCELL_DN,GSE43863_TFH_VS_LY6C_INT_CXCR5POS_EFFECTOR_CD4_TCELL_DN] was killed by [GSE22935_WT_VS_MYD88_KO_MACROPHAGE_12H_MBOVIS_BCG_STIM_UP,GSE22935_WT_VS_MYD88_KO_MACROPHAGE_12H_MBOVIS_BCG_STIM_UP]
[GSE33162_HDAC3_KO_VS_HDAC3_KO_MACROPHAGE_DN,GSE33162_HDAC3_KO_VS_HDAC3_KO_MACROPHAGE_DN] was killed by [GSE22935_WT_VS_MYD88_KO_MACROPHAGE_12H_MBOVIS_BCG_STIM_UP,GSE22935_WT_VS_MYD88_KO_MACROPHAGE_12H_MBOVIS_BCG_STIM_UP]
[GSE14415_INDUCED_TREG_VS_TCONV_UP,GSE14415_INDUCED_TREG_VS_TCONV_UP] was killed by [GSE13547_2H_VS_12_H_ANTI_IGM_STIM_BCELL_DN,GSE13547_2H_VS_12_H_ANTI_IGM_STIM_BCELL_DN]
[GSE23114_WT_VS_SLE2C1_MOUSE_SPLEEN_B1A_BCELL_UP,GSE23114_WT_VS_SLE2C1_MOUSE_SPLEEN_B1A_BCELL_UP] was killed by [GSE4811_CLASSSICALY_ACTIVATED_VS_TYPE_2_ACTIVATED_MACROPHAGE_UP,GSE4811_CLASSSICALY_ACTIVATED_VS_TYPE_2_ACTIVATED_MACROPHAGE_UP]
[GSE14000_TRANSLATED_RNA_VS_MRNA_DC_DN,GSE14000_TRANSLATED_RNA_VS_MRNA_DC_DN] was killed by [GSE22886_NAIVE_BCELL_VS_DC_UP,GSE22886_NAIVE_BCELL_VS_DC_UP]
[GSE37605_TREG_VS_TCONV_NOD_FOXP3_FUSION_GFP_DN,GSE37605_TREG_VS_TCONV_NOD_FOXP3_FUSION_GFP_DN] was killed by [GSE15330_GRANULOCYTE_MONOCYTE_PROGENITOR_VS_PRO_BCELL_UP,GSE15330_GRANULOCYTE_MONOCYTE_PROGENITOR_VS_PRO_BCELL_UP]
[GSE17721_CPG_VS_GARDIQUIMOD_12H_BMDC_UP,GSE17721_CPG_VS_GARDIQUIMOD_12H_BMDC_UP] was killed by [GSE22611_UNSTIM_VS_2H_MDP_STIM_NOD2_TRANSDUCED_HEK293T_CELL_UP,GSE22611_UNSTIM_VS_2H_MDP_STIM_NOD2_TRANSDUCED_HEK293T_CELL_UP]
[KAECH_NAIVE_VS_DAY15_EFF_CD8_TCELL_UP,KAECH_NAIVE_VS_DAY15_EFF_CD8_TCELL_UP] was killed by [GSE2770_IL12_AND_TGFB_ACT_VS_ACT_CD4_TCELL_48H_DN,GSE2770_IL12_AND_TGFB_ACT_VS_ACT_CD4_TCELL_48H_DN]
[GSE28726_NAIVE_CD4_TCELL_VS_NAIVE_NKTCELL_UP,GSE28726_NAIVE_CD4_TCELL_VS_NAIVE_NKTCELL_UP] was killed by [GSE7219_UNSTIM_VS_LPS_AND_ANTI_CD40_STIM_DC_UP,GSE7219_UNSTIM_VS_LPS_AND_ANTI_CD40_STIM_DC_UP]
[GSE2405_0H_VS_24H_A_PHAGOCYTOPHILUM_STIM_NEUTROPHIL_UP,GSE2405_0H_VS_24H_A_PHAGOCYTOPHILUM_STIM_NEUTROPHIL_UP] was killed by [GSE22886_NAIVE_BCELL_VS_DC_UP,GSE22886_NAIVE_BCELL_VS_DC_UP]
[GSE3920_UNTREATED_VS_IFNG_TREATED_FIBROBLAST_UP,GSE3920_UNTREATED_VS_IFNG_TREATED_FIBROBLAST_UP] was killed by [GSE27786_LSK_VS_LIN_NEG_CELL_DN,GSE27786_LSK_VS_LIN_NEG_CELL_DN]
[GSE24574_BCL6_HIGH_VS_LOW_TFH_CD4_TCELL_UP,GSE24574_BCL6_HIGH_VS_LOW_TFH_CD4_TCELL_UP] was killed by [GSE22886_NAIVE_BCELL_VS_DC_UP,GSE22886_NAIVE_BCELL_VS_DC_UP]
[GSE13485_CTRL_VS_DAY21_YF17D_VACCINE_PBMC_UP,GSE13485_CTRL_VS_DAY21_YF17D_VACCINE_PBMC_UP] was killed by [GSE22935_WT_VS_MYD88_KO_MACROPHAGE_12H_MBOVIS_BCG_STIM_UP,GSE22935_WT_VS_MYD88_KO_MACROPHAGE_12H_MBOVIS_BCG_STIM_UP]
[GSE19888_ADENOSINE_A3R_INH_PRETREAT_AND_ACT_BY_A3R_VS_A3R_INH_AND_TCELL_MEMBRANES_ACT_MAST_CELL_UP,GSE19888_ADENOSINE_A3R_INH_PRETREAT_AND_ACT_BY_A3R_VS_A3R_INH_AND_TCELL_MEMBRANES_ACT_MAST_CELL_UP] was killed by [GSE19888_CTRL_VS_A3R_INHIBITOR_TREATED_MAST_CELL_DN,GSE19888_CTRL_VS_A3R_INHIBITOR_TREATED_MAST_CELL_DN]
[GSE9509_LPS_VS_LPS_AND_IL10_STIM_IL10_KO_MACROPHAGE_10MIN_UP,GSE9509_LPS_VS_LPS_AND_IL10_STIM_IL10_KO_MACROPHAGE_10MIN_UP] was killed by [GSE43955_TH0_VS_TGFB_IL6_IL23_TH17_ACT_CD4_TCELL_52H_DN,GSE43955_TH0_VS_TGFB_IL6_IL23_TH17_ACT_CD4_TCELL_52H_DN]
[GSE22886_NAIVE_CD4_TCELL_VS_12H_ACT_TH1_DN,GSE22886_NAIVE_CD4_TCELL_VS_12H_ACT_TH1_DN] was killed by [GSE13547_2H_VS_12_H_ANTI_IGM_STIM_BCELL_DN,GSE13547_2H_VS_12_H_ANTI_IGM_STIM_BCELL_DN]
[GSE1925_CTRL_VS_IFNG_PRIMED_MACROPHAGE_UP,GSE1925_CTRL_VS_IFNG_PRIMED_MACROPHAGE_UP] was killed by [GSE13547_2H_VS_12_H_ANTI_IGM_STIM_BCELL_DN,GSE13547_2H_VS_12_H_ANTI_IGM_STIM_BCELL_DN]
[GSE27859_MACROPHAGE_VS_CD11C_INT_F480_INT_DC_DN,GSE27859_MACROPHAGE_VS_CD11C_INT_F480_INT_DC_DN] was killed by [GSE22935_WT_VS_MYD88_KO_MACROPHAGE_12H_MBOVIS_BCG_STIM_UP,GSE22935_WT_VS_MYD88_KO_MACROPHAGE_12H_MBOVIS_BCG_STIM_UP]
[GSE6259_33D1_POS_DC_VS_CD4_TCELL_UP,GSE6259_33D1_POS_DC_VS_CD4_TCELL_UP] was killed by [GSE13547_2H_VS_12_H_ANTI_IGM_STIM_BCELL_DN,GSE13547_2H_VS_12_H_ANTI_IGM_STIM_BCELL_DN]
[GSE9601_UNTREATED_VS_PI3K_INHIBITOR_TREATED_HCMV_INF_MONOCYTE_UP,GSE9601_UNTREATED_VS_PI3K_INHIBITOR_TREATED_HCMV_INF_MONOCYTE_UP] was killed by [GSE15735_CTRL_VS_HDAC_INHIBITOR_TREATED_CD4_TCELL_12H_UP,GSE15735_CTRL_VS_HDAC_INHIBITOR_TREATED_CD4_TCELL_12H_UP]
[GSE29618_PRE_VS_DAY7_FLU_VACCINE_PDC_DN,GSE29618_PRE_VS_DAY7_FLU_VACCINE_PDC_DN] was killed by [GSE22611_UNSTIM_VS_2H_MDP_STIM_NOD2_TRANSDUCED_HEK293T_CELL_UP,GSE22611_UNSTIM_VS_2H_MDP_STIM_NOD2_TRANSDUCED_HEK293T_CELL_UP]
[GSE2770_UNTREATED_VS_ACT_CD4_TCELL_6H_UP,GSE2770_UNTREATED_VS_ACT_CD4_TCELL_6H_UP] was killed by [GSE42021_CD24HI_VS_CD24INT_TREG_THYMUS_UP,GSE42021_CD24HI_VS_CD24INT_TREG_THYMUS_UP]
[GSE25123_ROSIGLITAZONE_VS_IL4_AND_ROSIGLITAZONE_STIM_PPARG_KO_MACROPHAGE_DAY10_UP,GSE25123_ROSIGLITAZONE_VS_IL4_AND_ROSIGLITAZONE_STIM_PPARG_KO_MACROPHAGE_DAY10_UP] was killed by [GSE13547_2H_VS_12_H_ANTI_IGM_STIM_BCELL_DN,GSE13547_2H_VS_12_H_ANTI_IGM_STIM_BCELL_DN]
[GSE9601_UNTREATED_VS_NFKB_INHIBITOR_TREATED_HCMV_INF_MONOCYTE_DN,GSE9601_UNTREATED_VS_NFKB_INHIBITOR_TREATED_HCMV_INF_MONOCYTE_DN] was killed by [GSE19888_CTRL_VS_A3R_INHIBITOR_TREATED_MAST_CELL_DN,GSE19888_CTRL_VS_A3R_INHIBITOR_TREATED_MAST_CELL_DN]
[GSE10239_NAIVE_VS_KLRG1HIGH_EFF_CD8_TCELL_UP,GSE10239_NAIVE_VS_KLRG1HIGH_EFF_CD8_TCELL_UP] was killed by [GSE22886_NAIVE_BCELL_VS_DC_UP,GSE22886_NAIVE_BCELL_VS_DC_UP]
[GSE3982_DC_VS_BCELL_UP,GSE3982_DC_VS_BCELL_UP] was killed by [GSE3982_DC_VS_CENT_MEMORY_CD4_TCELL_UP,GSE3982_DC_VS_CENT_MEMORY_CD4_TCELL_UP]
[GSE11864_CSF1_VS_CSF1_IFNG_IN_MAC_DN,GSE11864_CSF1_VS_CSF1_IFNG_IN_MAC_DN] was killed by [GSE13547_2H_VS_12_H_ANTI_IGM_STIM_BCELL_DN,GSE13547_2H_VS_12_H_ANTI_IGM_STIM_BCELL_DN]
[GSE40225_WT_VS_RIP_B7X_DIABETIC_MOUSE_PANCREATIC_CD8_TCELL_DN,GSE40225_WT_VS_RIP_B7X_DIABETIC_MOUSE_PANCREATIC_CD8_TCELL_DN] was killed by [GSE369_PRE_VS_POST_IL6_INJECTION_IFNG_KO_LIVER_UP,GSE369_PRE_VS_POST_IL6_INJECTION_IFNG_KO_LIVER_UP]
[GSE9650_NAIVE_VS_EFF_CD8_TCELL_DN,GSE9650_NAIVE_VS_EFF_CD8_TCELL_DN] was killed by [GSE13547_2H_VS_12_H_ANTI_IGM_STIM_BCELL_DN,GSE13547_2H_VS_12_H_ANTI_IGM_STIM_BCELL_DN]
[GSE42021_TREG_PLN_VS_CD24INT_TREG_THYMUS_DN,GSE42021_TREG_PLN_VS_CD24INT_TREG_THYMUS_DN] was killed by [GSE46606_IRF4HIGH_VS_WT_CD40L_IL2_IL5_DAY3_STIMULATED_BCELL_DN,GSE46606_IRF4HIGH_VS_WT_CD40L_IL2_IL5_DAY3_STIMULATED_BCELL_DN]
[GSE15930_NAIVE_VS_48H_IN_VITRO_STIM_IFNAB_CD8_TCELL_DN,GSE15930_NAIVE_VS_48H_IN_VITRO_STIM_IFNAB_CD8_TCELL_DN] was killed by [GSE13547_2H_VS_12_H_ANTI_IGM_STIM_BCELL_DN,GSE13547_2H_VS_12_H_ANTI_IGM_STIM_BCELL_DN]
[GSE39110_DAY3_VS_DAY6_POST_IMMUNIZATION_CD8_TCELL_UP,GSE39110_DAY3_VS_DAY6_POST_IMMUNIZATION_CD8_TCELL_UP] was killed by [GSE22886_NAIVE_BCELL_VS_DC_UP,GSE22886_NAIVE_BCELL_VS_DC_UP]
[GSE22886_NAIVE_TCELL_VS_DC_UP,GSE22886_NAIVE_TCELL_VS_DC_UP] was killed by [GSE22886_NAIVE_BCELL_VS_DC_UP,GSE22886_NAIVE_BCELL_VS_DC_UP]
[GSE34205_HEALTHY_VS_RSV_INF_INFANT_PBMC_DN,GSE34205_HEALTHY_VS_RSV_INF_INFANT_PBMC_DN] was killed by [GSE13547_2H_VS_12_H_ANTI_IGM_STIM_BCELL_DN,GSE13547_2H_VS_12_H_ANTI_IGM_STIM_BCELL_DN]
[GSE14415_INDUCED_VS_NATURAL_TREG_DN,GSE14415_INDUCED_VS_NATURAL_TREG_DN] was killed by [GSE13547_2H_VS_12_H_ANTI_IGM_STIM_BCELL_DN,GSE13547_2H_VS_12_H_ANTI_IGM_STIM_BCELL_DN]
[GSE3720_UNSTIM_VS_PMA_STIM_VD2_GAMMADELTA_TCELL_UP,GSE3720_UNSTIM_VS_PMA_STIM_VD2_GAMMADELTA_TCELL_UP] was killed by [GSE22886_NAIVE_BCELL_VS_DC_UP,GSE22886_NAIVE_BCELL_VS_DC_UP]
[GSE10240_CTRL_VS_IL22_STIM_PRIMARY_BRONCHIAL_EPITHELIAL_CELLS_DN,GSE10240_CTRL_VS_IL22_STIM_PRIMARY_BRONCHIAL_EPITHELIAL_CELLS_DN] was killed by [GSE3982_DC_VS_CENT_MEMORY_CD4_TCELL_UP,GSE3982_DC_VS_CENT_MEMORY_CD4_TCELL_UP]
[GSE2405_0H_VS_6H_A_PHAGOCYTOPHILUM_STIM_NEUTROPHIL_UP,GSE2405_0H_VS_6H_A_PHAGOCYTOPHILUM_STIM_NEUTROPHIL_UP] was killed by [GSE37532_VISCERAL_ADIPOSE_TISSUE_VS_LN_DERIVED_PPARG_KO_TREG_CD4_TCELL_UP,GSE37532_VISCERAL_ADIPOSE_TISSUE_VS_LN_DERIVED_PPARG_KO_TREG_CD4_TCELL_UP]
[GSE22025_UNTREATED_VS_PROGESTERONE_TREATED_CD4_TCELL_UP,GSE22025_UNTREATED_VS_PROGESTERONE_TREATED_CD4_TCELL_UP] was killed by [GSE46606_UNSTIM_VS_CD40L_IL2_IL5_3DAY_STIMULATED_IRF4MID_SORTED_BCELL_DN,GSE46606_UNSTIM_VS_CD40L_IL2_IL5_3DAY_STIMULATED_IRF4MID_SORTED_BCELL_DN]
[GSE40068_BCL6_POS_VS_NEG_CXCR5_POS_TFH_DN,GSE40068_BCL6_POS_VS_NEG_CXCR5_POS_TFH_DN] was killed by [GSE19888_CTRL_VS_A3R_INHIBITOR_TREATED_MAST_CELL_DN,GSE19888_CTRL_VS_A3R_INHIBITOR_TREATED_MAST_CELL_DN]
[GSE13411_PLASMA_CELL_VS_MEMORY_BCELL_DN,GSE13411_PLASMA_CELL_VS_MEMORY_BCELL_DN] was killed by [GSE22886_NAIVE_BCELL_VS_DC_UP,GSE22886_NAIVE_BCELL_VS_DC_UP]
[GSE16385_MONOCYTE_VS_12H_ROSIGLITAZONE_IFNG_TNF_TREATED_MACROPHAGE_UP,GSE16385_MONOCYTE_VS_12H_ROSIGLITAZONE_IFNG_TNF_TREATED_MACROPHAGE_UP] was killed by [GSE6259_33D1_POS_DC_VS_BCELL_DN,GSE6259_33D1_POS_DC_VS_BCELL_DN]
[GSE43955_TGFB_IL6_VS_TGFB_IL6_IL23_TH17_ACT_CD4_TCELL_60H_DN,GSE43955_TGFB_IL6_VS_TGFB_IL6_IL23_TH17_ACT_CD4_TCELL_60H_DN] was killed by [GSE42021_CD24HI_VS_CD24INT_TREG_THYMUS_UP,GSE42021_CD24HI_VS_CD24INT_TREG_THYMUS_UP]
[GSE13484_UNSTIM_VS_12H_YF17D_VACCINE_STIM_PBMC_UP,GSE13484_UNSTIM_VS_12H_YF17D_VACCINE_STIM_PBMC_UP] was killed by [GSE22886_NAIVE_BCELL_VS_DC_UP,GSE22886_NAIVE_BCELL_VS_DC_UP]
[GSE40277_EOS_AND_LEF1_TRANSDUCED_VS_GATA1_AND_SATB1_TRANSDUCED_CD4_TCELL_DN,GSE40277_EOS_AND_LEF1_TRANSDUCED_VS_GATA1_AND_SATB1_TRANSDUCED_CD4_TCELL_DN] was killed by [GSE13547_2H_VS_12_H_ANTI_IGM_STIM_BCELL_DN,GSE13547_2H_VS_12_H_ANTI_IGM_STIM_BCELL_DN]
[GSE5099_CLASSICAL_M1_VS_ALTERNATIVE_M2_MACROPHAGE_UP,GSE5099_CLASSICAL_M1_VS_ALTERNATIVE_M2_MACROPHAGE_UP] was killed by [GSE22886_NAIVE_BCELL_VS_DC_UP,GSE22886_NAIVE_BCELL_VS_DC_UP]
[GSE13229_MATURE_VS_INTMATURE_NKCELL_DN,GSE13229_MATURE_VS_INTMATURE_NKCELL_DN] was killed by [GSE2770_IL12_AND_TGFB_ACT_VS_ACT_CD4_TCELL_48H_DN,GSE2770_IL12_AND_TGFB_ACT_VS_ACT_CD4_TCELL_48H_DN]
[GSE41867_DAY6_VS_DAY8_LCMV_ARMSTRONG_EFFECTOR_CD8_TCELL_UP,GSE41867_DAY6_VS_DAY8_LCMV_ARMSTRONG_EFFECTOR_CD8_TCELL_UP] was killed by [GSE22886_NAIVE_BCELL_VS_DC_UP,GSE22886_NAIVE_BCELL_VS_DC_UP]
[GSE16755_CTRL_VS_IFNA_TREATED_MAC_DN,GSE16755_CTRL_VS_IFNA_TREATED_MAC_DN] was killed by [GSE43955_TH0_VS_TGFB_IL6_IL23_TH17_ACT_CD4_TCELL_52H_DN,GSE43955_TH0_VS_TGFB_IL6_IL23_TH17_ACT_CD4_TCELL_52H_DN]
[GSE29949_MICROGLIA_BRAIN_VS_CD8_NEG_DC_SPLEEN_UP,GSE29949_MICROGLIA_BRAIN_VS_CD8_NEG_DC_SPLEEN_UP] was killed by [GSE46606_UNSTIM_VS_CD40L_IL2_IL5_3DAY_STIMULATED_IRF4MID_SORTED_BCELL_DN,GSE46606_UNSTIM_VS_CD40L_IL2_IL5_3DAY_STIMULATED_IRF4MID_SORTED_BCELL_DN]
[GSE3039_NKT_CELL_VS_ALPHAALPHA_CD8_TCELL_DN,GSE3039_NKT_CELL_VS_ALPHAALPHA_CD8_TCELL_DN] was killed by [GSE369_PRE_VS_POST_IL6_INJECTION_IFNG_KO_LIVER_UP,GSE369_PRE_VS_POST_IL6_INJECTION_IFNG_KO_LIVER_UP]
[GSE14769_UNSTIM_VS_60MIN_LPS_BMDM_UP,GSE14769_UNSTIM_VS_60MIN_LPS_BMDM_UP] was killed by [GSE46606_IRF4HIGH_VS_WT_CD40L_IL2_IL5_DAY3_STIMULATED_BCELL_DN,GSE46606_IRF4HIGH_VS_WT_CD40L_IL2_IL5_DAY3_STIMULATED_BCELL_DN]
[GSE3982_EFF_MEMORY_CD4_TCELL_VS_NKCELL_UP,GSE3982_EFF_MEMORY_CD4_TCELL_VS_NKCELL_UP] was killed by [GSE360_CTRL_VS_L_MAJOR_DC_DN,GSE360_CTRL_VS_L_MAJOR_DC_DN]
[GSE36078_UNTREATED_VS_AD5_INF_IL1R_KO_MOUSE_LUNG_DC_DN,GSE36078_UNTREATED_VS_AD5_INF_IL1R_KO_MOUSE_LUNG_DC_DN] was killed by [GSE13547_2H_VS_12_H_ANTI_IGM_STIM_BCELL_DN,GSE13547_2H_VS_12_H_ANTI_IGM_STIM_BCELL_DN]
[GSE13887_HEALTHY_VS_LUPUS_RESTING_CD4_TCELL_UP,GSE13887_HEALTHY_VS_LUPUS_RESTING_CD4_TCELL_UP] was killed by [GSE7219_UNSTIM_VS_LPS_AND_ANTI_CD40_STIM_DC_UP,GSE7219_UNSTIM_VS_LPS_AND_ANTI_CD40_STIM_DC_UP]
[GSE22935_UNSTIM_VS_24H_MBOVIS_BCG_STIM_MYD88_KO_MACROPHAGE_UP,GSE22935_UNSTIM_VS_24H_MBOVIS_BCG_STIM_MYD88_KO_MACROPHAGE_UP] was killed by [GSE3982_DC_VS_CENT_MEMORY_CD4_TCELL_UP,GSE3982_DC_VS_CENT_MEMORY_CD4_TCELL_UP]
[GSE22886_NAIVE_TCELL_VS_NEUTROPHIL_UP,GSE22886_NAIVE_TCELL_VS_NEUTROPHIL_UP] was killed by [GSE22611_UNSTIM_VS_2H_MDP_STIM_NOD2_TRANSDUCED_HEK293T_CELL_UP,GSE22611_UNSTIM_VS_2H_MDP_STIM_NOD2_TRANSDUCED_HEK293T_CELL_UP]
