[DROSHA_K562_POSTAR_eCLIP,DROSHA_K562_POSTAR_eCLIP] was killed by [CSTF2T_K562_POSTAR_eCLIP,CSTF2T_K562_POSTAR_eCLIP]
[ATXN2_HEK293T_POSTAR_Piranha_0.01,ATXN2_HEK293T_POSTAR_Piranha_0.01] was killed by [FXR2_K562_POSTAR_eCLIP,FXR2_K562_POSTAR_eCLIP]
[LARP4_K562_POSTAR_eCLIP,LARP4_K562_POSTAR_eCLIP] was killed by [CSTF2T_K562_POSTAR_eCLIP,CSTF2T_K562_POSTAR_eCLIP]
[FASTKD2_K562_POSTAR_eCLIP,FASTKD2_K562_POSTAR_eCLIP] was killed by [YTHDF2_HEK293T_POSTAR_Piranha_0.01,YTHDF2_HEK293T_POSTAR_Piranha_0.01]
[EIF4A3_HeLa_POSTAR_Piranha_0.01,EIF4A3_HeLa_POSTAR_Piranha_0.01] was killed by [YTHDF2_HEK293T_POSTAR_Piranha_0.01,YTHDF2_HEK293T_POSTAR_Piranha_0.01]
[SLTM_K562_POSTAR_eCLIP,SLTM_K562_POSTAR_eCLIP] was killed by [CSTF2T_K562_POSTAR_eCLIP,CSTF2T_K562_POSTAR_eCLIP]
[RPS3_HepG2_POSTAR_eCLIP,RPS3_HepG2_POSTAR_eCLIP] was killed by [YTHDF2_HEK293T_POSTAR_Piranha_0.01,YTHDF2_HEK293T_POSTAR_Piranha_0.01]
[FMR1_K562_POSTAR_eCLIP,FMR1_K562_POSTAR_eCLIP] was killed by [YTHDF2_HEK293T_POSTAR_Piranha_0.01,YTHDF2_HEK293T_POSTAR_Piranha_0.01]
[CELF2_T_cell_POSTAR_CIMS,CELF2_T_cell_POSTAR_CIMS] was killed by [CSTF2T_K562_POSTAR_eCLIP,CSTF2T_K562_POSTAR_eCLIP]
[XRN2_HepG2_POSTAR_eCLIP,XRN2_HepG2_POSTAR_eCLIP] was killed by [CSTF2T_K562_POSTAR_eCLIP,CSTF2T_K562_POSTAR_eCLIP]
[IGF2BP1_HepG2_POSTAR_eCLIP,IGF2BP1_HepG2_POSTAR_eCLIP] was killed by [YTHDF2_HEK293T_POSTAR_Piranha_0.01,YTHDF2_HEK293T_POSTAR_Piranha_0.01]
[DDX6_K562_POSTAR_eCLIP,DDX6_K562_POSTAR_eCLIP] was killed by [YTHDF2_HEK293T_POSTAR_Piranha_0.01,YTHDF2_HEK293T_POSTAR_Piranha_0.01]
[PTBP1_HEK293T,plus_SRRM4_POSTAR_Piranha_0.01,PTBP1_HEK293T,plus_SRRM4_POSTAR_Piranha_0.01] was killed by [YTHDF2_HEK293T_POSTAR_Piranha_0.01,YTHDF2_HEK293T_POSTAR_Piranha_0.01]
[METTL3_HeLa_POSTAR_PAR-CLIP,METTL3_HeLa_POSTAR_PAR-CLIP] was killed by [FXR2_K562_POSTAR_eCLIP,FXR2_K562_POSTAR_eCLIP]
[METTL3_HeLa_POSTAR_PARalyzer,METTL3_HeLa_POSTAR_PARalyzer] was killed by [FXR2_K562_POSTAR_eCLIP,FXR2_K562_POSTAR_eCLIP]
[EIF4A3_HeLa_POSTAR_HITS-CLIP,EIF4A3_HeLa_POSTAR_HITS-CLIP] was killed by [YTHDF2_HEK293T_POSTAR_Piranha_0.01,YTHDF2_HEK293T_POSTAR_Piranha_0.01]
[CPSF4_HEK293_POSTAR_Piranha_0.01,CPSF4_HEK293_POSTAR_Piranha_0.01] was killed by [CSTF2T_K562_POSTAR_eCLIP,CSTF2T_K562_POSTAR_eCLIP]
[UPF1_HeLa,treated_with_puromycoin_POSTAR_Piranha_0.01,UPF1_HeLa,treated_with_puromycoin_POSTAR_Piranha_0.01] was killed by [YTHDF2_HEK293T_POSTAR_Piranha_0.01,YTHDF2_HEK293T_POSTAR_Piranha_0.01]
[FBL_HEK293_POSTAR_PAR-CLIP,FBL_HEK293_POSTAR_PAR-CLIP] was killed by [YTHDF2_HEK293T_POSTAR_Piranha_0.01,YTHDF2_HEK293T_POSTAR_Piranha_0.01]
[FBL_HEK293_POSTAR_PARalyzer,FBL_HEK293_POSTAR_PARalyzer] was killed by [YTHDF2_HEK293T_POSTAR_Piranha_0.01,YTHDF2_HEK293T_POSTAR_Piranha_0.01]
[LIN28A_HEK293_POSTAR_HITS-CLIP,LIN28A_HEK293_POSTAR_HITS-CLIP] was killed by [YTHDF2_HEK293T_POSTAR_Piranha_0.01,YTHDF2_HEK293T_POSTAR_Piranha_0.01]
[IGF2BP3_PL45_POSTAR_iCLIP,IGF2BP3_PL45_POSTAR_iCLIP] was killed by [YTHDF2_HEK293T_POSTAR_Piranha_0.01,YTHDF2_HEK293T_POSTAR_Piranha_0.01]
[LIN28A_HEK293_POSTAR_Piranha_0.01,LIN28A_HEK293_POSTAR_Piranha_0.01] was killed by [YTHDF2_HEK293T_POSTAR_Piranha_0.01,YTHDF2_HEK293T_POSTAR_Piranha_0.01]
[DGCR8_HepG2_POSTAR_eCLIP,DGCR8_HepG2_POSTAR_eCLIP] was killed by [CSTF2T_K562_POSTAR_eCLIP,CSTF2T_K562_POSTAR_eCLIP]
[FUS_HEK293T_POSTAR_Piranha_0.01,FUS_HEK293T_POSTAR_Piranha_0.01] was killed by [YTHDF2_HEK293T_POSTAR_Piranha_0.01,YTHDF2_HEK293T_POSTAR_Piranha_0.01]
[EIF3H_HepG2_POSTAR_eCLIP,EIF3H_HepG2_POSTAR_eCLIP] was killed by [YTHDF2_HEK293T_POSTAR_Piranha_0.01,YTHDF2_HEK293T_POSTAR_Piranha_0.01]
[TIA1_HeLa_POSTAR_Piranha_0.01,TIA1_HeLa_POSTAR_Piranha_0.01] was killed by [YTHDF2_HEK293T_POSTAR_Piranha_0.01,YTHDF2_HEK293T_POSTAR_Piranha_0.01]
[IGF2BP1_K562_POSTAR_eCLIP,IGF2BP1_K562_POSTAR_eCLIP] was killed by [YTHDF2_HEK293T_POSTAR_Piranha_0.01,YTHDF2_HEK293T_POSTAR_Piranha_0.01]
[PTBP1_HepG2_POSTAR_eCLIP,PTBP1_HepG2_POSTAR_eCLIP] was killed by [YTHDF2_HEK293T_POSTAR_Piranha_0.01,YTHDF2_HEK293T_POSTAR_Piranha_0.01]
[SMNDC1_K562_POSTAR_eCLIP,SMNDC1_K562_POSTAR_eCLIP] was killed by [CSTF2T_K562_POSTAR_eCLIP,CSTF2T_K562_POSTAR_eCLIP]
[SFPQ_HepG2_POSTAR_eCLIP,SFPQ_HepG2_POSTAR_eCLIP] was killed by [CSTF2T_K562_POSTAR_eCLIP,CSTF2T_K562_POSTAR_eCLIP]
[LIN28B_HepG2_POSTAR_eCLIP,LIN28B_HepG2_POSTAR_eCLIP] was killed by [YTHDF2_HEK293T_POSTAR_Piranha_0.01,YTHDF2_HEK293T_POSTAR_Piranha_0.01]
[IGF2BP3_HepG2_POSTAR_eCLIP,IGF2BP3_HepG2_POSTAR_eCLIP] was killed by [YTHDF2_HEK293T_POSTAR_Piranha_0.01,YTHDF2_HEK293T_POSTAR_Piranha_0.01]
[LIN28B_K562_POSTAR_eCLIP,LIN28B_K562_POSTAR_eCLIP] was killed by [YTHDF2_HEK293T_POSTAR_Piranha_0.01,YTHDF2_HEK293T_POSTAR_Piranha_0.01]
[HNRNPD_HEK293_POSTAR_Piranha_0.01,HNRNPD_HEK293_POSTAR_Piranha_0.01] was killed by [YTHDF2_HEK293T_POSTAR_Piranha_0.01,YTHDF2_HEK293T_POSTAR_Piranha_0.01]
[AGGF1_K562_POSTAR_eCLIP,AGGF1_K562_POSTAR_eCLIP] was killed by [CSTF2T_K562_POSTAR_eCLIP,CSTF2T_K562_POSTAR_eCLIP]
[SF3A3_HepG2_POSTAR_eCLIP,SF3A3_HepG2_POSTAR_eCLIP] was killed by [YTHDF2_HEK293T_POSTAR_Piranha_0.01,YTHDF2_HEK293T_POSTAR_Piranha_0.01]
[GTF2F1_K562_POSTAR_eCLIP,GTF2F1_K562_POSTAR_eCLIP] was killed by [YTHDF2_HEK293T_POSTAR_Piranha_0.01,YTHDF2_HEK293T_POSTAR_Piranha_0.01]
[TAF15_Brain_POSTAR_HITS-CLIP,TAF15_Brain_POSTAR_HITS-CLIP] was killed by [YTHDF2_HEK293T_POSTAR_Piranha_0.01,YTHDF2_HEK293T_POSTAR_Piranha_0.01]
[TAF15_Brain_POSTAR_Piranha_0.01,TAF15_Brain_POSTAR_Piranha_0.01] was killed by [YTHDF2_HEK293T_POSTAR_Piranha_0.01,YTHDF2_HEK293T_POSTAR_Piranha_0.01]
[IGF2BP3_PL45_POSTAR_CIMS,IGF2BP3_PL45_POSTAR_CIMS] was killed by [YTHDF2_HEK293T_POSTAR_Piranha_0.01,YTHDF2_HEK293T_POSTAR_Piranha_0.01]
[FKBP4_HepG2_POSTAR_eCLIP,FKBP4_HepG2_POSTAR_eCLIP] was killed by [CSTF2T_K562_POSTAR_eCLIP,CSTF2T_K562_POSTAR_eCLIP]
[TBRG4_K562_POSTAR_eCLIP,TBRG4_K562_POSTAR_eCLIP] was killed by [CSTF2T_K562_POSTAR_eCLIP,CSTF2T_K562_POSTAR_eCLIP]
[RBM27_K562_POSTAR_eCLIP,RBM27_K562_POSTAR_eCLIP] was killed by [CSTF2T_K562_POSTAR_eCLIP,CSTF2T_K562_POSTAR_eCLIP]
[STAU1_HEK293_POSTAR_Piranha_0.01,STAU1_HEK293_POSTAR_Piranha_0.01] was killed by [YTHDF2_HEK293T_POSTAR_Piranha_0.01,YTHDF2_HEK293T_POSTAR_Piranha_0.01]
[DDX3X_HepG2_POSTAR_eCLIP,DDX3X_HepG2_POSTAR_eCLIP] was killed by [FXR2_K562_POSTAR_eCLIP,FXR2_K562_POSTAR_eCLIP]
[PTBP1_K562_POSTAR_eCLIP,PTBP1_K562_POSTAR_eCLIP] was killed by [CSTF2T_K562_POSTAR_eCLIP,CSTF2T_K562_POSTAR_eCLIP]
[ELAVL1_HeLa_POSTAR_Piranha_0.01,ELAVL1_HeLa_POSTAR_Piranha_0.01] was killed by [YTHDF2_HEK293T_POSTAR_Piranha_0.01,YTHDF2_HEK293T_POSTAR_Piranha_0.01]
[AKAP8L_K562_POSTAR_eCLIP,AKAP8L_K562_POSTAR_eCLIP] was killed by [CSTF2T_K562_POSTAR_eCLIP,CSTF2T_K562_POSTAR_eCLIP]
[LSM11_K562_POSTAR_eCLIP,LSM11_K562_POSTAR_eCLIP] was killed by [FXR2_K562_POSTAR_eCLIP,FXR2_K562_POSTAR_eCLIP]
[DHX30_K562_POSTAR_eCLIP,DHX30_K562_POSTAR_eCLIP] was killed by [FXR2_K562_POSTAR_eCLIP,FXR2_K562_POSTAR_eCLIP]
[CPSF2_HEK293_POSTAR_PAR-CLIP,CPSF2_HEK293_POSTAR_PAR-CLIP] was killed by [YTHDF2_HEK293T_POSTAR_Piranha_0.01,YTHDF2_HEK293T_POSTAR_Piranha_0.01]
[CPSF2_HEK293_POSTAR_PARalyzer,CPSF2_HEK293_POSTAR_PARalyzer] was killed by [YTHDF2_HEK293T_POSTAR_Piranha_0.01,YTHDF2_HEK293T_POSTAR_Piranha_0.01]
[IGF2BP3_PL45_POSTAR_Piranha_0.01,IGF2BP3_PL45_POSTAR_Piranha_0.01] was killed by [YTHDF2_HEK293T_POSTAR_Piranha_0.01,YTHDF2_HEK293T_POSTAR_Piranha_0.01]
[PUM2_HEK293_POSTAR_PAR-CLIP,PUM2_HEK293_POSTAR_PAR-CLIP] was killed by [YTHDF2_HEK293T_POSTAR_Piranha_0.01,YTHDF2_HEK293T_POSTAR_Piranha_0.01]
[PUM2_HEK293_POSTAR_PARalyzer,PUM2_HEK293_POSTAR_PARalyzer] was killed by [YTHDF2_HEK293T_POSTAR_Piranha_0.01,YTHDF2_HEK293T_POSTAR_Piranha_0.01]
[METAP2_K562_POSTAR_eCLIP,METAP2_K562_POSTAR_eCLIP] was killed by [CSTF2T_K562_POSTAR_eCLIP,CSTF2T_K562_POSTAR_eCLIP]
[FXR1_HEK293_POSTAR_PAR-CLIP,FXR1_HEK293_POSTAR_PAR-CLIP] was killed by [YTHDF2_HEK293T_POSTAR_Piranha_0.01,YTHDF2_HEK293T_POSTAR_Piranha_0.01]
[FXR1_HEK293_POSTAR_PARalyzer,FXR1_HEK293_POSTAR_PARalyzer] was killed by [YTHDF2_HEK293T_POSTAR_Piranha_0.01,YTHDF2_HEK293T_POSTAR_Piranha_0.01]
[MBNL2_frontalcortex_POSTAR_HITS-CLIP,MBNL2_frontalcortex_POSTAR_HITS-CLIP] was killed by [YTHDF2_HEK293T_POSTAR_Piranha_0.01,YTHDF2_HEK293T_POSTAR_Piranha_0.01]
[EIF4G2_K562_POSTAR_eCLIP,EIF4G2_K562_POSTAR_eCLIP] was killed by [CSTF2T_K562_POSTAR_eCLIP,CSTF2T_K562_POSTAR_eCLIP]
[SSB_HEK293_POSTAR_PAR-CLIP,SSB_HEK293_POSTAR_PAR-CLIP] was killed by [YTHDF2_HEK293T_POSTAR_Piranha_0.01,YTHDF2_HEK293T_POSTAR_Piranha_0.01]
[SSB_HEK293_POSTAR_PARalyzer,SSB_HEK293_POSTAR_PARalyzer] was killed by [YTHDF2_HEK293T_POSTAR_Piranha_0.01,YTHDF2_HEK293T_POSTAR_Piranha_0.01]
[NKRF_HepG2_POSTAR_eCLIP,NKRF_HepG2_POSTAR_eCLIP] was killed by [YTHDF2_HEK293T_POSTAR_Piranha_0.01,YTHDF2_HEK293T_POSTAR_Piranha_0.01]
[NOP58_HEK293_POSTAR_PAR-CLIP,NOP58_HEK293_POSTAR_PAR-CLIP] was killed by [YTHDF2_HEK293T_POSTAR_Piranha_0.01,YTHDF2_HEK293T_POSTAR_Piranha_0.01]
[NOP58_HEK293_POSTAR_PARalyzer,NOP58_HEK293_POSTAR_PARalyzer] was killed by [YTHDF2_HEK293T_POSTAR_Piranha_0.01,YTHDF2_HEK293T_POSTAR_Piranha_0.01]
[GTF2F1_HepG2_POSTAR_eCLIP,GTF2F1_HepG2_POSTAR_eCLIP] was killed by [YTHDF2_HEK293T_POSTAR_Piranha_0.01,YTHDF2_HEK293T_POSTAR_Piranha_0.01]
[YTHDC2_HeLa_POSTAR_PAR-CLIP,YTHDC2_HeLa_POSTAR_PAR-CLIP] was killed by [YTHDF2_HEK293T_POSTAR_Piranha_0.01,YTHDF2_HEK293T_POSTAR_Piranha_0.01]
[YTHDC2_HeLa_POSTAR_PARalyzer,YTHDC2_HeLa_POSTAR_PARalyzer] was killed by [YTHDF2_HEK293T_POSTAR_Piranha_0.01,YTHDF2_HEK293T_POSTAR_Piranha_0.01]
[IGF2BP3_Panc1_POSTAR_CIMS,IGF2BP3_Panc1_POSTAR_CIMS] was killed by [YTHDF2_HEK293T_POSTAR_Piranha_0.01,YTHDF2_HEK293T_POSTAR_Piranha_0.01]
[IGF2BP3_Panc1_POSTAR_iCLIP,IGF2BP3_Panc1_POSTAR_iCLIP] was killed by [YTHDF2_HEK293T_POSTAR_Piranha_0.01,YTHDF2_HEK293T_POSTAR_Piranha_0.01]
[LIN28A_H9_POSTAR_Piranha_0.01,LIN28A_H9_POSTAR_Piranha_0.01] was killed by [YTHDF2_HEK293T_POSTAR_Piranha_0.01,YTHDF2_HEK293T_POSTAR_Piranha_0.01]
[EWSR1_K562_POSTAR_eCLIP,EWSR1_K562_POSTAR_eCLIP] was killed by [CSTF2T_K562_POSTAR_eCLIP,CSTF2T_K562_POSTAR_eCLIP]
[TAF15_HEK293_POSTAR_Piranha_0.01,TAF15_HEK293_POSTAR_Piranha_0.01] was killed by [YTHDF2_HEK293T_POSTAR_Piranha_0.01,YTHDF2_HEK293T_POSTAR_Piranha_0.01]
[TARDBP_Brain_POSTAR_Piranha_0.01,TARDBP_Brain_POSTAR_Piranha_0.01] was killed by [YTHDF2_HEK293T_POSTAR_Piranha_0.01,YTHDF2_HEK293T_POSTAR_Piranha_0.01]
[HNRNPM_K562_POSTAR_eCLIP,HNRNPM_K562_POSTAR_eCLIP] was killed by [CSTF2T_K562_POSTAR_eCLIP,CSTF2T_K562_POSTAR_eCLIP]
[LSM11_HepG2_POSTAR_eCLIP,LSM11_HepG2_POSTAR_eCLIP] was killed by [FXR2_K562_POSTAR_eCLIP,FXR2_K562_POSTAR_eCLIP]
[RTCB_HEK293_POSTAR_Piranha_0.01,RTCB_HEK293_POSTAR_Piranha_0.01] was killed by [YTHDF2_HEK293T_POSTAR_Piranha_0.01,YTHDF2_HEK293T_POSTAR_Piranha_0.01]
[DIS3L2_HEK293_POSTAR_Piranha_0.01,DIS3L2_HEK293_POSTAR_Piranha_0.01] was killed by [YTHDF2_HEK293T_POSTAR_Piranha_0.01,YTHDF2_HEK293T_POSTAR_Piranha_0.01]
[NOP56_HEK293_POSTAR_PAR-CLIP,NOP56_HEK293_POSTAR_PAR-CLIP] was killed by [YTHDF2_HEK293T_POSTAR_Piranha_0.01,YTHDF2_HEK293T_POSTAR_Piranha_0.01]
[NOP56_HEK293_POSTAR_PARalyzer,NOP56_HEK293_POSTAR_PARalyzer] was killed by [YTHDF2_HEK293T_POSTAR_Piranha_0.01,YTHDF2_HEK293T_POSTAR_Piranha_0.01]
[U2AF2_K562_POSTAR_eCLIP,U2AF2_K562_POSTAR_eCLIP] was killed by [YTHDF2_HEK293T_POSTAR_Piranha_0.01,YTHDF2_HEK293T_POSTAR_Piranha_0.01]
[CDC40_HepG2_POSTAR_eCLIP,CDC40_HepG2_POSTAR_eCLIP] was killed by [YTHDF2_HEK293T_POSTAR_Piranha_0.01,YTHDF2_HEK293T_POSTAR_Piranha_0.01]
[GRSF1_HepG2_POSTAR_eCLIP,GRSF1_HepG2_POSTAR_eCLIP] was killed by [FXR2_K562_POSTAR_eCLIP,FXR2_K562_POSTAR_eCLIP]
[HNRNPF_HEK293T_POSTAR_HITS-CLIP,HNRNPF_HEK293T_POSTAR_HITS-CLIP] was killed by [FXR2_K562_POSTAR_eCLIP,FXR2_K562_POSTAR_eCLIP]
[HNRNPF_HEK293T_POSTAR_Piranha_0.01,HNRNPF_HEK293T_POSTAR_Piranha_0.01] was killed by [FXR2_K562_POSTAR_eCLIP,FXR2_K562_POSTAR_eCLIP]
[METTL3_HeLa_POSTAR_Piranha_0.01,METTL3_HeLa_POSTAR_Piranha_0.01] was killed by [FXR2_K562_POSTAR_eCLIP,FXR2_K562_POSTAR_eCLIP]
[YTHDF2_HeLa_POSTAR_Piranha_0.01,YTHDF2_HeLa_POSTAR_Piranha_0.01] was killed by [YTHDF2_HEK293T_POSTAR_Piranha_0.01,YTHDF2_HEK293T_POSTAR_Piranha_0.01]
[EIF3B_HEK293T_POSTAR_PARalyzer,EIF3B_HEK293T_POSTAR_PARalyzer] was killed by [CSTF2T_K562_POSTAR_eCLIP,CSTF2T_K562_POSTAR_eCLIP]
[FMR1_HEK293_POSTAR_Piranha_0.01,FMR1_HEK293_POSTAR_Piranha_0.01] was killed by [YTHDF2_HEK293T_POSTAR_Piranha_0.01,YTHDF2_HEK293T_POSTAR_Piranha_0.01]
[FXR2_HEK293_POSTAR_Piranha_0.01,FXR2_HEK293_POSTAR_Piranha_0.01] was killed by [YTHDF2_HEK293T_POSTAR_Piranha_0.01,YTHDF2_HEK293T_POSTAR_Piranha_0.01]
[SND1_K562_POSTAR_eCLIP,SND1_K562_POSTAR_eCLIP] was killed by [FXR2_K562_POSTAR_eCLIP,FXR2_K562_POSTAR_eCLIP]
[LIN28A_H9_POSTAR_HITS-CLIP,LIN28A_H9_POSTAR_HITS-CLIP] was killed by [YTHDF2_HEK293T_POSTAR_Piranha_0.01,YTHDF2_HEK293T_POSTAR_Piranha_0.01]
[DGCR8_HEK293T_POSTAR_CIMS,DGCR8_HEK293T_POSTAR_CIMS] was killed by [CSTF2T_K562_POSTAR_eCLIP,CSTF2T_K562_POSTAR_eCLIP]
[EIF3D_HEK293T_POSTAR_Piranha_0.01,EIF3D_HEK293T_POSTAR_Piranha_0.01] was killed by [YTHDF2_HEK293T_POSTAR_Piranha_0.01,YTHDF2_HEK293T_POSTAR_Piranha_0.01]
[MTPAP_K562_POSTAR_eCLIP,MTPAP_K562_POSTAR_eCLIP] was killed by [CSTF2T_K562_POSTAR_eCLIP,CSTF2T_K562_POSTAR_eCLIP]
[NOP58_HEK293_POSTAR_Piranha_0.01,NOP58_HEK293_POSTAR_Piranha_0.01] was killed by [YTHDF2_HEK293T_POSTAR_Piranha_0.01,YTHDF2_HEK293T_POSTAR_Piranha_0.01]
[YTHDF3_HEK293T_POSTAR_CIMS,YTHDF3_HEK293T_POSTAR_CIMS] was killed by [YTHDF2_HEK293T_POSTAR_Piranha_0.01,YTHDF2_HEK293T_POSTAR_Piranha_0.01]
[YTHDF3_HEK293T_POSTAR_iCLIP,YTHDF3_HEK293T_POSTAR_iCLIP] was killed by [YTHDF2_HEK293T_POSTAR_Piranha_0.01,YTHDF2_HEK293T_POSTAR_Piranha_0.01]
[UCHL5_HepG2_POSTAR_eCLIP,UCHL5_HepG2_POSTAR_eCLIP] was killed by [FXR2_K562_POSTAR_eCLIP,FXR2_K562_POSTAR_eCLIP]
[MBNL2_frontalcortex_POSTAR_Piranha_0.01,MBNL2_frontalcortex_POSTAR_Piranha_0.01] was killed by [YTHDF2_HEK293T_POSTAR_Piranha_0.01,YTHDF2_HEK293T_POSTAR_Piranha_0.01]
[U2AF2_HeLa_POSTAR_CIMS,U2AF2_HeLa_POSTAR_CIMS] was killed by [FXR2_K562_POSTAR_eCLIP,FXR2_K562_POSTAR_eCLIP]
[FXR1_HEK293_POSTAR_Piranha_0.01,FXR1_HEK293_POSTAR_Piranha_0.01] was killed by [YTHDF2_HEK293T_POSTAR_Piranha_0.01,YTHDF2_HEK293T_POSTAR_Piranha_0.01]
[FXR1_K562_POSTAR_eCLIP,FXR1_K562_POSTAR_eCLIP] was killed by [FXR2_K562_POSTAR_eCLIP,FXR2_K562_POSTAR_eCLIP]
[DIS3L2_HEK293_POSTAR_HITS-CLIP,DIS3L2_HEK293_POSTAR_HITS-CLIP] was killed by [YTHDF2_HEK293T_POSTAR_Piranha_0.01,YTHDF2_HEK293T_POSTAR_Piranha_0.01]
[TARBP2_MDA-LM2_POSTAR_HITS-CLIP,TARBP2_MDA-LM2_POSTAR_HITS-CLIP] was killed by [YTHDF2_HEK293T_POSTAR_Piranha_0.01,YTHDF2_HEK293T_POSTAR_Piranha_0.01]
[XPO5_HepG2_POSTAR_eCLIP,XPO5_HepG2_POSTAR_eCLIP] was killed by [CSTF2T_K562_POSTAR_eCLIP,CSTF2T_K562_POSTAR_eCLIP]
[HNRNPM_HepG2_POSTAR_eCLIP,HNRNPM_HepG2_POSTAR_eCLIP] was killed by [CSTF2T_K562_POSTAR_eCLIP,CSTF2T_K562_POSTAR_eCLIP]
[DKC1_HepG2_POSTAR_eCLIP,DKC1_HepG2_POSTAR_eCLIP] was killed by [YTHDF2_HEK293T_POSTAR_Piranha_0.01,YTHDF2_HEK293T_POSTAR_Piranha_0.01]
[HNRNPUL1_HepG2_POSTAR_eCLIP,HNRNPUL1_HepG2_POSTAR_eCLIP] was killed by [CSTF2T_K562_POSTAR_eCLIP,CSTF2T_K562_POSTAR_eCLIP]
[PUM2_HEK293_POSTAR_Piranha_0.01,PUM2_HEK293_POSTAR_Piranha_0.01] was killed by [YTHDF2_HEK293T_POSTAR_Piranha_0.01,YTHDF2_HEK293T_POSTAR_Piranha_0.01]
[RBM15_HepG2_POSTAR_eCLIP,RBM15_HepG2_POSTAR_eCLIP] was killed by [YTHDF2_HEK293T_POSTAR_Piranha_0.01,YTHDF2_HEK293T_POSTAR_Piranha_0.01]
[SND1_HepG2_POSTAR_eCLIP,SND1_HepG2_POSTAR_eCLIP] was killed by [FXR2_K562_POSTAR_eCLIP,FXR2_K562_POSTAR_eCLIP]
[SRSF1_HepG2_POSTAR_eCLIP,SRSF1_HepG2_POSTAR_eCLIP] was killed by [YTHDF2_HEK293T_POSTAR_Piranha_0.01,YTHDF2_HEK293T_POSTAR_Piranha_0.01]
[ELAVL1_HEK293_POSTAR_CIMS,ELAVL1_HEK293_POSTAR_CIMS] was killed by [YTHDF2_HEK293T_POSTAR_Piranha_0.01,YTHDF2_HEK293T_POSTAR_Piranha_0.01]
[HNRNPM_HEK293T_POSTAR_HITS-CLIP,HNRNPM_HEK293T_POSTAR_HITS-CLIP] was killed by [FXR2_K562_POSTAR_eCLIP,FXR2_K562_POSTAR_eCLIP]
[HNRNPM_HEK293T_POSTAR_Piranha_0.01,HNRNPM_HEK293T_POSTAR_Piranha_0.01] was killed by [FXR2_K562_POSTAR_eCLIP,FXR2_K562_POSTAR_eCLIP]
[QKI_HEK293_POSTAR_PAR-CLIP,QKI_HEK293_POSTAR_PAR-CLIP] was killed by [YTHDF2_HEK293T_POSTAR_Piranha_0.01,YTHDF2_HEK293T_POSTAR_Piranha_0.01]
[QKI_HEK293_POSTAR_PARalyzer,QKI_HEK293_POSTAR_PARalyzer] was killed by [YTHDF2_HEK293T_POSTAR_Piranha_0.01,YTHDF2_HEK293T_POSTAR_Piranha_0.01]
[QKI_HepG2_POSTAR_eCLIP,QKI_HepG2_POSTAR_eCLIP] was killed by [YTHDF2_HEK293T_POSTAR_Piranha_0.01,YTHDF2_HEK293T_POSTAR_Piranha_0.01]
[AARS_K562_POSTAR_eCLIP,AARS_K562_POSTAR_eCLIP] was killed by [CSTF2T_K562_POSTAR_eCLIP,CSTF2T_K562_POSTAR_eCLIP]
[ELAVL1_HEK293_POSTAR_HITS-CLIP,ELAVL1_HEK293_POSTAR_HITS-CLIP] was killed by [YTHDF2_HEK293T_POSTAR_Piranha_0.01,YTHDF2_HEK293T_POSTAR_Piranha_0.01]
[CSTF2T_HepG2_POSTAR_eCLIP,CSTF2T_HepG2_POSTAR_eCLIP] was killed by [CSTF2T_K562_POSTAR_eCLIP,CSTF2T_K562_POSTAR_eCLIP]
[PUS1_K562_POSTAR_eCLIP,PUS1_K562_POSTAR_eCLIP] was killed by [FXR2_K562_POSTAR_eCLIP,FXR2_K562_POSTAR_eCLIP]
[YTHDC2_HeLa_POSTAR_Piranha_0.01,YTHDC2_HeLa_POSTAR_Piranha_0.01] was killed by [YTHDF2_HEK293T_POSTAR_Piranha_0.01,YTHDF2_HEK293T_POSTAR_Piranha_0.01]
[EIF3D_HepG2_POSTAR_eCLIP,EIF3D_HepG2_POSTAR_eCLIP] was killed by [YTHDF2_HEK293T_POSTAR_Piranha_0.01,YTHDF2_HEK293T_POSTAR_Piranha_0.01]
[NONO_K562_POSTAR_eCLIP,NONO_K562_POSTAR_eCLIP] was killed by [CSTF2T_K562_POSTAR_eCLIP,CSTF2T_K562_POSTAR_eCLIP]
[LARP4_HepG2_POSTAR_eCLIP,LARP4_HepG2_POSTAR_eCLIP] was killed by [YTHDF2_HEK293T_POSTAR_Piranha_0.01,YTHDF2_HEK293T_POSTAR_Piranha_0.01]
[YTHDF1_Huh7_POSTAR_PAR-CLIP,YTHDF1_Huh7_POSTAR_PAR-CLIP] was killed by [YTHDF2_HEK293T_POSTAR_Piranha_0.01,YTHDF2_HEK293T_POSTAR_Piranha_0.01]
[YTHDF1_Huh7_POSTAR_PARalyzer,YTHDF1_Huh7_POSTAR_PARalyzer] was killed by [YTHDF2_HEK293T_POSTAR_Piranha_0.01,YTHDF2_HEK293T_POSTAR_Piranha_0.01]
[CNBP_HEK293_POSTAR_PAR-CLIP,CNBP_HEK293_POSTAR_PAR-CLIP] was killed by [YTHDF2_HEK293T_POSTAR_Piranha_0.01,YTHDF2_HEK293T_POSTAR_Piranha_0.01]
[CSTF2_HepG2_POSTAR_eCLIP,CSTF2_HepG2_POSTAR_eCLIP] was killed by [YTHDF2_HEK293T_POSTAR_Piranha_0.01,YTHDF2_HEK293T_POSTAR_Piranha_0.01]
[U2AF1_K562_POSTAR_eCLIP,U2AF1_K562_POSTAR_eCLIP] was killed by [YTHDF2_HEK293T_POSTAR_Piranha_0.01,YTHDF2_HEK293T_POSTAR_Piranha_0.01]
[SUB1_HepG2_POSTAR_eCLIP,SUB1_HepG2_POSTAR_eCLIP] was killed by [YTHDF2_HEK293T_POSTAR_Piranha_0.01,YTHDF2_HEK293T_POSTAR_Piranha_0.01]
[YTHDC2_HEK293T_POSTAR_iCLIP,YTHDC2_HEK293T_POSTAR_iCLIP] was killed by [YTHDF2_HEK293T_POSTAR_Piranha_0.01,YTHDF2_HEK293T_POSTAR_Piranha_0.01]
[YWHAG_K562_POSTAR_eCLIP,YWHAG_K562_POSTAR_eCLIP] was killed by [YTHDF2_HEK293T_POSTAR_Piranha_0.01,YTHDF2_HEK293T_POSTAR_Piranha_0.01]
[RBM15_HEK293T_POSTAR_Piranha_0.01,RBM15_HEK293T_POSTAR_Piranha_0.01] was killed by [YTHDF2_HEK293T_POSTAR_Piranha_0.01,YTHDF2_HEK293T_POSTAR_Piranha_0.01]
[DDX6_HepG2_POSTAR_eCLIP,DDX6_HepG2_POSTAR_eCLIP] was killed by [YTHDF2_HEK293T_POSTAR_Piranha_0.01,YTHDF2_HEK293T_POSTAR_Piranha_0.01]
[TAF15_K562_POSTAR_eCLIP,TAF15_K562_POSTAR_eCLIP] was killed by [CSTF2T_K562_POSTAR_eCLIP,CSTF2T_K562_POSTAR_eCLIP]
[XRN2_K562_POSTAR_eCLIP,XRN2_K562_POSTAR_eCLIP] was killed by [CSTF2T_K562_POSTAR_eCLIP,CSTF2T_K562_POSTAR_eCLIP]
[YTHDF2_Huh7_POSTAR_Piranha_0.01,YTHDF2_Huh7_POSTAR_Piranha_0.01] was killed by [YTHDF2_HEK293T_POSTAR_Piranha_0.01,YTHDF2_HEK293T_POSTAR_Piranha_0.01]
[CAPRIN1_HEK293_POSTAR_Piranha_0.01,CAPRIN1_HEK293_POSTAR_Piranha_0.01] was killed by [YTHDF2_HEK293T_POSTAR_Piranha_0.01,YTHDF2_HEK293T_POSTAR_Piranha_0.01]
[DDX55_K562_POSTAR_eCLIP,DDX55_K562_POSTAR_eCLIP] was killed by [FXR2_K562_POSTAR_eCLIP,FXR2_K562_POSTAR_eCLIP]
[U2AF2_HepG2_POSTAR_eCLIP,U2AF2_HepG2_POSTAR_eCLIP] was killed by [YTHDF2_HEK293T_POSTAR_Piranha_0.01,YTHDF2_HEK293T_POSTAR_Piranha_0.01]
[FTO_K562_POSTAR_eCLIP,FTO_K562_POSTAR_eCLIP] was killed by [CSTF2T_K562_POSTAR_eCLIP,CSTF2T_K562_POSTAR_eCLIP]
[EFTUD2_K562_POSTAR_eCLIP,EFTUD2_K562_POSTAR_eCLIP] was killed by [FXR2_K562_POSTAR_eCLIP,FXR2_K562_POSTAR_eCLIP]
[MBNL2_hippocampus_POSTAR_HITS-CLIP,MBNL2_hippocampus_POSTAR_HITS-CLIP] was killed by [YTHDF2_HEK293T_POSTAR_Piranha_0.01,YTHDF2_HEK293T_POSTAR_Piranha_0.01]
[MBNL2_hippocampus_POSTAR_Piranha_0.01,MBNL2_hippocampus_POSTAR_Piranha_0.01] was killed by [YTHDF2_HEK293T_POSTAR_Piranha_0.01,YTHDF2_HEK293T_POSTAR_Piranha_0.01]
[EIF3B_HEK293T_POSTAR_PAR-CLIP,EIF3B_HEK293T_POSTAR_PAR-CLIP] was killed by [YTHDF2_HEK293T_POSTAR_Piranha_0.01,YTHDF2_HEK293T_POSTAR_Piranha_0.01]
[GPKOW_K562_POSTAR_eCLIP,GPKOW_K562_POSTAR_eCLIP] was killed by [YTHDF2_HEK293T_POSTAR_Piranha_0.01,YTHDF2_HEK293T_POSTAR_Piranha_0.01]
[MOV10_HEK293_POSTAR_Piranha_0.01,MOV10_HEK293_POSTAR_Piranha_0.01] was killed by [YTHDF2_HEK293T_POSTAR_Piranha_0.01,YTHDF2_HEK293T_POSTAR_Piranha_0.01]
[IGF2BP2_HEK293_POSTAR_Piranha_0.01,IGF2BP2_HEK293_POSTAR_Piranha_0.01] was killed by [YTHDF2_HEK293T_POSTAR_Piranha_0.01,YTHDF2_HEK293T_POSTAR_Piranha_0.01]
[HNRNPC_HepG2_POSTAR_eCLIP,HNRNPC_HepG2_POSTAR_eCLIP] was killed by [FXR2_K562_POSTAR_eCLIP,FXR2_K562_POSTAR_eCLIP]
[HNRNPK_K562_POSTAR_eCLIP,HNRNPK_K562_POSTAR_eCLIP] was killed by [YTHDF2_HEK293T_POSTAR_Piranha_0.01,YTHDF2_HEK293T_POSTAR_Piranha_0.01]
[XRCC6_K562_POSTAR_eCLIP,XRCC6_K562_POSTAR_eCLIP] was killed by [CSTF2T_K562_POSTAR_eCLIP,CSTF2T_K562_POSTAR_eCLIP]
[LIN28A_H9_POSTAR_CIMS,LIN28A_H9_POSTAR_CIMS] was killed by [YTHDF2_HEK293T_POSTAR_Piranha_0.01,YTHDF2_HEK293T_POSTAR_Piranha_0.01]
[TARBP2_MDA-LM2_POSTAR_Piranha_0.01,TARBP2_MDA-LM2_POSTAR_Piranha_0.01] was killed by [YTHDF2_HEK293T_POSTAR_Piranha_0.01,YTHDF2_HEK293T_POSTAR_Piranha_0.01]
[EIF3D_HEK293T_POSTAR_PARalyzer,EIF3D_HEK293T_POSTAR_PARalyzer] was killed by [YTHDF2_HEK293T_POSTAR_Piranha_0.01,YTHDF2_HEK293T_POSTAR_Piranha_0.01]
[SERBP1_K562_POSTAR_eCLIP,SERBP1_K562_POSTAR_eCLIP] was killed by [YTHDF2_HEK293T_POSTAR_Piranha_0.01,YTHDF2_HEK293T_POSTAR_Piranha_0.01]
[IGF2BP3_HEK293_POSTAR_Piranha_0.01,IGF2BP3_HEK293_POSTAR_Piranha_0.01] was killed by [YTHDF2_HEK293T_POSTAR_Piranha_0.01,YTHDF2_HEK293T_POSTAR_Piranha_0.01]
[IGF2BP1_HEK293_POSTAR_Piranha_0.01,IGF2BP1_HEK293_POSTAR_Piranha_0.01] was killed by [YTHDF2_HEK293T_POSTAR_Piranha_0.01,YTHDF2_HEK293T_POSTAR_Piranha_0.01]
[DGCR8_HEK293T_POSTAR_Piranha_0.01,DGCR8_HEK293T_POSTAR_Piranha_0.01] was killed by [YTHDF2_HEK293T_POSTAR_Piranha_0.01,YTHDF2_HEK293T_POSTAR_Piranha_0.01]
[RBM47_MDA-MB-231_POSTAR_HITS-CLIP,RBM47_MDA-MB-231_POSTAR_HITS-CLIP] was killed by [YTHDF2_HEK293T_POSTAR_Piranha_0.01,YTHDF2_HEK293T_POSTAR_Piranha_0.01]
[RBM47_MDA-MB-231_POSTAR_Piranha_0.01,RBM47_MDA-MB-231_POSTAR_Piranha_0.01] was killed by [YTHDF2_HEK293T_POSTAR_Piranha_0.01,YTHDF2_HEK293T_POSTAR_Piranha_0.01]
[RBPMS_HEK293_POSTAR_PAR-CLIP,RBPMS_HEK293_POSTAR_PAR-CLIP] was killed by [YTHDF2_HEK293T_POSTAR_Piranha_0.01,YTHDF2_HEK293T_POSTAR_Piranha_0.01]
[RBPMS_HEK293_POSTAR_Piranha_0.01,RBPMS_HEK293_POSTAR_Piranha_0.01] was killed by [YTHDF2_HEK293T_POSTAR_Piranha_0.01,YTHDF2_HEK293T_POSTAR_Piranha_0.01]
[ZNF622_K562_POSTAR_eCLIP,ZNF622_K562_POSTAR_eCLIP] was killed by [YTHDF2_HEK293T_POSTAR_Piranha_0.01,YTHDF2_HEK293T_POSTAR_Piranha_0.01]
[SF3B4_HepG2_POSTAR_eCLIP,SF3B4_HepG2_POSTAR_eCLIP] was killed by [YTHDF2_HEK293T_POSTAR_Piranha_0.01,YTHDF2_HEK293T_POSTAR_Piranha_0.01]
[DGCR8_HEK293T_POSTAR_HITS-CLIP,DGCR8_HEK293T_POSTAR_HITS-CLIP] was killed by [YTHDF2_HEK293T_POSTAR_Piranha_0.01,YTHDF2_HEK293T_POSTAR_Piranha_0.01]
[EIF3B_HEK293T_POSTAR_Piranha_0.01,EIF3B_HEK293T_POSTAR_Piranha_0.01] was killed by [YTHDF2_HEK293T_POSTAR_Piranha_0.01,YTHDF2_HEK293T_POSTAR_Piranha_0.01]
[TARDBP_SH-SY5Y_POSTAR_Piranha_0.01,TARDBP_SH-SY5Y_POSTAR_Piranha_0.01] was killed by [CSTF2T_K562_POSTAR_eCLIP,CSTF2T_K562_POSTAR_eCLIP]
[YTHDC2_HEK293T_POSTAR_CIMS,YTHDC2_HEK293T_POSTAR_CIMS] was killed by [YTHDF2_HEK293T_POSTAR_Piranha_0.01,YTHDF2_HEK293T_POSTAR_Piranha_0.01]
[ALKBH1_HeLa_POSTAR_HITS-CLIP,ALKBH1_HeLa_POSTAR_HITS-CLIP] was killed by [YTHDF2_HEK293T_POSTAR_Piranha_0.01,YTHDF2_HEK293T_POSTAR_Piranha_0.01]
[ALKBH1_HeLa_POSTAR_Piranha_0.01,ALKBH1_HeLa_POSTAR_Piranha_0.01] was killed by [YTHDF2_HEK293T_POSTAR_Piranha_0.01,YTHDF2_HEK293T_POSTAR_Piranha_0.01]
[FBL_HEK293_POSTAR_Piranha_0.01,FBL_HEK293_POSTAR_Piranha_0.01] was killed by [YTHDF2_HEK293T_POSTAR_Piranha_0.01,YTHDF2_HEK293T_POSTAR_Piranha_0.01]
[FUS_Brain_POSTAR_CIMS,FUS_Brain_POSTAR_CIMS] was killed by [CSTF2T_K562_POSTAR_eCLIP,CSTF2T_K562_POSTAR_eCLIP]
[HNRNPC_HEK293_POSTAR_PARalyzer,HNRNPC_HEK293_POSTAR_PARalyzer] was killed by [CSTF2T_K562_POSTAR_eCLIP,CSTF2T_K562_POSTAR_eCLIP]
[LIN28A_HEK293_POSTAR_CIMS,LIN28A_HEK293_POSTAR_CIMS] was killed by [FXR2_K562_POSTAR_eCLIP,FXR2_K562_POSTAR_eCLIP]
[NCBP2_HepG2_POSTAR_eCLIP,NCBP2_HepG2_POSTAR_eCLIP] was killed by [CSTF2T_K562_POSTAR_eCLIP,CSTF2T_K562_POSTAR_eCLIP]
[QKI_HEK293_POSTAR_Piranha_0.01,QKI_HEK293_POSTAR_Piranha_0.01] was killed by [YTHDF2_HEK293T_POSTAR_Piranha_0.01,YTHDF2_HEK293T_POSTAR_Piranha_0.01]
[TROVE2_HepG2_POSTAR_eCLIP,TROVE2_HepG2_POSTAR_eCLIP] was killed by [YTHDF2_HEK293T_POSTAR_Piranha_0.01,YTHDF2_HEK293T_POSTAR_Piranha_0.01]
[RBFOX2_K562_POSTAR_eCLIP,RBFOX2_K562_POSTAR_eCLIP] was killed by [CSTF2T_K562_POSTAR_eCLIP,CSTF2T_K562_POSTAR_eCLIP]
[RBM47_MDA-MB-231_POSTAR_CIMS,RBM47_MDA-MB-231_POSTAR_CIMS] was killed by [CSTF2T_K562_POSTAR_eCLIP,CSTF2T_K562_POSTAR_eCLIP]
[SMNDC1_HepG2_POSTAR_eCLIP,SMNDC1_HepG2_POSTAR_eCLIP] was killed by [CSTF2T_K562_POSTAR_eCLIP,CSTF2T_K562_POSTAR_eCLIP]
[HNRNPC_HEK293_POSTAR_Piranha_0.01,HNRNPC_HEK293_POSTAR_Piranha_0.01] was killed by [YTHDF2_HEK293T_POSTAR_Piranha_0.01,YTHDF2_HEK293T_POSTAR_Piranha_0.01]
[RPS5_HepG2_POSTAR_eCLIP,RPS5_HepG2_POSTAR_eCLIP] was killed by [CSTF2T_K562_POSTAR_eCLIP,CSTF2T_K562_POSTAR_eCLIP]
[RBM15_K562_POSTAR_eCLIP,RBM15_K562_POSTAR_eCLIP] was killed by [YTHDF2_HEK293T_POSTAR_Piranha_0.01,YTHDF2_HEK293T_POSTAR_Piranha_0.01]
[CPSF2_HEK293_POSTAR_Piranha_0.01,CPSF2_HEK293_POSTAR_Piranha_0.01] was killed by [YTHDF2_HEK293T_POSTAR_Piranha_0.01,YTHDF2_HEK293T_POSTAR_Piranha_0.01]
[HNRNPH1_HEK293T_POSTAR_HITS-CLIP,HNRNPH1_HEK293T_POSTAR_HITS-CLIP] was killed by [YTHDF2_HEK293T_POSTAR_Piranha_0.01,YTHDF2_HEK293T_POSTAR_Piranha_0.01]
[HNRNPH1_HEK293T_POSTAR_Piranha_0.01,HNRNPH1_HEK293T_POSTAR_Piranha_0.01] was killed by [YTHDF2_HEK293T_POSTAR_Piranha_0.01,YTHDF2_HEK293T_POSTAR_Piranha_0.01]
[CNBP_HEK293_POSTAR_PARalyzer,CNBP_HEK293_POSTAR_PARalyzer] was killed by [YTHDF2_HEK293T_POSTAR_Piranha_0.01,YTHDF2_HEK293T_POSTAR_Piranha_0.01]
[RBM22_K562_POSTAR_eCLIP,RBM22_K562_POSTAR_eCLIP] was killed by [YTHDF2_HEK293T_POSTAR_Piranha_0.01,YTHDF2_HEK293T_POSTAR_Piranha_0.01]
[DDX59_HepG2_POSTAR_eCLIP,DDX59_HepG2_POSTAR_eCLIP] was killed by [YTHDF2_HEK293T_POSTAR_Piranha_0.01,YTHDF2_HEK293T_POSTAR_Piranha_0.01]
[SLTM_HepG2_POSTAR_eCLIP,SLTM_HepG2_POSTAR_eCLIP] was killed by [YTHDF2_HEK293T_POSTAR_Piranha_0.01,YTHDF2_HEK293T_POSTAR_Piranha_0.01]
[EWSR1_HEK293_POSTAR_Piranha_0.01,EWSR1_HEK293_POSTAR_Piranha_0.01] was killed by [YTHDF2_HEK293T_POSTAR_Piranha_0.01,YTHDF2_HEK293T_POSTAR_Piranha_0.01]
[SRRM4_HEK293T_POSTAR_CIMS,SRRM4_HEK293T_POSTAR_CIMS] was killed by [YTHDF2_HEK293T_POSTAR_Piranha_0.01,YTHDF2_HEK293T_POSTAR_Piranha_0.01]
[CPSF6_K562_POSTAR_eCLIP,CPSF6_K562_POSTAR_eCLIP] was killed by [CSTF2T_K562_POSTAR_eCLIP,CSTF2T_K562_POSTAR_eCLIP]
[DDX42_K562_POSTAR_eCLIP,DDX42_K562_POSTAR_eCLIP] was killed by [CSTF2T_K562_POSTAR_eCLIP,CSTF2T_K562_POSTAR_eCLIP]
