[GCM_TPT1,GCM_TPT1] was killed by [GNF2_EIF3S6,GNF2_EIF3S6]
[MORF_TPT1,MORF_TPT1] was killed by [GNF2_EIF3S6,GNF2_EIF3S6]
[MORF_NPM1,MORF_NPM1] was killed by [GNF2_EIF3S6,GNF2_EIF3S6]
[MORF_ACTG1,MORF_ACTG1] was killed by [GNF2_EIF3S6,GNF2_EIF3S6]
[GNF2_TPT1,GNF2_TPT1] was killed by [GNF2_EIF3S6,GNF2_EIF3S6]
[GNF2_DAP3,GNF2_DAP3] was killed by [GNF2_EIF3S6,GNF2_EIF3S6]
[GNF2_FBL,GNF2_FBL] was killed by [GNF2_EIF3S6,GNF2_EIF3S6]
[GNF2_ST13,GNF2_ST13] was killed by [GNF2_EIF3S6,GNF2_EIF3S6]
[MODULE_29,MODULE_29] was killed by [GNF2_EIF3S6,GNF2_EIF3S6]
[GNF2_GLTSCR2,GNF2_GLTSCR2] was killed by [GNF2_EIF3S6,GNF2_EIF3S6]
[MORF_NME2,MORF_NME2] was killed by [GNF2_EIF3S6,GNF2_EIF3S6]
[GCM_NPM1,GCM_NPM1] was killed by [GNF2_EIF3S6,GNF2_EIF3S6]
[MORF_JUND,MORF_JUND] was killed by [GNF2_EIF3S6,GNF2_EIF3S6]
[GNF2_CDC20,GNF2_CDC20] was killed by [GNF2_CCNA2,GNF2_CCNA2]
[GNF2_PCNA,GNF2_PCNA] was killed by [GNF2_EIF3S6,GNF2_EIF3S6]
[MORF_RFC4,MORF_RFC4] was killed by [GNF2_EIF3S6,GNF2_EIF3S6]
[MORF_PRKDC,MORF_PRKDC] was killed by [GNF2_EIF3S6,GNF2_EIF3S6]
[MORF_EIF4A2,MORF_EIF4A2] was killed by [GNF2_EIF3S6,GNF2_EIF3S6]
[GNF2_MBD4,GNF2_MBD4] was killed by [GNF2_EIF3S6,GNF2_EIF3S6]
[GNF2_CCNB2,GNF2_CCNB2] was killed by [GNF2_EIF3S6,GNF2_EIF3S6]
[GNF2_UBE2I,GNF2_UBE2I] was killed by [GNF2_EIF3S6,GNF2_EIF3S6]
[GNF2_CKS2,GNF2_CKS2] was killed by [GNF2_EIF3S6,GNF2_EIF3S6]
[GNF2_HMMR,GNF2_HMMR] was killed by [GNF2_CCNA2,GNF2_CCNA2]
[MORF_MTA1,MORF_MTA1] was killed by [GNF2_EIF3S6,GNF2_EIF3S6]
[GNF2_MKI67,GNF2_MKI67] was killed by [GNF2_CCNA2,GNF2_CCNA2]
[MORF_PPP1CC,MORF_PPP1CC] was killed by [GNF2_EIF3S6,GNF2_EIF3S6]
[MODULE_307,MODULE_307] was killed by [MODULE_103,MODULE_103]
[GNF2_SMC2L1,GNF2_SMC2L1] was killed by [GNF2_CCNA2,GNF2_CCNA2]
[GNF2_BUB1,GNF2_BUB1] was killed by [GNF2_CCNA2,GNF2_CCNA2]
[MORF_ARAF1,MORF_ARAF1] was killed by [GNF2_EIF3S6,GNF2_EIF3S6]
[MODULE_91,MODULE_91] was killed by [GNF2_EIF3S6,GNF2_EIF3S6]
[GNF2_CENPE,GNF2_CENPE] was killed by [GNF2_CCNA2,GNF2_CCNA2]
[MORF_BUB1B,MORF_BUB1B] was killed by [GNF2_EIF3S6,GNF2_EIF3S6]
[GNF2_RRM2,GNF2_RRM2] was killed by [GNF2_CCNA2,GNF2_CCNA2]
[GNF2_CDC2,GNF2_CDC2] was killed by [GNF2_EIF3S6,GNF2_EIF3S6]
[MODULE_397,MODULE_397] was killed by [GNF2_CCNA2,GNF2_CCNA2]
[GNF2_RRM1,GNF2_RRM1] was killed by [GNF2_EIF3S6,GNF2_EIF3S6]
[GNF2_NPM1,GNF2_NPM1] was killed by [GNF2_EIF3S6,GNF2_EIF3S6]
[MODULE_312,MODULE_312] was killed by [GNF2_CCNA2,GNF2_CCNA2]
[MORF_UNG,MORF_UNG] was killed by [GNF2_EIF3S6,GNF2_EIF3S6]
[MORF_PPP2R5E,MORF_PPP2R5E] was killed by [GNF2_EIF3S6,GNF2_EIF3S6]
[MODULE_355,MODULE_355] was killed by [GNF2_EIF3S6,GNF2_EIF3S6]
[MORF_XPC,MORF_XPC] was killed by [GNF2_EIF3S6,GNF2_EIF3S6]
[MODULE_93,MODULE_93] was killed by [MODULE_103,MODULE_103]
[GNF2_MLH1,GNF2_MLH1] was killed by [GNF2_EIF3S6,GNF2_EIF3S6]
[GNF2_CENPF,GNF2_CENPF] was killed by [GNF2_EIF3S6,GNF2_EIF3S6]
[MORF_EIF3S6,MORF_EIF3S6] was killed by [GNF2_EIF3S6,GNF2_EIF3S6]
[GCM_CSNK2B,GCM_CSNK2B] was killed by [GNF2_EIF3S6,GNF2_EIF3S6]
[MORF_G22P1,MORF_G22P1] was killed by [MODULE_103,MODULE_103]
[GNF2_H2AFX,GNF2_H2AFX] was killed by [GNF2_CCNA2,GNF2_CCNA2]
[MODULE_315,MODULE_315] was killed by [GNF2_CCNA2,GNF2_CCNA2]
[MODULE_320,MODULE_320] was killed by [GNF2_CCNA2,GNF2_CCNA2]
