[GO_COTRANSLATIONAL_PROTEIN_TARGETING_TO_MEMBRANE,GO_COTRANSLATIONAL_PROTEIN_TARGETING_TO_MEMBRANE] was killed by [GO_PROTEIN_TARGETING_TO_MEMBRANE,GO_PROTEIN_TARGETING_TO_MEMBRANE]
[GO_ESTABLISHMENT_OF_PROTEIN_LOCALIZATION_TO_ENDOPLASMIC_RETICULUM,GO_ESTABLISHMENT_OF_PROTEIN_LOCALIZATION_TO_ENDOPLASMIC_RETICULUM] was killed by [GO_PROTEIN_TARGETING_TO_MEMBRANE,GO_PROTEIN_TARGETING_TO_MEMBRANE]
[GO_PROTEIN_LOCALIZATION_TO_ENDOPLASMIC_RETICULUM,GO_PROTEIN_LOCALIZATION_TO_ENDOPLASMIC_RETICULUM] was killed by [GO_PROTEIN_TARGETING_TO_MEMBRANE,GO_PROTEIN_TARGETING_TO_MEMBRANE]
[GO_CYTOSOLIC_RIBOSOME,GO_CYTOSOLIC_RIBOSOME] was killed by [GO_PROTEIN_TARGETING_TO_MEMBRANE,GO_PROTEIN_TARGETING_TO_MEMBRANE]
[GO_STRUCTURAL_CONSTITUENT_OF_RIBOSOME,GO_STRUCTURAL_CONSTITUENT_OF_RIBOSOME] was killed by [GO_PROTEIN_TARGETING_TO_MEMBRANE,GO_PROTEIN_TARGETING_TO_MEMBRANE]
[GO_CYTOSOLIC_LARGE_RIBOSOMAL_SUBUNIT,GO_CYTOSOLIC_LARGE_RIBOSOMAL_SUBUNIT] was killed by [GO_PROTEIN_TARGETING_TO_MEMBRANE,GO_PROTEIN_TARGETING_TO_MEMBRANE]
[GO_RIBOSOMAL_SUBUNIT,GO_RIBOSOMAL_SUBUNIT] was killed by [GO_PROTEIN_TARGETING_TO_MEMBRANE,GO_PROTEIN_TARGETING_TO_MEMBRANE]
[GO_ANTIGEN_PROCESSING_AND_PRESENTATION_OF_EXOGENOUS_PEPTIDE_ANTIGEN_VIA_MHC_CLASS_I,GO_ANTIGEN_PROCESSING_AND_PRESENTATION_OF_EXOGENOUS_PEPTIDE_ANTIGEN_VIA_MHC_CLASS_I] was killed by [GO_ENDOPEPTIDASE_COMPLEX,GO_ENDOPEPTIDASE_COMPLEX]
[GO_NUCLEAR_TRANSCRIBED_MRNA_CATABOLIC_PROCESS_NONSENSE_MEDIATED_DECAY,GO_NUCLEAR_TRANSCRIBED_MRNA_CATABOLIC_PROCESS_NONSENSE_MEDIATED_DECAY] was killed by [GO_PROTEIN_TARGETING_TO_MEMBRANE,GO_PROTEIN_TARGETING_TO_MEMBRANE]
[GO_ANTIGEN_PROCESSING_AND_PRESENTATION_OF_PEPTIDE_ANTIGEN_VIA_MHC_CLASS_I,GO_ANTIGEN_PROCESSING_AND_PRESENTATION_OF_PEPTIDE_ANTIGEN_VIA_MHC_CLASS_I] was killed by [GO_ENDOPEPTIDASE_COMPLEX,GO_ENDOPEPTIDASE_COMPLEX]
[GO_HEMATOPOIETIC_PROGENITOR_CELL_DIFFERENTIATION,GO_HEMATOPOIETIC_PROGENITOR_CELL_DIFFERENTIATION] was killed by [GO_ENDOPEPTIDASE_COMPLEX,GO_ENDOPEPTIDASE_COMPLEX]
[GO_TRANSLATIONAL_INITIATION,GO_TRANSLATIONAL_INITIATION] was killed by [GO_PROTEIN_TARGETING_TO_MEMBRANE,GO_PROTEIN_TARGETING_TO_MEMBRANE]
[GO_HEMATOPOIETIC_STEM_CELL_DIFFERENTIATION,GO_HEMATOPOIETIC_STEM_CELL_DIFFERENTIATION] was killed by [GO_ENDOPEPTIDASE_COMPLEX,GO_ENDOPEPTIDASE_COMPLEX]
[GO_REGULATION_OF_STEM_CELL_DIFFERENTIATION,GO_REGULATION_OF_STEM_CELL_DIFFERENTIATION] was killed by [GO_ENDOPEPTIDASE_COMPLEX,GO_ENDOPEPTIDASE_COMPLEX]
[GO_TUMOR_NECROSIS_FACTOR_MEDIATED_SIGNALING_PATHWAY,GO_TUMOR_NECROSIS_FACTOR_MEDIATED_SIGNALING_PATHWAY] was killed by [GO_ENDOPEPTIDASE_COMPLEX,GO_ENDOPEPTIDASE_COMPLEX]
[GO_REGULATION_OF_HEMATOPOIETIC_PROGENITOR_CELL_DIFFERENTIATION,GO_REGULATION_OF_HEMATOPOIETIC_PROGENITOR_CELL_DIFFERENTIATION] was killed by [GO_ENDOPEPTIDASE_COMPLEX,GO_ENDOPEPTIDASE_COMPLEX]
[GO_ANAPHASE_PROMOTING_COMPLEX_DEPENDENT_CATABOLIC_PROCESS,GO_ANAPHASE_PROMOTING_COMPLEX_DEPENDENT_CATABOLIC_PROCESS] was killed by [GO_ENDOPEPTIDASE_COMPLEX,GO_ENDOPEPTIDASE_COMPLEX]
[GO_REGULATION_OF_CELLULAR_AMINE_METABOLIC_PROCESS,GO_REGULATION_OF_CELLULAR_AMINE_METABOLIC_PROCESS] was killed by [GO_ENDOPEPTIDASE_COMPLEX,GO_ENDOPEPTIDASE_COMPLEX]
[GO_NIK_NF_KAPPAB_SIGNALING,GO_NIK_NF_KAPPAB_SIGNALING] was killed by [GO_ENDOPEPTIDASE_COMPLEX,GO_ENDOPEPTIDASE_COMPLEX]
[GO_SMALL_RIBOSOMAL_SUBUNIT,GO_SMALL_RIBOSOMAL_SUBUNIT] was killed by [GO_PROTEIN_TARGETING_TO_MEMBRANE,GO_PROTEIN_TARGETING_TO_MEMBRANE]
[GO_REGULATION_OF_CELLULAR_KETONE_METABOLIC_PROCESS,GO_REGULATION_OF_CELLULAR_KETONE_METABOLIC_PROCESS] was killed by [GO_ENDOPEPTIDASE_COMPLEX,GO_ENDOPEPTIDASE_COMPLEX]
[GO_VIRAL_GENE_EXPRESSION,GO_VIRAL_GENE_EXPRESSION] was killed by [GO_PROTEIN_TARGETING_TO_MEMBRANE,GO_PROTEIN_TARGETING_TO_MEMBRANE]
[GO_NEGATIVE_REGULATION_OF_CELL_CYCLE_G2_M_PHASE_TRANSITION,GO_NEGATIVE_REGULATION_OF_CELL_CYCLE_G2_M_PHASE_TRANSITION] was killed by [GO_ENDOPEPTIDASE_COMPLEX,GO_ENDOPEPTIDASE_COMPLEX]
[GO_POSITIVE_REGULATION_OF_CANONICAL_WNT_SIGNALING_PATHWAY,GO_POSITIVE_REGULATION_OF_CANONICAL_WNT_SIGNALING_PATHWAY] was killed by [GO_ENDOPEPTIDASE_COMPLEX,GO_ENDOPEPTIDASE_COMPLEX]
[GO_SCF_DEPENDENT_PROTEASOMAL_UBIQUITIN_DEPENDENT_PROTEIN_CATABOLIC_PROCESS,GO_SCF_DEPENDENT_PROTEASOMAL_UBIQUITIN_DEPENDENT_PROTEIN_CATABOLIC_PROCESS] was killed by [GO_ENDOPEPTIDASE_COMPLEX,GO_ENDOPEPTIDASE_COMPLEX]
[GO_INNATE_IMMUNE_RESPONSE_ACTIVATING_CELL_SURFACE_RECEPTOR_SIGNALING_PATHWAY,GO_INNATE_IMMUNE_RESPONSE_ACTIVATING_CELL_SURFACE_RECEPTOR_SIGNALING_PATHWAY] was killed by [GO_ENDOPEPTIDASE_COMPLEX,GO_ENDOPEPTIDASE_COMPLEX]
[GO_REGULATION_OF_CELLULAR_AMINO_ACID_METABOLIC_PROCESS,GO_REGULATION_OF_CELLULAR_AMINO_ACID_METABOLIC_PROCESS] was killed by [GO_ENDOPEPTIDASE_COMPLEX,GO_ENDOPEPTIDASE_COMPLEX]
[GO_PEPTIDASE_COMPLEX,GO_PEPTIDASE_COMPLEX] was killed by [GO_ENDOPEPTIDASE_COMPLEX,GO_ENDOPEPTIDASE_COMPLEX]
[GO_POSITIVE_REGULATION_OF_WNT_SIGNALING_PATHWAY,GO_POSITIVE_REGULATION_OF_WNT_SIGNALING_PATHWAY] was killed by [GO_ENDOPEPTIDASE_COMPLEX,GO_ENDOPEPTIDASE_COMPLEX]
[GO_AMINE_METABOLIC_PROCESS,GO_AMINE_METABOLIC_PROCESS] was killed by [GO_ENDOPEPTIDASE_COMPLEX,GO_ENDOPEPTIDASE_COMPLEX]
[GO_FC_EPSILON_RECEPTOR_SIGNALING_PATHWAY,GO_FC_EPSILON_RECEPTOR_SIGNALING_PATHWAY] was killed by [GO_ENDOPEPTIDASE_COMPLEX,GO_ENDOPEPTIDASE_COMPLEX]
[GO_NEGATIVE_REGULATION_OF_CANONICAL_WNT_SIGNALING_PATHWAY,GO_NEGATIVE_REGULATION_OF_CANONICAL_WNT_SIGNALING_PATHWAY] was killed by [GO_ENDOPEPTIDASE_COMPLEX,GO_ENDOPEPTIDASE_COMPLEX]
[GO_REGULATION_OF_MRNA_CATABOLIC_PROCESS,GO_REGULATION_OF_MRNA_CATABOLIC_PROCESS] was killed by [GO_ENDOPEPTIDASE_COMPLEX,GO_ENDOPEPTIDASE_COMPLEX]
[GO_T_CELL_RECEPTOR_SIGNALING_PATHWAY,GO_T_CELL_RECEPTOR_SIGNALING_PATHWAY] was killed by [GO_ENDOPEPTIDASE_COMPLEX,GO_ENDOPEPTIDASE_COMPLEX]
[GO_CYTOSOLIC_SMALL_RIBOSOMAL_SUBUNIT,GO_CYTOSOLIC_SMALL_RIBOSOMAL_SUBUNIT] was killed by [GO_PROTEIN_TARGETING_TO_MEMBRANE,GO_PROTEIN_TARGETING_TO_MEMBRANE]
[GO_ANTIGEN_PROCESSING_AND_PRESENTATION_OF_PEPTIDE_ANTIGEN,GO_ANTIGEN_PROCESSING_AND_PRESENTATION_OF_PEPTIDE_ANTIGEN] was killed by [GO_PROTEIN_TARGETING_TO_MEMBRANE,GO_PROTEIN_TARGETING_TO_MEMBRANE]
[GO_PROTEASOME_CORE_COMPLEX,GO_PROTEASOME_CORE_COMPLEX] was killed by [GO_ENDOPEPTIDASE_COMPLEX,GO_ENDOPEPTIDASE_COMPLEX]
[GO_PROTEASOMAL_UBIQUITIN_INDEPENDENT_PROTEIN_CATABOLIC_PROCESS,GO_PROTEASOMAL_UBIQUITIN_INDEPENDENT_PROTEIN_CATABOLIC_PROCESS] was killed by [GO_ENDOPEPTIDASE_COMPLEX,GO_ENDOPEPTIDASE_COMPLEX]
[GO_THREONINE_TYPE_PEPTIDASE_ACTIVITY,GO_THREONINE_TYPE_PEPTIDASE_ACTIVITY] was killed by [GO_ENDOPEPTIDASE_COMPLEX,GO_ENDOPEPTIDASE_COMPLEX]
[GO_INTERLEUKIN_1_MEDIATED_SIGNALING_PATHWAY,GO_INTERLEUKIN_1_MEDIATED_SIGNALING_PATHWAY] was killed by [GO_ENDOPEPTIDASE_COMPLEX,GO_ENDOPEPTIDASE_COMPLEX]
[GO_REGULATION_OF_TRANSCRIPTION_FROM_RNA_POLYMERASE_II_PROMOTER_IN_RESPONSE_TO_HYPOXIA,GO_REGULATION_OF_TRANSCRIPTION_FROM_RNA_POLYMERASE_II_PROMOTER_IN_RESPONSE_TO_HYPOXIA] was killed by [GO_ENDOPEPTIDASE_COMPLEX,GO_ENDOPEPTIDASE_COMPLEX]
[GO_ROUGH_ENDOPLASMIC_RETICULUM,GO_ROUGH_ENDOPLASMIC_RETICULUM] was killed by [GO_PROTEIN_TARGETING_TO_MEMBRANE,GO_PROTEIN_TARGETING_TO_MEMBRANE]
[GO_REGULATION_OF_DNA_TEMPLATED_TRANSCRIPTION_IN_RESPONSE_TO_STRESS,GO_REGULATION_OF_DNA_TEMPLATED_TRANSCRIPTION_IN_RESPONSE_TO_STRESS] was killed by [GO_ENDOPEPTIDASE_COMPLEX,GO_ENDOPEPTIDASE_COMPLEX]
[GO_REGULATION_OF_MORPHOGENESIS_OF_AN_EPITHELIUM,GO_REGULATION_OF_MORPHOGENESIS_OF_AN_EPITHELIUM] was killed by [GO_PROTEIN_TARGETING_TO_MEMBRANE,GO_PROTEIN_TARGETING_TO_MEMBRANE]
[GO_REGULATION_OF_ESTABLISHMENT_OF_PLANAR_POLARITY,GO_REGULATION_OF_ESTABLISHMENT_OF_PLANAR_POLARITY] was killed by [GO_ENDOPEPTIDASE_COMPLEX,GO_ENDOPEPTIDASE_COMPLEX]
[GO_MORPHOGENESIS_OF_A_POLARIZED_EPITHELIUM,GO_MORPHOGENESIS_OF_A_POLARIZED_EPITHELIUM] was killed by [GO_ENDOPEPTIDASE_COMPLEX,GO_ENDOPEPTIDASE_COMPLEX]
[GO_NEGATIVE_REGULATION_OF_NEURON_APOPTOTIC_PROCESS,GO_NEGATIVE_REGULATION_OF_NEURON_APOPTOTIC_PROCESS] was killed by [GO_POSITIVE_REGULATION_OF_BINDING,GO_POSITIVE_REGULATION_OF_BINDING]
[GO_REGULATION_OF_DNA_BINDING,GO_REGULATION_OF_DNA_BINDING] was killed by [GO_POSITIVE_REGULATION_OF_BINDING,GO_POSITIVE_REGULATION_OF_BINDING]
[GO_PROTEASOME_ACCESSORY_COMPLEX,GO_PROTEASOME_ACCESSORY_COMPLEX] was killed by [GO_ENDOPEPTIDASE_COMPLEX,GO_ENDOPEPTIDASE_COMPLEX]
[GO_MIDBODY,GO_MIDBODY] was killed by [GO_POSITIVE_REGULATION_OF_BINDING,GO_POSITIVE_REGULATION_OF_BINDING]
[GO_NON_CANONICAL_WNT_SIGNALING_PATHWAY,GO_NON_CANONICAL_WNT_SIGNALING_PATHWAY] was killed by [GO_PROTEIN_TARGETING_TO_MEMBRANE,GO_PROTEIN_TARGETING_TO_MEMBRANE]
[GO_CYTOKINESIS,GO_CYTOKINESIS] was killed by [GO_POSITIVE_REGULATION_OF_BINDING,GO_POSITIVE_REGULATION_OF_BINDING]
[GO_RNA_STABILIZATION,GO_RNA_STABILIZATION] was killed by [GO_3_UTR_MEDIATED_MRNA_STABILIZATION,GO_3_UTR_MEDIATED_MRNA_STABILIZATION]
[GO_POSITIVE_REGULATION_OF_RESPONSE_TO_DNA_DAMAGE_STIMULUS,GO_POSITIVE_REGULATION_OF_RESPONSE_TO_DNA_DAMAGE_STIMULUS] was killed by [GO_POSITIVE_REGULATION_OF_BINDING,GO_POSITIVE_REGULATION_OF_BINDING]
[GO_NEGATIVE_REGULATION_OF_MRNA_METABOLIC_PROCESS,GO_NEGATIVE_REGULATION_OF_MRNA_METABOLIC_PROCESS] was killed by [GO_3_UTR_MEDIATED_MRNA_STABILIZATION,GO_3_UTR_MEDIATED_MRNA_STABILIZATION]
[GO_RRNA_BINDING,GO_RRNA_BINDING] was killed by [GO_PROTEIN_TARGETING_TO_MEMBRANE,GO_PROTEIN_TARGETING_TO_MEMBRANE]
[GO_PROTEASOME_CORE_COMPLEX_ALPHA_SUBUNIT_COMPLEX,GO_PROTEASOME_CORE_COMPLEX_ALPHA_SUBUNIT_COMPLEX] was killed by [GO_ENDOPEPTIDASE_COMPLEX,GO_ENDOPEPTIDASE_COMPLEX]
[GO_LARGE_RIBOSOMAL_SUBUNIT,GO_LARGE_RIBOSOMAL_SUBUNIT] was killed by [GO_PROTEIN_TARGETING_TO_MEMBRANE,GO_PROTEIN_TARGETING_TO_MEMBRANE]
[GO_REGULATION_OF_LEUKOCYTE_MEDIATED_IMMUNITY,GO_REGULATION_OF_LEUKOCYTE_MEDIATED_IMMUNITY] was killed by [GO_POSITIVE_REGULATION_OF_BINDING,GO_POSITIVE_REGULATION_OF_BINDING]
[GO_POLYSOMAL_RIBOSOME,GO_POLYSOMAL_RIBOSOME] was killed by [GO_PROTEIN_TARGETING_TO_MEMBRANE,GO_PROTEIN_TARGETING_TO_MEMBRANE]
[GO_UBIQUITIN_BINDING,GO_UBIQUITIN_BINDING] was killed by [GO_ENDOPEPTIDASE_COMPLEX,GO_ENDOPEPTIDASE_COMPLEX]
[GO_POSITIVE_REGULATION_OF_TYPE_I_INTERFERON_PRODUCTION,GO_POSITIVE_REGULATION_OF_TYPE_I_INTERFERON_PRODUCTION] was killed by [GO_POSITIVE_REGULATION_OF_BINDING,GO_POSITIVE_REGULATION_OF_BINDING]
[GO_UBIQUITIN_LIKE_PROTEIN_BINDING,GO_UBIQUITIN_LIKE_PROTEIN_BINDING] was killed by [GO_ENDOPEPTIDASE_COMPLEX,GO_ENDOPEPTIDASE_COMPLEX]
[GO_ANTIBIOTIC_METABOLIC_PROCESS,GO_ANTIBIOTIC_METABOLIC_PROCESS] was killed by [GO_NEGATIVE_REGULATION_OF_CYSTEINE_TYPE_ENDOPEPTIDASE_ACTIVITY,GO_NEGATIVE_REGULATION_OF_CYSTEINE_TYPE_ENDOPEPTIDASE_ACTIVITY]
[GO_SPINDLE_POLE,GO_SPINDLE_POLE] was killed by [GO_PROTEIN_SERINE_THREONINE_KINASE_ACTIVATOR_ACTIVITY,GO_PROTEIN_SERINE_THREONINE_KINASE_ACTIVATOR_ACTIVITY]
[GO_NEURAL_NUCLEUS_DEVELOPMENT,GO_NEURAL_NUCLEUS_DEVELOPMENT] was killed by [GO_PROTEIN_SERINE_THREONINE_KINASE_ACTIVATOR_ACTIVITY,GO_PROTEIN_SERINE_THREONINE_KINASE_ACTIVATOR_ACTIVITY]
[GO_SUBSTANTIA_NIGRA_DEVELOPMENT,GO_SUBSTANTIA_NIGRA_DEVELOPMENT] was killed by [GO_PROTEIN_SERINE_THREONINE_KINASE_ACTIVATOR_ACTIVITY,GO_PROTEIN_SERINE_THREONINE_KINASE_ACTIVATOR_ACTIVITY]
[GO_DNA_METHYLATION,GO_DNA_METHYLATION] was killed by [GO_POSITIVE_REGULATION_OF_BINDING,GO_POSITIVE_REGULATION_OF_BINDING]
[GO_REGULATION_OF_MUSCLE_CONTRACTION,GO_REGULATION_OF_MUSCLE_CONTRACTION] was killed by [GO_PROTEIN_SERINE_THREONINE_KINASE_ACTIVATOR_ACTIVITY,GO_PROTEIN_SERINE_THREONINE_KINASE_ACTIVATOR_ACTIVITY]
