[TAF15_HEK293_POSTAR_Piranha_0.01,TAF15_HEK293_POSTAR_Piranha_0.01] was killed by [PUM2_HEK293_POSTAR_PARalyzer,PUM2_HEK293_POSTAR_PARalyzer]
[CSTF2_HepG2_POSTAR_eCLIP,CSTF2_HepG2_POSTAR_eCLIP] was killed by [PUM2_HEK293_POSTAR_PARalyzer,PUM2_HEK293_POSTAR_PARalyzer]
[DGCR8_HEK293T_POSTAR_Piranha_0.01,DGCR8_HEK293T_POSTAR_Piranha_0.01] was killed by [PUM2_HEK293_POSTAR_PARalyzer,PUM2_HEK293_POSTAR_PARalyzer]
[HNRNPD_HEK293_POSTAR_Piranha_0.01,HNRNPD_HEK293_POSTAR_Piranha_0.01] was killed by [PUM2_HEK293_POSTAR_PARalyzer,PUM2_HEK293_POSTAR_PARalyzer]
[DGCR8_HEK293T_POSTAR_HITS-CLIP,DGCR8_HEK293T_POSTAR_HITS-CLIP] was killed by [PUM2_HEK293_POSTAR_PARalyzer,PUM2_HEK293_POSTAR_PARalyzer]
[ATXN2_HEK293T_POSTAR_Piranha_0.01,ATXN2_HEK293T_POSTAR_Piranha_0.01] was killed by [PUM2_HEK293_POSTAR_PARalyzer,PUM2_HEK293_POSTAR_PARalyzer]
[LARP4_K562_POSTAR_eCLIP,LARP4_K562_POSTAR_eCLIP] was killed by [PUM2_HEK293_POSTAR_PARalyzer,PUM2_HEK293_POSTAR_PARalyzer]
[STAU1_HEK293_POSTAR_Piranha_0.01,STAU1_HEK293_POSTAR_Piranha_0.01] was killed by [PUM2_HEK293_POSTAR_PARalyzer,PUM2_HEK293_POSTAR_PARalyzer]
[LIN28A_HEK293_POSTAR_Piranha_0.01,LIN28A_HEK293_POSTAR_Piranha_0.01] was killed by [PUM2_HEK293_POSTAR_PARalyzer,PUM2_HEK293_POSTAR_PARalyzer]
[IGF2BP3_PL45_POSTAR_CIMS,IGF2BP3_PL45_POSTAR_CIMS] was killed by [PUM2_HEK293_POSTAR_PARalyzer,PUM2_HEK293_POSTAR_PARalyzer]
[LIN28A_HEK293_POSTAR_HITS-CLIP,LIN28A_HEK293_POSTAR_HITS-CLIP] was killed by [PUM2_HEK293_POSTAR_PARalyzer,PUM2_HEK293_POSTAR_PARalyzer]
[SRRM4_HEK293T_POSTAR_CIMS,SRRM4_HEK293T_POSTAR_CIMS] was killed by [PUM2_HEK293_POSTAR_PARalyzer,PUM2_HEK293_POSTAR_PARalyzer]
[IGF2BP3_PL45_POSTAR_iCLIP,IGF2BP3_PL45_POSTAR_iCLIP] was killed by [PUM2_HEK293_POSTAR_PARalyzer,PUM2_HEK293_POSTAR_PARalyzer]
[IGF2BP2_K562_POSTAR_eCLIP,IGF2BP2_K562_POSTAR_eCLIP] was killed by [PUM2_HEK293_POSTAR_PARalyzer,PUM2_HEK293_POSTAR_PARalyzer]
[EWSR1_HEK293_POSTAR_Piranha_0.01,EWSR1_HEK293_POSTAR_Piranha_0.01] was killed by [PUM2_HEK293_POSTAR_PARalyzer,PUM2_HEK293_POSTAR_PARalyzer]
[MOV10_HEK293_POSTAR_Piranha_0.01,MOV10_HEK293_POSTAR_Piranha_0.01] was killed by [PUM2_HEK293_POSTAR_PARalyzer,PUM2_HEK293_POSTAR_PARalyzer]
[ELAVL1_HEK293_POSTAR_CIMS,ELAVL1_HEK293_POSTAR_CIMS] was killed by [PUM2_HEK293_POSTAR_PARalyzer,PUM2_HEK293_POSTAR_PARalyzer]
[YTHDC2_HEK293T_POSTAR_iCLIP,YTHDC2_HEK293T_POSTAR_iCLIP] was killed by [PUM2_HEK293_POSTAR_PARalyzer,PUM2_HEK293_POSTAR_PARalyzer]
[ELAVL1_HEK293_POSTAR_HITS-CLIP,ELAVL1_HEK293_POSTAR_HITS-CLIP] was killed by [PUM2_HEK293_POSTAR_PARalyzer,PUM2_HEK293_POSTAR_PARalyzer]
[YTHDC2_HEK293T_POSTAR_CIMS,YTHDC2_HEK293T_POSTAR_CIMS] was killed by [PUM2_HEK293_POSTAR_PARalyzer,PUM2_HEK293_POSTAR_PARalyzer]
[LIN28A_H9_POSTAR_Piranha_0.01,LIN28A_H9_POSTAR_Piranha_0.01] was killed by [PUM2_HEK293_POSTAR_PARalyzer,PUM2_HEK293_POSTAR_PARalyzer]
[LIN28A_H9_POSTAR_HITS-CLIP,LIN28A_H9_POSTAR_HITS-CLIP] was killed by [PUM2_HEK293_POSTAR_PARalyzer,PUM2_HEK293_POSTAR_PARalyzer]
[SLTM_HepG2_POSTAR_eCLIP,SLTM_HepG2_POSTAR_eCLIP] was killed by [ILF3_K562_POSTAR_eCLIP,ILF3_K562_POSTAR_eCLIP]
[FUS_HEK293_POSTAR_Piranha_0.01,FUS_HEK293_POSTAR_Piranha_0.01] was killed by [PUM2_HEK293_POSTAR_PARalyzer,PUM2_HEK293_POSTAR_PARalyzer]
[ILF3_HepG2_POSTAR_eCLIP,ILF3_HepG2_POSTAR_eCLIP] was killed by [ILF3_K562_POSTAR_eCLIP,ILF3_K562_POSTAR_eCLIP]
[CSTF2T_HepG2_POSTAR_eCLIP,CSTF2T_HepG2_POSTAR_eCLIP] was killed by [PUM2_HEK293_POSTAR_PARalyzer,PUM2_HEK293_POSTAR_PARalyzer]
[METAP2_K562_POSTAR_eCLIP,METAP2_K562_POSTAR_eCLIP] was killed by [PUM2_HEK293_POSTAR_PARalyzer,PUM2_HEK293_POSTAR_PARalyzer]
[DDX6_K562_POSTAR_eCLIP,DDX6_K562_POSTAR_eCLIP] was killed by [PUM2_HEK293_POSTAR_PARalyzer,PUM2_HEK293_POSTAR_PARalyzer]
[UPF1_HeLa,treated_with_puromycoin_POSTAR_Piranha_0.01,UPF1_HeLa,treated_with_puromycoin_POSTAR_Piranha_0.01] was killed by [PUM2_HEK293_POSTAR_PARalyzer,PUM2_HEK293_POSTAR_PARalyzer]
[CAPRIN1_HEK293_POSTAR_Piranha_0.01,CAPRIN1_HEK293_POSTAR_Piranha_0.01] was killed by [PUM2_HEK293_POSTAR_PARalyzer,PUM2_HEK293_POSTAR_PARalyzer]
[NOP58_HEK293_POSTAR_PAR-CLIP,NOP58_HEK293_POSTAR_PAR-CLIP] was killed by [PUM2_HEK293_POSTAR_PARalyzer,PUM2_HEK293_POSTAR_PARalyzer]
[NOP58_HEK293_POSTAR_PARalyzer,NOP58_HEK293_POSTAR_PARalyzer] was killed by [PUM2_HEK293_POSTAR_PARalyzer,PUM2_HEK293_POSTAR_PARalyzer]
[YWHAG_K562_POSTAR_eCLIP,YWHAG_K562_POSTAR_eCLIP] was killed by [ILF3_K562_POSTAR_eCLIP,ILF3_K562_POSTAR_eCLIP]
[TARDBP_HEK293T_POSTAR_Piranha_0.01,TARDBP_HEK293T_POSTAR_Piranha_0.01] was killed by [PUM2_HEK293_POSTAR_PARalyzer,PUM2_HEK293_POSTAR_PARalyzer]
[TIA1_HeLa_POSTAR_Piranha_0.01,TIA1_HeLa_POSTAR_Piranha_0.01] was killed by [PUM2_HEK293_POSTAR_PARalyzer,PUM2_HEK293_POSTAR_PARalyzer]
[UPF1_HEK_293_FRT_POSTAR_CIMS,UPF1_HEK_293_FRT_POSTAR_CIMS] was killed by [PUM2_HEK293_POSTAR_PARalyzer,PUM2_HEK293_POSTAR_PARalyzer]
[DDX3X_HepG2_POSTAR_eCLIP,DDX3X_HepG2_POSTAR_eCLIP] was killed by [ILF3_K562_POSTAR_eCLIP,ILF3_K562_POSTAR_eCLIP]
[YTHDF2_HeLa_POSTAR_Piranha_0.01,YTHDF2_HeLa_POSTAR_Piranha_0.01] was killed by [PUM2_HEK293_POSTAR_PARalyzer,PUM2_HEK293_POSTAR_PARalyzer]
[FXR2_HEK293_POSTAR_Piranha_0.01,FXR2_HEK293_POSTAR_Piranha_0.01] was killed by [PUM2_HEK293_POSTAR_PARalyzer,PUM2_HEK293_POSTAR_PARalyzer]
[TIA1_K562_POSTAR_eCLIP,TIA1_K562_POSTAR_eCLIP] was killed by [PUM2_HEK293_POSTAR_PARalyzer,PUM2_HEK293_POSTAR_PARalyzer]
[HNRNPK_HepG2_POSTAR_eCLIP,HNRNPK_HepG2_POSTAR_eCLIP] was killed by [PUM2_HEK293_POSTAR_PARalyzer,PUM2_HEK293_POSTAR_PARalyzer]
[PTBP1_K562_POSTAR_eCLIP,PTBP1_K562_POSTAR_eCLIP] was killed by [PUM2_HEK293_POSTAR_PARalyzer,PUM2_HEK293_POSTAR_PARalyzer]
[U2AF2_HeLa_POSTAR_HITS-CLIP,U2AF2_HeLa_POSTAR_HITS-CLIP] was killed by [PUM2_HEK293_POSTAR_PARalyzer,PUM2_HEK293_POSTAR_PARalyzer]
[GTF2F1_K562_POSTAR_eCLIP,GTF2F1_K562_POSTAR_eCLIP] was killed by [ILF3_K562_POSTAR_eCLIP,ILF3_K562_POSTAR_eCLIP]
[SSB_HEK293_POSTAR_PAR-CLIP,SSB_HEK293_POSTAR_PAR-CLIP] was killed by [PUM2_HEK293_POSTAR_PARalyzer,PUM2_HEK293_POSTAR_PARalyzer]
[SSB_HEK293_POSTAR_PARalyzer,SSB_HEK293_POSTAR_PARalyzer] was killed by [PUM2_HEK293_POSTAR_PARalyzer,PUM2_HEK293_POSTAR_PARalyzer]
[SERBP1_K562_POSTAR_eCLIP,SERBP1_K562_POSTAR_eCLIP] was killed by [PUM2_HEK293_POSTAR_PARalyzer,PUM2_HEK293_POSTAR_PARalyzer]
[METTL3_HeLa_POSTAR_PARalyzer,METTL3_HeLa_POSTAR_PARalyzer] was killed by [PUM2_HEK293_POSTAR_PARalyzer,PUM2_HEK293_POSTAR_PARalyzer]
[PTBP1_HEK293T,plus_SRRM4_POSTAR_Piranha_0.01,PTBP1_HEK293T,plus_SRRM4_POSTAR_Piranha_0.01] was killed by [PUM2_HEK293_POSTAR_PARalyzer,PUM2_HEK293_POSTAR_PARalyzer]
[DDX55_K562_POSTAR_eCLIP,DDX55_K562_POSTAR_eCLIP] was killed by [PUM2_HEK293_POSTAR_PARalyzer,PUM2_HEK293_POSTAR_PARalyzer]
[IGF2BP3_Panc1_POSTAR_CIMS,IGF2BP3_Panc1_POSTAR_CIMS] was killed by [PUM2_HEK293_POSTAR_PARalyzer,PUM2_HEK293_POSTAR_PARalyzer]
[IGF2BP3_Panc1_POSTAR_iCLIP,IGF2BP3_Panc1_POSTAR_iCLIP] was killed by [PUM2_HEK293_POSTAR_PARalyzer,PUM2_HEK293_POSTAR_PARalyzer]
[U2AF2_HeLa_POSTAR_Piranha_0.01,U2AF2_HeLa_POSTAR_Piranha_0.01] was killed by [PUM2_HEK293_POSTAR_PARalyzer,PUM2_HEK293_POSTAR_PARalyzer]
[NOP58_HEK293_POSTAR_Piranha_0.01,NOP58_HEK293_POSTAR_Piranha_0.01] was killed by [PUM2_HEK293_POSTAR_PARalyzer,PUM2_HEK293_POSTAR_PARalyzer]
[FBL_HEK293_POSTAR_PAR-CLIP,FBL_HEK293_POSTAR_PAR-CLIP] was killed by [PUM2_HEK293_POSTAR_PARalyzer,PUM2_HEK293_POSTAR_PARalyzer]
[FBL_HEK293_POSTAR_PARalyzer,FBL_HEK293_POSTAR_PARalyzer] was killed by [PUM2_HEK293_POSTAR_PARalyzer,PUM2_HEK293_POSTAR_PARalyzer]
[RBM27_K562_POSTAR_eCLIP,RBM27_K562_POSTAR_eCLIP] was killed by [ILF3_K562_POSTAR_eCLIP,ILF3_K562_POSTAR_eCLIP]
[RBM15_K562_POSTAR_eCLIP,RBM15_K562_POSTAR_eCLIP] was killed by [ILF3_K562_POSTAR_eCLIP,ILF3_K562_POSTAR_eCLIP]
[HNRNPU_HeLa_POSTAR_HITS-CLIP,HNRNPU_HeLa_POSTAR_HITS-CLIP] was killed by [PUM2_HEK293_POSTAR_PARalyzer,PUM2_HEK293_POSTAR_PARalyzer]
[HNRNPU_HeLa_POSTAR_Piranha_0.01,HNRNPU_HeLa_POSTAR_Piranha_0.01] was killed by [PUM2_HEK293_POSTAR_PARalyzer,PUM2_HEK293_POSTAR_PARalyzer]
[RPS5_HepG2_POSTAR_eCLIP,RPS5_HepG2_POSTAR_eCLIP] was killed by [ILF3_K562_POSTAR_eCLIP,ILF3_K562_POSTAR_eCLIP]
[HNRNPM_K562_POSTAR_eCLIP,HNRNPM_K562_POSTAR_eCLIP] was killed by [ILF3_K562_POSTAR_eCLIP,ILF3_K562_POSTAR_eCLIP]
[IGF2BP3_PL45_POSTAR_Piranha_0.01,IGF2BP3_PL45_POSTAR_Piranha_0.01] was killed by [PUM2_HEK293_POSTAR_PARalyzer,PUM2_HEK293_POSTAR_PARalyzer]
[EIF4A3_HeLa_POSTAR_HITS-CLIP,EIF4A3_HeLa_POSTAR_HITS-CLIP] was killed by [PUM2_HEK293_POSTAR_PARalyzer,PUM2_HEK293_POSTAR_PARalyzer]
[DIS3L2_HEK293_POSTAR_HITS-CLIP,DIS3L2_HEK293_POSTAR_HITS-CLIP] was killed by [PUM2_HEK293_POSTAR_PARalyzer,PUM2_HEK293_POSTAR_PARalyzer]
[MBNL2_frontalcortex_POSTAR_Piranha_0.01,MBNL2_frontalcortex_POSTAR_Piranha_0.01] was killed by [PUM2_HEK293_POSTAR_PARalyzer,PUM2_HEK293_POSTAR_PARalyzer]
[AKAP8L_K562_POSTAR_eCLIP,AKAP8L_K562_POSTAR_eCLIP] was killed by [ILF3_K562_POSTAR_eCLIP,ILF3_K562_POSTAR_eCLIP]
[TARDBP_Brain_POSTAR_Piranha_0.01,TARDBP_Brain_POSTAR_Piranha_0.01] was killed by [PUM2_HEK293_POSTAR_PARalyzer,PUM2_HEK293_POSTAR_PARalyzer]
[CELF2_T_cell_POSTAR_CIMS,CELF2_T_cell_POSTAR_CIMS] was killed by [PUM2_HEK293_POSTAR_PARalyzer,PUM2_HEK293_POSTAR_PARalyzer]
[LARP4_HepG2_POSTAR_eCLIP,LARP4_HepG2_POSTAR_eCLIP] was killed by [PUM2_HEK293_POSTAR_PARalyzer,PUM2_HEK293_POSTAR_PARalyzer]
[EWSR1_K562_POSTAR_eCLIP,EWSR1_K562_POSTAR_eCLIP] was killed by [ILF3_K562_POSTAR_eCLIP,ILF3_K562_POSTAR_eCLIP]
[FAM120A_K562_POSTAR_eCLIP,FAM120A_K562_POSTAR_eCLIP] was killed by [PUM2_HEK293_POSTAR_PARalyzer,PUM2_HEK293_POSTAR_PARalyzer]
[UPF1_HeLa_POSTAR_Piranha_0.01,UPF1_HeLa_POSTAR_Piranha_0.01] was killed by [PUM2_HEK293_POSTAR_PARalyzer,PUM2_HEK293_POSTAR_PARalyzer]
[SUB1_HepG2_POSTAR_eCLIP,SUB1_HepG2_POSTAR_eCLIP] was killed by [PUM2_HEK293_POSTAR_PARalyzer,PUM2_HEK293_POSTAR_PARalyzer]
[EIF4A3_HeLa_POSTAR_Piranha_0.01,EIF4A3_HeLa_POSTAR_Piranha_0.01] was killed by [PUM2_HEK293_POSTAR_PARalyzer,PUM2_HEK293_POSTAR_PARalyzer]
[RBM15_HEK293T_POSTAR_Piranha_0.01,RBM15_HEK293T_POSTAR_Piranha_0.01] was killed by [PUM2_HEK293_POSTAR_PARalyzer,PUM2_HEK293_POSTAR_PARalyzer]
[KHSRP_K562_POSTAR_eCLIP,KHSRP_K562_POSTAR_eCLIP] was killed by [PUM2_HEK293_POSTAR_PARalyzer,PUM2_HEK293_POSTAR_PARalyzer]
[TBRG4_K562_POSTAR_eCLIP,TBRG4_K562_POSTAR_eCLIP] was killed by [ILF3_K562_POSTAR_eCLIP,ILF3_K562_POSTAR_eCLIP]
[QKI_HEK293_POSTAR_PAR-CLIP,QKI_HEK293_POSTAR_PAR-CLIP] was killed by [PUM2_HEK293_POSTAR_PARalyzer,PUM2_HEK293_POSTAR_PARalyzer]
[QKI_HEK293_POSTAR_PARalyzer,QKI_HEK293_POSTAR_PARalyzer] was killed by [PUM2_HEK293_POSTAR_PARalyzer,PUM2_HEK293_POSTAR_PARalyzer]
[LIN28B_HepG2_POSTAR_eCLIP,LIN28B_HepG2_POSTAR_eCLIP] was killed by [PUM2_HEK293_POSTAR_PARalyzer,PUM2_HEK293_POSTAR_PARalyzer]
[CSTF2T_K562_POSTAR_eCLIP,CSTF2T_K562_POSTAR_eCLIP] was killed by [PUM2_HEK293_POSTAR_PARalyzer,PUM2_HEK293_POSTAR_PARalyzer]
[IGF2BP3_HepG2_POSTAR_eCLIP,IGF2BP3_HepG2_POSTAR_eCLIP] was killed by [PUM2_HEK293_POSTAR_PARalyzer,PUM2_HEK293_POSTAR_PARalyzer]
[PUM2_HEK293_POSTAR_Piranha_0.01,PUM2_HEK293_POSTAR_Piranha_0.01] was killed by [PUM2_HEK293_POSTAR_PARalyzer,PUM2_HEK293_POSTAR_PARalyzer]
[METTL3_HeLa_POSTAR_PAR-CLIP,METTL3_HeLa_POSTAR_PAR-CLIP] was killed by [PUM2_HEK293_POSTAR_PARalyzer,PUM2_HEK293_POSTAR_PARalyzer]
[SF3A3_HepG2_POSTAR_eCLIP,SF3A3_HepG2_POSTAR_eCLIP] was killed by [ILF3_K562_POSTAR_eCLIP,ILF3_K562_POSTAR_eCLIP]
[GPKOW_K562_POSTAR_eCLIP,GPKOW_K562_POSTAR_eCLIP] was killed by [ILF3_K562_POSTAR_eCLIP,ILF3_K562_POSTAR_eCLIP]
[HNRNPK_K562_POSTAR_eCLIP,HNRNPK_K562_POSTAR_eCLIP] was killed by [ILF3_K562_POSTAR_eCLIP,ILF3_K562_POSTAR_eCLIP]
[HNRNPC_HepG2_POSTAR_eCLIP,HNRNPC_HepG2_POSTAR_eCLIP] was killed by [ILF3_K562_POSTAR_eCLIP,ILF3_K562_POSTAR_eCLIP]
[NOP56_HEK293_POSTAR_PAR-CLIP,NOP56_HEK293_POSTAR_PAR-CLIP] was killed by [PUM2_HEK293_POSTAR_PARalyzer,PUM2_HEK293_POSTAR_PARalyzer]
[NOP56_HEK293_POSTAR_PARalyzer,NOP56_HEK293_POSTAR_PARalyzer] was killed by [PUM2_HEK293_POSTAR_PARalyzer,PUM2_HEK293_POSTAR_PARalyzer]
[MBNL2_frontalcortex_POSTAR_HITS-CLIP,MBNL2_frontalcortex_POSTAR_HITS-CLIP] was killed by [PUM2_HEK293_POSTAR_PARalyzer,PUM2_HEK293_POSTAR_PARalyzer]
[BUD13_K562_POSTAR_eCLIP,BUD13_K562_POSTAR_eCLIP] was killed by [ILF3_K562_POSTAR_eCLIP,ILF3_K562_POSTAR_eCLIP]
[DDX6_HepG2_POSTAR_eCLIP,DDX6_HepG2_POSTAR_eCLIP] was killed by [PUM2_HEK293_POSTAR_PARalyzer,PUM2_HEK293_POSTAR_PARalyzer]
[IGF2BP1_HEK293_POSTAR_Piranha_0.01,IGF2BP1_HEK293_POSTAR_Piranha_0.01] was killed by [PUM2_HEK293_POSTAR_PARalyzer,PUM2_HEK293_POSTAR_PARalyzer]
[CPSF2_HEK293_POSTAR_PAR-CLIP,CPSF2_HEK293_POSTAR_PAR-CLIP] was killed by [PUM2_HEK293_POSTAR_PARalyzer,PUM2_HEK293_POSTAR_PARalyzer]
[CPSF2_HEK293_POSTAR_PARalyzer,CPSF2_HEK293_POSTAR_PARalyzer] was killed by [PUM2_HEK293_POSTAR_PARalyzer,PUM2_HEK293_POSTAR_PARalyzer]
[FMR1_HEK293_POSTAR_Piranha_0.01,FMR1_HEK293_POSTAR_Piranha_0.01] was killed by [PUM2_HEK293_POSTAR_PARalyzer,PUM2_HEK293_POSTAR_PARalyzer]
[FXR2_K562_POSTAR_eCLIP,FXR2_K562_POSTAR_eCLIP] was killed by [ILF3_K562_POSTAR_eCLIP,ILF3_K562_POSTAR_eCLIP]
[LSM11_K562_POSTAR_eCLIP,LSM11_K562_POSTAR_eCLIP] was killed by [ILF3_K562_POSTAR_eCLIP,ILF3_K562_POSTAR_eCLIP]
[SF3B4_HepG2_POSTAR_eCLIP,SF3B4_HepG2_POSTAR_eCLIP] was killed by [ILF3_K562_POSTAR_eCLIP,ILF3_K562_POSTAR_eCLIP]
[SSB_HEK293_POSTAR_Piranha_0.01,SSB_HEK293_POSTAR_Piranha_0.01] was killed by [PUM2_HEK293_POSTAR_PARalyzer,PUM2_HEK293_POSTAR_PARalyzer]
[IGF2BP2_HEK293_POSTAR_Piranha_0.01,IGF2BP2_HEK293_POSTAR_Piranha_0.01] was killed by [PUM2_HEK293_POSTAR_PARalyzer,PUM2_HEK293_POSTAR_PARalyzer]
[LSM11_HepG2_POSTAR_eCLIP,LSM11_HepG2_POSTAR_eCLIP] was killed by [PUM2_HEK293_POSTAR_PARalyzer,PUM2_HEK293_POSTAR_PARalyzer]
[MBNL2_hippocampus_POSTAR_HITS-CLIP,MBNL2_hippocampus_POSTAR_HITS-CLIP] was killed by [PUM2_HEK293_POSTAR_PARalyzer,PUM2_HEK293_POSTAR_PARalyzer]
[MBNL2_hippocampus_POSTAR_Piranha_0.01,MBNL2_hippocampus_POSTAR_Piranha_0.01] was killed by [PUM2_HEK293_POSTAR_PARalyzer,PUM2_HEK293_POSTAR_PARalyzer]
[YTHDF2_HEK293T_POSTAR_Piranha_0.01,YTHDF2_HEK293T_POSTAR_Piranha_0.01] was killed by [PUM2_HEK293_POSTAR_PARalyzer,PUM2_HEK293_POSTAR_PARalyzer]
[SFPQ_HepG2_POSTAR_eCLIP,SFPQ_HepG2_POSTAR_eCLIP] was killed by [PUM2_HEK293_POSTAR_PARalyzer,PUM2_HEK293_POSTAR_PARalyzer]
[YTHDF1_Huh7_POSTAR_PAR-CLIP,YTHDF1_Huh7_POSTAR_PAR-CLIP] was killed by [PUM2_HEK293_POSTAR_PARalyzer,PUM2_HEK293_POSTAR_PARalyzer]
[YTHDF1_Huh7_POSTAR_PARalyzer,YTHDF1_Huh7_POSTAR_PARalyzer] was killed by [PUM2_HEK293_POSTAR_PARalyzer,PUM2_HEK293_POSTAR_PARalyzer]
[AGGF1_K562_POSTAR_eCLIP,AGGF1_K562_POSTAR_eCLIP] was killed by [ILF3_K562_POSTAR_eCLIP,ILF3_K562_POSTAR_eCLIP]
[RTCB_HEK293_POSTAR_Piranha_0.01,RTCB_HEK293_POSTAR_Piranha_0.01] was killed by [PUM2_HEK293_POSTAR_PARalyzer,PUM2_HEK293_POSTAR_PARalyzer]
[METTL3_HeLa_POSTAR_Piranha_0.01,METTL3_HeLa_POSTAR_Piranha_0.01] was killed by [ILF3_K562_POSTAR_eCLIP,ILF3_K562_POSTAR_eCLIP]
[FUBP3_HepG2_POSTAR_eCLIP,FUBP3_HepG2_POSTAR_eCLIP] was killed by [PUM2_HEK293_POSTAR_PARalyzer,PUM2_HEK293_POSTAR_PARalyzer]
[RBFOX2_HepG2_POSTAR_eCLIP,RBFOX2_HepG2_POSTAR_eCLIP] was killed by [PUM2_HEK293_POSTAR_PARalyzer,PUM2_HEK293_POSTAR_PARalyzer]
[DDX59_HepG2_POSTAR_eCLIP,DDX59_HepG2_POSTAR_eCLIP] was killed by [PUM2_HEK293_POSTAR_PARalyzer,PUM2_HEK293_POSTAR_PARalyzer]
[DIS3L2_HEK293_POSTAR_Piranha_0.01,DIS3L2_HEK293_POSTAR_Piranha_0.01] was killed by [PUM2_HEK293_POSTAR_PARalyzer,PUM2_HEK293_POSTAR_PARalyzer]
[FXR1_HEK293_POSTAR_PAR-CLIP,FXR1_HEK293_POSTAR_PAR-CLIP] was killed by [PUM2_HEK293_POSTAR_PARalyzer,PUM2_HEK293_POSTAR_PARalyzer]
[FXR1_HEK293_POSTAR_PARalyzer,FXR1_HEK293_POSTAR_PARalyzer] was killed by [PUM2_HEK293_POSTAR_PARalyzer,PUM2_HEK293_POSTAR_PARalyzer]
[YTHDC2_HeLa_POSTAR_PAR-CLIP,YTHDC2_HeLa_POSTAR_PAR-CLIP] was killed by [PUM2_HEK293_POSTAR_PARalyzer,PUM2_HEK293_POSTAR_PARalyzer]
[YTHDC2_HeLa_POSTAR_PARalyzer,YTHDC2_HeLa_POSTAR_PARalyzer] was killed by [PUM2_HEK293_POSTAR_PARalyzer,PUM2_HEK293_POSTAR_PARalyzer]
[U2AF2_K562_POSTAR_eCLIP,U2AF2_K562_POSTAR_eCLIP] was killed by [PUM2_HEK293_POSTAR_PARalyzer,PUM2_HEK293_POSTAR_PARalyzer]
[HNRNPM_HEK293T_POSTAR_HITS-CLIP,HNRNPM_HEK293T_POSTAR_HITS-CLIP] was killed by [PUM2_HEK293_POSTAR_PARalyzer,PUM2_HEK293_POSTAR_PARalyzer]
[HNRNPM_HEK293T_POSTAR_Piranha_0.01,HNRNPM_HEK293T_POSTAR_Piranha_0.01] was killed by [PUM2_HEK293_POSTAR_PARalyzer,PUM2_HEK293_POSTAR_PARalyzer]
[HNRNPC_HEK293_POSTAR_PAR-CLIP,HNRNPC_HEK293_POSTAR_PAR-CLIP] was killed by [PUM2_HEK293_POSTAR_PARalyzer,PUM2_HEK293_POSTAR_PARalyzer]
[RBM5_HepG2_POSTAR_eCLIP,RBM5_HepG2_POSTAR_eCLIP] was killed by [ILF3_K562_POSTAR_eCLIP,ILF3_K562_POSTAR_eCLIP]
[SMNDC1_K562_POSTAR_eCLIP,SMNDC1_K562_POSTAR_eCLIP] was killed by [ILF3_K562_POSTAR_eCLIP,ILF3_K562_POSTAR_eCLIP]
[TARDBP_SH-SY5Y_POSTAR_CIMS,TARDBP_SH-SY5Y_POSTAR_CIMS] was killed by [PUM2_HEK293_POSTAR_PARalyzer,PUM2_HEK293_POSTAR_PARalyzer]
[TARDBP_SH-SY5Y_POSTAR_iCLIP,TARDBP_SH-SY5Y_POSTAR_iCLIP] was killed by [PUM2_HEK293_POSTAR_PARalyzer,PUM2_HEK293_POSTAR_PARalyzer]
[DHX30_K562_POSTAR_eCLIP,DHX30_K562_POSTAR_eCLIP] was killed by [ILF3_K562_POSTAR_eCLIP,ILF3_K562_POSTAR_eCLIP]
[FASTKD2_HepG2_POSTAR_eCLIP,FASTKD2_HepG2_POSTAR_eCLIP] was killed by [ILF3_K562_POSTAR_eCLIP,ILF3_K562_POSTAR_eCLIP]
[U2AF2_HepG2_POSTAR_eCLIP,U2AF2_HepG2_POSTAR_eCLIP] was killed by [ILF3_K562_POSTAR_eCLIP,ILF3_K562_POSTAR_eCLIP]
[XRN2_HepG2_POSTAR_eCLIP,XRN2_HepG2_POSTAR_eCLIP] was killed by [ILF3_K562_POSTAR_eCLIP,ILF3_K562_POSTAR_eCLIP]
[NCBP2_HepG2_POSTAR_eCLIP,NCBP2_HepG2_POSTAR_eCLIP] was killed by [ILF3_K562_POSTAR_eCLIP,ILF3_K562_POSTAR_eCLIP]
[LIN28A_HEK293_POSTAR_CIMS,LIN28A_HEK293_POSTAR_CIMS] was killed by [ILF3_K562_POSTAR_eCLIP,ILF3_K562_POSTAR_eCLIP]
[METTL14_HeLa_POSTAR_PAR-CLIP,METTL14_HeLa_POSTAR_PAR-CLIP] was killed by [PUM2_HEK293_POSTAR_PARalyzer,PUM2_HEK293_POSTAR_PARalyzer]
[TROVE2_HepG2_POSTAR_eCLIP,TROVE2_HepG2_POSTAR_eCLIP] was killed by [ILF3_K562_POSTAR_eCLIP,ILF3_K562_POSTAR_eCLIP]
[ALKBH1_HeLa_POSTAR_HITS-CLIP,ALKBH1_HeLa_POSTAR_HITS-CLIP] was killed by [ILF3_K562_POSTAR_eCLIP,ILF3_K562_POSTAR_eCLIP]
[ALKBH1_HeLa_POSTAR_Piranha_0.01,ALKBH1_HeLa_POSTAR_Piranha_0.01] was killed by [ILF3_K562_POSTAR_eCLIP,ILF3_K562_POSTAR_eCLIP]
[EIF3B_HEK293T_POSTAR_Piranha_0.01,EIF3B_HEK293T_POSTAR_Piranha_0.01] was killed by [PUM2_HEK293_POSTAR_PARalyzer,PUM2_HEK293_POSTAR_PARalyzer]
[FBL_HEK293_POSTAR_Piranha_0.01,FBL_HEK293_POSTAR_Piranha_0.01] was killed by [PUM2_HEK293_POSTAR_PARalyzer,PUM2_HEK293_POSTAR_PARalyzer]
[QKI_HEK293_POSTAR_Piranha_0.01,QKI_HEK293_POSTAR_Piranha_0.01] was killed by [PUM2_HEK293_POSTAR_PARalyzer,PUM2_HEK293_POSTAR_PARalyzer]
[FKBP4_HepG2_POSTAR_eCLIP,FKBP4_HepG2_POSTAR_eCLIP] was killed by [ILF3_K562_POSTAR_eCLIP,ILF3_K562_POSTAR_eCLIP]
[SMNDC1_HepG2_POSTAR_eCLIP,SMNDC1_HepG2_POSTAR_eCLIP] was killed by [ILF3_K562_POSTAR_eCLIP,ILF3_K562_POSTAR_eCLIP]
[SRSF1_HepG2_POSTAR_eCLIP,SRSF1_HepG2_POSTAR_eCLIP] was killed by [ILF3_K562_POSTAR_eCLIP,ILF3_K562_POSTAR_eCLIP]
[DICER1_HEK293_POSTAR_PARalyzer,DICER1_HEK293_POSTAR_PARalyzer] was killed by [PUM2_HEK293_POSTAR_PARalyzer,PUM2_HEK293_POSTAR_PARalyzer]
[CPSF2_HEK293_POSTAR_Piranha_0.01,CPSF2_HEK293_POSTAR_Piranha_0.01] was killed by [PUM2_HEK293_POSTAR_PARalyzer,PUM2_HEK293_POSTAR_PARalyzer]
[RBFOX2_K562_POSTAR_eCLIP,RBFOX2_K562_POSTAR_eCLIP] was killed by [PUM2_HEK293_POSTAR_PARalyzer,PUM2_HEK293_POSTAR_PARalyzer]
[SRSF1_K562_POSTAR_eCLIP,SRSF1_K562_POSTAR_eCLIP] was killed by [ILF3_K562_POSTAR_eCLIP,ILF3_K562_POSTAR_eCLIP]
[DDX42_K562_POSTAR_eCLIP,DDX42_K562_POSTAR_eCLIP] was killed by [ILF3_K562_POSTAR_eCLIP,ILF3_K562_POSTAR_eCLIP]
[TRA2A_K562_POSTAR_eCLIP,TRA2A_K562_POSTAR_eCLIP] was killed by [ILF3_K562_POSTAR_eCLIP,ILF3_K562_POSTAR_eCLIP]
[TARBP2_MDA-LM2_POSTAR_HITS-CLIP,TARBP2_MDA-LM2_POSTAR_HITS-CLIP] was killed by [ILF3_K562_POSTAR_eCLIP,ILF3_K562_POSTAR_eCLIP]
[XPO5_HepG2_POSTAR_eCLIP,XPO5_HepG2_POSTAR_eCLIP] was killed by [PUM2_HEK293_POSTAR_PARalyzer,PUM2_HEK293_POSTAR_PARalyzer]
[EFTUD2_K562_POSTAR_eCLIP,EFTUD2_K562_POSTAR_eCLIP] was killed by [ILF3_K562_POSTAR_eCLIP,ILF3_K562_POSTAR_eCLIP]
[DKC1_HepG2_POSTAR_eCLIP,DKC1_HepG2_POSTAR_eCLIP] was killed by [ILF3_K562_POSTAR_eCLIP,ILF3_K562_POSTAR_eCLIP]
[METTL14_HeLa_POSTAR_PARalyzer,METTL14_HeLa_POSTAR_PARalyzer] was killed by [PUM2_HEK293_POSTAR_PARalyzer,PUM2_HEK293_POSTAR_PARalyzer]
[NOP56_HEK293_POSTAR_Piranha_0.01,NOP56_HEK293_POSTAR_Piranha_0.01] was killed by [ILF3_K562_POSTAR_eCLIP,ILF3_K562_POSTAR_eCLIP]
[FUS_HEK293T_POSTAR_Piranha_0.01,FUS_HEK293T_POSTAR_Piranha_0.01] was killed by [ILF3_K562_POSTAR_eCLIP,ILF3_K562_POSTAR_eCLIP]
[DICER1_HEK293_POSTAR_PAR-CLIP,DICER1_HEK293_POSTAR_PAR-CLIP] was killed by [PUM2_HEK293_POSTAR_PARalyzer,PUM2_HEK293_POSTAR_PARalyzer]
[DIS3L2_HEK293_POSTAR_CIMS,DIS3L2_HEK293_POSTAR_CIMS] was killed by [PUM2_HEK293_POSTAR_PARalyzer,PUM2_HEK293_POSTAR_PARalyzer]
[TAF15_K562_POSTAR_eCLIP,TAF15_K562_POSTAR_eCLIP] was killed by [ILF3_K562_POSTAR_eCLIP,ILF3_K562_POSTAR_eCLIP]
[CPSF4_HEK293_POSTAR_Piranha_0.01,CPSF4_HEK293_POSTAR_Piranha_0.01] was killed by [PUM2_HEK293_POSTAR_PARalyzer,PUM2_HEK293_POSTAR_PARalyzer]
[TIA1_HepG2_POSTAR_eCLIP,TIA1_HepG2_POSTAR_eCLIP] was killed by [PUM2_HEK293_POSTAR_PARalyzer,PUM2_HEK293_POSTAR_PARalyzer]
[U2AF1_K562_POSTAR_eCLIP,U2AF1_K562_POSTAR_eCLIP] was killed by [PUM2_HEK293_POSTAR_PARalyzer,PUM2_HEK293_POSTAR_PARalyzer]
[XRN2_K562_POSTAR_eCLIP,XRN2_K562_POSTAR_eCLIP] was killed by [ILF3_K562_POSTAR_eCLIP,ILF3_K562_POSTAR_eCLIP]
[IGF2BP3_HEK293_POSTAR_Piranha_0.01,IGF2BP3_HEK293_POSTAR_Piranha_0.01] was killed by [PUM2_HEK293_POSTAR_PARalyzer,PUM2_HEK293_POSTAR_PARalyzer]
[YTHDF2_Huh7_POSTAR_Piranha_0.01,YTHDF2_Huh7_POSTAR_Piranha_0.01] was killed by [PUM2_HEK293_POSTAR_PARalyzer,PUM2_HEK293_POSTAR_PARalyzer]
[RBM47_MDA-MB-231_POSTAR_HITS-CLIP,RBM47_MDA-MB-231_POSTAR_HITS-CLIP] was killed by [PUM2_HEK293_POSTAR_PARalyzer,PUM2_HEK293_POSTAR_PARalyzer]
[RBM47_MDA-MB-231_POSTAR_Piranha_0.01,RBM47_MDA-MB-231_POSTAR_Piranha_0.01] was killed by [PUM2_HEK293_POSTAR_PARalyzer,PUM2_HEK293_POSTAR_PARalyzer]
[FAM120A_HepG2_POSTAR_eCLIP,FAM120A_HepG2_POSTAR_eCLIP] was killed by [PUM2_HEK293_POSTAR_PARalyzer,PUM2_HEK293_POSTAR_PARalyzer]
[BCCIP_HepG2_POSTAR_eCLIP,BCCIP_HepG2_POSTAR_eCLIP] was killed by [PUM2_HEK293_POSTAR_PARalyzer,PUM2_HEK293_POSTAR_PARalyzer]
