[REACTOME_APC_C_MEDIATED_DEGRADATION_OF_CELL_CYCLE_PROTEINS,REACTOME_APC_C_MEDIATED_DEGRADATION_OF_CELL_CYCLE_PROTEINS] was killed by [REACTOME_HOST_INTERACTIONS_OF_HIV_FACTORS,REACTOME_HOST_INTERACTIONS_OF_HIV_FACTORS]
[REACTOME_EUKARYOTIC_TRANSLATION_INITIATION,REACTOME_EUKARYOTIC_TRANSLATION_INITIATION] was killed by [REACTOME_MITOCHONDRIAL_TRANSLATION,REACTOME_MITOCHONDRIAL_TRANSLATION]
[REACTOME_PCP_CE_PATHWAY,REACTOME_PCP_CE_PATHWAY] was killed by [REACTOME_HOST_INTERACTIONS_OF_HIV_FACTORS,REACTOME_HOST_INTERACTIONS_OF_HIV_FACTORS]
[REACTOME_DOWNSTREAM_SIGNALING_EVENTS_OF_B_CELL_RECEPTOR_BCR,REACTOME_DOWNSTREAM_SIGNALING_EVENTS_OF_B_CELL_RECEPTOR_BCR] was killed by [REACTOME_HOST_INTERACTIONS_OF_HIV_FACTORS,REACTOME_HOST_INTERACTIONS_OF_HIV_FACTORS]
[KEGG_RIBOSOME,KEGG_RIBOSOME] was killed by [BILANGES_SERUM_AND_RAPAMYCIN_SENSITIVE_GENES,BILANGES_SERUM_AND_RAPAMYCIN_SENSITIVE_GENES]
[REACTOME_SRP_DEPENDENT_COTRANSLATIONAL_PROTEIN_TARGETING_TO_MEMBRANE,REACTOME_SRP_DEPENDENT_COTRANSLATIONAL_PROTEIN_TARGETING_TO_MEMBRANE] was killed by [REACTOME_MITOCHONDRIAL_TRANSLATION,REACTOME_MITOCHONDRIAL_TRANSLATION]
[REACTOME_RESPONSE_OF_EIF2AK4_GCN2_TO_AMINO_ACID_DEFICIENCY,REACTOME_RESPONSE_OF_EIF2AK4_GCN2_TO_AMINO_ACID_DEFICIENCY] was killed by [REACTOME_MITOCHONDRIAL_TRANSLATION,REACTOME_MITOCHONDRIAL_TRANSLATION]
[REACTOME_NONSENSE_MEDIATED_DECAY_NMD,REACTOME_NONSENSE_MEDIATED_DECAY_NMD] was killed by [REACTOME_MITOCHONDRIAL_TRANSLATION,REACTOME_MITOCHONDRIAL_TRANSLATION]
[REACTOME_INFLUENZA_INFECTION,REACTOME_INFLUENZA_INFECTION] was killed by [REACTOME_MITOCHONDRIAL_TRANSLATION,REACTOME_MITOCHONDRIAL_TRANSLATION]
[REACTOME_EUKARYOTIC_TRANSLATION_ELONGATION,REACTOME_EUKARYOTIC_TRANSLATION_ELONGATION] was killed by [REACTOME_MITOCHONDRIAL_TRANSLATION,REACTOME_MITOCHONDRIAL_TRANSLATION]
[REACTOME_SIGNALING_BY_THE_B_CELL_RECEPTOR_BCR,REACTOME_SIGNALING_BY_THE_B_CELL_RECEPTOR_BCR] was killed by [REACTOME_HOST_INTERACTIONS_OF_HIV_FACTORS,REACTOME_HOST_INTERACTIONS_OF_HIV_FACTORS]
[KEGG_PROTEASOME,KEGG_PROTEASOME] was killed by [REACTOME_HOST_INTERACTIONS_OF_HIV_FACTORS,REACTOME_HOST_INTERACTIONS_OF_HIV_FACTORS]
[REACTOME_CROSS_PRESENTATION_OF_SOLUBLE_EXOGENOUS_ANTIGENS_ENDOSOMES,REACTOME_CROSS_PRESENTATION_OF_SOLUBLE_EXOGENOUS_ANTIGENS_ENDOSOMES] was killed by [REACTOME_HOST_INTERACTIONS_OF_HIV_FACTORS,REACTOME_HOST_INTERACTIONS_OF_HIV_FACTORS]
[IRITANI_MAD1_TARGETS_DN,IRITANI_MAD1_TARGETS_DN] was killed by [BILANGES_SERUM_AND_RAPAMYCIN_SENSITIVE_GENES,BILANGES_SERUM_AND_RAPAMYCIN_SENSITIVE_GENES]
[CHNG_MULTIPLE_MYELOMA_HYPERPLOID_UP,CHNG_MULTIPLE_MYELOMA_HYPERPLOID_UP] was killed by [BILANGES_SERUM_AND_RAPAMYCIN_SENSITIVE_GENES,BILANGES_SERUM_AND_RAPAMYCIN_SENSITIVE_GENES]
[REACTOME_APC_C_CDH1_MEDIATED_DEGRADATION_OF_CDC20_AND_OTHER_APC_C_CDH1_TARGETED_PROTEINS_IN_LATE_MITOSIS_EARLY_G1,REACTOME_APC_C_CDH1_MEDIATED_DEGRADATION_OF_CDC20_AND_OTHER_APC_C_CDH1_TARGETED_PROTEINS_IN_LATE_MITOSIS_EARLY_G1] was killed by [REACTOME_HOST_INTERACTIONS_OF_HIV_FACTORS,REACTOME_HOST_INTERACTIONS_OF_HIV_FACTORS]
[REACTOME_MAPK6_MAPK4_SIGNALING,REACTOME_MAPK6_MAPK4_SIGNALING] was killed by [REACTOME_HOST_INTERACTIONS_OF_HIV_FACTORS,REACTOME_HOST_INTERACTIONS_OF_HIV_FACTORS]
[HILLION_HMGA1_TARGETS,HILLION_HMGA1_TARGETS] was killed by [BILANGES_SERUM_AND_RAPAMYCIN_SENSITIVE_GENES,BILANGES_SERUM_AND_RAPAMYCIN_SENSITIVE_GENES]
[REACTOME_UCH_PROTEINASES,REACTOME_UCH_PROTEINASES] was killed by [REACTOME_HOST_INTERACTIONS_OF_HIV_FACTORS,REACTOME_HOST_INTERACTIONS_OF_HIV_FACTORS]
[REACTOME_DECTIN_1_MEDIATED_NONCANONICAL_NF_KB_SIGNALING,REACTOME_DECTIN_1_MEDIATED_NONCANONICAL_NF_KB_SIGNALING] was killed by [REACTOME_HOST_INTERACTIONS_OF_HIV_FACTORS,REACTOME_HOST_INTERACTIONS_OF_HIV_FACTORS]
[REACTOME_REGULATION_OF_PTEN_STABILITY_AND_ACTIVITY,REACTOME_REGULATION_OF_PTEN_STABILITY_AND_ACTIVITY] was killed by [REACTOME_HOST_INTERACTIONS_OF_HIV_FACTORS,REACTOME_HOST_INTERACTIONS_OF_HIV_FACTORS]
[REACTOME_TNFR2_NON_CANONICAL_NF_KB_PATHWAY,REACTOME_TNFR2_NON_CANONICAL_NF_KB_PATHWAY] was killed by [REACTOME_HOST_INTERACTIONS_OF_HIV_FACTORS,REACTOME_HOST_INTERACTIONS_OF_HIV_FACTORS]
[REACTOME_SCF_SKP2_MEDIATED_DEGRADATION_OF_P27_P21,REACTOME_SCF_SKP2_MEDIATED_DEGRADATION_OF_P27_P21] was killed by [REACTOME_HOST_INTERACTIONS_OF_HIV_FACTORS,REACTOME_HOST_INTERACTIONS_OF_HIV_FACTORS]
[REACTOME_FCERI_MEDIATED_NF_KB_ACTIVATION,REACTOME_FCERI_MEDIATED_NF_KB_ACTIVATION] was killed by [REACTOME_HOST_INTERACTIONS_OF_HIV_FACTORS,REACTOME_HOST_INTERACTIONS_OF_HIV_FACTORS]
[REACTOME_CYCLIN_A_CDK2_ASSOCIATED_EVENTS_AT_S_PHASE_ENTRY,REACTOME_CYCLIN_A_CDK2_ASSOCIATED_EVENTS_AT_S_PHASE_ENTRY] was killed by [REACTOME_HOST_INTERACTIONS_OF_HIV_FACTORS,REACTOME_HOST_INTERACTIONS_OF_HIV_FACTORS]
[REACTOME_SELENOAMINO_ACID_METABOLISM,REACTOME_SELENOAMINO_ACID_METABOLISM] was killed by [REACTOME_MITOCHONDRIAL_TRANSLATION,REACTOME_MITOCHONDRIAL_TRANSLATION]
[REACTOME_ABC_TRANSPORTER_DISORDERS,REACTOME_ABC_TRANSPORTER_DISORDERS] was killed by [REACTOME_HOST_INTERACTIONS_OF_HIV_FACTORS,REACTOME_HOST_INTERACTIONS_OF_HIV_FACTORS]
[REACTOME_DEFECTIVE_CFTR_CAUSES_CYSTIC_FIBROSIS,REACTOME_DEFECTIVE_CFTR_CAUSES_CYSTIC_FIBROSIS] was killed by [REACTOME_HOST_INTERACTIONS_OF_HIV_FACTORS,REACTOME_HOST_INTERACTIONS_OF_HIV_FACTORS]
[REACTOME_ASYMMETRIC_LOCALIZATION_OF_PCP_PROTEINS,REACTOME_ASYMMETRIC_LOCALIZATION_OF_PCP_PROTEINS] was killed by [REACTOME_HOST_INTERACTIONS_OF_HIV_FACTORS,REACTOME_HOST_INTERACTIONS_OF_HIV_FACTORS]
[REACTOME_DEGRADATION_OF_AXIN,REACTOME_DEGRADATION_OF_AXIN] was killed by [REACTOME_HOST_INTERACTIONS_OF_HIV_FACTORS,REACTOME_HOST_INTERACTIONS_OF_HIV_FACTORS]
[REACTOME_AUF1_HNRNP_D0_BINDS_AND_DESTABILIZES_MRNA,REACTOME_AUF1_HNRNP_D0_BINDS_AND_DESTABILIZES_MRNA] was killed by [REACTOME_HOST_INTERACTIONS_OF_HIV_FACTORS,REACTOME_HOST_INTERACTIONS_OF_HIV_FACTORS]
[REACTOME_TRANSCRIPTIONAL_REGULATION_BY_RUNX3,REACTOME_TRANSCRIPTIONAL_REGULATION_BY_RUNX3] was killed by [REACTOME_HOST_INTERACTIONS_OF_HIV_FACTORS,REACTOME_HOST_INTERACTIONS_OF_HIV_FACTORS]
[PELLICCIOTTA_HDAC_IN_ANTIGEN_PRESENTATION_DN,PELLICCIOTTA_HDAC_IN_ANTIGEN_PRESENTATION_DN] was killed by [REACTOME_HOST_INTERACTIONS_OF_HIV_FACTORS,REACTOME_HOST_INTERACTIONS_OF_HIV_FACTORS]
[REACTOME_HEDGEHOG_LIGAND_BIOGENESIS,REACTOME_HEDGEHOG_LIGAND_BIOGENESIS] was killed by [REACTOME_HOST_INTERACTIONS_OF_HIV_FACTORS,REACTOME_HOST_INTERACTIONS_OF_HIV_FACTORS]
[REACTOME_SEPARATION_OF_SISTER_CHROMATIDS,REACTOME_SEPARATION_OF_SISTER_CHROMATIDS] was killed by [REACTOME_HOST_INTERACTIONS_OF_HIV_FACTORS,REACTOME_HOST_INTERACTIONS_OF_HIV_FACTORS]
[REACTOME_MEIOSIS,REACTOME_MEIOSIS] was killed by [REACTOME_SUMOYLATION_OF_CHROMATIN_ORGANIZATION_PROTEINS,REACTOME_SUMOYLATION_OF_CHROMATIN_ORGANIZATION_PROTEINS]
[REACTOME_REPRODUCTION,REACTOME_REPRODUCTION] was killed by [REACTOME_SUMOYLATION_OF_CHROMATIN_ORGANIZATION_PROTEINS,REACTOME_SUMOYLATION_OF_CHROMATIN_ORGANIZATION_PROTEINS]
[REACTOME_SIGNALING_BY_NOTCH4,REACTOME_SIGNALING_BY_NOTCH4] was killed by [REACTOME_HOST_INTERACTIONS_OF_HIV_FACTORS,REACTOME_HOST_INTERACTIONS_OF_HIV_FACTORS]
[REACTOME_TCR_SIGNALING,REACTOME_TCR_SIGNALING] was killed by [REACTOME_HOST_INTERACTIONS_OF_HIV_FACTORS,REACTOME_HOST_INTERACTIONS_OF_HIV_FACTORS]
[ZHU_CMV_24_HR_UP,ZHU_CMV_24_HR_UP] was killed by [REACTOME_HOST_INTERACTIONS_OF_HIV_FACTORS,REACTOME_HOST_INTERACTIONS_OF_HIV_FACTORS]
[PECE_MAMMARY_STEM_CELL_UP,PECE_MAMMARY_STEM_CELL_UP] was killed by [REACTOME_MITOCHONDRIAL_TRANSLATION,REACTOME_MITOCHONDRIAL_TRANSLATION]
[REACTOME_G1_S_DNA_DAMAGE_CHECKPOINTS,REACTOME_G1_S_DNA_DAMAGE_CHECKPOINTS] was killed by [REACTOME_HOST_INTERACTIONS_OF_HIV_FACTORS,REACTOME_HOST_INTERACTIONS_OF_HIV_FACTORS]
[REACTOME_STABILIZATION_OF_P53,REACTOME_STABILIZATION_OF_P53] was killed by [REACTOME_HOST_INTERACTIONS_OF_HIV_FACTORS,REACTOME_HOST_INTERACTIONS_OF_HIV_FACTORS]
[REACTOME_REGULATION_OF_RUNX3_EXPRESSION_AND_ACTIVITY,REACTOME_REGULATION_OF_RUNX3_EXPRESSION_AND_ACTIVITY] was killed by [REACTOME_HOST_INTERACTIONS_OF_HIV_FACTORS,REACTOME_HOST_INTERACTIONS_OF_HIV_FACTORS]
[REACTOME_FC_EPSILON_RECEPTOR_FCERI_SIGNALING,REACTOME_FC_EPSILON_RECEPTOR_FCERI_SIGNALING] was killed by [REACTOME_HOST_INTERACTIONS_OF_HIV_FACTORS,REACTOME_HOST_INTERACTIONS_OF_HIV_FACTORS]
[YAO_TEMPORAL_RESPONSE_TO_PROGESTERONE_CLUSTER_8,YAO_TEMPORAL_RESPONSE_TO_PROGESTERONE_CLUSTER_8] was killed by [IGARASHI_ATF4_TARGETS_DN,IGARASHI_ATF4_TARGETS_DN]
[JISON_SICKLE_CELL_DISEASE_UP,JISON_SICKLE_CELL_DISEASE_UP] was killed by [YAMAZAKI_TCEB3_TARGETS_UP,YAMAZAKI_TCEB3_TARGETS_UP]
[REACTOME_ASSEMBLY_OF_THE_PRE_REPLICATIVE_COMPLEX,REACTOME_ASSEMBLY_OF_THE_PRE_REPLICATIVE_COMPLEX] was killed by [REACTOME_HOST_INTERACTIONS_OF_HIV_FACTORS,REACTOME_HOST_INTERACTIONS_OF_HIV_FACTORS]
[REACTOME_REGULATION_OF_RUNX2_EXPRESSION_AND_ACTIVITY,REACTOME_REGULATION_OF_RUNX2_EXPRESSION_AND_ACTIVITY] was killed by [REACTOME_HOST_INTERACTIONS_OF_HIV_FACTORS,REACTOME_HOST_INTERACTIONS_OF_HIV_FACTORS]
[REACTOME_DEGRADATION_OF_GLI1_BY_THE_PROTEASOME,REACTOME_DEGRADATION_OF_GLI1_BY_THE_PROTEASOME] was killed by [REACTOME_HOST_INTERACTIONS_OF_HIV_FACTORS,REACTOME_HOST_INTERACTIONS_OF_HIV_FACTORS]
[REACTOME_TRANSCRIPTIONAL_REGULATION_BY_RUNX2,REACTOME_TRANSCRIPTIONAL_REGULATION_BY_RUNX2] was killed by [REACTOME_HOST_INTERACTIONS_OF_HIV_FACTORS,REACTOME_HOST_INTERACTIONS_OF_HIV_FACTORS]
[REACTOME_ABC_FAMILY_PROTEINS_MEDIATED_TRANSPORT,REACTOME_ABC_FAMILY_PROTEINS_MEDIATED_TRANSPORT] was killed by [REACTOME_HOST_INTERACTIONS_OF_HIV_FACTORS,REACTOME_HOST_INTERACTIONS_OF_HIV_FACTORS]
[JISON_SICKLE_CELL_DISEASE_DN,JISON_SICKLE_CELL_DISEASE_DN] was killed by [BILANGES_SERUM_AND_RAPAMYCIN_SENSITIVE_GENES,BILANGES_SERUM_AND_RAPAMYCIN_SENSITIVE_GENES]
[DANG_MYC_TARGETS_UP,DANG_MYC_TARGETS_UP] was killed by [BILANGES_SERUM_AND_RAPAMYCIN_SENSITIVE_GENES,BILANGES_SERUM_AND_RAPAMYCIN_SENSITIVE_GENES]
[KIM_ALL_DISORDERS_DURATION_CORR_DN,KIM_ALL_DISORDERS_DURATION_CORR_DN] was killed by [CHIANG_LIVER_CANCER_SUBCLASS_UNANNOTATED_DN,CHIANG_LIVER_CANCER_SUBCLASS_UNANNOTATED_DN]
[REACTOME_ORC1_REMOVAL_FROM_CHROMATIN,REACTOME_ORC1_REMOVAL_FROM_CHROMATIN] was killed by [REACTOME_HOST_INTERACTIONS_OF_HIV_FACTORS,REACTOME_HOST_INTERACTIONS_OF_HIV_FACTORS]
[REACTOME_DISORDERS_OF_TRANSMEMBRANE_TRANSPORTERS,REACTOME_DISORDERS_OF_TRANSMEMBRANE_TRANSPORTERS] was killed by [REACTOME_HOST_INTERACTIONS_OF_HIV_FACTORS,REACTOME_HOST_INTERACTIONS_OF_HIV_FACTORS]
[BURTON_ADIPOGENESIS_PEAK_AT_16HR,BURTON_ADIPOGENESIS_PEAK_AT_16HR] was killed by [REACTOME_ACTIVATION_OF_ATR_IN_RESPONSE_TO_REPLICATION_STRESS,REACTOME_ACTIVATION_OF_ATR_IN_RESPONSE_TO_REPLICATION_STRESS]
[KAN_RESPONSE_TO_ARSENIC_TRIOXIDE,KAN_RESPONSE_TO_ARSENIC_TRIOXIDE] was killed by [IGARASHI_ATF4_TARGETS_DN,IGARASHI_ATF4_TARGETS_DN]
[REACTOME_GENE_SILENCING_BY_RNA,REACTOME_GENE_SILENCING_BY_RNA] was killed by [REACTOME_SUMOYLATION_OF_CHROMATIN_ORGANIZATION_PROTEINS,REACTOME_SUMOYLATION_OF_CHROMATIN_ORGANIZATION_PROTEINS]
[REACTOME_SWITCHING_OF_ORIGINS_TO_A_POST_REPLICATIVE_STATE,REACTOME_SWITCHING_OF_ORIGINS_TO_A_POST_REPLICATIVE_STATE] was killed by [REACTOME_HOST_INTERACTIONS_OF_HIV_FACTORS,REACTOME_HOST_INTERACTIONS_OF_HIV_FACTORS]
[KAMMINGA_EZH2_TARGETS,KAMMINGA_EZH2_TARGETS] was killed by [REACTOME_ACTIVATION_OF_ATR_IN_RESPONSE_TO_REPLICATION_STRESS,REACTOME_ACTIVATION_OF_ATR_IN_RESPONSE_TO_REPLICATION_STRESS]
[CHICAS_RB1_TARGETS_LOW_SERUM,CHICAS_RB1_TARGETS_LOW_SERUM] was killed by [REACTOME_ACTIVATION_OF_ATR_IN_RESPONSE_TO_REPLICATION_STRESS,REACTOME_ACTIVATION_OF_ATR_IN_RESPONSE_TO_REPLICATION_STRESS]
[PURBEY_TARGETS_OF_CTBP1_AND_SATB1_UP,PURBEY_TARGETS_OF_CTBP1_AND_SATB1_UP] was killed by [BILANGES_SERUM_AND_RAPAMYCIN_SENSITIVE_GENES,BILANGES_SERUM_AND_RAPAMYCIN_SENSITIVE_GENES]
[MOOTHA_VOXPHOS,MOOTHA_VOXPHOS] was killed by [REACTOME_HOST_INTERACTIONS_OF_HIV_FACTORS,REACTOME_HOST_INTERACTIONS_OF_HIV_FACTORS]
[REACTOME_NEGATIVE_REGULATION_OF_NOTCH4_SIGNALING,REACTOME_NEGATIVE_REGULATION_OF_NOTCH4_SIGNALING] was killed by [REACTOME_HOST_INTERACTIONS_OF_HIV_FACTORS,REACTOME_HOST_INTERACTIONS_OF_HIV_FACTORS]
[ZHU_CMV_ALL_UP,ZHU_CMV_ALL_UP] was killed by [REACTOME_HOST_INTERACTIONS_OF_HIV_FACTORS,REACTOME_HOST_INTERACTIONS_OF_HIV_FACTORS]
[REACTOME_SUMOYLATION_OF_DNA_DAMAGE_RESPONSE_AND_REPAIR_PROTEINS,REACTOME_SUMOYLATION_OF_DNA_DAMAGE_RESPONSE_AND_REPAIR_PROTEINS] was killed by [REACTOME_SUMOYLATION_OF_CHROMATIN_ORGANIZATION_PROTEINS,REACTOME_SUMOYLATION_OF_CHROMATIN_ORGANIZATION_PROTEINS]
[REACTOME_REGULATION_OF_RAS_BY_GAPS,REACTOME_REGULATION_OF_RAS_BY_GAPS] was killed by [REACTOME_HOST_INTERACTIONS_OF_HIV_FACTORS,REACTOME_HOST_INTERACTIONS_OF_HIV_FACTORS]
[REACTOME_CLEC7A_DECTIN_1_SIGNALING,REACTOME_CLEC7A_DECTIN_1_SIGNALING] was killed by [REACTOME_HOST_INTERACTIONS_OF_HIV_FACTORS,REACTOME_HOST_INTERACTIONS_OF_HIV_FACTORS]
[REACTOME_ERCC6_CSB_AND_EHMT2_G9A_POSITIVELY_REGULATE_RRNA_EXPRESSION,REACTOME_ERCC6_CSB_AND_EHMT2_G9A_POSITIVELY_REGULATE_RRNA_EXPRESSION] was killed by [REACTOME_SUMOYLATION_OF_CHROMATIN_ORGANIZATION_PROTEINS,REACTOME_SUMOYLATION_OF_CHROMATIN_ORGANIZATION_PROTEINS]
[REACTOME_DNA_REPLICATION_PRE_INITIATION,REACTOME_DNA_REPLICATION_PRE_INITIATION] was killed by [REACTOME_HOST_INTERACTIONS_OF_HIV_FACTORS,REACTOME_HOST_INTERACTIONS_OF_HIV_FACTORS]
[REACTOME_METABOLISM_OF_POLYAMINES,REACTOME_METABOLISM_OF_POLYAMINES] was killed by [REACTOME_HOST_INTERACTIONS_OF_HIV_FACTORS,REACTOME_HOST_INTERACTIONS_OF_HIV_FACTORS]
[REACTOME_ANTIGEN_PROCESSING_CROSS_PRESENTATION,REACTOME_ANTIGEN_PROCESSING_CROSS_PRESENTATION] was killed by [REACTOME_HOST_INTERACTIONS_OF_HIV_FACTORS,REACTOME_HOST_INTERACTIONS_OF_HIV_FACTORS]
[GRAHAM_NORMAL_QUIESCENT_VS_NORMAL_DIVIDING_DN,GRAHAM_NORMAL_QUIESCENT_VS_NORMAL_DIVIDING_DN] was killed by [CHIANG_LIVER_CANCER_SUBCLASS_UNANNOTATED_DN,CHIANG_LIVER_CANCER_SUBCLASS_UNANNOTATED_DN]
[REACTOME_REGULATION_OF_EXPRESSION_OF_SLITS_AND_ROBOS,REACTOME_REGULATION_OF_EXPRESSION_OF_SLITS_AND_ROBOS] was killed by [REACTOME_MITOCHONDRIAL_TRANSLATION,REACTOME_MITOCHONDRIAL_TRANSLATION]
[REACTOME_C_TYPE_LECTIN_RECEPTORS_CLRS,REACTOME_C_TYPE_LECTIN_RECEPTORS_CLRS] was killed by [REACTOME_HOST_INTERACTIONS_OF_HIV_FACTORS,REACTOME_HOST_INTERACTIONS_OF_HIV_FACTORS]
[REACTOME_DEGRADATION_OF_DVL,REACTOME_DEGRADATION_OF_DVL] was killed by [REACTOME_HOST_INTERACTIONS_OF_HIV_FACTORS,REACTOME_HOST_INTERACTIONS_OF_HIV_FACTORS]
[FUJII_YBX1_TARGETS_DN,FUJII_YBX1_TARGETS_DN] was killed by [REACTOME_ACTIVATION_OF_ATR_IN_RESPONSE_TO_REPLICATION_STRESS,REACTOME_ACTIVATION_OF_ATR_IN_RESPONSE_TO_REPLICATION_STRESS]
[LASTOWSKA_NEUROBLASTOMA_COPY_NUMBER_UP,LASTOWSKA_NEUROBLASTOMA_COPY_NUMBER_UP] was killed by [REACTOME_MITOCHONDRIAL_TRANSLATION,REACTOME_MITOCHONDRIAL_TRANSLATION]
[REACTOME_S_PHASE,REACTOME_S_PHASE] was killed by [REACTOME_HOST_INTERACTIONS_OF_HIV_FACTORS,REACTOME_HOST_INTERACTIONS_OF_HIV_FACTORS]
[JECHLINGER_EPITHELIAL_TO_MESENCHYMAL_TRANSITION_UP,JECHLINGER_EPITHELIAL_TO_MESENCHYMAL_TRANSITION_UP] was killed by [YAMAZAKI_TCEB3_TARGETS_UP,YAMAZAKI_TCEB3_TARGETS_UP]
[REACTOME_ACTIVATED_PKN1_STIMULATES_TRANSCRIPTION_OF_AR_ANDROGEN_RECEPTOR_REGULATED_GENES_KLK2_AND_KLK3,REACTOME_ACTIVATED_PKN1_STIMULATES_TRANSCRIPTION_OF_AR_ANDROGEN_RECEPTOR_REGULATED_GENES_KLK2_AND_KLK3] was killed by [REACTOME_SUMOYLATION_OF_CHROMATIN_ORGANIZATION_PROTEINS,REACTOME_SUMOYLATION_OF_CHROMATIN_ORGANIZATION_PROTEINS]
[BROWNE_HCMV_INFECTION_24HR_UP,BROWNE_HCMV_INFECTION_24HR_UP] was killed by [REACTOME_ACTIVATION_OF_ATR_IN_RESPONSE_TO_REPLICATION_STRESS,REACTOME_ACTIVATION_OF_ATR_IN_RESPONSE_TO_REPLICATION_STRESS]
[HELLER_SILENCED_BY_METHYLATION_DN,HELLER_SILENCED_BY_METHYLATION_DN] was killed by [YAMAZAKI_TCEB3_TARGETS_UP,YAMAZAKI_TCEB3_TARGETS_UP]
[PUIFFE_INVASION_INHIBITED_BY_ASCITES_UP,PUIFFE_INVASION_INHIBITED_BY_ASCITES_UP] was killed by [CHIANG_LIVER_CANCER_SUBCLASS_UNANNOTATED_DN,CHIANG_LIVER_CANCER_SUBCLASS_UNANNOTATED_DN]
[REACTOME_THE_ROLE_OF_GTSE1_IN_G2_M_PROGRESSION_AFTER_G2_CHECKPOINT,REACTOME_THE_ROLE_OF_GTSE1_IN_G2_M_PROGRESSION_AFTER_G2_CHECKPOINT] was killed by [REACTOME_HOST_INTERACTIONS_OF_HIV_FACTORS,REACTOME_HOST_INTERACTIONS_OF_HIV_FACTORS]
[REACTOME_DEGRADATION_OF_BETA_CATENIN_BY_THE_DESTRUCTION_COMPLEX,REACTOME_DEGRADATION_OF_BETA_CATENIN_BY_THE_DESTRUCTION_COMPLEX] was killed by [REACTOME_HOST_INTERACTIONS_OF_HIV_FACTORS,REACTOME_HOST_INTERACTIONS_OF_HIV_FACTORS]
[PELLICCIOTTA_HDAC_IN_ANTIGEN_PRESENTATION_UP,PELLICCIOTTA_HDAC_IN_ANTIGEN_PRESENTATION_UP] was killed by [REACTOME_HOST_INTERACTIONS_OF_HIV_FACTORS,REACTOME_HOST_INTERACTIONS_OF_HIV_FACTORS]
[KAAB_FAILED_HEART_ATRIUM_DN,KAAB_FAILED_HEART_ATRIUM_DN] was killed by [REACTOME_HOST_INTERACTIONS_OF_HIV_FACTORS,REACTOME_HOST_INTERACTIONS_OF_HIV_FACTORS]
[ZHONG_SECRETOME_OF_LUNG_CANCER_AND_MACROPHAGE,ZHONG_SECRETOME_OF_LUNG_CANCER_AND_MACROPHAGE] was killed by [REACTOME_HOST_INTERACTIONS_OF_HIV_FACTORS,REACTOME_HOST_INTERACTIONS_OF_HIV_FACTORS]
[REACTOME_DNA_REPLICATION,REACTOME_DNA_REPLICATION] was killed by [REACTOME_HOST_INTERACTIONS_OF_HIV_FACTORS,REACTOME_HOST_INTERACTIONS_OF_HIV_FACTORS]
